26-Sep-2025 09:49:37.122 정보 [main] org.apache.catalina.startup.VersionLoggerListener.log 서버 버전 이름:    Apache Tomcat/9.0.109
26-Sep-2025 09:49:37.132 정보 [main] org.apache.catalina.startup.VersionLoggerListener.log Server 빌드 시각:  Sep 1 2025 12:15:33 UTC
26-Sep-2025 09:49:37.133 정보 [main] org.apache.catalina.startup.VersionLoggerListener.log Server 버전 번호:  9.0.109.0
26-Sep-2025 09:49:37.133 정보 [main] org.apache.catalina.startup.VersionLoggerListener.log 운영체제 이름:     Windows 10
26-Sep-2025 09:49:37.134 정보 [main] org.apache.catalina.startup.VersionLoggerListener.log 운영체제 버전:     10.0
26-Sep-2025 09:49:37.134 정보 [main] org.apache.catalina.startup.VersionLoggerListener.log 아키텍처:          amd64
26-Sep-2025 09:49:37.134 정보 [main] org.apache.catalina.startup.VersionLoggerListener.log 자바 홈:           C:\Eclipse Adoptium\jdk-17.0.16.8-hotspot
26-Sep-2025 09:49:37.135 정보 [main] org.apache.catalina.startup.VersionLoggerListener.log JVM 버전:          17.0.16+8
26-Sep-2025 09:49:37.135 정보 [main] org.apache.catalina.startup.VersionLoggerListener.log JVM 벤더:          Eclipse Adoptium
26-Sep-2025 09:49:37.135 정보 [main] org.apache.catalina.startup.VersionLoggerListener.log CATALINA_BASE:     C:\dev\workspace\jsp_webapp\src\main\webapp
26-Sep-2025 09:49:37.136 정보 [main] org.apache.catalina.startup.VersionLoggerListener.log CATALINA_HOME:     C:\dev\apache-tomcat-9.0.109
26-Sep-2025 09:49:37.149 정보 [main] org.apache.catalina.startup.VersionLoggerListener.log 명령 행 아규먼트:  --add-opens=java.base/java.lang=ALL-UNNAMED
26-Sep-2025 09:49:37.149 정보 [main] org.apache.catalina.startup.VersionLoggerListener.log 명령 행 아규먼트:  --add-opens=java.base/java.io=ALL-UNNAMED
26-Sep-2025 09:49:37.149 정보 [main] org.apache.catalina.startup.VersionLoggerListener.log 명령 행 아규먼트:  --add-opens=java.base/java.util=ALL-UNNAMED
26-Sep-2025 09:49:37.149 정보 [main] org.apache.catalina.startup.VersionLoggerListener.log 명령 행 아규먼트:  --add-opens=java.base/java.util.concurrent=ALL-UNNAMED
26-Sep-2025 09:49:37.149 정보 [main] org.apache.catalina.startup.VersionLoggerListener.log 명령 행 아규먼트:  --add-opens=java.rmi/sun.rmi.transport=ALL-UNNAMED
26-Sep-2025 09:49:37.149 정보 [main] org.apache.catalina.startup.VersionLoggerListener.log 명령 행 아규먼트:  -Dconsole.encoding=UTF-8
26-Sep-2025 09:49:37.149 정보 [main] org.apache.catalina.startup.VersionLoggerListener.log 명령 행 아규먼트:  -Djava.util.logging.config.file=C:\dev\apache-tomcat-9.0.109\conf\logging.properties
26-Sep-2025 09:49:37.150 정보 [main] org.apache.catalina.startup.VersionLoggerListener.log 명령 행 아규먼트:  -Dsun.stdout.encoding=UTF-8
26-Sep-2025 09:49:37.150 정보 [main] org.apache.catalina.startup.VersionLoggerListener.log 명령 행 아규먼트:  -Dsun.stderr.encoding=UTF-8
26-Sep-2025 09:49:37.150 정보 [main] org.apache.catalina.startup.VersionLoggerListener.log 명령 행 아규먼트:  -Dcatalina.home=C:\dev\apache-tomcat-9.0.109
26-Sep-2025 09:49:37.150 정보 [main] org.apache.catalina.startup.VersionLoggerListener.log 명령 행 아규먼트:  -Dcatalina.base=C:\dev\workspace\jsp_webapp\src\main\webapp
26-Sep-2025 09:49:37.150 정보 [main] org.apache.catalina.startup.VersionLoggerListener.log 명령 행 아규먼트:  -Djava.io.tmpdir=C:\dev\workspace\jsp_webapp\src\main\webapp\temp
26-Sep-2025 09:49:37.150 정보 [main] org.apache.catalina.startup.VersionLoggerListener.log 명령 행 아규먼트:  -Djava.util.logging.manager=org.apache.juli.ClassLoaderLogManager
26-Sep-2025 09:49:37.151 정보 [main] org.apache.catalina.startup.VersionLoggerListener.log 명령 행 아규먼트:  -javaagent:C:\Program Files\JetBrains\IntelliJ IDEA 2025.1.1.1\lib\idea_rt.jar=59810
26-Sep-2025 09:49:37.151 정보 [main] org.apache.catalina.startup.VersionLoggerListener.log 명령 행 아규먼트:  -Dfile.encoding=UTF-8
26-Sep-2025 09:49:37.171 정보 [main] org.apache.catalina.core.AprLifecycleListener.lifecycleEvent 프로덕션 환경들에서 최적의 성능을 제공하는, APR 기반 Apache Tomcat Native 라이브러리가, 다음 java.library.path에서 발견되지 않습니다: [C:\Eclipse Adoptium\jdk-17.0.16.8-hotspot\bin;C:\WINDOWS\Sun\Java\bin;C:\WINDOWS\system32;C:\WINDOWS;C:\Eclipse Adoptium\jdk-17.0.16.8-hotspot\bin;C:\Program Files\MySQL\MySQL Server 8.0\bin;C:\Terraform;C:\WINDOWS\system32;C:\WINDOWS;C:\WINDOWS\System32\Wbem;C:\WINDOWS\System32\WindowsPowerShell\v1.0\;C:\WINDOWS\System32\OpenSSH\;C:\Program Files\nodejs\;C:\Program Files\Amazon\AWSCLIV2\;C:\Program Files\dotnet\;C:\Program Files\Git\cmd;C:\Program Files\Docker\Docker\resources\bin;C:\Eclipse Adoptium\jdk-17.0.16.8-hotspot\bin;C:\Users\wd\AppData\Local\Microsoft\WindowsApps;C:\Program Files\JetBrains\IntelliJ IDEA Community Edition 2024.3.3\bin;;C:\Users\wd\AppData\Roaming\npm;C:\Program Files\JetBrains\IntelliJ IDEA 2025.1.1.1\bin;;C:\Users\wd\AppData\Local\Programs\Microsoft VS Code\bin;;.]
26-Sep-2025 09:49:37.646 정보 [main] org.apache.coyote.AbstractProtocol.init 프로토콜 핸들러 ["http-nio-8080"]을(를) 초기화합니다.
26-Sep-2025 09:49:37.682 정보 [main] org.apache.catalina.startup.Catalina.load [982] 밀리초 내에 서버가 초기화되었습니다.
26-Sep-2025 09:49:37.768 정보 [main] org.apache.catalina.core.StandardService.startInternal 서비스 [Catalina]을(를) 시작합니다.
26-Sep-2025 09:49:37.769 정보 [main] org.apache.catalina.core.StandardEngine.startInternal 서버 엔진을 시작합니다: [Apache Tomcat/9.0.109]
26-Sep-2025 09:49:37.784 정보 [main] org.apache.catalina.startup.HostConfig.deployDescriptor 배치 descriptor [C:\dev\workspace\jsp_webapp\src\main\webapp\conf\Catalina\localhost\ROOT.xml]을(를) 배치합니다.
26-Sep-2025 09:49:39.957 정보 [main] org.apache.jasper.servlet.TldScanner.scanJars 적어도 하나의 JAR가 TLD들을 찾기 위해 스캔되었으나 아무 것도 찾지 못했습니다. 스캔했으나 TLD가 없는 JAR들의 전체 목록을 보시려면, 로그 레벨을 디버그 레벨로 설정하십시오. 스캔 과정에서 불필요한 JAR들을 건너뛰면, 시스템 시작 시간과 JSP 컴파일 시간을 단축시킬 수 있습니다.
26-Sep-2025 09:49:40.203 경고 [main] org.apache.catalina.util.SessionIdGeneratorBase.createSecureRandom [SHA1PRNG] 알고리즘을 사용하여, 세션 ID를 생성하기 위한 SecureRandom 객체를 생성하는데, [159] 밀리초가 소요됐습니다.
26-Sep-2025 09:49:40.248 정보 [main] org.apache.catalina.startup.HostConfig.deployDescriptor 배치 descriptor [C:\dev\workspace\jsp_webapp\src\main\webapp\conf\Catalina\localhost\ROOT.xml]의 배치가 [2,464] 밀리초 내에 완료되었습니다.
26-Sep-2025 09:49:40.253 정보 [main] org.apache.coyote.AbstractProtocol.start 프로토콜 핸들러 ["http-nio-8080"]을(를) 시작합니다.
26-Sep-2025 09:49:40.429 정보 [main] org.apache.catalina.startup.Catalina.start 서버가 [2747] 밀리초 내에 시작되었습니다.
26-Sep-2025 09:53:04.514 정보 [Thread-1] org.apache.coyote.AbstractProtocol.pause 프로토콜 핸들러 ["http-nio-8080"]을(를) 일시 정지 중
26-Sep-2025 09:53:05.683 정보 [Thread-1] org.apache.catalina.core.StandardService.stopInternal 서비스 [Catalina]을(를) 중지시킵니다.
26-Sep-2025 09:53:05.695 정보 [Thread-1] org.apache.coyote.AbstractProtocol.stop 프로토콜 핸들러 ["http-nio-8080"]을(를) 중지시킵니다.
26-Sep-2025 09:53:05.722 정보 [Thread-1] org.apache.coyote.AbstractProtocol.destroy 프로토콜 핸들러 ["http-nio-8080"]을(를) 소멸시킵니다.
26-Sep-2025 09:53:11.823 정보 [main] org.apache.catalina.startup.VersionLoggerListener.log 서버 버전 이름:    Apache Tomcat/9.0.109
26-Sep-2025 09:53:11.832 정보 [main] org.apache.catalina.startup.VersionLoggerListener.log Server 빌드 시각:  Sep 1 2025 12:15:33 UTC
26-Sep-2025 09:53:11.832 정보 [main] org.apache.catalina.startup.VersionLoggerListener.log Server 버전 번호:  9.0.109.0
26-Sep-2025 09:53:11.832 정보 [main] org.apache.catalina.startup.VersionLoggerListener.log 운영체제 이름:     Windows 10
26-Sep-2025 09:53:11.832 정보 [main] org.apache.catalina.startup.VersionLoggerListener.log 운영체제 버전:     10.0
26-Sep-2025 09:53:11.832 정보 [main] org.apache.catalina.startup.VersionLoggerListener.log 아키텍처:          amd64
26-Sep-2025 09:53:11.833 정보 [main] org.apache.catalina.startup.VersionLoggerListener.log 자바 홈:           C:\Eclipse Adoptium\jdk-17.0.16.8-hotspot
26-Sep-2025 09:53:11.833 정보 [main] org.apache.catalina.startup.VersionLoggerListener.log JVM 버전:          17.0.16+8
26-Sep-2025 09:53:11.833 정보 [main] org.apache.catalina.startup.VersionLoggerListener.log JVM 벤더:          Eclipse Adoptium
26-Sep-2025 09:53:11.833 정보 [main] org.apache.catalina.startup.VersionLoggerListener.log CATALINA_BASE:     C:\dev\workspace\jsp_webapp\src\main\webapp
26-Sep-2025 09:53:11.833 정보 [main] org.apache.catalina.startup.VersionLoggerListener.log CATALINA_HOME:     C:\dev\apache-tomcat-9.0.109
26-Sep-2025 09:53:11.855 정보 [main] org.apache.catalina.startup.VersionLoggerListener.log 명령 행 아규먼트:  --add-opens=java.base/java.lang=ALL-UNNAMED
26-Sep-2025 09:53:11.855 정보 [main] org.apache.catalina.startup.VersionLoggerListener.log 명령 행 아규먼트:  --add-opens=java.base/java.io=ALL-UNNAMED
26-Sep-2025 09:53:11.856 정보 [main] org.apache.catalina.startup.VersionLoggerListener.log 명령 행 아규먼트:  --add-opens=java.base/java.util=ALL-UNNAMED
26-Sep-2025 09:53:11.857 정보 [main] org.apache.catalina.startup.VersionLoggerListener.log 명령 행 아규먼트:  --add-opens=java.base/java.util.concurrent=ALL-UNNAMED
26-Sep-2025 09:53:11.859 정보 [main] org.apache.catalina.startup.VersionLoggerListener.log 명령 행 아규먼트:  --add-opens=java.rmi/sun.rmi.transport=ALL-UNNAMED
26-Sep-2025 09:53:11.859 정보 [main] org.apache.catalina.startup.VersionLoggerListener.log 명령 행 아규먼트:  -Dconsole.encoding=UTF-8
26-Sep-2025 09:53:11.859 정보 [main] org.apache.catalina.startup.VersionLoggerListener.log 명령 행 아규먼트:  -Djava.util.logging.config.file=C:\dev\apache-tomcat-9.0.109\conf\logging.properties
26-Sep-2025 09:53:11.860 정보 [main] org.apache.catalina.startup.VersionLoggerListener.log 명령 행 아규먼트:  -Dsun.stdout.encoding=UTF-8
26-Sep-2025 09:53:11.860 정보 [main] org.apache.catalina.startup.VersionLoggerListener.log 명령 행 아규먼트:  -Dsun.stderr.encoding=UTF-8
26-Sep-2025 09:53:11.860 정보 [main] org.apache.catalina.startup.VersionLoggerListener.log 명령 행 아규먼트:  -Dcatalina.home=C:\dev\apache-tomcat-9.0.109
26-Sep-2025 09:53:11.860 정보 [main] org.apache.catalina.startup.VersionLoggerListener.log 명령 행 아규먼트:  -Dcatalina.base=C:\dev\workspace\jsp_webapp\src\main\webapp
26-Sep-2025 09:53:11.860 정보 [main] org.apache.catalina.startup.VersionLoggerListener.log 명령 행 아규먼트:  -Djava.io.tmpdir=C:\dev\workspace\jsp_webapp\src\main\webapp\temp
26-Sep-2025 09:53:11.861 정보 [main] org.apache.catalina.startup.VersionLoggerListener.log 명령 행 아규먼트:  -Djava.util.logging.manager=org.apache.juli.ClassLoaderLogManager
26-Sep-2025 09:53:11.861 정보 [main] org.apache.catalina.startup.VersionLoggerListener.log 명령 행 아규먼트:  -javaagent:C:\Program Files\JetBrains\IntelliJ IDEA 2025.1.1.1\lib\idea_rt.jar=60162
26-Sep-2025 09:53:11.861 정보 [main] org.apache.catalina.startup.VersionLoggerListener.log 명령 행 아규먼트:  -Dfile.encoding=UTF-8
26-Sep-2025 09:53:11.885 정보 [main] org.apache.catalina.core.AprLifecycleListener.lifecycleEvent 프로덕션 환경들에서 최적의 성능을 제공하는, APR 기반 Apache Tomcat Native 라이브러리가, 다음 java.library.path에서 발견되지 않습니다: [C:\Eclipse Adoptium\jdk-17.0.16.8-hotspot\bin;C:\WINDOWS\Sun\Java\bin;C:\WINDOWS\system32;C:\WINDOWS;C:\Eclipse Adoptium\jdk-17.0.16.8-hotspot\bin;C:\Program Files\MySQL\MySQL Server 8.0\bin;C:\Terraform;C:\WINDOWS\system32;C:\WINDOWS;C:\WINDOWS\System32\Wbem;C:\WINDOWS\System32\WindowsPowerShell\v1.0\;C:\WINDOWS\System32\OpenSSH\;C:\Program Files\nodejs\;C:\Program Files\Amazon\AWSCLIV2\;C:\Program Files\dotnet\;C:\Program Files\Git\cmd;C:\Program Files\Docker\Docker\resources\bin;C:\Eclipse Adoptium\jdk-17.0.16.8-hotspot\bin;C:\Users\wd\AppData\Local\Microsoft\WindowsApps;C:\Program Files\JetBrains\IntelliJ IDEA Community Edition 2024.3.3\bin;;C:\Users\wd\AppData\Roaming\npm;C:\Program Files\JetBrains\IntelliJ IDEA 2025.1.1.1\bin;;C:\Users\wd\AppData\Local\Programs\Microsoft VS Code\bin;;.]
26-Sep-2025 09:53:12.402 정보 [main] org.apache.coyote.AbstractProtocol.init 프로토콜 핸들러 ["http-nio-8080"]을(를) 초기화합니다.
26-Sep-2025 09:53:12.450 정보 [main] org.apache.catalina.startup.Catalina.load [1053] 밀리초 내에 서버가 초기화되었습니다.
26-Sep-2025 09:53:12.530 정보 [main] org.apache.catalina.core.StandardService.startInternal 서비스 [Catalina]을(를) 시작합니다.
26-Sep-2025 09:53:12.531 정보 [main] org.apache.catalina.core.StandardEngine.startInternal 서버 엔진을 시작합니다: [Apache Tomcat/9.0.109]
26-Sep-2025 09:53:12.554 정보 [main] org.apache.catalina.startup.HostConfig.deployDescriptor 배치 descriptor [C:\dev\workspace\jsp_webapp\src\main\webapp\conf\Catalina\localhost\ROOT.xml]을(를) 배치합니다.
26-Sep-2025 09:53:14.131 경고 [main] org.apache.catalina.util.SessionIdGeneratorBase.createSecureRandom [SHA1PRNG] 알고리즘을 사용하여, 세션 ID를 생성하기 위한 SecureRandom 객체를 생성하는데, [169] 밀리초가 소요됐습니다.
26-Sep-2025 09:53:14.353 정보 [main] org.apache.catalina.startup.HostConfig.deployDescriptor 배치 descriptor [C:\dev\workspace\jsp_webapp\src\main\webapp\conf\Catalina\localhost\ROOT.xml]의 배치가 [1,790] 밀리초 내에 완료되었습니다.
26-Sep-2025 09:53:14.396 정보 [main] org.apache.coyote.AbstractProtocol.start 프로토콜 핸들러 ["http-nio-8080"]을(를) 시작합니다.
26-Sep-2025 09:53:14.813 정보 [main] org.apache.catalina.startup.Catalina.start 서버가 [2362] 밀리초 내에 시작되었습니다.
26-Sep-2025 09:56:05.529 정보 [Thread-1] org.apache.coyote.AbstractProtocol.pause 프로토콜 핸들러 ["http-nio-8080"]을(를) 일시 정지 중
26-Sep-2025 09:56:06.639 정보 [Thread-1] org.apache.catalina.core.StandardService.stopInternal 서비스 [Catalina]을(를) 중지시킵니다.
26-Sep-2025 09:56:06.650 정보 [Thread-1] org.apache.coyote.AbstractProtocol.stop 프로토콜 핸들러 ["http-nio-8080"]을(를) 중지시킵니다.
26-Sep-2025 09:56:06.674 정보 [Thread-1] org.apache.coyote.AbstractProtocol.destroy 프로토콜 핸들러 ["http-nio-8080"]을(를) 소멸시킵니다.
26-Sep-2025 09:56:12.472 정보 [main] org.apache.catalina.startup.VersionLoggerListener.log 서버 버전 이름:    Apache Tomcat/9.0.109
26-Sep-2025 09:56:12.482 정보 [main] org.apache.catalina.startup.VersionLoggerListener.log Server 빌드 시각:  Sep 1 2025 12:15:33 UTC
26-Sep-2025 09:56:12.484 정보 [main] org.apache.catalina.startup.VersionLoggerListener.log Server 버전 번호:  9.0.109.0
26-Sep-2025 09:56:12.484 정보 [main] org.apache.catalina.startup.VersionLoggerListener.log 운영체제 이름:     Windows 10
26-Sep-2025 09:56:12.484 정보 [main] org.apache.catalina.startup.VersionLoggerListener.log 운영체제 버전:     10.0
26-Sep-2025 09:56:12.485 정보 [main] org.apache.catalina.startup.VersionLoggerListener.log 아키텍처:          amd64
26-Sep-2025 09:56:12.485 정보 [main] org.apache.catalina.startup.VersionLoggerListener.log 자바 홈:           C:\Eclipse Adoptium\jdk-17.0.16.8-hotspot
26-Sep-2025 09:56:12.485 정보 [main] org.apache.catalina.startup.VersionLoggerListener.log JVM 버전:          17.0.16+8
26-Sep-2025 09:56:12.485 정보 [main] org.apache.catalina.startup.VersionLoggerListener.log JVM 벤더:          Eclipse Adoptium
26-Sep-2025 09:56:12.486 정보 [main] org.apache.catalina.startup.VersionLoggerListener.log CATALINA_BASE:     C:\dev\workspace\jsp_webapp\src\main\webapp
26-Sep-2025 09:56:12.486 정보 [main] org.apache.catalina.startup.VersionLoggerListener.log CATALINA_HOME:     C:\dev\apache-tomcat-9.0.109
26-Sep-2025 09:56:12.509 정보 [main] org.apache.catalina.startup.VersionLoggerListener.log 명령 행 아규먼트:  --add-opens=java.base/java.lang=ALL-UNNAMED
26-Sep-2025 09:56:12.509 정보 [main] org.apache.catalina.startup.VersionLoggerListener.log 명령 행 아규먼트:  --add-opens=java.base/java.io=ALL-UNNAMED
26-Sep-2025 09:56:12.510 정보 [main] org.apache.catalina.startup.VersionLoggerListener.log 명령 행 아규먼트:  --add-opens=java.base/java.util=ALL-UNNAMED
26-Sep-2025 09:56:12.510 정보 [main] org.apache.catalina.startup.VersionLoggerListener.log 명령 행 아규먼트:  --add-opens=java.base/java.util.concurrent=ALL-UNNAMED
26-Sep-2025 09:56:12.511 정보 [main] org.apache.catalina.startup.VersionLoggerListener.log 명령 행 아규먼트:  --add-opens=java.rmi/sun.rmi.transport=ALL-UNNAMED
26-Sep-2025 09:56:12.511 정보 [main] org.apache.catalina.startup.VersionLoggerListener.log 명령 행 아규먼트:  -Dconsole.encoding=UTF-8
26-Sep-2025 09:56:12.511 정보 [main] org.apache.catalina.startup.VersionLoggerListener.log 명령 행 아규먼트:  -Djava.util.logging.config.file=C:\dev\apache-tomcat-9.0.109\conf\logging.properties
26-Sep-2025 09:56:12.511 정보 [main] org.apache.catalina.startup.VersionLoggerListener.log 명령 행 아규먼트:  -Dsun.stdout.encoding=UTF-8
26-Sep-2025 09:56:12.512 정보 [main] org.apache.catalina.startup.VersionLoggerListener.log 명령 행 아규먼트:  -Dsun.stderr.encoding=UTF-8
26-Sep-2025 09:56:12.513 정보 [main] org.apache.catalina.startup.VersionLoggerListener.log 명령 행 아규먼트:  -Dcatalina.home=C:\dev\apache-tomcat-9.0.109
26-Sep-2025 09:56:12.513 정보 [main] org.apache.catalina.startup.VersionLoggerListener.log 명령 행 아규먼트:  -Dcatalina.base=C:\dev\workspace\jsp_webapp\src\main\webapp
26-Sep-2025 09:56:12.513 정보 [main] org.apache.catalina.startup.VersionLoggerListener.log 명령 행 아규먼트:  -Djava.io.tmpdir=C:\dev\workspace\jsp_webapp\src\main\webapp\temp
26-Sep-2025 09:56:12.513 정보 [main] org.apache.catalina.startup.VersionLoggerListener.log 명령 행 아규먼트:  -Djava.util.logging.manager=org.apache.juli.ClassLoaderLogManager
26-Sep-2025 09:56:12.514 정보 [main] org.apache.catalina.startup.VersionLoggerListener.log 명령 행 아규먼트:  -javaagent:C:\Program Files\JetBrains\IntelliJ IDEA 2025.1.1.1\lib\idea_rt.jar=60215
26-Sep-2025 09:56:12.515 정보 [main] org.apache.catalina.startup.VersionLoggerListener.log 명령 행 아규먼트:  -Dfile.encoding=UTF-8
26-Sep-2025 09:56:12.539 정보 [main] org.apache.catalina.core.AprLifecycleListener.lifecycleEvent 프로덕션 환경들에서 최적의 성능을 제공하는, APR 기반 Apache Tomcat Native 라이브러리가, 다음 java.library.path에서 발견되지 않습니다: [C:\Eclipse Adoptium\jdk-17.0.16.8-hotspot\bin;C:\WINDOWS\Sun\Java\bin;C:\WINDOWS\system32;C:\WINDOWS;C:\Eclipse Adoptium\jdk-17.0.16.8-hotspot\bin;C:\Program Files\MySQL\MySQL Server 8.0\bin;C:\Terraform;C:\WINDOWS\system32;C:\WINDOWS;C:\WINDOWS\System32\Wbem;C:\WINDOWS\System32\WindowsPowerShell\v1.0\;C:\WINDOWS\System32\OpenSSH\;C:\Program Files\nodejs\;C:\Program Files\Amazon\AWSCLIV2\;C:\Program Files\dotnet\;C:\Program Files\Git\cmd;C:\Program Files\Docker\Docker\resources\bin;C:\Eclipse Adoptium\jdk-17.0.16.8-hotspot\bin;C:\Users\wd\AppData\Local\Microsoft\WindowsApps;C:\Program Files\JetBrains\IntelliJ IDEA Community Edition 2024.3.3\bin;;C:\Users\wd\AppData\Roaming\npm;C:\Program Files\JetBrains\IntelliJ IDEA 2025.1.1.1\bin;;C:\Users\wd\AppData\Local\Programs\Microsoft VS Code\bin;;.]
26-Sep-2025 09:56:13.146 정보 [main] org.apache.coyote.AbstractProtocol.init 프로토콜 핸들러 ["http-nio-8080"]을(를) 초기화합니다.
26-Sep-2025 09:56:13.177 정보 [main] org.apache.catalina.startup.Catalina.load [1213] 밀리초 내에 서버가 초기화되었습니다.
26-Sep-2025 09:56:13.260 정보 [main] org.apache.catalina.core.StandardService.startInternal 서비스 [Catalina]을(를) 시작합니다.
26-Sep-2025 09:56:13.261 정보 [main] org.apache.catalina.core.StandardEngine.startInternal 서버 엔진을 시작합니다: [Apache Tomcat/9.0.109]
26-Sep-2025 09:56:13.281 정보 [main] org.apache.catalina.startup.HostConfig.deployDescriptor 배치 descriptor [C:\dev\workspace\jsp_webapp\src\main\webapp\conf\Catalina\localhost\ROOT.xml]을(를) 배치합니다.
26-Sep-2025 09:56:14.414 경고 [main] org.apache.catalina.util.SessionIdGeneratorBase.createSecureRandom [SHA1PRNG] 알고리즘을 사용하여, 세션 ID를 생성하기 위한 SecureRandom 객체를 생성하는데, [156] 밀리초가 소요됐습니다.
26-Sep-2025 09:56:14.448 정보 [main] org.apache.catalina.startup.HostConfig.deployDescriptor 배치 descriptor [C:\dev\workspace\jsp_webapp\src\main\webapp\conf\Catalina\localhost\ROOT.xml]의 배치가 [1,168] 밀리초 내에 완료되었습니다.
26-Sep-2025 09:56:14.455 정보 [main] org.apache.coyote.AbstractProtocol.start 프로토콜 핸들러 ["http-nio-8080"]을(를) 시작합니다.
26-Sep-2025 09:56:14.632 정보 [main] org.apache.catalina.startup.Catalina.start 서버가 [1454] 밀리초 내에 시작되었습니다.
26-Sep-2025 09:57:47.665 정보 [Thread-1] org.apache.coyote.AbstractProtocol.pause 프로토콜 핸들러 ["http-nio-8080"]을(를) 일시 정지 중
26-Sep-2025 09:57:48.841 정보 [Thread-1] org.apache.catalina.core.StandardService.stopInternal 서비스 [Catalina]을(를) 중지시킵니다.
26-Sep-2025 09:57:48.851 정보 [Thread-1] org.apache.coyote.AbstractProtocol.stop 프로토콜 핸들러 ["http-nio-8080"]을(를) 중지시킵니다.
26-Sep-2025 09:57:48.855 정보 [Thread-1] org.apache.coyote.AbstractProtocol.destroy 프로토콜 핸들러 ["http-nio-8080"]을(를) 소멸시킵니다.
26-Sep-2025 09:57:56.197 정보 [main] org.apache.catalina.startup.VersionLoggerListener.log 서버 버전 이름:    Apache Tomcat/9.0.109
26-Sep-2025 09:57:56.206 정보 [main] org.apache.catalina.startup.VersionLoggerListener.log Server 빌드 시각:  Sep 1 2025 12:15:33 UTC
26-Sep-2025 09:57:56.209 정보 [main] org.apache.catalina.startup.VersionLoggerListener.log Server 버전 번호:  9.0.109.0
26-Sep-2025 09:57:56.211 정보 [main] org.apache.catalina.startup.VersionLoggerListener.log 운영체제 이름:     Windows 10
26-Sep-2025 09:57:56.212 정보 [main] org.apache.catalina.startup.VersionLoggerListener.log 운영체제 버전:     10.0
26-Sep-2025 09:57:56.212 정보 [main] org.apache.catalina.startup.VersionLoggerListener.log 아키텍처:          amd64
26-Sep-2025 09:57:56.212 정보 [main] org.apache.catalina.startup.VersionLoggerListener.log 자바 홈:           C:\Eclipse Adoptium\jdk-17.0.16.8-hotspot
26-Sep-2025 09:57:56.212 정보 [main] org.apache.catalina.startup.VersionLoggerListener.log JVM 버전:          17.0.16+8
26-Sep-2025 09:57:56.212 정보 [main] org.apache.catalina.startup.VersionLoggerListener.log JVM 벤더:          Eclipse Adoptium
26-Sep-2025 09:57:56.213 정보 [main] org.apache.catalina.startup.VersionLoggerListener.log CATALINA_BASE:     C:\dev\workspace\jsp_webapp\src\main\webapp
26-Sep-2025 09:57:56.214 정보 [main] org.apache.catalina.startup.VersionLoggerListener.log CATALINA_HOME:     C:\dev\apache-tomcat-9.0.109
26-Sep-2025 09:57:56.231 정보 [main] org.apache.catalina.startup.VersionLoggerListener.log 명령 행 아규먼트:  --add-opens=java.base/java.lang=ALL-UNNAMED
26-Sep-2025 09:57:56.231 정보 [main] org.apache.catalina.startup.VersionLoggerListener.log 명령 행 아규먼트:  --add-opens=java.base/java.io=ALL-UNNAMED
26-Sep-2025 09:57:56.232 정보 [main] org.apache.catalina.startup.VersionLoggerListener.log 명령 행 아규먼트:  --add-opens=java.base/java.util=ALL-UNNAMED
26-Sep-2025 09:57:56.232 정보 [main] org.apache.catalina.startup.VersionLoggerListener.log 명령 행 아규먼트:  --add-opens=java.base/java.util.concurrent=ALL-UNNAMED
26-Sep-2025 09:57:56.232 정보 [main] org.apache.catalina.startup.VersionLoggerListener.log 명령 행 아규먼트:  --add-opens=java.rmi/sun.rmi.transport=ALL-UNNAMED
26-Sep-2025 09:57:56.232 정보 [main] org.apache.catalina.startup.VersionLoggerListener.log 명령 행 아규먼트:  -Dconsole.encoding=UTF-8
26-Sep-2025 09:57:56.232 정보 [main] org.apache.catalina.startup.VersionLoggerListener.log 명령 행 아규먼트:  -Djava.util.logging.config.file=C:\dev\apache-tomcat-9.0.109\conf\logging.properties
26-Sep-2025 09:57:56.232 정보 [main] org.apache.catalina.startup.VersionLoggerListener.log 명령 행 아규먼트:  -Dsun.stdout.encoding=UTF-8
26-Sep-2025 09:57:56.233 정보 [main] org.apache.catalina.startup.VersionLoggerListener.log 명령 행 아규먼트:  -Dsun.stderr.encoding=UTF-8
26-Sep-2025 09:57:56.233 정보 [main] org.apache.catalina.startup.VersionLoggerListener.log 명령 행 아규먼트:  -Dcatalina.home=C:\dev\apache-tomcat-9.0.109
26-Sep-2025 09:57:56.233 정보 [main] org.apache.catalina.startup.VersionLoggerListener.log 명령 행 아규먼트:  -Dcatalina.base=C:\dev\workspace\jsp_webapp\src\main\webapp
26-Sep-2025 09:57:56.233 정보 [main] org.apache.catalina.startup.VersionLoggerListener.log 명령 행 아규먼트:  -Djava.io.tmpdir=C:\dev\workspace\jsp_webapp\src\main\webapp\temp
26-Sep-2025 09:57:56.234 정보 [main] org.apache.catalina.startup.VersionLoggerListener.log 명령 행 아규먼트:  -Djava.util.logging.manager=org.apache.juli.ClassLoaderLogManager
26-Sep-2025 09:57:56.234 정보 [main] org.apache.catalina.startup.VersionLoggerListener.log 명령 행 아규먼트:  -javaagent:C:\Program Files\JetBrains\IntelliJ IDEA 2025.1.1.1\lib\idea_rt.jar=60234
26-Sep-2025 09:57:56.234 정보 [main] org.apache.catalina.startup.VersionLoggerListener.log 명령 행 아규먼트:  -Dfile.encoding=UTF-8
26-Sep-2025 09:57:56.256 정보 [main] org.apache.catalina.core.AprLifecycleListener.lifecycleEvent 프로덕션 환경들에서 최적의 성능을 제공하는, APR 기반 Apache Tomcat Native 라이브러리가, 다음 java.library.path에서 발견되지 않습니다: [C:\Eclipse Adoptium\jdk-17.0.16.8-hotspot\bin;C:\WINDOWS\Sun\Java\bin;C:\WINDOWS\system32;C:\WINDOWS;C:\Eclipse Adoptium\jdk-17.0.16.8-hotspot\bin;C:\Program Files\MySQL\MySQL Server 8.0\bin;C:\Terraform;C:\WINDOWS\system32;C:\WINDOWS;C:\WINDOWS\System32\Wbem;C:\WINDOWS\System32\WindowsPowerShell\v1.0\;C:\WINDOWS\System32\OpenSSH\;C:\Program Files\nodejs\;C:\Program Files\Amazon\AWSCLIV2\;C:\Program Files\dotnet\;C:\Program Files\Git\cmd;C:\Program Files\Docker\Docker\resources\bin;C:\Eclipse Adoptium\jdk-17.0.16.8-hotspot\bin;C:\Users\wd\AppData\Local\Microsoft\WindowsApps;C:\Program Files\JetBrains\IntelliJ IDEA Community Edition 2024.3.3\bin;;C:\Users\wd\AppData\Roaming\npm;C:\Program Files\JetBrains\IntelliJ IDEA 2025.1.1.1\bin;;C:\Users\wd\AppData\Local\Programs\Microsoft VS Code\bin;;.]
26-Sep-2025 09:57:56.800 정보 [main] org.apache.coyote.AbstractProtocol.init 프로토콜 핸들러 ["http-nio-8080"]을(를) 초기화합니다.
26-Sep-2025 09:57:56.851 정보 [main] org.apache.catalina.startup.Catalina.load [1135] 밀리초 내에 서버가 초기화되었습니다.
26-Sep-2025 09:57:56.943 정보 [main] org.apache.catalina.core.StandardService.startInternal 서비스 [Catalina]을(를) 시작합니다.
26-Sep-2025 09:57:56.944 정보 [main] org.apache.catalina.core.StandardEngine.startInternal 서버 엔진을 시작합니다: [Apache Tomcat/9.0.109]
26-Sep-2025 09:57:56.957 정보 [main] org.apache.catalina.startup.HostConfig.deployDescriptor 배치 descriptor [C:\dev\workspace\jsp_webapp\src\main\webapp\conf\Catalina\localhost\ROOT.xml]을(를) 배치합니다.
26-Sep-2025 09:57:58.499 경고 [main] org.apache.catalina.util.SessionIdGeneratorBase.createSecureRandom [SHA1PRNG] 알고리즘을 사용하여, 세션 ID를 생성하기 위한 SecureRandom 객체를 생성하는데, [161] 밀리초가 소요됐습니다.
26-Sep-2025 09:57:58.536 정보 [main] org.apache.catalina.startup.HostConfig.deployDescriptor 배치 descriptor [C:\dev\workspace\jsp_webapp\src\main\webapp\conf\Catalina\localhost\ROOT.xml]의 배치가 [1,580] 밀리초 내에 완료되었습니다.
26-Sep-2025 09:57:58.542 정보 [main] org.apache.coyote.AbstractProtocol.start 프로토콜 핸들러 ["http-nio-8080"]을(를) 시작합니다.
26-Sep-2025 09:57:58.723 정보 [main] org.apache.catalina.startup.Catalina.start 서버가 [1870] 밀리초 내에 시작되었습니다.
26-Sep-2025 09:58:12.633 정보 [Thread-1] org.apache.coyote.AbstractProtocol.pause 프로토콜 핸들러 ["http-nio-8080"]을(를) 일시 정지 중
26-Sep-2025 09:58:13.843 정보 [Thread-1] org.apache.catalina.core.StandardService.stopInternal 서비스 [Catalina]을(를) 중지시킵니다.
26-Sep-2025 09:58:13.854 정보 [Thread-1] org.apache.coyote.AbstractProtocol.stop 프로토콜 핸들러 ["http-nio-8080"]을(를) 중지시킵니다.
26-Sep-2025 09:58:13.872 정보 [Thread-1] org.apache.coyote.AbstractProtocol.destroy 프로토콜 핸들러 ["http-nio-8080"]을(를) 소멸시킵니다.
26-Sep-2025 09:58:17.876 정보 [main] org.apache.catalina.startup.VersionLoggerListener.log 서버 버전 이름:    Apache Tomcat/9.0.109
26-Sep-2025 09:58:17.886 정보 [main] org.apache.catalina.startup.VersionLoggerListener.log Server 빌드 시각:  Sep 1 2025 12:15:33 UTC
26-Sep-2025 09:58:17.886 정보 [main] org.apache.catalina.startup.VersionLoggerListener.log Server 버전 번호:  9.0.109.0
26-Sep-2025 09:58:17.886 정보 [main] org.apache.catalina.startup.VersionLoggerListener.log 운영체제 이름:     Windows 10
26-Sep-2025 09:58:17.887 정보 [main] org.apache.catalina.startup.VersionLoggerListener.log 운영체제 버전:     10.0
26-Sep-2025 09:58:17.887 정보 [main] org.apache.catalina.startup.VersionLoggerListener.log 아키텍처:          amd64
26-Sep-2025 09:58:17.888 정보 [main] org.apache.catalina.startup.VersionLoggerListener.log 자바 홈:           C:\Eclipse Adoptium\jdk-17.0.16.8-hotspot
26-Sep-2025 09:58:17.888 정보 [main] org.apache.catalina.startup.VersionLoggerListener.log JVM 버전:          17.0.16+8
26-Sep-2025 09:58:17.889 정보 [main] org.apache.catalina.startup.VersionLoggerListener.log JVM 벤더:          Eclipse Adoptium
26-Sep-2025 09:58:17.889 정보 [main] org.apache.catalina.startup.VersionLoggerListener.log CATALINA_BASE:     C:\dev\workspace\jsp_webapp\src\main\webapp
26-Sep-2025 09:58:17.889 정보 [main] org.apache.catalina.startup.VersionLoggerListener.log CATALINA_HOME:     C:\dev\apache-tomcat-9.0.109
26-Sep-2025 09:58:17.906 정보 [main] org.apache.catalina.startup.VersionLoggerListener.log 명령 행 아규먼트:  --add-opens=java.base/java.lang=ALL-UNNAMED
26-Sep-2025 09:58:17.906 정보 [main] org.apache.catalina.startup.VersionLoggerListener.log 명령 행 아규먼트:  --add-opens=java.base/java.io=ALL-UNNAMED
26-Sep-2025 09:58:17.907 정보 [main] org.apache.catalina.startup.VersionLoggerListener.log 명령 행 아규먼트:  --add-opens=java.base/java.util=ALL-UNNAMED
26-Sep-2025 09:58:17.908 정보 [main] org.apache.catalina.startup.VersionLoggerListener.log 명령 행 아규먼트:  --add-opens=java.base/java.util.concurrent=ALL-UNNAMED
26-Sep-2025 09:58:17.908 정보 [main] org.apache.catalina.startup.VersionLoggerListener.log 명령 행 아규먼트:  --add-opens=java.rmi/sun.rmi.transport=ALL-UNNAMED
26-Sep-2025 09:58:17.908 정보 [main] org.apache.catalina.startup.VersionLoggerListener.log 명령 행 아규먼트:  -Dconsole.encoding=UTF-8
26-Sep-2025 09:58:17.908 정보 [main] org.apache.catalina.startup.VersionLoggerListener.log 명령 행 아규먼트:  -Djava.util.logging.config.file=C:\dev\apache-tomcat-9.0.109\conf\logging.properties
26-Sep-2025 09:58:17.908 정보 [main] org.apache.catalina.startup.VersionLoggerListener.log 명령 행 아규먼트:  -Dsun.stdout.encoding=UTF-8
26-Sep-2025 09:58:17.908 정보 [main] org.apache.catalina.startup.VersionLoggerListener.log 명령 행 아규먼트:  -Dsun.stderr.encoding=UTF-8
26-Sep-2025 09:58:17.908 정보 [main] org.apache.catalina.startup.VersionLoggerListener.log 명령 행 아규먼트:  -Dcatalina.home=C:\dev\apache-tomcat-9.0.109
26-Sep-2025 09:58:17.909 정보 [main] org.apache.catalina.startup.VersionLoggerListener.log 명령 행 아규먼트:  -Dcatalina.base=C:\dev\workspace\jsp_webapp\src\main\webapp
26-Sep-2025 09:58:17.909 정보 [main] org.apache.catalina.startup.VersionLoggerListener.log 명령 행 아규먼트:  -Djava.io.tmpdir=C:\dev\workspace\jsp_webapp\src\main\webapp\temp
26-Sep-2025 09:58:17.909 정보 [main] org.apache.catalina.startup.VersionLoggerListener.log 명령 행 아규먼트:  -Djava.util.logging.manager=org.apache.juli.ClassLoaderLogManager
26-Sep-2025 09:58:17.910 정보 [main] org.apache.catalina.startup.VersionLoggerListener.log 명령 행 아규먼트:  -javaagent:C:\Program Files\JetBrains\IntelliJ IDEA 2025.1.1.1\lib\idea_rt.jar=60244
26-Sep-2025 09:58:17.910 정보 [main] org.apache.catalina.startup.VersionLoggerListener.log 명령 행 아규먼트:  -Dfile.encoding=UTF-8
26-Sep-2025 09:58:17.939 정보 [main] org.apache.catalina.core.AprLifecycleListener.lifecycleEvent 프로덕션 환경들에서 최적의 성능을 제공하는, APR 기반 Apache Tomcat Native 라이브러리가, 다음 java.library.path에서 발견되지 않습니다: [C:\Eclipse Adoptium\jdk-17.0.16.8-hotspot\bin;C:\WINDOWS\Sun\Java\bin;C:\WINDOWS\system32;C:\WINDOWS;C:\Eclipse Adoptium\jdk-17.0.16.8-hotspot\bin;C:\Program Files\MySQL\MySQL Server 8.0\bin;C:\Terraform;C:\WINDOWS\system32;C:\WINDOWS;C:\WINDOWS\System32\Wbem;C:\WINDOWS\System32\WindowsPowerShell\v1.0\;C:\WINDOWS\System32\OpenSSH\;C:\Program Files\nodejs\;C:\Program Files\Amazon\AWSCLIV2\;C:\Program Files\dotnet\;C:\Program Files\Git\cmd;C:\Program Files\Docker\Docker\resources\bin;C:\Eclipse Adoptium\jdk-17.0.16.8-hotspot\bin;C:\Users\wd\AppData\Local\Microsoft\WindowsApps;C:\Program Files\JetBrains\IntelliJ IDEA Community Edition 2024.3.3\bin;;C:\Users\wd\AppData\Roaming\npm;C:\Program Files\JetBrains\IntelliJ IDEA 2025.1.1.1\bin;;C:\Users\wd\AppData\Local\Programs\Microsoft VS Code\bin;;.]
26-Sep-2025 09:58:18.488 정보 [main] org.apache.coyote.AbstractProtocol.init 프로토콜 핸들러 ["http-nio-8080"]을(를) 초기화합니다.
26-Sep-2025 09:58:18.512 정보 [main] org.apache.catalina.startup.Catalina.load [1151] 밀리초 내에 서버가 초기화되었습니다.
26-Sep-2025 09:58:18.583 정보 [main] org.apache.catalina.core.StandardService.startInternal 서비스 [Catalina]을(를) 시작합니다.
26-Sep-2025 09:58:18.583 정보 [main] org.apache.catalina.core.StandardEngine.startInternal 서버 엔진을 시작합니다: [Apache Tomcat/9.0.109]
26-Sep-2025 09:58:18.595 정보 [main] org.apache.catalina.startup.HostConfig.deployDescriptor 배치 descriptor [C:\dev\workspace\jsp_webapp\src\main\webapp\conf\Catalina\localhost\ROOT.xml]을(를) 배치합니다.
26-Sep-2025 09:58:19.596 경고 [main] org.apache.catalina.util.SessionIdGeneratorBase.createSecureRandom [SHA1PRNG] 알고리즘을 사용하여, 세션 ID를 생성하기 위한 SecureRandom 객체를 생성하는데, [161] 밀리초가 소요됐습니다.
26-Sep-2025 09:58:19.636 정보 [main] org.apache.catalina.startup.HostConfig.deployDescriptor 배치 descriptor [C:\dev\workspace\jsp_webapp\src\main\webapp\conf\Catalina\localhost\ROOT.xml]의 배치가 [1,041] 밀리초 내에 완료되었습니다.
26-Sep-2025 09:58:19.642 정보 [main] org.apache.coyote.AbstractProtocol.start 프로토콜 핸들러 ["http-nio-8080"]을(를) 시작합니다.
26-Sep-2025 09:58:19.829 정보 [main] org.apache.catalina.startup.Catalina.start 서버가 [1316] 밀리초 내에 시작되었습니다.
26-Sep-2025 09:59:40.341 정보 [Thread-1] org.apache.coyote.AbstractProtocol.pause 프로토콜 핸들러 ["http-nio-8080"]을(를) 일시 정지 중
26-Sep-2025 09:59:41.446 정보 [Thread-1] org.apache.catalina.core.StandardService.stopInternal 서비스 [Catalina]을(를) 중지시킵니다.
26-Sep-2025 09:59:41.457 정보 [Thread-1] org.apache.coyote.AbstractProtocol.stop 프로토콜 핸들러 ["http-nio-8080"]을(를) 중지시킵니다.
26-Sep-2025 09:59:41.474 정보 [Thread-1] org.apache.coyote.AbstractProtocol.destroy 프로토콜 핸들러 ["http-nio-8080"]을(를) 소멸시킵니다.
26-Sep-2025 09:59:47.194 정보 [main] org.apache.catalina.startup.VersionLoggerListener.log 서버 버전 이름:    Apache Tomcat/9.0.109
26-Sep-2025 09:59:47.202 정보 [main] org.apache.catalina.startup.VersionLoggerListener.log Server 빌드 시각:  Sep 1 2025 12:15:33 UTC
26-Sep-2025 09:59:47.202 정보 [main] org.apache.catalina.startup.VersionLoggerListener.log Server 버전 번호:  9.0.109.0
26-Sep-2025 09:59:47.202 정보 [main] org.apache.catalina.startup.VersionLoggerListener.log 운영체제 이름:     Windows 10
26-Sep-2025 09:59:47.202 정보 [main] org.apache.catalina.startup.VersionLoggerListener.log 운영체제 버전:     10.0
26-Sep-2025 09:59:47.203 정보 [main] org.apache.catalina.startup.VersionLoggerListener.log 아키텍처:          amd64
26-Sep-2025 09:59:47.204 정보 [main] org.apache.catalina.startup.VersionLoggerListener.log 자바 홈:           C:\Eclipse Adoptium\jdk-17.0.16.8-hotspot
26-Sep-2025 09:59:47.205 정보 [main] org.apache.catalina.startup.VersionLoggerListener.log JVM 버전:          17.0.16+8
26-Sep-2025 09:59:47.205 정보 [main] org.apache.catalina.startup.VersionLoggerListener.log JVM 벤더:          Eclipse Adoptium
26-Sep-2025 09:59:47.207 정보 [main] org.apache.catalina.startup.VersionLoggerListener.log CATALINA_BASE:     C:\dev\workspace\jsp_webapp\src\main\webapp
26-Sep-2025 09:59:47.207 정보 [main] org.apache.catalina.startup.VersionLoggerListener.log CATALINA_HOME:     C:\dev\apache-tomcat-9.0.109
26-Sep-2025 09:59:47.223 정보 [main] org.apache.catalina.startup.VersionLoggerListener.log 명령 행 아규먼트:  --add-opens=java.base/java.lang=ALL-UNNAMED
26-Sep-2025 09:59:47.224 정보 [main] org.apache.catalina.startup.VersionLoggerListener.log 명령 행 아규먼트:  --add-opens=java.base/java.io=ALL-UNNAMED
26-Sep-2025 09:59:47.225 정보 [main] org.apache.catalina.startup.VersionLoggerListener.log 명령 행 아규먼트:  --add-opens=java.base/java.util=ALL-UNNAMED
26-Sep-2025 09:59:47.225 정보 [main] org.apache.catalina.startup.VersionLoggerListener.log 명령 행 아규먼트:  --add-opens=java.base/java.util.concurrent=ALL-UNNAMED
26-Sep-2025 09:59:47.225 정보 [main] org.apache.catalina.startup.VersionLoggerListener.log 명령 행 아규먼트:  --add-opens=java.rmi/sun.rmi.transport=ALL-UNNAMED
26-Sep-2025 09:59:47.226 정보 [main] org.apache.catalina.startup.VersionLoggerListener.log 명령 행 아규먼트:  -Dconsole.encoding=UTF-8
26-Sep-2025 09:59:47.226 정보 [main] org.apache.catalina.startup.VersionLoggerListener.log 명령 행 아규먼트:  -Djava.util.logging.config.file=C:\dev\apache-tomcat-9.0.109\conf\logging.properties
26-Sep-2025 09:59:47.226 정보 [main] org.apache.catalina.startup.VersionLoggerListener.log 명령 행 아규먼트:  -Dsun.stdout.encoding=UTF-8
26-Sep-2025 09:59:47.226 정보 [main] org.apache.catalina.startup.VersionLoggerListener.log 명령 행 아규먼트:  -Dsun.stderr.encoding=UTF-8
26-Sep-2025 09:59:47.226 정보 [main] org.apache.catalina.startup.VersionLoggerListener.log 명령 행 아규먼트:  -Dcatalina.home=C:\dev\apache-tomcat-9.0.109
26-Sep-2025 09:59:47.226 정보 [main] org.apache.catalina.startup.VersionLoggerListener.log 명령 행 아규먼트:  -Dcatalina.base=C:\dev\workspace\jsp_webapp\src\main\webapp
26-Sep-2025 09:59:47.227 정보 [main] org.apache.catalina.startup.VersionLoggerListener.log 명령 행 아규먼트:  -Djava.io.tmpdir=C:\dev\workspace\jsp_webapp\src\main\webapp\temp
26-Sep-2025 09:59:47.227 정보 [main] org.apache.catalina.startup.VersionLoggerListener.log 명령 행 아규먼트:  -Djava.util.logging.manager=org.apache.juli.ClassLoaderLogManager
26-Sep-2025 09:59:47.227 정보 [main] org.apache.catalina.startup.VersionLoggerListener.log 명령 행 아규먼트:  -javaagent:C:\Program Files\JetBrains\IntelliJ IDEA 2025.1.1.1\lib\idea_rt.jar=60269
26-Sep-2025 09:59:47.227 정보 [main] org.apache.catalina.startup.VersionLoggerListener.log 명령 행 아규먼트:  -Dfile.encoding=UTF-8
26-Sep-2025 09:59:47.258 정보 [main] org.apache.catalina.core.AprLifecycleListener.lifecycleEvent 프로덕션 환경들에서 최적의 성능을 제공하는, APR 기반 Apache Tomcat Native 라이브러리가, 다음 java.library.path에서 발견되지 않습니다: [C:\Eclipse Adoptium\jdk-17.0.16.8-hotspot\bin;C:\WINDOWS\Sun\Java\bin;C:\WINDOWS\system32;C:\WINDOWS;C:\Eclipse Adoptium\jdk-17.0.16.8-hotspot\bin;C:\Program Files\MySQL\MySQL Server 8.0\bin;C:\Terraform;C:\WINDOWS\system32;C:\WINDOWS;C:\WINDOWS\System32\Wbem;C:\WINDOWS\System32\WindowsPowerShell\v1.0\;C:\WINDOWS\System32\OpenSSH\;C:\Program Files\nodejs\;C:\Program Files\Amazon\AWSCLIV2\;C:\Program Files\dotnet\;C:\Program Files\Git\cmd;C:\Program Files\Docker\Docker\resources\bin;C:\Eclipse Adoptium\jdk-17.0.16.8-hotspot\bin;C:\Users\wd\AppData\Local\Microsoft\WindowsApps;C:\Program Files\JetBrains\IntelliJ IDEA Community Edition 2024.3.3\bin;;C:\Users\wd\AppData\Roaming\npm;C:\Program Files\JetBrains\IntelliJ IDEA 2025.1.1.1\bin;;C:\Users\wd\AppData\Local\Programs\Microsoft VS Code\bin;;.]
26-Sep-2025 09:59:47.803 정보 [main] org.apache.coyote.AbstractProtocol.init 프로토콜 핸들러 ["http-nio-8080"]을(를) 초기화합니다.
26-Sep-2025 09:59:47.833 정보 [main] org.apache.catalina.startup.Catalina.load [1071] 밀리초 내에 서버가 초기화되었습니다.
26-Sep-2025 09:59:47.929 정보 [main] org.apache.catalina.core.StandardService.startInternal 서비스 [Catalina]을(를) 시작합니다.
26-Sep-2025 09:59:47.930 정보 [main] org.apache.catalina.core.StandardEngine.startInternal 서버 엔진을 시작합니다: [Apache Tomcat/9.0.109]
26-Sep-2025 09:59:47.949 정보 [main] org.apache.catalina.startup.HostConfig.deployDescriptor 배치 descriptor [C:\dev\workspace\jsp_webapp\src\main\webapp\conf\Catalina\localhost\ROOT.xml]을(를) 배치합니다.
26-Sep-2025 09:59:49.204 경고 [main] org.apache.catalina.util.SessionIdGeneratorBase.createSecureRandom [SHA1PRNG] 알고리즘을 사용하여, 세션 ID를 생성하기 위한 SecureRandom 객체를 생성하는데, [169] 밀리초가 소요됐습니다.
26-Sep-2025 09:59:49.240 정보 [main] org.apache.catalina.startup.HostConfig.deployDescriptor 배치 descriptor [C:\dev\workspace\jsp_webapp\src\main\webapp\conf\Catalina\localhost\ROOT.xml]의 배치가 [1,291] 밀리초 내에 완료되었습니다.
26-Sep-2025 09:59:49.247 정보 [main] org.apache.coyote.AbstractProtocol.start 프로토콜 핸들러 ["http-nio-8080"]을(를) 시작합니다.
26-Sep-2025 09:59:49.419 정보 [main] org.apache.catalina.startup.Catalina.start 서버가 [1585] 밀리초 내에 시작되었습니다.
26-Sep-2025 10:00:56.651 정보 [Thread-1] org.apache.coyote.AbstractProtocol.pause 프로토콜 핸들러 ["http-nio-8080"]을(를) 일시 정지 중
26-Sep-2025 10:00:57.695 정보 [Thread-1] org.apache.catalina.core.StandardService.stopInternal 서비스 [Catalina]을(를) 중지시킵니다.
26-Sep-2025 10:00:57.706 정보 [Thread-1] org.apache.coyote.AbstractProtocol.stop 프로토콜 핸들러 ["http-nio-8080"]을(를) 중지시킵니다.
26-Sep-2025 10:00:57.719 정보 [Thread-1] org.apache.coyote.AbstractProtocol.destroy 프로토콜 핸들러 ["http-nio-8080"]을(를) 소멸시킵니다.
26-Sep-2025 10:01:02.147 정보 [main] org.apache.catalina.startup.VersionLoggerListener.log 서버 버전 이름:    Apache Tomcat/9.0.109
26-Sep-2025 10:01:02.153 정보 [main] org.apache.catalina.startup.VersionLoggerListener.log Server 빌드 시각:  Sep 1 2025 12:15:33 UTC
26-Sep-2025 10:01:02.153 정보 [main] org.apache.catalina.startup.VersionLoggerListener.log Server 버전 번호:  9.0.109.0
26-Sep-2025 10:01:02.153 정보 [main] org.apache.catalina.startup.VersionLoggerListener.log 운영체제 이름:     Windows 10
26-Sep-2025 10:01:02.153 정보 [main] org.apache.catalina.startup.VersionLoggerListener.log 운영체제 버전:     10.0
26-Sep-2025 10:01:02.154 정보 [main] org.apache.catalina.startup.VersionLoggerListener.log 아키텍처:          amd64
26-Sep-2025 10:01:02.154 정보 [main] org.apache.catalina.startup.VersionLoggerListener.log 자바 홈:           C:\Eclipse Adoptium\jdk-17.0.16.8-hotspot
26-Sep-2025 10:01:02.154 정보 [main] org.apache.catalina.startup.VersionLoggerListener.log JVM 버전:          17.0.16+8
26-Sep-2025 10:01:02.154 정보 [main] org.apache.catalina.startup.VersionLoggerListener.log JVM 벤더:          Eclipse Adoptium
26-Sep-2025 10:01:02.155 정보 [main] org.apache.catalina.startup.VersionLoggerListener.log CATALINA_BASE:     C:\dev\workspace\jsp_webapp\src\main\webapp
26-Sep-2025 10:01:02.155 정보 [main] org.apache.catalina.startup.VersionLoggerListener.log CATALINA_HOME:     C:\dev\apache-tomcat-9.0.109
26-Sep-2025 10:01:02.166 정보 [main] org.apache.catalina.startup.VersionLoggerListener.log 명령 행 아규먼트:  --add-opens=java.base/java.lang=ALL-UNNAMED
26-Sep-2025 10:01:02.166 정보 [main] org.apache.catalina.startup.VersionLoggerListener.log 명령 행 아규먼트:  --add-opens=java.base/java.io=ALL-UNNAMED
26-Sep-2025 10:01:02.166 정보 [main] org.apache.catalina.startup.VersionLoggerListener.log 명령 행 아규먼트:  --add-opens=java.base/java.util=ALL-UNNAMED
26-Sep-2025 10:01:02.166 정보 [main] org.apache.catalina.startup.VersionLoggerListener.log 명령 행 아규먼트:  --add-opens=java.base/java.util.concurrent=ALL-UNNAMED
26-Sep-2025 10:01:02.168 정보 [main] org.apache.catalina.startup.VersionLoggerListener.log 명령 행 아규먼트:  --add-opens=java.rmi/sun.rmi.transport=ALL-UNNAMED
26-Sep-2025 10:01:02.169 정보 [main] org.apache.catalina.startup.VersionLoggerListener.log 명령 행 아규먼트:  -Dconsole.encoding=UTF-8
26-Sep-2025 10:01:02.169 정보 [main] org.apache.catalina.startup.VersionLoggerListener.log 명령 행 아규먼트:  -Djava.util.logging.config.file=C:\dev\apache-tomcat-9.0.109\conf\logging.properties
26-Sep-2025 10:01:02.170 정보 [main] org.apache.catalina.startup.VersionLoggerListener.log 명령 행 아규먼트:  -Dsun.stdout.encoding=UTF-8
26-Sep-2025 10:01:02.171 정보 [main] org.apache.catalina.startup.VersionLoggerListener.log 명령 행 아규먼트:  -Dsun.stderr.encoding=UTF-8
26-Sep-2025 10:01:02.171 정보 [main] org.apache.catalina.startup.VersionLoggerListener.log 명령 행 아규먼트:  -Dcatalina.home=C:\dev\apache-tomcat-9.0.109
26-Sep-2025 10:01:02.172 정보 [main] org.apache.catalina.startup.VersionLoggerListener.log 명령 행 아규먼트:  -Dcatalina.base=C:\dev\workspace\jsp_webapp\src\main\webapp
26-Sep-2025 10:01:02.172 정보 [main] org.apache.catalina.startup.VersionLoggerListener.log 명령 행 아규먼트:  -Djava.io.tmpdir=C:\dev\workspace\jsp_webapp\src\main\webapp\temp
26-Sep-2025 10:01:02.172 정보 [main] org.apache.catalina.startup.VersionLoggerListener.log 명령 행 아규먼트:  -Djava.util.logging.manager=org.apache.juli.ClassLoaderLogManager
26-Sep-2025 10:01:02.172 정보 [main] org.apache.catalina.startup.VersionLoggerListener.log 명령 행 아규먼트:  -javaagent:C:\Program Files\JetBrains\IntelliJ IDEA 2025.1.1.1\lib\idea_rt.jar=60283
26-Sep-2025 10:01:02.173 정보 [main] org.apache.catalina.startup.VersionLoggerListener.log 명령 행 아규먼트:  -Dfile.encoding=UTF-8
26-Sep-2025 10:01:02.207 정보 [main] org.apache.catalina.core.AprLifecycleListener.lifecycleEvent 프로덕션 환경들에서 최적의 성능을 제공하는, APR 기반 Apache Tomcat Native 라이브러리가, 다음 java.library.path에서 발견되지 않습니다: [C:\Eclipse Adoptium\jdk-17.0.16.8-hotspot\bin;C:\WINDOWS\Sun\Java\bin;C:\WINDOWS\system32;C:\WINDOWS;C:\Eclipse Adoptium\jdk-17.0.16.8-hotspot\bin;C:\Program Files\MySQL\MySQL Server 8.0\bin;C:\Terraform;C:\WINDOWS\system32;C:\WINDOWS;C:\WINDOWS\System32\Wbem;C:\WINDOWS\System32\WindowsPowerShell\v1.0\;C:\WINDOWS\System32\OpenSSH\;C:\Program Files\nodejs\;C:\Program Files\Amazon\AWSCLIV2\;C:\Program Files\dotnet\;C:\Program Files\Git\cmd;C:\Program Files\Docker\Docker\resources\bin;C:\Eclipse Adoptium\jdk-17.0.16.8-hotspot\bin;C:\Users\wd\AppData\Local\Microsoft\WindowsApps;C:\Program Files\JetBrains\IntelliJ IDEA Community Edition 2024.3.3\bin;;C:\Users\wd\AppData\Roaming\npm;C:\Program Files\JetBrains\IntelliJ IDEA 2025.1.1.1\bin;;C:\Users\wd\AppData\Local\Programs\Microsoft VS Code\bin;;.]
26-Sep-2025 10:01:02.638 정보 [main] org.apache.coyote.AbstractProtocol.init 프로토콜 핸들러 ["http-nio-8080"]을(를) 초기화합니다.
26-Sep-2025 10:01:02.665 정보 [main] org.apache.catalina.startup.Catalina.load [868] 밀리초 내에 서버가 초기화되었습니다.
26-Sep-2025 10:01:02.726 정보 [main] org.apache.catalina.core.StandardService.startInternal 서비스 [Catalina]을(를) 시작합니다.
26-Sep-2025 10:01:02.726 정보 [main] org.apache.catalina.core.StandardEngine.startInternal 서버 엔진을 시작합니다: [Apache Tomcat/9.0.109]
26-Sep-2025 10:01:02.740 정보 [main] org.apache.catalina.startup.HostConfig.deployDescriptor 배치 descriptor [C:\dev\workspace\jsp_webapp\src\main\webapp\conf\Catalina\localhost\ROOT.xml]을(를) 배치합니다.
26-Sep-2025 10:01:03.869 경고 [main] org.apache.catalina.util.SessionIdGeneratorBase.createSecureRandom [SHA1PRNG] 알고리즘을 사용하여, 세션 ID를 생성하기 위한 SecureRandom 객체를 생성하는데, [162] 밀리초가 소요됐습니다.
26-Sep-2025 10:01:03.924 정보 [main] org.apache.catalina.startup.HostConfig.deployDescriptor 배치 descriptor [C:\dev\workspace\jsp_webapp\src\main\webapp\conf\Catalina\localhost\ROOT.xml]의 배치가 [1,184] 밀리초 내에 완료되었습니다.
26-Sep-2025 10:01:03.931 정보 [main] org.apache.coyote.AbstractProtocol.start 프로토콜 핸들러 ["http-nio-8080"]을(를) 시작합니다.
26-Sep-2025 10:01:04.121 정보 [main] org.apache.catalina.startup.Catalina.start 서버가 [1455] 밀리초 내에 시작되었습니다.
26-Sep-2025 10:01:52.216 정보 [Thread-1] org.apache.coyote.AbstractProtocol.pause 프로토콜 핸들러 ["http-nio-8080"]을(를) 일시 정지 중
26-Sep-2025 10:01:53.310 정보 [Thread-1] org.apache.catalina.core.StandardService.stopInternal 서비스 [Catalina]을(를) 중지시킵니다.
26-Sep-2025 10:01:53.323 정보 [Thread-1] org.apache.coyote.AbstractProtocol.stop 프로토콜 핸들러 ["http-nio-8080"]을(를) 중지시킵니다.
26-Sep-2025 10:01:53.346 정보 [Thread-1] org.apache.coyote.AbstractProtocol.destroy 프로토콜 핸들러 ["http-nio-8080"]을(를) 소멸시킵니다.
26-Sep-2025 10:01:58.121 정보 [main] org.apache.catalina.startup.VersionLoggerListener.log 서버 버전 이름:    Apache Tomcat/9.0.109
26-Sep-2025 10:01:58.128 정보 [main] org.apache.catalina.startup.VersionLoggerListener.log Server 빌드 시각:  Sep 1 2025 12:15:33 UTC
26-Sep-2025 10:01:58.129 정보 [main] org.apache.catalina.startup.VersionLoggerListener.log Server 버전 번호:  9.0.109.0
26-Sep-2025 10:01:58.129 정보 [main] org.apache.catalina.startup.VersionLoggerListener.log 운영체제 이름:     Windows 10
26-Sep-2025 10:01:58.129 정보 [main] org.apache.catalina.startup.VersionLoggerListener.log 운영체제 버전:     10.0
26-Sep-2025 10:01:58.129 정보 [main] org.apache.catalina.startup.VersionLoggerListener.log 아키텍처:          amd64
26-Sep-2025 10:01:58.130 정보 [main] org.apache.catalina.startup.VersionLoggerListener.log 자바 홈:           C:\Eclipse Adoptium\jdk-17.0.16.8-hotspot
26-Sep-2025 10:01:58.130 정보 [main] org.apache.catalina.startup.VersionLoggerListener.log JVM 버전:          17.0.16+8
26-Sep-2025 10:01:58.131 정보 [main] org.apache.catalina.startup.VersionLoggerListener.log JVM 벤더:          Eclipse Adoptium
26-Sep-2025 10:01:58.131 정보 [main] org.apache.catalina.startup.VersionLoggerListener.log CATALINA_BASE:     C:\dev\workspace\jsp_webapp\src\main\webapp
26-Sep-2025 10:01:58.131 정보 [main] org.apache.catalina.startup.VersionLoggerListener.log CATALINA_HOME:     C:\dev\apache-tomcat-9.0.109
26-Sep-2025 10:01:58.150 정보 [main] org.apache.catalina.startup.VersionLoggerListener.log 명령 행 아규먼트:  --add-opens=java.base/java.lang=ALL-UNNAMED
26-Sep-2025 10:01:58.150 정보 [main] org.apache.catalina.startup.VersionLoggerListener.log 명령 행 아규먼트:  --add-opens=java.base/java.io=ALL-UNNAMED
26-Sep-2025 10:01:58.150 정보 [main] org.apache.catalina.startup.VersionLoggerListener.log 명령 행 아규먼트:  --add-opens=java.base/java.util=ALL-UNNAMED
26-Sep-2025 10:01:58.151 정보 [main] org.apache.catalina.startup.VersionLoggerListener.log 명령 행 아규먼트:  --add-opens=java.base/java.util.concurrent=ALL-UNNAMED
26-Sep-2025 10:01:58.151 정보 [main] org.apache.catalina.startup.VersionLoggerListener.log 명령 행 아규먼트:  --add-opens=java.rmi/sun.rmi.transport=ALL-UNNAMED
26-Sep-2025 10:01:58.152 정보 [main] org.apache.catalina.startup.VersionLoggerListener.log 명령 행 아규먼트:  -Dconsole.encoding=UTF-8
26-Sep-2025 10:01:58.152 정보 [main] org.apache.catalina.startup.VersionLoggerListener.log 명령 행 아규먼트:  -Djava.util.logging.config.file=C:\dev\apache-tomcat-9.0.109\conf\logging.properties
26-Sep-2025 10:01:58.152 정보 [main] org.apache.catalina.startup.VersionLoggerListener.log 명령 행 아규먼트:  -Dsun.stdout.encoding=UTF-8
26-Sep-2025 10:01:58.154 정보 [main] org.apache.catalina.startup.VersionLoggerListener.log 명령 행 아규먼트:  -Dsun.stderr.encoding=UTF-8
26-Sep-2025 10:01:58.154 정보 [main] org.apache.catalina.startup.VersionLoggerListener.log 명령 행 아규먼트:  -Dcatalina.home=C:\dev\apache-tomcat-9.0.109
26-Sep-2025 10:01:58.154 정보 [main] org.apache.catalina.startup.VersionLoggerListener.log 명령 행 아규먼트:  -Dcatalina.base=C:\dev\workspace\jsp_webapp\src\main\webapp
26-Sep-2025 10:01:58.154 정보 [main] org.apache.catalina.startup.VersionLoggerListener.log 명령 행 아규먼트:  -Djava.io.tmpdir=C:\dev\workspace\jsp_webapp\src\main\webapp\temp
26-Sep-2025 10:01:58.154 정보 [main] org.apache.catalina.startup.VersionLoggerListener.log 명령 행 아규먼트:  -Djava.util.logging.manager=org.apache.juli.ClassLoaderLogManager
26-Sep-2025 10:01:58.154 정보 [main] org.apache.catalina.startup.VersionLoggerListener.log 명령 행 아규먼트:  -javaagent:C:\Program Files\JetBrains\IntelliJ IDEA 2025.1.1.1\lib\idea_rt.jar=60292
26-Sep-2025 10:01:58.155 정보 [main] org.apache.catalina.startup.VersionLoggerListener.log 명령 행 아규먼트:  -Dfile.encoding=UTF-8
26-Sep-2025 10:01:58.176 정보 [main] org.apache.catalina.core.AprLifecycleListener.lifecycleEvent 프로덕션 환경들에서 최적의 성능을 제공하는, APR 기반 Apache Tomcat Native 라이브러리가, 다음 java.library.path에서 발견되지 않습니다: [C:\Eclipse Adoptium\jdk-17.0.16.8-hotspot\bin;C:\WINDOWS\Sun\Java\bin;C:\WINDOWS\system32;C:\WINDOWS;C:\Eclipse Adoptium\jdk-17.0.16.8-hotspot\bin;C:\Program Files\MySQL\MySQL Server 8.0\bin;C:\Terraform;C:\WINDOWS\system32;C:\WINDOWS;C:\WINDOWS\System32\Wbem;C:\WINDOWS\System32\WindowsPowerShell\v1.0\;C:\WINDOWS\System32\OpenSSH\;C:\Program Files\nodejs\;C:\Program Files\Amazon\AWSCLIV2\;C:\Program Files\dotnet\;C:\Program Files\Git\cmd;C:\Program Files\Docker\Docker\resources\bin;C:\Eclipse Adoptium\jdk-17.0.16.8-hotspot\bin;C:\Users\wd\AppData\Local\Microsoft\WindowsApps;C:\Program Files\JetBrains\IntelliJ IDEA Community Edition 2024.3.3\bin;;C:\Users\wd\AppData\Roaming\npm;C:\Program Files\JetBrains\IntelliJ IDEA 2025.1.1.1\bin;;C:\Users\wd\AppData\Local\Programs\Microsoft VS Code\bin;;.]
26-Sep-2025 10:01:58.734 정보 [main] org.apache.coyote.AbstractProtocol.init 프로토콜 핸들러 ["http-nio-8080"]을(를) 초기화합니다.
26-Sep-2025 10:01:58.772 정보 [main] org.apache.catalina.startup.Catalina.load [1020] 밀리초 내에 서버가 초기화되었습니다.
26-Sep-2025 10:01:58.873 정보 [main] org.apache.catalina.core.StandardService.startInternal 서비스 [Catalina]을(를) 시작합니다.
26-Sep-2025 10:01:58.873 정보 [main] org.apache.catalina.core.StandardEngine.startInternal 서버 엔진을 시작합니다: [Apache Tomcat/9.0.109]
26-Sep-2025 10:01:58.888 정보 [main] org.apache.catalina.startup.HostConfig.deployDescriptor 배치 descriptor [C:\dev\workspace\jsp_webapp\src\main\webapp\conf\Catalina\localhost\ROOT.xml]을(를) 배치합니다.
26-Sep-2025 10:02:00.075 경고 [main] org.apache.catalina.util.SessionIdGeneratorBase.createSecureRandom [SHA1PRNG] 알고리즘을 사용하여, 세션 ID를 생성하기 위한 SecureRandom 객체를 생성하는데, [163] 밀리초가 소요됐습니다.
26-Sep-2025 10:02:00.114 정보 [main] org.apache.catalina.startup.HostConfig.deployDescriptor 배치 descriptor [C:\dev\workspace\jsp_webapp\src\main\webapp\conf\Catalina\localhost\ROOT.xml]의 배치가 [1,226] 밀리초 내에 완료되었습니다.
26-Sep-2025 10:02:00.120 정보 [main] org.apache.coyote.AbstractProtocol.start 프로토콜 핸들러 ["http-nio-8080"]을(를) 시작합니다.
26-Sep-2025 10:02:00.291 정보 [main] org.apache.catalina.startup.Catalina.start 서버가 [1519] 밀리초 내에 시작되었습니다.
26-Sep-2025 10:03:12.599 정보 [Thread-1] org.apache.coyote.AbstractProtocol.pause 프로토콜 핸들러 ["http-nio-8080"]을(를) 일시 정지 중
26-Sep-2025 10:03:13.739 정보 [Thread-1] org.apache.catalina.core.StandardService.stopInternal 서비스 [Catalina]을(를) 중지시킵니다.
26-Sep-2025 10:03:13.752 정보 [Thread-1] org.apache.coyote.AbstractProtocol.stop 프로토콜 핸들러 ["http-nio-8080"]을(를) 중지시킵니다.
26-Sep-2025 10:03:13.778 정보 [Thread-1] org.apache.coyote.AbstractProtocol.destroy 프로토콜 핸들러 ["http-nio-8080"]을(를) 소멸시킵니다.
26-Sep-2025 10:03:16.326 정보 [main] org.apache.catalina.startup.VersionLoggerListener.log 서버 버전 이름:    Apache Tomcat/9.0.109
26-Sep-2025 10:03:16.331 정보 [main] org.apache.catalina.startup.VersionLoggerListener.log Server 빌드 시각:  Sep 1 2025 12:15:33 UTC
26-Sep-2025 10:03:16.331 정보 [main] org.apache.catalina.startup.VersionLoggerListener.log Server 버전 번호:  9.0.109.0
26-Sep-2025 10:03:16.331 정보 [main] org.apache.catalina.startup.VersionLoggerListener.log 운영체제 이름:     Windows 10
26-Sep-2025 10:03:16.331 정보 [main] org.apache.catalina.startup.VersionLoggerListener.log 운영체제 버전:     10.0
26-Sep-2025 10:03:16.332 정보 [main] org.apache.catalina.startup.VersionLoggerListener.log 아키텍처:          amd64
26-Sep-2025 10:03:16.333 정보 [main] org.apache.catalina.startup.VersionLoggerListener.log 자바 홈:           C:\Eclipse Adoptium\jdk-17.0.16.8-hotspot
26-Sep-2025 10:03:16.333 정보 [main] org.apache.catalina.startup.VersionLoggerListener.log JVM 버전:          17.0.16+8
26-Sep-2025 10:03:16.333 정보 [main] org.apache.catalina.startup.VersionLoggerListener.log JVM 벤더:          Eclipse Adoptium
26-Sep-2025 10:03:16.334 정보 [main] org.apache.catalina.startup.VersionLoggerListener.log CATALINA_BASE:     C:\dev\workspace\jsp_webapp\src\main\webapp
26-Sep-2025 10:03:16.334 정보 [main] org.apache.catalina.startup.VersionLoggerListener.log CATALINA_HOME:     C:\dev\apache-tomcat-9.0.109
26-Sep-2025 10:03:16.345 정보 [main] org.apache.catalina.startup.VersionLoggerListener.log 명령 행 아규먼트:  --add-opens=java.base/java.lang=ALL-UNNAMED
26-Sep-2025 10:03:16.346 정보 [main] org.apache.catalina.startup.VersionLoggerListener.log 명령 행 아규먼트:  --add-opens=java.base/java.io=ALL-UNNAMED
26-Sep-2025 10:03:16.346 정보 [main] org.apache.catalina.startup.VersionLoggerListener.log 명령 행 아규먼트:  --add-opens=java.base/java.util=ALL-UNNAMED
26-Sep-2025 10:03:16.347 정보 [main] org.apache.catalina.startup.VersionLoggerListener.log 명령 행 아규먼트:  --add-opens=java.base/java.util.concurrent=ALL-UNNAMED
26-Sep-2025 10:03:16.347 정보 [main] org.apache.catalina.startup.VersionLoggerListener.log 명령 행 아규먼트:  --add-opens=java.rmi/sun.rmi.transport=ALL-UNNAMED
26-Sep-2025 10:03:16.347 정보 [main] org.apache.catalina.startup.VersionLoggerListener.log 명령 행 아규먼트:  -Dconsole.encoding=UTF-8
26-Sep-2025 10:03:16.349 정보 [main] org.apache.catalina.startup.VersionLoggerListener.log 명령 행 아규먼트:  -Djava.util.logging.config.file=C:\dev\apache-tomcat-9.0.109\conf\logging.properties
26-Sep-2025 10:03:16.349 정보 [main] org.apache.catalina.startup.VersionLoggerListener.log 명령 행 아규먼트:  -Dsun.stdout.encoding=UTF-8
26-Sep-2025 10:03:16.350 정보 [main] org.apache.catalina.startup.VersionLoggerListener.log 명령 행 아규먼트:  -Dsun.stderr.encoding=UTF-8
26-Sep-2025 10:03:16.350 정보 [main] org.apache.catalina.startup.VersionLoggerListener.log 명령 행 아규먼트:  -Dcatalina.home=C:\dev\apache-tomcat-9.0.109
26-Sep-2025 10:03:16.350 정보 [main] org.apache.catalina.startup.VersionLoggerListener.log 명령 행 아규먼트:  -Dcatalina.base=C:\dev\workspace\jsp_webapp\src\main\webapp
26-Sep-2025 10:03:16.351 정보 [main] org.apache.catalina.startup.VersionLoggerListener.log 명령 행 아규먼트:  -Djava.io.tmpdir=C:\dev\workspace\jsp_webapp\src\main\webapp\temp
26-Sep-2025 10:03:16.351 정보 [main] org.apache.catalina.startup.VersionLoggerListener.log 명령 행 아규먼트:  -Djava.util.logging.manager=org.apache.juli.ClassLoaderLogManager
26-Sep-2025 10:03:16.351 정보 [main] org.apache.catalina.startup.VersionLoggerListener.log 명령 행 아규먼트:  -javaagent:C:\Program Files\JetBrains\IntelliJ IDEA 2025.1.1.1\lib\idea_rt.jar=60309
26-Sep-2025 10:03:16.352 정보 [main] org.apache.catalina.startup.VersionLoggerListener.log 명령 행 아규먼트:  -Dfile.encoding=UTF-8
26-Sep-2025 10:03:16.383 정보 [main] org.apache.catalina.core.AprLifecycleListener.lifecycleEvent 프로덕션 환경들에서 최적의 성능을 제공하는, APR 기반 Apache Tomcat Native 라이브러리가, 다음 java.library.path에서 발견되지 않습니다: [C:\Eclipse Adoptium\jdk-17.0.16.8-hotspot\bin;C:\WINDOWS\Sun\Java\bin;C:\WINDOWS\system32;C:\WINDOWS;C:\Eclipse Adoptium\jdk-17.0.16.8-hotspot\bin;C:\Program Files\MySQL\MySQL Server 8.0\bin;C:\Terraform;C:\WINDOWS\system32;C:\WINDOWS;C:\WINDOWS\System32\Wbem;C:\WINDOWS\System32\WindowsPowerShell\v1.0\;C:\WINDOWS\System32\OpenSSH\;C:\Program Files\nodejs\;C:\Program Files\Amazon\AWSCLIV2\;C:\Program Files\dotnet\;C:\Program Files\Git\cmd;C:\Program Files\Docker\Docker\resources\bin;C:\Eclipse Adoptium\jdk-17.0.16.8-hotspot\bin;C:\Users\wd\AppData\Local\Microsoft\WindowsApps;C:\Program Files\JetBrains\IntelliJ IDEA Community Edition 2024.3.3\bin;;C:\Users\wd\AppData\Roaming\npm;C:\Program Files\JetBrains\IntelliJ IDEA 2025.1.1.1\bin;;C:\Users\wd\AppData\Local\Programs\Microsoft VS Code\bin;;.]
26-Sep-2025 10:03:17.134 정보 [main] org.apache.coyote.AbstractProtocol.init 프로토콜 핸들러 ["http-nio-8080"]을(를) 초기화합니다.
26-Sep-2025 10:03:17.166 정보 [main] org.apache.catalina.startup.Catalina.load [1172] 밀리초 내에 서버가 초기화되었습니다.
26-Sep-2025 10:03:17.246 정보 [main] org.apache.catalina.core.StandardService.startInternal 서비스 [Catalina]을(를) 시작합니다.
26-Sep-2025 10:03:17.246 정보 [main] org.apache.catalina.core.StandardEngine.startInternal 서버 엔진을 시작합니다: [Apache Tomcat/9.0.109]
26-Sep-2025 10:03:17.260 정보 [main] org.apache.catalina.startup.HostConfig.deployDescriptor 배치 descriptor [C:\dev\workspace\jsp_webapp\src\main\webapp\conf\Catalina\localhost\ROOT.xml]을(를) 배치합니다.
26-Sep-2025 10:03:18.543 경고 [main] org.apache.catalina.util.SessionIdGeneratorBase.createSecureRandom [SHA1PRNG] 알고리즘을 사용하여, 세션 ID를 생성하기 위한 SecureRandom 객체를 생성하는데, [233] 밀리초가 소요됐습니다.
26-Sep-2025 10:03:18.589 정보 [main] org.apache.catalina.startup.HostConfig.deployDescriptor 배치 descriptor [C:\dev\workspace\jsp_webapp\src\main\webapp\conf\Catalina\localhost\ROOT.xml]의 배치가 [1,328] 밀리초 내에 완료되었습니다.
26-Sep-2025 10:03:18.595 정보 [main] org.apache.coyote.AbstractProtocol.start 프로토콜 핸들러 ["http-nio-8080"]을(를) 시작합니다.
26-Sep-2025 10:03:18.800 정보 [main] org.apache.catalina.startup.Catalina.start 서버가 [1633] 밀리초 내에 시작되었습니다.
26-Sep-2025 10:03:44.046 정보 [Thread-1] org.apache.coyote.AbstractProtocol.pause 프로토콜 핸들러 ["http-nio-8080"]을(를) 일시 정지 중
26-Sep-2025 10:03:45.247 정보 [Thread-1] org.apache.catalina.core.StandardService.stopInternal 서비스 [Catalina]을(를) 중지시킵니다.
26-Sep-2025 10:03:45.261 정보 [Thread-1] org.apache.coyote.AbstractProtocol.stop 프로토콜 핸들러 ["http-nio-8080"]을(를) 중지시킵니다.
26-Sep-2025 10:03:45.283 정보 [Thread-1] org.apache.coyote.AbstractProtocol.destroy 프로토콜 핸들러 ["http-nio-8080"]을(를) 소멸시킵니다.
26-Sep-2025 10:03:56.547 정보 [main] org.apache.catalina.startup.VersionLoggerListener.log 서버 버전 이름:    Apache Tomcat/9.0.109
26-Sep-2025 10:03:56.554 정보 [main] org.apache.catalina.startup.VersionLoggerListener.log Server 빌드 시각:  Sep 1 2025 12:15:33 UTC
26-Sep-2025 10:03:56.554 정보 [main] org.apache.catalina.startup.VersionLoggerListener.log Server 버전 번호:  9.0.109.0
26-Sep-2025 10:03:56.555 정보 [main] org.apache.catalina.startup.VersionLoggerListener.log 운영체제 이름:     Windows 10
26-Sep-2025 10:03:56.555 정보 [main] org.apache.catalina.startup.VersionLoggerListener.log 운영체제 버전:     10.0
26-Sep-2025 10:03:56.555 정보 [main] org.apache.catalina.startup.VersionLoggerListener.log 아키텍처:          amd64
26-Sep-2025 10:03:56.556 정보 [main] org.apache.catalina.startup.VersionLoggerListener.log 자바 홈:           C:\Eclipse Adoptium\jdk-17.0.16.8-hotspot
26-Sep-2025 10:03:56.556 정보 [main] org.apache.catalina.startup.VersionLoggerListener.log JVM 버전:          17.0.16+8
26-Sep-2025 10:03:56.556 정보 [main] org.apache.catalina.startup.VersionLoggerListener.log JVM 벤더:          Eclipse Adoptium
26-Sep-2025 10:03:56.556 정보 [main] org.apache.catalina.startup.VersionLoggerListener.log CATALINA_BASE:     C:\dev\workspace\jsp_webapp\src\main\webapp
26-Sep-2025 10:03:56.556 정보 [main] org.apache.catalina.startup.VersionLoggerListener.log CATALINA_HOME:     C:\dev\apache-tomcat-9.0.109
26-Sep-2025 10:03:56.577 정보 [main] org.apache.catalina.startup.VersionLoggerListener.log 명령 행 아규먼트:  --add-opens=java.base/java.lang=ALL-UNNAMED
26-Sep-2025 10:03:56.580 정보 [main] org.apache.catalina.startup.VersionLoggerListener.log 명령 행 아규먼트:  --add-opens=java.base/java.io=ALL-UNNAMED
26-Sep-2025 10:03:56.583 정보 [main] org.apache.catalina.startup.VersionLoggerListener.log 명령 행 아규먼트:  --add-opens=java.base/java.util=ALL-UNNAMED
26-Sep-2025 10:03:56.584 정보 [main] org.apache.catalina.startup.VersionLoggerListener.log 명령 행 아규먼트:  --add-opens=java.base/java.util.concurrent=ALL-UNNAMED
26-Sep-2025 10:03:56.584 정보 [main] org.apache.catalina.startup.VersionLoggerListener.log 명령 행 아규먼트:  --add-opens=java.rmi/sun.rmi.transport=ALL-UNNAMED
26-Sep-2025 10:03:56.584 정보 [main] org.apache.catalina.startup.VersionLoggerListener.log 명령 행 아규먼트:  -Dconsole.encoding=UTF-8
26-Sep-2025 10:03:56.584 정보 [main] org.apache.catalina.startup.VersionLoggerListener.log 명령 행 아규먼트:  -Djava.util.logging.config.file=C:\dev\apache-tomcat-9.0.109\conf\logging.properties
26-Sep-2025 10:03:56.584 정보 [main] org.apache.catalina.startup.VersionLoggerListener.log 명령 행 아규먼트:  -Dsun.stdout.encoding=UTF-8
26-Sep-2025 10:03:56.585 정보 [main] org.apache.catalina.startup.VersionLoggerListener.log 명령 행 아규먼트:  -Dsun.stderr.encoding=UTF-8
26-Sep-2025 10:03:56.585 정보 [main] org.apache.catalina.startup.VersionLoggerListener.log 명령 행 아규먼트:  -Dcatalina.home=C:\dev\apache-tomcat-9.0.109
26-Sep-2025 10:03:56.587 정보 [main] org.apache.catalina.startup.VersionLoggerListener.log 명령 행 아규먼트:  -Dcatalina.base=C:\dev\workspace\jsp_webapp\src\main\webapp
26-Sep-2025 10:03:56.587 정보 [main] org.apache.catalina.startup.VersionLoggerListener.log 명령 행 아규먼트:  -Djava.io.tmpdir=C:\dev\workspace\jsp_webapp\src\main\webapp\temp
26-Sep-2025 10:03:56.588 정보 [main] org.apache.catalina.startup.VersionLoggerListener.log 명령 행 아규먼트:  -Djava.util.logging.manager=org.apache.juli.ClassLoaderLogManager
26-Sep-2025 10:03:56.588 정보 [main] org.apache.catalina.startup.VersionLoggerListener.log 명령 행 아규먼트:  -javaagent:C:\Program Files\JetBrains\IntelliJ IDEA 2025.1.1.1\lib\idea_rt.jar=60334
26-Sep-2025 10:03:56.588 정보 [main] org.apache.catalina.startup.VersionLoggerListener.log 명령 행 아규먼트:  -Dfile.encoding=UTF-8
26-Sep-2025 10:03:56.613 정보 [main] org.apache.catalina.core.AprLifecycleListener.lifecycleEvent 프로덕션 환경들에서 최적의 성능을 제공하는, APR 기반 Apache Tomcat Native 라이브러리가, 다음 java.library.path에서 발견되지 않습니다: [C:\Eclipse Adoptium\jdk-17.0.16.8-hotspot\bin;C:\WINDOWS\Sun\Java\bin;C:\WINDOWS\system32;C:\WINDOWS;C:\Eclipse Adoptium\jdk-17.0.16.8-hotspot\bin;C:\Program Files\MySQL\MySQL Server 8.0\bin;C:\Terraform;C:\WINDOWS\system32;C:\WINDOWS;C:\WINDOWS\System32\Wbem;C:\WINDOWS\System32\WindowsPowerShell\v1.0\;C:\WINDOWS\System32\OpenSSH\;C:\Program Files\nodejs\;C:\Program Files\Amazon\AWSCLIV2\;C:\Program Files\dotnet\;C:\Program Files\Git\cmd;C:\Program Files\Docker\Docker\resources\bin;C:\Eclipse Adoptium\jdk-17.0.16.8-hotspot\bin;C:\Users\wd\AppData\Local\Microsoft\WindowsApps;C:\Program Files\JetBrains\IntelliJ IDEA Community Edition 2024.3.3\bin;;C:\Users\wd\AppData\Roaming\npm;C:\Program Files\JetBrains\IntelliJ IDEA 2025.1.1.1\bin;;C:\Users\wd\AppData\Local\Programs\Microsoft VS Code\bin;;.]
26-Sep-2025 10:03:57.602 정보 [main] org.apache.coyote.AbstractProtocol.init 프로토콜 핸들러 ["http-nio-8080"]을(를) 초기화합니다.
26-Sep-2025 10:03:57.652 정보 [main] org.apache.catalina.startup.Catalina.load [1646] 밀리초 내에 서버가 초기화되었습니다.
26-Sep-2025 10:03:57.806 정보 [main] org.apache.catalina.core.StandardService.startInternal 서비스 [Catalina]을(를) 시작합니다.
26-Sep-2025 10:03:57.806 정보 [main] org.apache.catalina.core.StandardEngine.startInternal 서버 엔진을 시작합니다: [Apache Tomcat/9.0.109]
26-Sep-2025 10:03:57.828 정보 [main] org.apache.catalina.startup.HostConfig.deployDescriptor 배치 descriptor [C:\dev\workspace\jsp_webapp\src\main\webapp\conf\Catalina\localhost\ROOT.xml]을(를) 배치합니다.
26-Sep-2025 10:03:59.519 경고 [main] org.apache.catalina.util.SessionIdGeneratorBase.createSecureRandom [SHA1PRNG] 알고리즘을 사용하여, 세션 ID를 생성하기 위한 SecureRandom 객체를 생성하는데, [223] 밀리초가 소요됐습니다.
26-Sep-2025 10:03:59.578 정보 [main] org.apache.catalina.startup.HostConfig.deployDescriptor 배치 descriptor [C:\dev\workspace\jsp_webapp\src\main\webapp\conf\Catalina\localhost\ROOT.xml]의 배치가 [1,750] 밀리초 내에 완료되었습니다.
26-Sep-2025 10:03:59.588 정보 [main] org.apache.coyote.AbstractProtocol.start 프로토콜 핸들러 ["http-nio-8080"]을(를) 시작합니다.
26-Sep-2025 10:03:59.828 정보 [main] org.apache.catalina.startup.Catalina.start 서버가 [2175] 밀리초 내에 시작되었습니다.
26-Sep-2025 10:04:21.172 정보 [Thread-1] org.apache.coyote.AbstractProtocol.pause 프로토콜 핸들러 ["http-nio-8080"]을(를) 일시 정지 중
26-Sep-2025 10:04:22.263 정보 [Thread-1] org.apache.catalina.core.StandardService.stopInternal 서비스 [Catalina]을(를) 중지시킵니다.
26-Sep-2025 10:04:22.273 경고 [Thread-1] org.apache.catalina.loader.WebappClassLoaderBase.clearReferencesJdbc 웹 애플리케이션 [ROOT]이(가) JDBC 드라이버 [org.h2.Driver]을(를) 등록했지만, 웹 애플리케이션이 중지될 때, 해당 JDBC 드라이버의 등록을 제거하지 못했습니다. 메모리 누수를 방지하기 위하여, 등록을 강제로 제거했습니다.
26-Sep-2025 10:04:22.276 정보 [Thread-1] org.apache.coyote.AbstractProtocol.stop 프로토콜 핸들러 ["http-nio-8080"]을(를) 중지시킵니다.
26-Sep-2025 10:04:22.291 정보 [Thread-1] org.apache.coyote.AbstractProtocol.destroy 프로토콜 핸들러 ["http-nio-8080"]을(를) 소멸시킵니다.
26-Sep-2025 10:04:28.024 정보 [main] org.apache.catalina.startup.VersionLoggerListener.log 서버 버전 이름:    Apache Tomcat/9.0.109
26-Sep-2025 10:04:28.031 정보 [main] org.apache.catalina.startup.VersionLoggerListener.log Server 빌드 시각:  Sep 1 2025 12:15:33 UTC
26-Sep-2025 10:04:28.031 정보 [main] org.apache.catalina.startup.VersionLoggerListener.log Server 버전 번호:  9.0.109.0
26-Sep-2025 10:04:28.031 정보 [main] org.apache.catalina.startup.VersionLoggerListener.log 운영체제 이름:     Windows 10
26-Sep-2025 10:04:28.031 정보 [main] org.apache.catalina.startup.VersionLoggerListener.log 운영체제 버전:     10.0
26-Sep-2025 10:04:28.032 정보 [main] org.apache.catalina.startup.VersionLoggerListener.log 아키텍처:          amd64
26-Sep-2025 10:04:28.032 정보 [main] org.apache.catalina.startup.VersionLoggerListener.log 자바 홈:           C:\Eclipse Adoptium\jdk-17.0.16.8-hotspot
26-Sep-2025 10:04:28.032 정보 [main] org.apache.catalina.startup.VersionLoggerListener.log JVM 버전:          17.0.16+8
26-Sep-2025 10:04:28.032 정보 [main] org.apache.catalina.startup.VersionLoggerListener.log JVM 벤더:          Eclipse Adoptium
26-Sep-2025 10:04:28.032 정보 [main] org.apache.catalina.startup.VersionLoggerListener.log CATALINA_BASE:     C:\dev\workspace\jsp_webapp\src\main\webapp
26-Sep-2025 10:04:28.033 정보 [main] org.apache.catalina.startup.VersionLoggerListener.log CATALINA_HOME:     C:\dev\apache-tomcat-9.0.109
26-Sep-2025 10:04:28.055 정보 [main] org.apache.catalina.startup.VersionLoggerListener.log 명령 행 아규먼트:  --add-opens=java.base/java.lang=ALL-UNNAMED
26-Sep-2025 10:04:28.055 정보 [main] org.apache.catalina.startup.VersionLoggerListener.log 명령 행 아규먼트:  --add-opens=java.base/java.io=ALL-UNNAMED
26-Sep-2025 10:04:28.055 정보 [main] org.apache.catalina.startup.VersionLoggerListener.log 명령 행 아규먼트:  --add-opens=java.base/java.util=ALL-UNNAMED
26-Sep-2025 10:04:28.056 정보 [main] org.apache.catalina.startup.VersionLoggerListener.log 명령 행 아규먼트:  --add-opens=java.base/java.util.concurrent=ALL-UNNAMED
26-Sep-2025 10:04:28.056 정보 [main] org.apache.catalina.startup.VersionLoggerListener.log 명령 행 아규먼트:  --add-opens=java.rmi/sun.rmi.transport=ALL-UNNAMED
26-Sep-2025 10:04:28.056 정보 [main] org.apache.catalina.startup.VersionLoggerListener.log 명령 행 아규먼트:  -Dconsole.encoding=UTF-8
26-Sep-2025 10:04:28.056 정보 [main] org.apache.catalina.startup.VersionLoggerListener.log 명령 행 아규먼트:  -Djava.util.logging.config.file=C:\dev\apache-tomcat-9.0.109\conf\logging.properties
26-Sep-2025 10:04:28.057 정보 [main] org.apache.catalina.startup.VersionLoggerListener.log 명령 행 아규먼트:  -Dsun.stdout.encoding=UTF-8
26-Sep-2025 10:04:28.058 정보 [main] org.apache.catalina.startup.VersionLoggerListener.log 명령 행 아규먼트:  -Dsun.stderr.encoding=UTF-8
26-Sep-2025 10:04:28.058 정보 [main] org.apache.catalina.startup.VersionLoggerListener.log 명령 행 아규먼트:  -Dcatalina.home=C:\dev\apache-tomcat-9.0.109
26-Sep-2025 10:04:28.058 정보 [main] org.apache.catalina.startup.VersionLoggerListener.log 명령 행 아규먼트:  -Dcatalina.base=C:\dev\workspace\jsp_webapp\src\main\webapp
26-Sep-2025 10:04:28.059 정보 [main] org.apache.catalina.startup.VersionLoggerListener.log 명령 행 아규먼트:  -Djava.io.tmpdir=C:\dev\workspace\jsp_webapp\src\main\webapp\temp
26-Sep-2025 10:04:28.059 정보 [main] org.apache.catalina.startup.VersionLoggerListener.log 명령 행 아규먼트:  -Djava.util.logging.manager=org.apache.juli.ClassLoaderLogManager
26-Sep-2025 10:04:28.063 정보 [main] org.apache.catalina.startup.VersionLoggerListener.log 명령 행 아규먼트:  -javaagent:C:\Program Files\JetBrains\IntelliJ IDEA 2025.1.1.1\lib\idea_rt.jar=60346
26-Sep-2025 10:04:28.063 정보 [main] org.apache.catalina.startup.VersionLoggerListener.log 명령 행 아규먼트:  -Dfile.encoding=UTF-8
26-Sep-2025 10:04:28.089 정보 [main] org.apache.catalina.core.AprLifecycleListener.lifecycleEvent 프로덕션 환경들에서 최적의 성능을 제공하는, APR 기반 Apache Tomcat Native 라이브러리가, 다음 java.library.path에서 발견되지 않습니다: [C:\Eclipse Adoptium\jdk-17.0.16.8-hotspot\bin;C:\WINDOWS\Sun\Java\bin;C:\WINDOWS\system32;C:\WINDOWS;C:\Eclipse Adoptium\jdk-17.0.16.8-hotspot\bin;C:\Program Files\MySQL\MySQL Server 8.0\bin;C:\Terraform;C:\WINDOWS\system32;C:\WINDOWS;C:\WINDOWS\System32\Wbem;C:\WINDOWS\System32\WindowsPowerShell\v1.0\;C:\WINDOWS\System32\OpenSSH\;C:\Program Files\nodejs\;C:\Program Files\Amazon\AWSCLIV2\;C:\Program Files\dotnet\;C:\Program Files\Git\cmd;C:\Program Files\Docker\Docker\resources\bin;C:\Eclipse Adoptium\jdk-17.0.16.8-hotspot\bin;C:\Users\wd\AppData\Local\Microsoft\WindowsApps;C:\Program Files\JetBrains\IntelliJ IDEA Community Edition 2024.3.3\bin;;C:\Users\wd\AppData\Roaming\npm;C:\Program Files\JetBrains\IntelliJ IDEA 2025.1.1.1\bin;;C:\Users\wd\AppData\Local\Programs\Microsoft VS Code\bin;;.]
26-Sep-2025 10:04:28.660 정보 [main] org.apache.coyote.AbstractProtocol.init 프로토콜 핸들러 ["http-nio-8080"]을(를) 초기화합니다.
26-Sep-2025 10:04:28.692 정보 [main] org.apache.catalina.startup.Catalina.load [1438] 밀리초 내에 서버가 초기화되었습니다.
26-Sep-2025 10:04:28.791 정보 [main] org.apache.catalina.core.StandardService.startInternal 서비스 [Catalina]을(를) 시작합니다.
26-Sep-2025 10:04:28.791 정보 [main] org.apache.catalina.core.StandardEngine.startInternal 서버 엔진을 시작합니다: [Apache Tomcat/9.0.109]
26-Sep-2025 10:04:28.806 정보 [main] org.apache.catalina.startup.HostConfig.deployDescriptor 배치 descriptor [C:\dev\workspace\jsp_webapp\src\main\webapp\conf\Catalina\localhost\ROOT.xml]을(를) 배치합니다.
26-Sep-2025 10:04:30.554 경고 [main] org.apache.catalina.util.SessionIdGeneratorBase.createSecureRandom [SHA1PRNG] 알고리즘을 사용하여, 세션 ID를 생성하기 위한 SecureRandom 객체를 생성하는데, [270] 밀리초가 소요됐습니다.
26-Sep-2025 10:04:30.626 정보 [main] org.apache.catalina.startup.HostConfig.deployDescriptor 배치 descriptor [C:\dev\workspace\jsp_webapp\src\main\webapp\conf\Catalina\localhost\ROOT.xml]의 배치가 [1,820] 밀리초 내에 완료되었습니다.
26-Sep-2025 10:04:30.638 정보 [main] org.apache.coyote.AbstractProtocol.start 프로토콜 핸들러 ["http-nio-8080"]을(를) 시작합니다.
26-Sep-2025 10:04:30.857 정보 [main] org.apache.catalina.startup.Catalina.start 서버가 [2163] 밀리초 내에 시작되었습니다.
26-Sep-2025 10:07:37.371 정보 [Thread-1] org.apache.coyote.AbstractProtocol.pause 프로토콜 핸들러 ["http-nio-8080"]을(를) 일시 정지 중
26-Sep-2025 10:07:38.645 정보 [Thread-1] org.apache.catalina.core.StandardService.stopInternal 서비스 [Catalina]을(를) 중지시킵니다.
26-Sep-2025 10:07:38.655 경고 [Thread-1] org.apache.catalina.loader.WebappClassLoaderBase.clearReferencesJdbc 웹 애플리케이션 [ROOT]이(가) JDBC 드라이버 [org.h2.Driver]을(를) 등록했지만, 웹 애플리케이션이 중지될 때, 해당 JDBC 드라이버의 등록을 제거하지 못했습니다. 메모리 누수를 방지하기 위하여, 등록을 강제로 제거했습니다.
26-Sep-2025 10:07:38.659 정보 [Thread-1] org.apache.coyote.AbstractProtocol.stop 프로토콜 핸들러 ["http-nio-8080"]을(를) 중지시킵니다.
26-Sep-2025 10:07:38.670 정보 [Thread-1] org.apache.coyote.AbstractProtocol.destroy 프로토콜 핸들러 ["http-nio-8080"]을(를) 소멸시킵니다.
26-Sep-2025 10:13:25.692 정보 [main] org.apache.catalina.startup.VersionLoggerListener.log 서버 버전 이름:    Apache Tomcat/9.0.109
26-Sep-2025 10:13:25.697 정보 [main] org.apache.catalina.startup.VersionLoggerListener.log Server 빌드 시각:  Sep 1 2025 12:15:33 UTC
26-Sep-2025 10:13:25.697 정보 [main] org.apache.catalina.startup.VersionLoggerListener.log Server 버전 번호:  9.0.109.0
26-Sep-2025 10:13:25.698 정보 [main] org.apache.catalina.startup.VersionLoggerListener.log 운영체제 이름:     Windows 10
26-Sep-2025 10:13:25.698 정보 [main] org.apache.catalina.startup.VersionLoggerListener.log 운영체제 버전:     10.0
26-Sep-2025 10:13:25.698 정보 [main] org.apache.catalina.startup.VersionLoggerListener.log 아키텍처:          amd64
26-Sep-2025 10:13:25.698 정보 [main] org.apache.catalina.startup.VersionLoggerListener.log 자바 홈:           C:\Eclipse Adoptium\jdk-17.0.16.8-hotspot
26-Sep-2025 10:13:25.698 정보 [main] org.apache.catalina.startup.VersionLoggerListener.log JVM 버전:          17.0.16+8
26-Sep-2025 10:13:25.698 정보 [main] org.apache.catalina.startup.VersionLoggerListener.log JVM 벤더:          Eclipse Adoptium
26-Sep-2025 10:13:25.699 정보 [main] org.apache.catalina.startup.VersionLoggerListener.log CATALINA_BASE:     C:\dev\workspace\jsp_webapp\src\main\webapp
26-Sep-2025 10:13:25.699 정보 [main] org.apache.catalina.startup.VersionLoggerListener.log CATALINA_HOME:     C:\dev\apache-tomcat-9.0.109
26-Sep-2025 10:13:25.710 정보 [main] org.apache.catalina.startup.VersionLoggerListener.log 명령 행 아규먼트:  --add-opens=java.base/java.lang=ALL-UNNAMED
26-Sep-2025 10:13:25.710 정보 [main] org.apache.catalina.startup.VersionLoggerListener.log 명령 행 아규먼트:  --add-opens=java.base/java.io=ALL-UNNAMED
26-Sep-2025 10:13:25.710 정보 [main] org.apache.catalina.startup.VersionLoggerListener.log 명령 행 아규먼트:  --add-opens=java.base/java.util=ALL-UNNAMED
26-Sep-2025 10:13:25.711 정보 [main] org.apache.catalina.startup.VersionLoggerListener.log 명령 행 아규먼트:  --add-opens=java.base/java.util.concurrent=ALL-UNNAMED
26-Sep-2025 10:13:25.711 정보 [main] org.apache.catalina.startup.VersionLoggerListener.log 명령 행 아규먼트:  --add-opens=java.rmi/sun.rmi.transport=ALL-UNNAMED
26-Sep-2025 10:13:25.711 정보 [main] org.apache.catalina.startup.VersionLoggerListener.log 명령 행 아규먼트:  -Dconsole.encoding=UTF-8
26-Sep-2025 10:13:25.711 정보 [main] org.apache.catalina.startup.VersionLoggerListener.log 명령 행 아규먼트:  -Djava.util.logging.config.file=C:\dev\apache-tomcat-9.0.109\conf\logging.properties
26-Sep-2025 10:13:25.712 정보 [main] org.apache.catalina.startup.VersionLoggerListener.log 명령 행 아규먼트:  -Dsun.stdout.encoding=UTF-8
26-Sep-2025 10:13:25.712 정보 [main] org.apache.catalina.startup.VersionLoggerListener.log 명령 행 아규먼트:  -Dsun.stderr.encoding=UTF-8
26-Sep-2025 10:13:25.712 정보 [main] org.apache.catalina.startup.VersionLoggerListener.log 명령 행 아규먼트:  -Dcatalina.home=C:\dev\apache-tomcat-9.0.109
26-Sep-2025 10:13:25.712 정보 [main] org.apache.catalina.startup.VersionLoggerListener.log 명령 행 아규먼트:  -Dcatalina.base=C:\dev\workspace\jsp_webapp\src\main\webapp
26-Sep-2025 10:13:25.712 정보 [main] org.apache.catalina.startup.VersionLoggerListener.log 명령 행 아규먼트:  -Djava.io.tmpdir=C:\dev\workspace\jsp_webapp\src\main\webapp\temp
26-Sep-2025 10:13:25.712 정보 [main] org.apache.catalina.startup.VersionLoggerListener.log 명령 행 아규먼트:  -Djava.util.logging.manager=org.apache.juli.ClassLoaderLogManager
26-Sep-2025 10:13:25.713 정보 [main] org.apache.catalina.startup.VersionLoggerListener.log 명령 행 아규먼트:  -javaagent:C:\Program Files\JetBrains\IntelliJ IDEA 2025.1.1.1\lib\idea_rt.jar=60420
26-Sep-2025 10:13:25.713 정보 [main] org.apache.catalina.startup.VersionLoggerListener.log 명령 행 아규먼트:  -Dfile.encoding=UTF-8
26-Sep-2025 10:13:25.731 정보 [main] org.apache.catalina.core.AprLifecycleListener.lifecycleEvent 프로덕션 환경들에서 최적의 성능을 제공하는, APR 기반 Apache Tomcat Native 라이브러리가, 다음 java.library.path에서 발견되지 않습니다: [C:\Eclipse Adoptium\jdk-17.0.16.8-hotspot\bin;C:\WINDOWS\Sun\Java\bin;C:\WINDOWS\system32;C:\WINDOWS;C:\Eclipse Adoptium\jdk-17.0.16.8-hotspot\bin;C:\Program Files\MySQL\MySQL Server 8.0\bin;C:\Terraform;C:\WINDOWS\system32;C:\WINDOWS;C:\WINDOWS\System32\Wbem;C:\WINDOWS\System32\WindowsPowerShell\v1.0\;C:\WINDOWS\System32\OpenSSH\;C:\Program Files\nodejs\;C:\Program Files\Amazon\AWSCLIV2\;C:\Program Files\dotnet\;C:\Program Files\Git\cmd;C:\Program Files\Docker\Docker\resources\bin;C:\Eclipse Adoptium\jdk-17.0.16.8-hotspot\bin;C:\Users\wd\AppData\Local\Microsoft\WindowsApps;C:\Program Files\JetBrains\IntelliJ IDEA Community Edition 2024.3.3\bin;;C:\Users\wd\AppData\Roaming\npm;C:\Program Files\JetBrains\IntelliJ IDEA 2025.1.1.1\bin;;C:\Users\wd\AppData\Local\Programs\Microsoft VS Code\bin;;.]
26-Sep-2025 10:13:26.232 정보 [main] org.apache.coyote.AbstractProtocol.init 프로토콜 핸들러 ["http-nio-8080"]을(를) 초기화합니다.
26-Sep-2025 10:13:26.265 정보 [main] org.apache.catalina.startup.Catalina.load [1015] 밀리초 내에 서버가 초기화되었습니다.
26-Sep-2025 10:13:26.429 정보 [main] org.apache.catalina.core.StandardService.startInternal 서비스 [Catalina]을(를) 시작합니다.
26-Sep-2025 10:13:26.429 정보 [main] org.apache.catalina.core.StandardEngine.startInternal 서버 엔진을 시작합니다: [Apache Tomcat/9.0.109]
26-Sep-2025 10:13:26.453 정보 [main] org.apache.catalina.startup.HostConfig.deployDescriptor 배치 descriptor [C:\dev\workspace\jsp_webapp\src\main\webapp\conf\Catalina\localhost\ROOT.xml]을(를) 배치합니다.
26-Sep-2025 10:13:27.852 경고 [main] org.apache.catalina.util.SessionIdGeneratorBase.createSecureRandom [SHA1PRNG] 알고리즘을 사용하여, 세션 ID를 생성하기 위한 SecureRandom 객체를 생성하는데, [184] 밀리초가 소요됐습니다.
26-Sep-2025 10:13:27.892 정보 [main] org.apache.catalina.startup.HostConfig.deployDescriptor 배치 descriptor [C:\dev\workspace\jsp_webapp\src\main\webapp\conf\Catalina\localhost\ROOT.xml]의 배치가 [1,439] 밀리초 내에 완료되었습니다.
26-Sep-2025 10:13:27.899 정보 [main] org.apache.coyote.AbstractProtocol.start 프로토콜 핸들러 ["http-nio-8080"]을(를) 시작합니다.
26-Sep-2025 10:13:28.084 정보 [main] org.apache.catalina.startup.Catalina.start 서버가 [1818] 밀리초 내에 시작되었습니다.
26-Sep-2025 10:42:34.030 정보 [Thread-1] org.apache.coyote.AbstractProtocol.pause 프로토콜 핸들러 ["http-nio-8080"]을(를) 일시 정지 중
26-Sep-2025 10:42:35.222 정보 [Thread-1] org.apache.catalina.core.StandardService.stopInternal 서비스 [Catalina]을(를) 중지시킵니다.
26-Sep-2025 10:42:35.232 경고 [Thread-1] org.apache.catalina.loader.WebappClassLoaderBase.clearReferencesJdbc 웹 애플리케이션 [ROOT]이(가) JDBC 드라이버 [org.h2.Driver]을(를) 등록했지만, 웹 애플리케이션이 중지될 때, 해당 JDBC 드라이버의 등록을 제거하지 못했습니다. 메모리 누수를 방지하기 위하여, 등록을 강제로 제거했습니다.
26-Sep-2025 10:42:35.235 정보 [Thread-1] org.apache.coyote.AbstractProtocol.stop 프로토콜 핸들러 ["http-nio-8080"]을(를) 중지시킵니다.
26-Sep-2025 10:42:35.254 정보 [Thread-1] org.apache.coyote.AbstractProtocol.destroy 프로토콜 핸들러 ["http-nio-8080"]을(를) 소멸시킵니다.
26-Sep-2025 10:42:40.110 정보 [main] org.apache.catalina.startup.VersionLoggerListener.log 서버 버전 이름:    Apache Tomcat/9.0.109
26-Sep-2025 10:42:40.115 정보 [main] org.apache.catalina.startup.VersionLoggerListener.log Server 빌드 시각:  Sep 1 2025 12:15:33 UTC
26-Sep-2025 10:42:40.115 정보 [main] org.apache.catalina.startup.VersionLoggerListener.log Server 버전 번호:  9.0.109.0
26-Sep-2025 10:42:40.116 정보 [main] org.apache.catalina.startup.VersionLoggerListener.log 운영체제 이름:     Windows 10
26-Sep-2025 10:42:40.116 정보 [main] org.apache.catalina.startup.VersionLoggerListener.log 운영체제 버전:     10.0
26-Sep-2025 10:42:40.116 정보 [main] org.apache.catalina.startup.VersionLoggerListener.log 아키텍처:          amd64
26-Sep-2025 10:42:40.116 정보 [main] org.apache.catalina.startup.VersionLoggerListener.log 자바 홈:           C:\Eclipse Adoptium\jdk-17.0.16.8-hotspot
26-Sep-2025 10:42:40.116 정보 [main] org.apache.catalina.startup.VersionLoggerListener.log JVM 버전:          17.0.16+8
26-Sep-2025 10:42:40.117 정보 [main] org.apache.catalina.startup.VersionLoggerListener.log JVM 벤더:          Eclipse Adoptium
26-Sep-2025 10:42:40.117 정보 [main] org.apache.catalina.startup.VersionLoggerListener.log CATALINA_BASE:     C:\dev\workspace\jsp_webapp\src\main\webapp
26-Sep-2025 10:42:40.117 정보 [main] org.apache.catalina.startup.VersionLoggerListener.log CATALINA_HOME:     C:\dev\apache-tomcat-9.0.109
26-Sep-2025 10:42:40.130 정보 [main] org.apache.catalina.startup.VersionLoggerListener.log 명령 행 아규먼트:  --add-opens=java.base/java.lang=ALL-UNNAMED
26-Sep-2025 10:42:40.130 정보 [main] org.apache.catalina.startup.VersionLoggerListener.log 명령 행 아규먼트:  --add-opens=java.base/java.io=ALL-UNNAMED
26-Sep-2025 10:42:40.130 정보 [main] org.apache.catalina.startup.VersionLoggerListener.log 명령 행 아규먼트:  --add-opens=java.base/java.util=ALL-UNNAMED
26-Sep-2025 10:42:40.130 정보 [main] org.apache.catalina.startup.VersionLoggerListener.log 명령 행 아규먼트:  --add-opens=java.base/java.util.concurrent=ALL-UNNAMED
26-Sep-2025 10:42:40.130 정보 [main] org.apache.catalina.startup.VersionLoggerListener.log 명령 행 아규먼트:  --add-opens=java.rmi/sun.rmi.transport=ALL-UNNAMED
26-Sep-2025 10:42:40.130 정보 [main] org.apache.catalina.startup.VersionLoggerListener.log 명령 행 아규먼트:  -Dconsole.encoding=UTF-8
26-Sep-2025 10:42:40.130 정보 [main] org.apache.catalina.startup.VersionLoggerListener.log 명령 행 아규먼트:  -Djava.util.logging.config.file=C:\dev\apache-tomcat-9.0.109\conf\logging.properties
26-Sep-2025 10:42:40.131 정보 [main] org.apache.catalina.startup.VersionLoggerListener.log 명령 행 아규먼트:  -Dsun.stdout.encoding=UTF-8
26-Sep-2025 10:42:40.131 정보 [main] org.apache.catalina.startup.VersionLoggerListener.log 명령 행 아규먼트:  -Dsun.stderr.encoding=UTF-8
26-Sep-2025 10:42:40.131 정보 [main] org.apache.catalina.startup.VersionLoggerListener.log 명령 행 아규먼트:  -Dcatalina.home=C:\dev\apache-tomcat-9.0.109
26-Sep-2025 10:42:40.131 정보 [main] org.apache.catalina.startup.VersionLoggerListener.log 명령 행 아규먼트:  -Dcatalina.base=C:\dev\workspace\jsp_webapp\src\main\webapp
26-Sep-2025 10:42:40.131 정보 [main] org.apache.catalina.startup.VersionLoggerListener.log 명령 행 아규먼트:  -Djava.io.tmpdir=C:\dev\workspace\jsp_webapp\src\main\webapp\temp
26-Sep-2025 10:42:40.131 정보 [main] org.apache.catalina.startup.VersionLoggerListener.log 명령 행 아규먼트:  -Djava.util.logging.manager=org.apache.juli.ClassLoaderLogManager
26-Sep-2025 10:42:40.131 정보 [main] org.apache.catalina.startup.VersionLoggerListener.log 명령 행 아규먼트:  -javaagent:C:\Program Files\JetBrains\IntelliJ IDEA 2025.1.1.1\lib\idea_rt.jar=60564
26-Sep-2025 10:42:40.132 정보 [main] org.apache.catalina.startup.VersionLoggerListener.log 명령 행 아규먼트:  -Dfile.encoding=UTF-8
26-Sep-2025 10:42:40.153 정보 [main] org.apache.catalina.core.AprLifecycleListener.lifecycleEvent 프로덕션 환경들에서 최적의 성능을 제공하는, APR 기반 Apache Tomcat Native 라이브러리가, 다음 java.library.path에서 발견되지 않습니다: [C:\Eclipse Adoptium\jdk-17.0.16.8-hotspot\bin;C:\WINDOWS\Sun\Java\bin;C:\WINDOWS\system32;C:\WINDOWS;C:\Eclipse Adoptium\jdk-17.0.16.8-hotspot\bin;C:\Program Files\MySQL\MySQL Server 8.0\bin;C:\Terraform;C:\WINDOWS\system32;C:\WINDOWS;C:\WINDOWS\System32\Wbem;C:\WINDOWS\System32\WindowsPowerShell\v1.0\;C:\WINDOWS\System32\OpenSSH\;C:\Program Files\nodejs\;C:\Program Files\Amazon\AWSCLIV2\;C:\Program Files\dotnet\;C:\Program Files\Git\cmd;C:\Program Files\Docker\Docker\resources\bin;C:\Eclipse Adoptium\jdk-17.0.16.8-hotspot\bin;C:\Users\wd\AppData\Local\Microsoft\WindowsApps;C:\Program Files\JetBrains\IntelliJ IDEA Community Edition 2024.3.3\bin;;C:\Users\wd\AppData\Roaming\npm;C:\Program Files\JetBrains\IntelliJ IDEA 2025.1.1.1\bin;;C:\Users\wd\AppData\Local\Programs\Microsoft VS Code\bin;;.]
26-Sep-2025 10:42:40.599 정보 [main] org.apache.coyote.AbstractProtocol.init 프로토콜 핸들러 ["http-nio-8080"]을(를) 초기화합니다.
26-Sep-2025 10:42:40.627 정보 [main] org.apache.catalina.startup.Catalina.load [876] 밀리초 내에 서버가 초기화되었습니다.
26-Sep-2025 10:42:40.697 정보 [main] org.apache.catalina.core.StandardService.startInternal 서비스 [Catalina]을(를) 시작합니다.
26-Sep-2025 10:42:40.698 정보 [main] org.apache.catalina.core.StandardEngine.startInternal 서버 엔진을 시작합니다: [Apache Tomcat/9.0.109]
26-Sep-2025 10:42:40.713 정보 [main] org.apache.catalina.startup.HostConfig.deployDescriptor 배치 descriptor [C:\dev\workspace\jsp_webapp\src\main\webapp\conf\Catalina\localhost\ROOT.xml]을(를) 배치합니다.
26-Sep-2025 10:42:41.745 경고 [main] org.apache.catalina.util.SessionIdGeneratorBase.createSecureRandom [SHA1PRNG] 알고리즘을 사용하여, 세션 ID를 생성하기 위한 SecureRandom 객체를 생성하는데, [164] 밀리초가 소요됐습니다.
26-Sep-2025 10:42:41.782 정보 [main] org.apache.catalina.startup.HostConfig.deployDescriptor 배치 descriptor [C:\dev\workspace\jsp_webapp\src\main\webapp\conf\Catalina\localhost\ROOT.xml]의 배치가 [1,070] 밀리초 내에 완료되었습니다.
26-Sep-2025 10:42:41.788 정보 [main] org.apache.coyote.AbstractProtocol.start 프로토콜 핸들러 ["http-nio-8080"]을(를) 시작합니다.
26-Sep-2025 10:42:41.972 정보 [main] org.apache.catalina.startup.Catalina.start 서버가 [1345] 밀리초 내에 시작되었습니다.
26-Sep-2025 10:43:26.312 정보 [Thread-1] org.apache.coyote.AbstractProtocol.pause 프로토콜 핸들러 ["http-nio-8080"]을(를) 일시 정지 중
26-Sep-2025 10:43:27.386 정보 [Thread-1] org.apache.catalina.core.StandardService.stopInternal 서비스 [Catalina]을(를) 중지시킵니다.
26-Sep-2025 10:43:27.400 정보 [Thread-1] org.apache.coyote.AbstractProtocol.stop 프로토콜 핸들러 ["http-nio-8080"]을(를) 중지시킵니다.
26-Sep-2025 10:43:27.418 정보 [Thread-1] org.apache.coyote.AbstractProtocol.destroy 프로토콜 핸들러 ["http-nio-8080"]을(를) 소멸시킵니다.
26-Sep-2025 10:50:23.529 정보 [main] org.apache.catalina.startup.VersionLoggerListener.log 서버 버전 이름:    Apache Tomcat/9.0.109
26-Sep-2025 10:50:23.534 정보 [main] org.apache.catalina.startup.VersionLoggerListener.log Server 빌드 시각:  Sep 1 2025 12:15:33 UTC
26-Sep-2025 10:50:23.535 정보 [main] org.apache.catalina.startup.VersionLoggerListener.log Server 버전 번호:  9.0.109.0
26-Sep-2025 10:50:23.535 정보 [main] org.apache.catalina.startup.VersionLoggerListener.log 운영체제 이름:     Windows 10
26-Sep-2025 10:50:23.536 정보 [main] org.apache.catalina.startup.VersionLoggerListener.log 운영체제 버전:     10.0
26-Sep-2025 10:50:23.536 정보 [main] org.apache.catalina.startup.VersionLoggerListener.log 아키텍처:          amd64
26-Sep-2025 10:50:23.536 정보 [main] org.apache.catalina.startup.VersionLoggerListener.log 자바 홈:           C:\Eclipse Adoptium\jdk-17.0.16.8-hotspot
26-Sep-2025 10:50:23.537 정보 [main] org.apache.catalina.startup.VersionLoggerListener.log JVM 버전:          17.0.16+8
26-Sep-2025 10:50:23.537 정보 [main] org.apache.catalina.startup.VersionLoggerListener.log JVM 벤더:          Eclipse Adoptium
26-Sep-2025 10:50:23.537 정보 [main] org.apache.catalina.startup.VersionLoggerListener.log CATALINA_BASE:     C:\dev\workspace\jsp_webapp\src\main\webapp
26-Sep-2025 10:50:23.539 정보 [main] org.apache.catalina.startup.VersionLoggerListener.log CATALINA_HOME:     C:\dev\apache-tomcat-9.0.109
26-Sep-2025 10:50:23.553 정보 [main] org.apache.catalina.startup.VersionLoggerListener.log 명령 행 아규먼트:  --add-opens=java.base/java.lang=ALL-UNNAMED
26-Sep-2025 10:50:23.553 정보 [main] org.apache.catalina.startup.VersionLoggerListener.log 명령 행 아규먼트:  --add-opens=java.base/java.io=ALL-UNNAMED
26-Sep-2025 10:50:23.553 정보 [main] org.apache.catalina.startup.VersionLoggerListener.log 명령 행 아규먼트:  --add-opens=java.base/java.util=ALL-UNNAMED
26-Sep-2025 10:50:23.553 정보 [main] org.apache.catalina.startup.VersionLoggerListener.log 명령 행 아규먼트:  --add-opens=java.base/java.util.concurrent=ALL-UNNAMED
26-Sep-2025 10:50:23.553 정보 [main] org.apache.catalina.startup.VersionLoggerListener.log 명령 행 아규먼트:  --add-opens=java.rmi/sun.rmi.transport=ALL-UNNAMED
26-Sep-2025 10:50:23.553 정보 [main] org.apache.catalina.startup.VersionLoggerListener.log 명령 행 아규먼트:  -Dconsole.encoding=UTF-8
26-Sep-2025 10:50:23.554 정보 [main] org.apache.catalina.startup.VersionLoggerListener.log 명령 행 아규먼트:  -Djava.util.logging.config.file=C:\dev\apache-tomcat-9.0.109\conf\logging.properties
26-Sep-2025 10:50:23.554 정보 [main] org.apache.catalina.startup.VersionLoggerListener.log 명령 행 아규먼트:  -Dsun.stdout.encoding=UTF-8
26-Sep-2025 10:50:23.554 정보 [main] org.apache.catalina.startup.VersionLoggerListener.log 명령 행 아규먼트:  -Dsun.stderr.encoding=UTF-8
26-Sep-2025 10:50:23.554 정보 [main] org.apache.catalina.startup.VersionLoggerListener.log 명령 행 아규먼트:  -Dcatalina.home=C:\dev\apache-tomcat-9.0.109
26-Sep-2025 10:50:23.554 정보 [main] org.apache.catalina.startup.VersionLoggerListener.log 명령 행 아규먼트:  -Dcatalina.base=C:\dev\workspace\jsp_webapp\src\main\webapp
26-Sep-2025 10:50:23.555 정보 [main] org.apache.catalina.startup.VersionLoggerListener.log 명령 행 아규먼트:  -Djava.io.tmpdir=C:\dev\workspace\jsp_webapp\src\main\webapp\temp
26-Sep-2025 10:50:23.555 정보 [main] org.apache.catalina.startup.VersionLoggerListener.log 명령 행 아규먼트:  -Djava.util.logging.manager=org.apache.juli.ClassLoaderLogManager
26-Sep-2025 10:50:23.555 정보 [main] org.apache.catalina.startup.VersionLoggerListener.log 명령 행 아규먼트:  -javaagent:C:\Program Files\JetBrains\IntelliJ IDEA 2025.1.1.1\lib\idea_rt.jar=60596
26-Sep-2025 10:50:23.555 정보 [main] org.apache.catalina.startup.VersionLoggerListener.log 명령 행 아규먼트:  -Dfile.encoding=UTF-8
26-Sep-2025 10:50:23.575 정보 [main] org.apache.catalina.core.AprLifecycleListener.lifecycleEvent 프로덕션 환경들에서 최적의 성능을 제공하는, APR 기반 Apache Tomcat Native 라이브러리가, 다음 java.library.path에서 발견되지 않습니다: [C:\Eclipse Adoptium\jdk-17.0.16.8-hotspot\bin;C:\WINDOWS\Sun\Java\bin;C:\WINDOWS\system32;C:\WINDOWS;C:\Eclipse Adoptium\jdk-17.0.16.8-hotspot\bin;C:\Program Files\MySQL\MySQL Server 8.0\bin;C:\Terraform;C:\WINDOWS\system32;C:\WINDOWS;C:\WINDOWS\System32\Wbem;C:\WINDOWS\System32\WindowsPowerShell\v1.0\;C:\WINDOWS\System32\OpenSSH\;C:\Program Files\nodejs\;C:\Program Files\Amazon\AWSCLIV2\;C:\Program Files\dotnet\;C:\Program Files\Git\cmd;C:\Program Files\Docker\Docker\resources\bin;C:\Eclipse Adoptium\jdk-17.0.16.8-hotspot\bin;C:\Users\wd\AppData\Local\Microsoft\WindowsApps;C:\Program Files\JetBrains\IntelliJ IDEA Community Edition 2024.3.3\bin;;C:\Users\wd\AppData\Roaming\npm;C:\Program Files\JetBrains\IntelliJ IDEA 2025.1.1.1\bin;;C:\Users\wd\AppData\Local\Programs\Microsoft VS Code\bin;;.]
26-Sep-2025 10:50:24.006 정보 [main] org.apache.coyote.AbstractProtocol.init 프로토콜 핸들러 ["http-nio-8080"]을(를) 초기화합니다.
26-Sep-2025 10:50:24.031 정보 [main] org.apache.catalina.startup.Catalina.load [885] 밀리초 내에 서버가 초기화되었습니다.
26-Sep-2025 10:50:24.097 정보 [main] org.apache.catalina.core.StandardService.startInternal 서비스 [Catalina]을(를) 시작합니다.
26-Sep-2025 10:50:24.097 정보 [main] org.apache.catalina.core.StandardEngine.startInternal 서버 엔진을 시작합니다: [Apache Tomcat/9.0.109]
26-Sep-2025 10:50:24.110 정보 [main] org.apache.catalina.startup.HostConfig.deployDescriptor 배치 descriptor [C:\dev\workspace\jsp_webapp\src\main\webapp\conf\Catalina\localhost\ROOT.xml]을(를) 배치합니다.
26-Sep-2025 10:50:25.297 경고 [main] org.apache.catalina.util.SessionIdGeneratorBase.createSecureRandom [SHA1PRNG] 알고리즘을 사용하여, 세션 ID를 생성하기 위한 SecureRandom 객체를 생성하는데, [164] 밀리초가 소요됐습니다.
26-Sep-2025 10:50:25.345 정보 [main] org.apache.catalina.startup.HostConfig.deployDescriptor 배치 descriptor [C:\dev\workspace\jsp_webapp\src\main\webapp\conf\Catalina\localhost\ROOT.xml]의 배치가 [1,235] 밀리초 내에 완료되었습니다.
26-Sep-2025 10:50:25.351 정보 [main] org.apache.coyote.AbstractProtocol.start 프로토콜 핸들러 ["http-nio-8080"]을(를) 시작합니다.
26-Sep-2025 10:50:25.555 정보 [main] org.apache.catalina.startup.Catalina.start 서버가 [1524] 밀리초 내에 시작되었습니다.
26-Sep-2025 10:51:35.868 정보 [Thread-1] org.apache.coyote.AbstractProtocol.pause 프로토콜 핸들러 ["http-nio-8080"]을(를) 일시 정지 중
26-Sep-2025 10:51:36.987 정보 [Thread-1] org.apache.catalina.core.StandardService.stopInternal 서비스 [Catalina]을(를) 중지시킵니다.
26-Sep-2025 10:51:36.996 정보 [Thread-1] org.apache.coyote.AbstractProtocol.stop 프로토콜 핸들러 ["http-nio-8080"]을(를) 중지시킵니다.
26-Sep-2025 10:51:36.999 정보 [Thread-1] org.apache.coyote.AbstractProtocol.destroy 프로토콜 핸들러 ["http-nio-8080"]을(를) 소멸시킵니다.
