29-Sep-2025 11:23:23.472 정보 [main] org.apache.catalina.startup.VersionLoggerListener.log 서버 버전 이름:    Apache Tomcat/9.0.109
29-Sep-2025 11:23:23.479 정보 [main] org.apache.catalina.startup.VersionLoggerListener.log Server 빌드 시각:  Sep 1 2025 12:15:33 UTC
29-Sep-2025 11:23:23.479 정보 [main] org.apache.catalina.startup.VersionLoggerListener.log Server 버전 번호:  9.0.109.0
29-Sep-2025 11:23:23.479 정보 [main] org.apache.catalina.startup.VersionLoggerListener.log 운영체제 이름:     Windows 10
29-Sep-2025 11:23:23.480 정보 [main] org.apache.catalina.startup.VersionLoggerListener.log 운영체제 버전:     10.0
29-Sep-2025 11:23:23.480 정보 [main] org.apache.catalina.startup.VersionLoggerListener.log 아키텍처:          amd64
29-Sep-2025 11:23:23.480 정보 [main] org.apache.catalina.startup.VersionLoggerListener.log 자바 홈:           C:\Eclipse Adoptium\jdk-17.0.16.8-hotspot
29-Sep-2025 11:23:23.480 정보 [main] org.apache.catalina.startup.VersionLoggerListener.log JVM 버전:          17.0.16+8
29-Sep-2025 11:23:23.481 정보 [main] org.apache.catalina.startup.VersionLoggerListener.log JVM 벤더:          Eclipse Adoptium
29-Sep-2025 11:23:23.482 정보 [main] org.apache.catalina.startup.VersionLoggerListener.log CATALINA_BASE:     C:\dev\workspace\jsp_webapp\src\main\webapp
29-Sep-2025 11:23:23.483 정보 [main] org.apache.catalina.startup.VersionLoggerListener.log CATALINA_HOME:     C:\dev\apache-tomcat-9.0.109
29-Sep-2025 11:23:23.493 정보 [main] org.apache.catalina.startup.VersionLoggerListener.log 명령 행 아규먼트:  --add-opens=java.base/java.lang=ALL-UNNAMED
29-Sep-2025 11:23:23.493 정보 [main] org.apache.catalina.startup.VersionLoggerListener.log 명령 행 아규먼트:  --add-opens=java.base/java.io=ALL-UNNAMED
29-Sep-2025 11:23:23.493 정보 [main] org.apache.catalina.startup.VersionLoggerListener.log 명령 행 아규먼트:  --add-opens=java.base/java.util=ALL-UNNAMED
29-Sep-2025 11:23:23.493 정보 [main] org.apache.catalina.startup.VersionLoggerListener.log 명령 행 아규먼트:  --add-opens=java.base/java.util.concurrent=ALL-UNNAMED
29-Sep-2025 11:23:23.493 정보 [main] org.apache.catalina.startup.VersionLoggerListener.log 명령 행 아규먼트:  --add-opens=java.rmi/sun.rmi.transport=ALL-UNNAMED
29-Sep-2025 11:23:23.494 정보 [main] org.apache.catalina.startup.VersionLoggerListener.log 명령 행 아규먼트:  -Dconsole.encoding=UTF-8
29-Sep-2025 11:23:23.494 정보 [main] org.apache.catalina.startup.VersionLoggerListener.log 명령 행 아규먼트:  -Djava.util.logging.config.file=C:\dev\apache-tomcat-9.0.109\conf\logging.properties
29-Sep-2025 11:23:23.495 정보 [main] org.apache.catalina.startup.VersionLoggerListener.log 명령 행 아규먼트:  -Dsun.stdout.encoding=UTF-8
29-Sep-2025 11:23:23.495 정보 [main] org.apache.catalina.startup.VersionLoggerListener.log 명령 행 아규먼트:  -Dsun.stderr.encoding=UTF-8
29-Sep-2025 11:23:23.495 정보 [main] org.apache.catalina.startup.VersionLoggerListener.log 명령 행 아규먼트:  -Dcatalina.home=C:\dev\apache-tomcat-9.0.109
29-Sep-2025 11:23:23.495 정보 [main] org.apache.catalina.startup.VersionLoggerListener.log 명령 행 아규먼트:  -Dcatalina.base=C:\dev\workspace\jsp_webapp\src\main\webapp
29-Sep-2025 11:23:23.495 정보 [main] org.apache.catalina.startup.VersionLoggerListener.log 명령 행 아규먼트:  -Djava.io.tmpdir=C:\dev\workspace\jsp_webapp\src\main\webapp\temp
29-Sep-2025 11:23:23.496 정보 [main] org.apache.catalina.startup.VersionLoggerListener.log 명령 행 아규먼트:  -Djava.util.logging.manager=org.apache.juli.ClassLoaderLogManager
29-Sep-2025 11:23:23.498 정보 [main] org.apache.catalina.startup.VersionLoggerListener.log 명령 행 아규먼트:  -javaagent:C:\Program Files\JetBrains\IntelliJ IDEA 2025.1.1.1\lib\idea_rt.jar=51325
29-Sep-2025 11:23:23.498 정보 [main] org.apache.catalina.startup.VersionLoggerListener.log 명령 행 아규먼트:  -Dfile.encoding=UTF-8
29-Sep-2025 11:23:23.523 정보 [main] org.apache.catalina.core.AprLifecycleListener.lifecycleEvent 프로덕션 환경들에서 최적의 성능을 제공하는, APR 기반 Apache Tomcat Native 라이브러리가, 다음 java.library.path에서 발견되지 않습니다: [C:\Eclipse Adoptium\jdk-17.0.16.8-hotspot\bin;C:\WINDOWS\Sun\Java\bin;C:\WINDOWS\system32;C:\WINDOWS;C:\Eclipse Adoptium\jdk-17.0.16.8-hotspot\bin;C:\Program Files\MySQL\MySQL Server 8.0\bin;C:\Terraform;C:\WINDOWS\system32;C:\WINDOWS;C:\WINDOWS\System32\Wbem;C:\WINDOWS\System32\WindowsPowerShell\v1.0\;C:\WINDOWS\System32\OpenSSH\;C:\Program Files\nodejs\;C:\Program Files\Amazon\AWSCLIV2\;C:\Program Files\dotnet\;C:\Program Files\Git\cmd;C:\Program Files\Docker\Docker\resources\bin;C:\Eclipse Adoptium\jdk-17.0.16.8-hotspot\bin;C:\Users\wd\AppData\Local\Microsoft\WindowsApps;C:\Program Files\JetBrains\IntelliJ IDEA Community Edition 2024.3.3\bin;;C:\Users\wd\AppData\Roaming\npm;C:\Program Files\JetBrains\IntelliJ IDEA 2025.1.1.1\bin;;C:\Users\wd\AppData\Local\Programs\Microsoft VS Code\bin;;.]
29-Sep-2025 11:23:24.086 정보 [main] org.apache.coyote.AbstractProtocol.init 프로토콜 핸들러 ["http-nio-8080"]을(를) 초기화합니다.
29-Sep-2025 11:23:24.115 정보 [main] org.apache.catalina.startup.Catalina.load [1090] 밀리초 내에 서버가 초기화되었습니다.
29-Sep-2025 11:23:24.221 정보 [main] org.apache.catalina.core.StandardService.startInternal 서비스 [Catalina]을(를) 시작합니다.
29-Sep-2025 11:23:24.221 정보 [main] org.apache.catalina.core.StandardEngine.startInternal 서버 엔진을 시작합니다: [Apache Tomcat/9.0.109]
29-Sep-2025 11:23:24.238 정보 [main] org.apache.catalina.startup.HostConfig.deployDescriptor 배치 descriptor [C:\dev\workspace\jsp_webapp\src\main\webapp\conf\Catalina\localhost\ROOT.xml]을(를) 배치합니다.
29-Sep-2025 11:23:26.552 정보 [main] org.apache.jasper.servlet.TldScanner.scanJars 적어도 하나의 JAR가 TLD들을 찾기 위해 스캔되었으나 아무 것도 찾지 못했습니다. 스캔했으나 TLD가 없는 JAR들의 전체 목록을 보시려면, 로그 레벨을 디버그 레벨로 설정하십시오. 스캔 과정에서 불필요한 JAR들을 건너뛰면, 시스템 시작 시간과 JSP 컴파일 시간을 단축시킬 수 있습니다.
29-Sep-2025 11:23:26.813 경고 [main] org.apache.catalina.util.SessionIdGeneratorBase.createSecureRandom [SHA1PRNG] 알고리즘을 사용하여, 세션 ID를 생성하기 위한 SecureRandom 객체를 생성하는데, [164] 밀리초가 소요됐습니다.
29-Sep-2025 11:23:26.842 정보 [main] org.apache.catalina.startup.HostConfig.deployDescriptor 배치 descriptor [C:\dev\workspace\jsp_webapp\src\main\webapp\conf\Catalina\localhost\ROOT.xml]의 배치가 [2,603] 밀리초 내에 완료되었습니다.
29-Sep-2025 11:23:26.849 정보 [main] org.apache.coyote.AbstractProtocol.start 프로토콜 핸들러 ["http-nio-8080"]을(를) 시작합니다.
29-Sep-2025 11:23:27.018 정보 [main] org.apache.catalina.startup.Catalina.start 서버가 [2902] 밀리초 내에 시작되었습니다.
29-Sep-2025 13:42:37.062 정보 [Thread-1] org.apache.coyote.AbstractProtocol.pause 프로토콜 핸들러 ["http-nio-8080"]을(를) 일시 정지 중
29-Sep-2025 13:42:41.597 정보 [main] org.apache.catalina.startup.VersionLoggerListener.log 서버 버전 이름:    Apache Tomcat/9.0.109
29-Sep-2025 13:42:41.606 정보 [main] org.apache.catalina.startup.VersionLoggerListener.log Server 빌드 시각:  Sep 1 2025 12:15:33 UTC
29-Sep-2025 13:42:41.606 정보 [main] org.apache.catalina.startup.VersionLoggerListener.log Server 버전 번호:  9.0.109.0
29-Sep-2025 13:42:41.606 정보 [main] org.apache.catalina.startup.VersionLoggerListener.log 운영체제 이름:     Windows 10
29-Sep-2025 13:42:41.607 정보 [main] org.apache.catalina.startup.VersionLoggerListener.log 운영체제 버전:     10.0
29-Sep-2025 13:42:41.607 정보 [main] org.apache.catalina.startup.VersionLoggerListener.log 아키텍처:          amd64
29-Sep-2025 13:42:41.607 정보 [main] org.apache.catalina.startup.VersionLoggerListener.log 자바 홈:           C:\Eclipse Adoptium\jdk-17.0.16.8-hotspot
29-Sep-2025 13:42:41.607 정보 [main] org.apache.catalina.startup.VersionLoggerListener.log JVM 버전:          17.0.16+8
29-Sep-2025 13:42:41.607 정보 [main] org.apache.catalina.startup.VersionLoggerListener.log JVM 벤더:          Eclipse Adoptium
29-Sep-2025 13:42:41.607 정보 [main] org.apache.catalina.startup.VersionLoggerListener.log CATALINA_BASE:     C:\dev\workspace\jsp_webapp\src\main\webapp
29-Sep-2025 13:42:41.608 정보 [main] org.apache.catalina.startup.VersionLoggerListener.log CATALINA_HOME:     C:\dev\apache-tomcat-9.0.109
29-Sep-2025 13:42:41.617 정보 [main] org.apache.catalina.startup.VersionLoggerListener.log 명령 행 아규먼트:  --add-opens=java.base/java.lang=ALL-UNNAMED
29-Sep-2025 13:42:41.618 정보 [main] org.apache.catalina.startup.VersionLoggerListener.log 명령 행 아규먼트:  --add-opens=java.base/java.io=ALL-UNNAMED
29-Sep-2025 13:42:41.618 정보 [main] org.apache.catalina.startup.VersionLoggerListener.log 명령 행 아규먼트:  --add-opens=java.base/java.util=ALL-UNNAMED
29-Sep-2025 13:42:41.618 정보 [main] org.apache.catalina.startup.VersionLoggerListener.log 명령 행 아규먼트:  --add-opens=java.base/java.util.concurrent=ALL-UNNAMED
29-Sep-2025 13:42:41.619 정보 [main] org.apache.catalina.startup.VersionLoggerListener.log 명령 행 아규먼트:  --add-opens=java.rmi/sun.rmi.transport=ALL-UNNAMED
29-Sep-2025 13:42:41.620 정보 [main] org.apache.catalina.startup.VersionLoggerListener.log 명령 행 아규먼트:  -Dconsole.encoding=UTF-8
29-Sep-2025 13:42:41.620 정보 [main] org.apache.catalina.startup.VersionLoggerListener.log 명령 행 아규먼트:  -Djava.util.logging.config.file=C:\dev\apache-tomcat-9.0.109\conf\logging.properties
29-Sep-2025 13:42:41.620 정보 [main] org.apache.catalina.startup.VersionLoggerListener.log 명령 행 아규먼트:  -Dsun.stdout.encoding=UTF-8
29-Sep-2025 13:42:41.620 정보 [main] org.apache.catalina.startup.VersionLoggerListener.log 명령 행 아규먼트:  -Dsun.stderr.encoding=UTF-8
29-Sep-2025 13:42:41.621 정보 [main] org.apache.catalina.startup.VersionLoggerListener.log 명령 행 아규먼트:  -Dcatalina.home=C:\dev\apache-tomcat-9.0.109
29-Sep-2025 13:42:41.622 정보 [main] org.apache.catalina.startup.VersionLoggerListener.log 명령 행 아규먼트:  -Dcatalina.base=C:\dev\workspace\jsp_webapp\src\main\webapp
29-Sep-2025 13:42:41.622 정보 [main] org.apache.catalina.startup.VersionLoggerListener.log 명령 행 아규먼트:  -Djava.io.tmpdir=C:\dev\workspace\jsp_webapp\src\main\webapp\temp
29-Sep-2025 13:42:41.622 정보 [main] org.apache.catalina.startup.VersionLoggerListener.log 명령 행 아규먼트:  -Djava.util.logging.manager=org.apache.juli.ClassLoaderLogManager
29-Sep-2025 13:42:41.622 정보 [main] org.apache.catalina.startup.VersionLoggerListener.log 명령 행 아규먼트:  -javaagent:C:\Program Files\JetBrains\IntelliJ IDEA 2025.1.1.1\lib\idea_rt.jar=52070
29-Sep-2025 13:42:41.623 정보 [main] org.apache.catalina.startup.VersionLoggerListener.log 명령 행 아규먼트:  -Dfile.encoding=UTF-8
29-Sep-2025 13:42:41.644 정보 [main] org.apache.catalina.core.AprLifecycleListener.lifecycleEvent 프로덕션 환경들에서 최적의 성능을 제공하는, APR 기반 Apache Tomcat Native 라이브러리가, 다음 java.library.path에서 발견되지 않습니다: [C:\Eclipse Adoptium\jdk-17.0.16.8-hotspot\bin;C:\WINDOWS\Sun\Java\bin;C:\WINDOWS\system32;C:\WINDOWS;C:\Eclipse Adoptium\jdk-17.0.16.8-hotspot\bin;C:\Program Files\MySQL\MySQL Server 8.0\bin;C:\Terraform;C:\WINDOWS\system32;C:\WINDOWS;C:\WINDOWS\System32\Wbem;C:\WINDOWS\System32\WindowsPowerShell\v1.0\;C:\WINDOWS\System32\OpenSSH\;C:\Program Files\nodejs\;C:\Program Files\Amazon\AWSCLIV2\;C:\Program Files\dotnet\;C:\Program Files\Git\cmd;C:\Program Files\Docker\Docker\resources\bin;C:\Eclipse Adoptium\jdk-17.0.16.8-hotspot\bin;C:\Users\wd\AppData\Local\Microsoft\WindowsApps;C:\Program Files\JetBrains\IntelliJ IDEA Community Edition 2024.3.3\bin;;C:\Users\wd\AppData\Roaming\npm;C:\Program Files\JetBrains\IntelliJ IDEA 2025.1.1.1\bin;;C:\Users\wd\AppData\Local\Programs\Microsoft VS Code\bin;;.]
29-Sep-2025 13:42:42.312 정보 [main] org.apache.coyote.AbstractProtocol.init 프로토콜 핸들러 ["http-nio-8080"]을(를) 초기화합니다.
29-Sep-2025 13:42:42.383 정보 [main] org.apache.catalina.startup.Catalina.load [1210] 밀리초 내에 서버가 초기화되었습니다.
29-Sep-2025 13:42:42.543 정보 [main] org.apache.catalina.core.StandardService.startInternal 서비스 [Catalina]을(를) 시작합니다.
29-Sep-2025 13:42:42.543 정보 [main] org.apache.catalina.core.StandardEngine.startInternal 서버 엔진을 시작합니다: [Apache Tomcat/9.0.109]
29-Sep-2025 13:42:42.563 정보 [main] org.apache.catalina.startup.HostConfig.deployDescriptor 배치 descriptor [C:\dev\workspace\jsp_webapp\src\main\webapp\conf\Catalina\localhost\ROOT.xml]을(를) 배치합니다.
29-Sep-2025 13:42:44.985 정보 [main] org.apache.jasper.servlet.TldScanner.scanJars 적어도 하나의 JAR가 TLD들을 찾기 위해 스캔되었으나 아무 것도 찾지 못했습니다. 스캔했으나 TLD가 없는 JAR들의 전체 목록을 보시려면, 로그 레벨을 디버그 레벨로 설정하십시오. 스캔 과정에서 불필요한 JAR들을 건너뛰면, 시스템 시작 시간과 JSP 컴파일 시간을 단축시킬 수 있습니다.
29-Sep-2025 13:42:45.283 경고 [main] org.apache.catalina.util.SessionIdGeneratorBase.createSecureRandom [SHA1PRNG] 알고리즘을 사용하여, 세션 ID를 생성하기 위한 SecureRandom 객체를 생성하는데, [174] 밀리초가 소요됐습니다.
29-Sep-2025 13:42:45.313 정보 [main] org.apache.catalina.startup.HostConfig.deployDescriptor 배치 descriptor [C:\dev\workspace\jsp_webapp\src\main\webapp\conf\Catalina\localhost\ROOT.xml]의 배치가 [2,750] 밀리초 내에 완료되었습니다.
29-Sep-2025 13:42:45.320 정보 [main] org.apache.coyote.AbstractProtocol.start 프로토콜 핸들러 ["http-nio-8080"]을(를) 시작합니다.
29-Sep-2025 13:42:45.513 정보 [main] org.apache.catalina.startup.Catalina.start 서버가 [3129] 밀리초 내에 시작되었습니다.
29-Sep-2025 13:43:38.356 정보 [Thread-1] org.apache.coyote.AbstractProtocol.pause 프로토콜 핸들러 ["http-nio-8080"]을(를) 일시 정지 중
29-Sep-2025 13:43:39.471 정보 [Thread-1] org.apache.catalina.core.StandardService.stopInternal 서비스 [Catalina]을(를) 중지시킵니다.
29-Sep-2025 13:43:39.485 경고 [Thread-1] org.apache.catalina.loader.WebappClassLoaderBase.clearReferencesJdbc 웹 애플리케이션 [ROOT]이(가) JDBC 드라이버 [com.mysql.cj.jdbc.Driver]을(를) 등록했지만, 웹 애플리케이션이 중지될 때, 해당 JDBC 드라이버의 등록을 제거하지 못했습니다. 메모리 누수를 방지하기 위하여, 등록을 강제로 제거했습니다.
29-Sep-2025 13:43:39.486 경고 [Thread-1] org.apache.catalina.loader.WebappClassLoaderBase.clearReferencesThreads 웹 애플리케이션 [ROOT]이(가) [mysql-cj-abandoned-connection-cleanup](이)라는 이름의 쓰레드를 시작시킨 것으로 보이지만, 해당 쓰레드를 중지시키지 못했습니다. 이는 메모리 누수를 유발할 가능성이 큽니다. 해당 쓰레드의 스택 트레이스:
 java.base@17.0.16/java.lang.Object.wait(Native Method)
 java.base@17.0.16/java.lang.ref.ReferenceQueue.remove(ReferenceQueue.java:155)
 com.mysql.cj.jdbc.AbandonedConnectionCleanupThread.run(AbandonedConnectionCleanupThread.java:84)
 java.base@17.0.16/java.util.concurrent.ThreadPoolExecutor.runWorker(ThreadPoolExecutor.java:1136)
 java.base@17.0.16/java.util.concurrent.ThreadPoolExecutor$Worker.run(ThreadPoolExecutor.java:635)
 java.base@17.0.16/java.lang.Thread.run(Thread.java:840)
29-Sep-2025 13:43:39.491 정보 [Thread-1] org.apache.coyote.AbstractProtocol.stop 프로토콜 핸들러 ["http-nio-8080"]을(를) 중지시킵니다.
29-Sep-2025 13:43:39.496 정보 [Thread-1] org.apache.coyote.AbstractProtocol.destroy 프로토콜 핸들러 ["http-nio-8080"]을(를) 소멸시킵니다.
