23-Sep-2025 16:19:44.555 정보 [main] org.apache.catalina.startup.VersionLoggerListener.log 서버 버전 이름:    Apache Tomcat/9.0.109
23-Sep-2025 16:19:44.564 정보 [main] org.apache.catalina.startup.VersionLoggerListener.log Server 빌드 시각:  Sep 1 2025 12:15:33 UTC
23-Sep-2025 16:19:44.564 정보 [main] org.apache.catalina.startup.VersionLoggerListener.log Server 버전 번호:  9.0.109.0
23-Sep-2025 16:19:44.564 정보 [main] org.apache.catalina.startup.VersionLoggerListener.log 운영체제 이름:     Windows 10
23-Sep-2025 16:19:44.564 정보 [main] org.apache.catalina.startup.VersionLoggerListener.log 운영체제 버전:     10.0
23-Sep-2025 16:19:44.564 정보 [main] org.apache.catalina.startup.VersionLoggerListener.log 아키텍처:          amd64
23-Sep-2025 16:19:44.566 정보 [main] org.apache.catalina.startup.VersionLoggerListener.log 자바 홈:           C:\Users\wd\.jdks\ms-17.0.16
23-Sep-2025 16:19:44.566 정보 [main] org.apache.catalina.startup.VersionLoggerListener.log JVM 버전:          17.0.16+8-LTS
23-Sep-2025 16:19:44.567 정보 [main] org.apache.catalina.startup.VersionLoggerListener.log JVM 벤더:          Microsoft
23-Sep-2025 16:19:44.567 정보 [main] org.apache.catalina.startup.VersionLoggerListener.log CATALINA_BASE:     C:\dev\workspace\jsp_webapp\src\main\webapp
23-Sep-2025 16:19:44.567 정보 [main] org.apache.catalina.startup.VersionLoggerListener.log CATALINA_HOME:     C:\dev\apache-tomcat-9.0.109
23-Sep-2025 16:19:44.586 정보 [main] org.apache.catalina.startup.VersionLoggerListener.log 명령 행 아규먼트:  --add-opens=java.base/java.lang=ALL-UNNAMED
23-Sep-2025 16:19:44.587 정보 [main] org.apache.catalina.startup.VersionLoggerListener.log 명령 행 아규먼트:  --add-opens=java.base/java.io=ALL-UNNAMED
23-Sep-2025 16:19:44.587 정보 [main] org.apache.catalina.startup.VersionLoggerListener.log 명령 행 아규먼트:  --add-opens=java.base/java.util=ALL-UNNAMED
23-Sep-2025 16:19:44.588 정보 [main] org.apache.catalina.startup.VersionLoggerListener.log 명령 행 아규먼트:  --add-opens=java.base/java.util.concurrent=ALL-UNNAMED
23-Sep-2025 16:19:44.588 정보 [main] org.apache.catalina.startup.VersionLoggerListener.log 명령 행 아규먼트:  --add-opens=java.rmi/sun.rmi.transport=ALL-UNNAMED
23-Sep-2025 16:19:44.588 정보 [main] org.apache.catalina.startup.VersionLoggerListener.log 명령 행 아규먼트:  -Dcatalina.home=C:\dev\apache-tomcat-9.0.109
23-Sep-2025 16:19:44.589 정보 [main] org.apache.catalina.startup.VersionLoggerListener.log 명령 행 아규먼트:  -Dcatalina.base=C:\dev\workspace\jsp_webapp\src\main\webapp
23-Sep-2025 16:19:44.590 정보 [main] org.apache.catalina.startup.VersionLoggerListener.log 명령 행 아규먼트:  -Djava.io.tmpdir=C:\dev\workspace\jsp_webapp\src\main\webapp\temp
23-Sep-2025 16:19:44.592 정보 [main] org.apache.catalina.startup.VersionLoggerListener.log 명령 행 아규먼트:  -Djava.util.logging.config.file=C:\dev\workspace\jsp_webapp\src\main\webapp\conf\logging.properties
23-Sep-2025 16:19:44.593 정보 [main] org.apache.catalina.startup.VersionLoggerListener.log 명령 행 아규먼트:  -Djava.util.logging.manager=org.apache.juli.ClassLoaderLogManager
23-Sep-2025 16:19:44.593 정보 [main] org.apache.catalina.startup.VersionLoggerListener.log 명령 행 아규먼트:  -javaagent:C:\Program Files\JetBrains\IntelliJ IDEA Community Edition 2024.3.3\lib\idea_rt.jar=62796:C:\Program Files\JetBrains\IntelliJ IDEA Community Edition 2024.3.3\bin
23-Sep-2025 16:19:44.594 정보 [main] org.apache.catalina.startup.VersionLoggerListener.log 명령 행 아규먼트:  -Dfile.encoding=UTF-8
23-Sep-2025 16:19:44.616 정보 [main] org.apache.catalina.core.AprLifecycleListener.lifecycleEvent 프로덕션 환경들에서 최적의 성능을 제공하는, APR 기반 Apache Tomcat Native 라이브러리가, 다음 java.library.path에서 발견되지 않습니다: [C:\Users\wd\.jdks\ms-17.0.16\bin;C:\WINDOWS\Sun\Java\bin;C:\WINDOWS\system32;C:\WINDOWS;C:\Program Files\Eclipse Adoptium\jdk-17.0.14.7-hotspot\bin;C:\Program Files\MySQL\MySQL Server 8.0\bin;C:\Terraform;C:\WINDOWS\system32;C:\WINDOWS;C:\WINDOWS\System32\Wbem;C:\WINDOWS\System32\WindowsPowerShell\v1.0\;C:\WINDOWS\System32\OpenSSH\;C:\Program Files\nodejs\;C:\Program Files\Amazon\AWSCLIV2\;C:\Program Files\dotnet\;C:\Program Files\Git\cmd;C:\Program Files\Docker\Docker\resources\bin;C:\Eclipse Adoptium\jdk-17.0.16.8-hotspot\bin;C:\Users\wd\AppData\Local\Microsoft\WindowsApps;C:\Program Files\JetBrains\IntelliJ IDEA Community Edition 2024.3.3\bin;;C:\Users\wd\AppData\Roaming\npm;C:\Program Files\JetBrains\IntelliJ IDEA 2025.1.1.1\bin;;C:\Users\wd\AppData\Local\Programs\Microsoft VS Code\bin;;.]
23-Sep-2025 16:19:45.079 정보 [main] org.apache.coyote.AbstractProtocol.init 프로토콜 핸들러 ["http-nio-8080"]을(를) 초기화합니다.
23-Sep-2025 16:19:45.113 정보 [main] org.apache.catalina.startup.Catalina.load [958] 밀리초 내에 서버가 초기화되었습니다.
23-Sep-2025 16:19:45.208 정보 [main] org.apache.catalina.core.StandardService.startInternal 서비스 [Catalina]을(를) 시작합니다.
23-Sep-2025 16:19:45.208 정보 [main] org.apache.catalina.core.StandardEngine.startInternal 서버 엔진을 시작합니다: [Apache Tomcat/9.0.109]
23-Sep-2025 16:19:45.269 정보 [main] org.apache.catalina.startup.HostConfig.deployDescriptor 배치 descriptor [C:\dev\workspace\jsp_webapp\src\main\webapp\conf\Catalina\localhost\ROOT.xml]을(를) 배치합니다.
23-Sep-2025 16:19:46.434 경고 [main] org.apache.catalina.util.SessionIdGeneratorBase.createSecureRandom [SHA1PRNG] 알고리즘을 사용하여, 세션 ID를 생성하기 위한 SecureRandom 객체를 생성하는데, [160] 밀리초가 소요됐습니다.
23-Sep-2025 16:19:46.460 정보 [main] org.apache.catalina.startup.HostConfig.deployDescriptor 배치 descriptor [C:\dev\workspace\jsp_webapp\src\main\webapp\conf\Catalina\localhost\ROOT.xml]의 배치가 [1,191] 밀리초 내에 완료되었습니다.
23-Sep-2025 16:19:46.466 정보 [main] org.apache.coyote.AbstractProtocol.start 프로토콜 핸들러 ["http-nio-8080"]을(를) 시작합니다.
23-Sep-2025 16:19:46.643 정보 [main] org.apache.catalina.startup.Catalina.start 서버가 [1530] 밀리초 내에 시작되었습니다.
23-Sep-2025 16:39:47.383 정보 [main] org.apache.catalina.startup.VersionLoggerListener.log 서버 버전 이름:    Apache Tomcat/9.0.109
23-Sep-2025 16:39:47.390 정보 [main] org.apache.catalina.startup.VersionLoggerListener.log Server 빌드 시각:  Sep 1 2025 12:15:33 UTC
23-Sep-2025 16:39:47.390 정보 [main] org.apache.catalina.startup.VersionLoggerListener.log Server 버전 번호:  9.0.109.0
23-Sep-2025 16:39:47.391 정보 [main] org.apache.catalina.startup.VersionLoggerListener.log 운영체제 이름:     Windows 10
23-Sep-2025 16:39:47.392 정보 [main] org.apache.catalina.startup.VersionLoggerListener.log 운영체제 버전:     10.0
23-Sep-2025 16:39:47.392 정보 [main] org.apache.catalina.startup.VersionLoggerListener.log 아키텍처:          amd64
23-Sep-2025 16:39:47.393 정보 [main] org.apache.catalina.startup.VersionLoggerListener.log 자바 홈:           C:\Users\wd\.jdks\ms-17.0.16
23-Sep-2025 16:39:47.394 정보 [main] org.apache.catalina.startup.VersionLoggerListener.log JVM 버전:          17.0.16+8-LTS
23-Sep-2025 16:39:47.394 정보 [main] org.apache.catalina.startup.VersionLoggerListener.log JVM 벤더:          Microsoft
23-Sep-2025 16:39:47.394 정보 [main] org.apache.catalina.startup.VersionLoggerListener.log CATALINA_BASE:     C:\dev\workspace\jsp_webapp\src\main\webapp
23-Sep-2025 16:39:47.394 정보 [main] org.apache.catalina.startup.VersionLoggerListener.log CATALINA_HOME:     C:\dev\apache-tomcat-9.0.109
23-Sep-2025 16:39:47.408 정보 [main] org.apache.catalina.startup.VersionLoggerListener.log 명령 행 아규먼트:  --add-opens=java.base/java.lang=ALL-UNNAMED
23-Sep-2025 16:39:47.409 정보 [main] org.apache.catalina.startup.VersionLoggerListener.log 명령 행 아규먼트:  --add-opens=java.base/java.io=ALL-UNNAMED
23-Sep-2025 16:39:47.409 정보 [main] org.apache.catalina.startup.VersionLoggerListener.log 명령 행 아규먼트:  --add-opens=java.base/java.util=ALL-UNNAMED
23-Sep-2025 16:39:47.409 정보 [main] org.apache.catalina.startup.VersionLoggerListener.log 명령 행 아규먼트:  --add-opens=java.base/java.util.concurrent=ALL-UNNAMED
23-Sep-2025 16:39:47.409 정보 [main] org.apache.catalina.startup.VersionLoggerListener.log 명령 행 아규먼트:  --add-opens=java.rmi/sun.rmi.transport=ALL-UNNAMED
23-Sep-2025 16:39:47.409 정보 [main] org.apache.catalina.startup.VersionLoggerListener.log 명령 행 아규먼트:  -Dcatalina.home=C:\dev\apache-tomcat-9.0.109
23-Sep-2025 16:39:47.411 정보 [main] org.apache.catalina.startup.VersionLoggerListener.log 명령 행 아규먼트:  -Dcatalina.base=C:\dev\workspace\jsp_webapp\src\main\webapp
23-Sep-2025 16:39:47.411 정보 [main] org.apache.catalina.startup.VersionLoggerListener.log 명령 행 아규먼트:  -Djava.io.tmpdir=C:\dev\workspace\jsp_webapp\src\main\webapp\temp
23-Sep-2025 16:39:47.411 정보 [main] org.apache.catalina.startup.VersionLoggerListener.log 명령 행 아규먼트:  -Djava.util.logging.config.file=C:\dev\workspace\jsp_webapp\src\main\webapp\conf\logging.properties
23-Sep-2025 16:39:47.412 정보 [main] org.apache.catalina.startup.VersionLoggerListener.log 명령 행 아규먼트:  -Djava.util.logging.manager=org.apache.juli.ClassLoaderLogManager
23-Sep-2025 16:39:47.412 정보 [main] org.apache.catalina.startup.VersionLoggerListener.log 명령 행 아규먼트:  -javaagent:C:\Program Files\JetBrains\IntelliJ IDEA Community Edition 2024.3.3\lib\idea_rt.jar=64385:C:\Program Files\JetBrains\IntelliJ IDEA Community Edition 2024.3.3\bin
23-Sep-2025 16:39:47.413 정보 [main] org.apache.catalina.startup.VersionLoggerListener.log 명령 행 아규먼트:  -Dfile.encoding=UTF-8
23-Sep-2025 16:39:47.434 정보 [main] org.apache.catalina.core.AprLifecycleListener.lifecycleEvent 프로덕션 환경들에서 최적의 성능을 제공하는, APR 기반 Apache Tomcat Native 라이브러리가, 다음 java.library.path에서 발견되지 않습니다: [C:\Users\wd\.jdks\ms-17.0.16\bin;C:\WINDOWS\Sun\Java\bin;C:\WINDOWS\system32;C:\WINDOWS;C:\Program Files\Eclipse Adoptium\jdk-17.0.14.7-hotspot\bin;C:\Program Files\MySQL\MySQL Server 8.0\bin;C:\Terraform;C:\WINDOWS\system32;C:\WINDOWS;C:\WINDOWS\System32\Wbem;C:\WINDOWS\System32\WindowsPowerShell\v1.0\;C:\WINDOWS\System32\OpenSSH\;C:\Program Files\nodejs\;C:\Program Files\Amazon\AWSCLIV2\;C:\Program Files\dotnet\;C:\Program Files\Git\cmd;C:\Program Files\Docker\Docker\resources\bin;C:\Eclipse Adoptium\jdk-17.0.16.8-hotspot\bin;C:\Users\wd\AppData\Local\Microsoft\WindowsApps;C:\Program Files\JetBrains\IntelliJ IDEA Community Edition 2024.3.3\bin;;C:\Users\wd\AppData\Roaming\npm;C:\Program Files\JetBrains\IntelliJ IDEA 2025.1.1.1\bin;;C:\Users\wd\AppData\Local\Programs\Microsoft VS Code\bin;;.]
23-Sep-2025 16:39:47.893 정보 [main] org.apache.coyote.AbstractProtocol.init 프로토콜 핸들러 ["http-nio-8080"]을(를) 초기화합니다.
23-Sep-2025 16:39:47.935 심각 [main] org.apache.catalina.util.LifecycleBase.handleSubClassException 구성요소 [Connector["http-nio-8080"]]을(를) 초기화하지 못했습니다.
	org.apache.catalina.LifecycleException: 프로토콜 핸들러 초기화가 실패했습니다.
		at org.apache.catalina.connector.Connector.initInternal(Connector.java:1072)
		at org.apache.catalina.util.LifecycleBase.init(LifecycleBase.java:122)
		at org.apache.catalina.core.StandardService.initInternal(StandardService.java:522)
		at org.apache.catalina.util.LifecycleBase.init(LifecycleBase.java:122)
		at org.apache.catalina.core.StandardServer.initInternal(StandardServer.java:986)
		at org.apache.catalina.util.LifecycleBase.init(LifecycleBase.java:122)
		at org.apache.catalina.startup.Catalina.load(Catalina.java:690)
		at org.apache.catalina.startup.Catalina.load(Catalina.java:713)
		at java.base/jdk.internal.reflect.NativeMethodAccessorImpl.invoke0(Native Method)
		at java.base/jdk.internal.reflect.NativeMethodAccessorImpl.invoke(NativeMethodAccessorImpl.java:77)
		at java.base/jdk.internal.reflect.DelegatingMethodAccessorImpl.invoke(DelegatingMethodAccessorImpl.java:43)
		at java.base/java.lang.reflect.Method.invoke(Method.java:569)
		at org.apache.catalina.startup.Bootstrap.load(Bootstrap.java:302)
		at org.apache.catalina.startup.Bootstrap.main(Bootstrap.java:475)
	Caused by: java.net.BindException: Address already in use: bind
		at java.base/sun.nio.ch.Net.bind0(Native Method)
		at java.base/sun.nio.ch.Net.bind(Net.java:555)
		at java.base/sun.nio.ch.ServerSocketChannelImpl.netBind(ServerSocketChannelImpl.java:337)
		at java.base/sun.nio.ch.ServerSocketChannelImpl.bind(ServerSocketChannelImpl.java:294)
		at org.apache.tomcat.util.net.NioEndpoint.initServerSocket(NioEndpoint.java:298)
		at org.apache.tomcat.util.net.NioEndpoint.bind(NioEndpoint.java:253)
		at org.apache.tomcat.util.net.AbstractEndpoint.bindWithCleanup(AbstractEndpoint.java:1467)
		at org.apache.tomcat.util.net.AbstractEndpoint.init(AbstractEndpoint.java:1480)
		at org.apache.coyote.AbstractProtocol.init(AbstractProtocol.java:663)
		at org.apache.coyote.http11.AbstractHttp11Protocol.init(AbstractHttp11Protocol.java:80)
		at org.apache.catalina.connector.Connector.initInternal(Connector.java:1070)
		... 13 more
23-Sep-2025 16:39:47.939 정보 [main] org.apache.catalina.startup.Catalina.load [936] 밀리초 내에 서버가 초기화되었습니다.
23-Sep-2025 16:39:48.054 정보 [main] org.apache.catalina.core.StandardService.startInternal 서비스 [Catalina]을(를) 시작합니다.
23-Sep-2025 16:39:48.055 정보 [main] org.apache.catalina.core.StandardEngine.startInternal 서버 엔진을 시작합니다: [Apache Tomcat/9.0.109]
23-Sep-2025 16:39:48.070 정보 [Catalina-utility-1] org.apache.catalina.startup.HostConfig.undeploy 컨텍스트 []의 배치를 제거합니다.
23-Sep-2025 16:39:48.076 정보 [main] org.apache.catalina.startup.HostConfig.deployDescriptor 배치 descriptor [C:\dev\workspace\jsp_webapp\src\main\webapp\conf\Catalina\localhost\ROOT.xml]을(를) 배치합니다.
23-Sep-2025 16:39:48.953 정보 [Catalina-utility-1] org.apache.catalina.startup.HostConfig.deployDescriptor 배치 descriptor [C:\dev\workspace\jsp_webapp\src\main\webapp\conf\Catalina\localhost\ROOT.xml]을(를) 배치합니다.
23-Sep-2025 16:39:49.140 경고 [main] org.apache.catalina.util.SessionIdGeneratorBase.createSecureRandom [SHA1PRNG] 알고리즘을 사용하여, 세션 ID를 생성하기 위한 SecureRandom 객체를 생성하는데, [206] 밀리초가 소요됐습니다.
23-Sep-2025 16:39:49.149 정보 [Catalina-utility-1] org.apache.catalina.startup.HostConfig.deployDescriptor 배치 descriptor [C:\dev\workspace\jsp_webapp\src\main\webapp\conf\Catalina\localhost\ROOT.xml]의 배치가 [195] 밀리초 내에 완료되었습니다.
23-Sep-2025 16:39:49.177 정보 [main] org.apache.catalina.startup.HostConfig.deployDescriptor 배치 descriptor [C:\dev\workspace\jsp_webapp\src\main\webapp\conf\Catalina\localhost\ROOT.xml]의 배치가 [1,101] 밀리초 내에 완료되었습니다.
23-Sep-2025 16:39:49.190 정보 [main] org.apache.catalina.startup.Catalina.start 서버가 [1250] 밀리초 내에 시작되었습니다.
23-Sep-2025 16:39:49.206 심각 [main] org.apache.catalina.core.StandardServer.await 주소 [localhost]와(과) 포트 [8005]에, 서버 셧다운 소켓을 생성하지 못했습니다. (base 포트 [8005], offset [0])
	java.net.BindException: Address already in use: bind
		at java.base/sun.nio.ch.Net.bind0(Native Method)
		at java.base/sun.nio.ch.Net.bind(Net.java:555)
		at java.base/sun.nio.ch.Net.bind(Net.java:544)
		at java.base/sun.nio.ch.NioSocketImpl.bind(NioSocketImpl.java:648)
		at java.base/java.net.ServerSocket.bind(ServerSocket.java:388)
		at java.base/java.net.ServerSocket.<init>(ServerSocket.java:274)
		at org.apache.catalina.core.StandardServer.await(StandardServer.java:537)
		at org.apache.catalina.startup.Catalina.await(Catalina.java:829)
		at org.apache.catalina.startup.Catalina.start(Catalina.java:777)
		at java.base/jdk.internal.reflect.NativeMethodAccessorImpl.invoke0(Native Method)
		at java.base/jdk.internal.reflect.NativeMethodAccessorImpl.invoke(NativeMethodAccessorImpl.java:77)
		at java.base/jdk.internal.reflect.DelegatingMethodAccessorImpl.invoke(DelegatingMethodAccessorImpl.java:43)
		at java.base/java.lang.reflect.Method.invoke(Method.java:569)
		at org.apache.catalina.startup.Bootstrap.start(Bootstrap.java:345)
		at org.apache.catalina.startup.Bootstrap.main(Bootstrap.java:476)
23-Sep-2025 16:39:49.207 정보 [main] org.apache.coyote.AbstractProtocol.pause 프로토콜 핸들러 ["http-nio-8080"]을(를) 일시 정지 중
23-Sep-2025 16:39:49.208 정보 [main] org.apache.catalina.core.StandardService.stopInternal 서비스 [Catalina]을(를) 중지시킵니다.
23-Sep-2025 16:39:49.219 정보 [main] org.apache.coyote.AbstractProtocol.stop 프로토콜 핸들러 ["http-nio-8080"]을(를) 중지시킵니다.
23-Sep-2025 16:39:49.220 정보 [main] org.apache.coyote.AbstractProtocol.destroy 프로토콜 핸들러 ["http-nio-8080"]을(를) 소멸시킵니다.
23-Sep-2025 16:40:00.274 정보 [Thread-1] org.apache.coyote.AbstractProtocol.pause 프로토콜 핸들러 ["http-nio-8080"]을(를) 일시 정지 중
23-Sep-2025 16:40:01.570 정보 [Thread-1] org.apache.catalina.core.StandardService.stopInternal 서비스 [Catalina]을(를) 중지시킵니다.
23-Sep-2025 16:40:01.576 정보 [Thread-1] org.apache.coyote.AbstractProtocol.stop 프로토콜 핸들러 ["http-nio-8080"]을(를) 중지시킵니다.
23-Sep-2025 16:40:01.580 정보 [Thread-1] org.apache.coyote.AbstractProtocol.destroy 프로토콜 핸들러 ["http-nio-8080"]을(를) 소멸시킵니다.
23-Sep-2025 16:40:18.341 정보 [main] org.apache.catalina.startup.VersionLoggerListener.log 서버 버전 이름:    Apache Tomcat/9.0.109
23-Sep-2025 16:40:18.348 정보 [main] org.apache.catalina.startup.VersionLoggerListener.log Server 빌드 시각:  Sep 1 2025 12:15:33 UTC
23-Sep-2025 16:40:18.348 정보 [main] org.apache.catalina.startup.VersionLoggerListener.log Server 버전 번호:  9.0.109.0
23-Sep-2025 16:40:18.348 정보 [main] org.apache.catalina.startup.VersionLoggerListener.log 운영체제 이름:     Windows 10
23-Sep-2025 16:40:18.349 정보 [main] org.apache.catalina.startup.VersionLoggerListener.log 운영체제 버전:     10.0
23-Sep-2025 16:40:18.349 정보 [main] org.apache.catalina.startup.VersionLoggerListener.log 아키텍처:          amd64
23-Sep-2025 16:40:18.349 정보 [main] org.apache.catalina.startup.VersionLoggerListener.log 자바 홈:           C:\Users\wd\.jdks\ms-17.0.16
23-Sep-2025 16:40:18.349 정보 [main] org.apache.catalina.startup.VersionLoggerListener.log JVM 버전:          17.0.16+8-LTS
23-Sep-2025 16:40:18.350 정보 [main] org.apache.catalina.startup.VersionLoggerListener.log JVM 벤더:          Microsoft
23-Sep-2025 16:40:18.350 정보 [main] org.apache.catalina.startup.VersionLoggerListener.log CATALINA_BASE:     C:\dev\workspace\jsp_webapp\src\main\webapp
23-Sep-2025 16:40:18.350 정보 [main] org.apache.catalina.startup.VersionLoggerListener.log CATALINA_HOME:     C:\dev\apache-tomcat-9.0.109
23-Sep-2025 16:40:18.367 정보 [main] org.apache.catalina.startup.VersionLoggerListener.log 명령 행 아규먼트:  --add-opens=java.base/java.lang=ALL-UNNAMED
23-Sep-2025 16:40:18.368 정보 [main] org.apache.catalina.startup.VersionLoggerListener.log 명령 행 아규먼트:  --add-opens=java.base/java.io=ALL-UNNAMED
23-Sep-2025 16:40:18.368 정보 [main] org.apache.catalina.startup.VersionLoggerListener.log 명령 행 아규먼트:  --add-opens=java.base/java.util=ALL-UNNAMED
23-Sep-2025 16:40:18.368 정보 [main] org.apache.catalina.startup.VersionLoggerListener.log 명령 행 아규먼트:  --add-opens=java.base/java.util.concurrent=ALL-UNNAMED
23-Sep-2025 16:40:18.368 정보 [main] org.apache.catalina.startup.VersionLoggerListener.log 명령 행 아규먼트:  --add-opens=java.rmi/sun.rmi.transport=ALL-UNNAMED
23-Sep-2025 16:40:18.369 정보 [main] org.apache.catalina.startup.VersionLoggerListener.log 명령 행 아규먼트:  -Dcatalina.home=C:\dev\apache-tomcat-9.0.109
23-Sep-2025 16:40:18.369 정보 [main] org.apache.catalina.startup.VersionLoggerListener.log 명령 행 아규먼트:  -Dcatalina.base=C:\dev\workspace\jsp_webapp\src\main\webapp
23-Sep-2025 16:40:18.369 정보 [main] org.apache.catalina.startup.VersionLoggerListener.log 명령 행 아규먼트:  -Djava.io.tmpdir=C:\dev\workspace\jsp_webapp\src\main\webapp\temp
23-Sep-2025 16:40:18.370 정보 [main] org.apache.catalina.startup.VersionLoggerListener.log 명령 행 아규먼트:  -Djava.util.logging.config.file=C:\dev\workspace\jsp_webapp\src\main\webapp\conf\logging.properties
23-Sep-2025 16:40:18.370 정보 [main] org.apache.catalina.startup.VersionLoggerListener.log 명령 행 아규먼트:  -Djava.util.logging.manager=org.apache.juli.ClassLoaderLogManager
23-Sep-2025 16:40:18.370 정보 [main] org.apache.catalina.startup.VersionLoggerListener.log 명령 행 아규먼트:  -javaagent:C:\Program Files\JetBrains\IntelliJ IDEA Community Edition 2024.3.3\lib\idea_rt.jar=64411:C:\Program Files\JetBrains\IntelliJ IDEA Community Edition 2024.3.3\bin
23-Sep-2025 16:40:18.370 정보 [main] org.apache.catalina.startup.VersionLoggerListener.log 명령 행 아규먼트:  -Dfile.encoding=UTF-8
23-Sep-2025 16:40:18.395 정보 [main] org.apache.catalina.core.AprLifecycleListener.lifecycleEvent 프로덕션 환경들에서 최적의 성능을 제공하는, APR 기반 Apache Tomcat Native 라이브러리가, 다음 java.library.path에서 발견되지 않습니다: [C:\Users\wd\.jdks\ms-17.0.16\bin;C:\WINDOWS\Sun\Java\bin;C:\WINDOWS\system32;C:\WINDOWS;C:\Program Files\Eclipse Adoptium\jdk-17.0.14.7-hotspot\bin;C:\Program Files\MySQL\MySQL Server 8.0\bin;C:\Terraform;C:\WINDOWS\system32;C:\WINDOWS;C:\WINDOWS\System32\Wbem;C:\WINDOWS\System32\WindowsPowerShell\v1.0\;C:\WINDOWS\System32\OpenSSH\;C:\Program Files\nodejs\;C:\Program Files\Amazon\AWSCLIV2\;C:\Program Files\dotnet\;C:\Program Files\Git\cmd;C:\Program Files\Docker\Docker\resources\bin;C:\Eclipse Adoptium\jdk-17.0.16.8-hotspot\bin;C:\Users\wd\AppData\Local\Microsoft\WindowsApps;C:\Program Files\JetBrains\IntelliJ IDEA Community Edition 2024.3.3\bin;;C:\Users\wd\AppData\Roaming\npm;C:\Program Files\JetBrains\IntelliJ IDEA 2025.1.1.1\bin;;C:\Users\wd\AppData\Local\Programs\Microsoft VS Code\bin;;.]
23-Sep-2025 16:40:18.910 정보 [main] org.apache.coyote.AbstractProtocol.init 프로토콜 핸들러 ["http-nio-8080"]을(를) 초기화합니다.
23-Sep-2025 16:40:18.953 정보 [main] org.apache.catalina.startup.Catalina.load [1050] 밀리초 내에 서버가 초기화되었습니다.
23-Sep-2025 16:40:19.036 정보 [main] org.apache.catalina.core.StandardService.startInternal 서비스 [Catalina]을(를) 시작합니다.
23-Sep-2025 16:40:19.036 정보 [main] org.apache.catalina.core.StandardEngine.startInternal 서버 엔진을 시작합니다: [Apache Tomcat/9.0.109]
23-Sep-2025 16:40:19.053 정보 [main] org.apache.catalina.startup.HostConfig.deployDescriptor 배치 descriptor [C:\dev\workspace\jsp_webapp\src\main\webapp\conf\Catalina\localhost\ROOT.xml]을(를) 배치합니다.
23-Sep-2025 16:40:19.771 경고 [main] org.apache.catalina.util.SessionIdGeneratorBase.createSecureRandom [SHA1PRNG] 알고리즘을 사용하여, 세션 ID를 생성하기 위한 SecureRandom 객체를 생성하는데, [166] 밀리초가 소요됐습니다.
23-Sep-2025 16:40:19.803 정보 [main] org.apache.catalina.startup.HostConfig.deployDescriptor 배치 descriptor [C:\dev\workspace\jsp_webapp\src\main\webapp\conf\Catalina\localhost\ROOT.xml]의 배치가 [750] 밀리초 내에 완료되었습니다.
23-Sep-2025 16:40:19.813 정보 [main] org.apache.coyote.AbstractProtocol.start 프로토콜 핸들러 ["http-nio-8080"]을(를) 시작합니다.
23-Sep-2025 16:40:19.999 정보 [main] org.apache.catalina.startup.Catalina.start 서버가 [1045] 밀리초 내에 시작되었습니다.
23-Sep-2025 16:41:16.700 정보 [Thread-1] org.apache.coyote.AbstractProtocol.pause 프로토콜 핸들러 ["http-nio-8080"]을(를) 일시 정지 중
23-Sep-2025 16:41:17.917 정보 [Thread-1] org.apache.catalina.core.StandardService.stopInternal 서비스 [Catalina]을(를) 중지시킵니다.
23-Sep-2025 16:41:17.929 정보 [Thread-1] org.apache.coyote.AbstractProtocol.stop 프로토콜 핸들러 ["http-nio-8080"]을(를) 중지시킵니다.
23-Sep-2025 16:41:17.956 정보 [Thread-1] org.apache.coyote.AbstractProtocol.destroy 프로토콜 핸들러 ["http-nio-8080"]을(를) 소멸시킵니다.
23-Sep-2025 16:41:24.319 정보 [main] org.apache.catalina.startup.VersionLoggerListener.log 서버 버전 이름:    Apache Tomcat/9.0.109
23-Sep-2025 16:41:24.324 정보 [main] org.apache.catalina.startup.VersionLoggerListener.log Server 빌드 시각:  Sep 1 2025 12:15:33 UTC
23-Sep-2025 16:41:24.324 정보 [main] org.apache.catalina.startup.VersionLoggerListener.log Server 버전 번호:  9.0.109.0
23-Sep-2025 16:41:24.325 정보 [main] org.apache.catalina.startup.VersionLoggerListener.log 운영체제 이름:     Windows 10
23-Sep-2025 16:41:24.325 정보 [main] org.apache.catalina.startup.VersionLoggerListener.log 운영체제 버전:     10.0
23-Sep-2025 16:41:24.325 정보 [main] org.apache.catalina.startup.VersionLoggerListener.log 아키텍처:          amd64
23-Sep-2025 16:41:24.326 정보 [main] org.apache.catalina.startup.VersionLoggerListener.log 자바 홈:           C:\Users\wd\.jdks\ms-17.0.16
23-Sep-2025 16:41:24.326 정보 [main] org.apache.catalina.startup.VersionLoggerListener.log JVM 버전:          17.0.16+8-LTS
23-Sep-2025 16:41:24.326 정보 [main] org.apache.catalina.startup.VersionLoggerListener.log JVM 벤더:          Microsoft
23-Sep-2025 16:41:24.327 정보 [main] org.apache.catalina.startup.VersionLoggerListener.log CATALINA_BASE:     C:\dev\workspace\jsp_webapp\src\main\webapp
23-Sep-2025 16:41:24.327 정보 [main] org.apache.catalina.startup.VersionLoggerListener.log CATALINA_HOME:     C:\dev\apache-tomcat-9.0.109
23-Sep-2025 16:41:24.337 정보 [main] org.apache.catalina.startup.VersionLoggerListener.log 명령 행 아규먼트:  --add-opens=java.base/java.lang=ALL-UNNAMED
23-Sep-2025 16:41:24.337 정보 [main] org.apache.catalina.startup.VersionLoggerListener.log 명령 행 아규먼트:  --add-opens=java.base/java.io=ALL-UNNAMED
23-Sep-2025 16:41:24.337 정보 [main] org.apache.catalina.startup.VersionLoggerListener.log 명령 행 아규먼트:  --add-opens=java.base/java.util=ALL-UNNAMED
23-Sep-2025 16:41:24.337 정보 [main] org.apache.catalina.startup.VersionLoggerListener.log 명령 행 아규먼트:  --add-opens=java.base/java.util.concurrent=ALL-UNNAMED
23-Sep-2025 16:41:24.338 정보 [main] org.apache.catalina.startup.VersionLoggerListener.log 명령 행 아규먼트:  --add-opens=java.rmi/sun.rmi.transport=ALL-UNNAMED
23-Sep-2025 16:41:24.338 정보 [main] org.apache.catalina.startup.VersionLoggerListener.log 명령 행 아규먼트:  -Dcatalina.home=C:\dev\apache-tomcat-9.0.109
23-Sep-2025 16:41:24.338 정보 [main] org.apache.catalina.startup.VersionLoggerListener.log 명령 행 아규먼트:  -Dcatalina.base=C:\dev\workspace\jsp_webapp\src\main\webapp
23-Sep-2025 16:41:24.339 정보 [main] org.apache.catalina.startup.VersionLoggerListener.log 명령 행 아규먼트:  -Djava.io.tmpdir=C:\dev\workspace\jsp_webapp\src\main\webapp\temp
23-Sep-2025 16:41:24.339 정보 [main] org.apache.catalina.startup.VersionLoggerListener.log 명령 행 아규먼트:  -Djava.util.logging.config.file=C:\dev\workspace\jsp_webapp\src\main\webapp\conf\logging.properties
23-Sep-2025 16:41:24.339 정보 [main] org.apache.catalina.startup.VersionLoggerListener.log 명령 행 아규먼트:  -Djava.util.logging.manager=org.apache.juli.ClassLoaderLogManager
23-Sep-2025 16:41:24.339 정보 [main] org.apache.catalina.startup.VersionLoggerListener.log 명령 행 아규먼트:  -javaagent:C:\Program Files\JetBrains\IntelliJ IDEA Community Edition 2024.3.3\lib\idea_rt.jar=64467:C:\Program Files\JetBrains\IntelliJ IDEA Community Edition 2024.3.3\bin
23-Sep-2025 16:41:24.339 정보 [main] org.apache.catalina.startup.VersionLoggerListener.log 명령 행 아규먼트:  -Dfile.encoding=UTF-8
23-Sep-2025 16:41:24.359 정보 [main] org.apache.catalina.core.AprLifecycleListener.lifecycleEvent 프로덕션 환경들에서 최적의 성능을 제공하는, APR 기반 Apache Tomcat Native 라이브러리가, 다음 java.library.path에서 발견되지 않습니다: [C:\Users\wd\.jdks\ms-17.0.16\bin;C:\WINDOWS\Sun\Java\bin;C:\WINDOWS\system32;C:\WINDOWS;C:\Program Files\Eclipse Adoptium\jdk-17.0.14.7-hotspot\bin;C:\Program Files\MySQL\MySQL Server 8.0\bin;C:\Terraform;C:\WINDOWS\system32;C:\WINDOWS;C:\WINDOWS\System32\Wbem;C:\WINDOWS\System32\WindowsPowerShell\v1.0\;C:\WINDOWS\System32\OpenSSH\;C:\Program Files\nodejs\;C:\Program Files\Amazon\AWSCLIV2\;C:\Program Files\dotnet\;C:\Program Files\Git\cmd;C:\Program Files\Docker\Docker\resources\bin;C:\Eclipse Adoptium\jdk-17.0.16.8-hotspot\bin;C:\Users\wd\AppData\Local\Microsoft\WindowsApps;C:\Program Files\JetBrains\IntelliJ IDEA Community Edition 2024.3.3\bin;;C:\Users\wd\AppData\Roaming\npm;C:\Program Files\JetBrains\IntelliJ IDEA 2025.1.1.1\bin;;C:\Users\wd\AppData\Local\Programs\Microsoft VS Code\bin;;.]
23-Sep-2025 16:41:24.930 정보 [main] org.apache.coyote.AbstractProtocol.init 프로토콜 핸들러 ["http-nio-8080"]을(를) 초기화합니다.
23-Sep-2025 16:41:24.986 정보 [main] org.apache.catalina.startup.Catalina.load [1084] 밀리초 내에 서버가 초기화되었습니다.
23-Sep-2025 16:41:25.083 정보 [main] org.apache.catalina.core.StandardService.startInternal 서비스 [Catalina]을(를) 시작합니다.
23-Sep-2025 16:41:25.084 정보 [main] org.apache.catalina.core.StandardEngine.startInternal 서버 엔진을 시작합니다: [Apache Tomcat/9.0.109]
23-Sep-2025 16:41:25.117 정보 [main] org.apache.catalina.startup.HostConfig.deployDescriptor 배치 descriptor [C:\dev\workspace\jsp_webapp\src\main\webapp\conf\Catalina\localhost\ROOT.xml]을(를) 배치합니다.
23-Sep-2025 16:41:26.310 경고 [main] org.apache.catalina.util.SessionIdGeneratorBase.createSecureRandom [SHA1PRNG] 알고리즘을 사용하여, 세션 ID를 생성하기 위한 SecureRandom 객체를 생성하는데, [281] 밀리초가 소요됐습니다.
23-Sep-2025 16:41:26.357 정보 [main] org.apache.catalina.startup.HostConfig.deployDescriptor 배치 descriptor [C:\dev\workspace\jsp_webapp\src\main\webapp\conf\Catalina\localhost\ROOT.xml]의 배치가 [1,239] 밀리초 내에 완료되었습니다.
23-Sep-2025 16:41:26.377 정보 [main] org.apache.coyote.AbstractProtocol.start 프로토콜 핸들러 ["http-nio-8080"]을(를) 시작합니다.
23-Sep-2025 16:41:26.721 정보 [main] org.apache.catalina.startup.Catalina.start 서버가 [1733] 밀리초 내에 시작되었습니다.
23-Sep-2025 16:43:44.747 정보 [Thread-1] org.apache.coyote.AbstractProtocol.pause 프로토콜 핸들러 ["http-nio-8080"]을(를) 일시 정지 중
23-Sep-2025 16:43:46.002 정보 [Thread-1] org.apache.catalina.core.StandardService.stopInternal 서비스 [Catalina]을(를) 중지시킵니다.
23-Sep-2025 16:43:46.011 정보 [Thread-1] org.apache.coyote.AbstractProtocol.stop 프로토콜 핸들러 ["http-nio-8080"]을(를) 중지시킵니다.
23-Sep-2025 16:43:46.014 정보 [Thread-1] org.apache.coyote.AbstractProtocol.destroy 프로토콜 핸들러 ["http-nio-8080"]을(를) 소멸시킵니다.
23-Sep-2025 16:43:50.439 정보 [main] org.apache.catalina.startup.VersionLoggerListener.log 서버 버전 이름:    Apache Tomcat/9.0.109
23-Sep-2025 16:43:50.447 정보 [main] org.apache.catalina.startup.VersionLoggerListener.log Server 빌드 시각:  Sep 1 2025 12:15:33 UTC
23-Sep-2025 16:43:50.447 정보 [main] org.apache.catalina.startup.VersionLoggerListener.log Server 버전 번호:  9.0.109.0
23-Sep-2025 16:43:50.448 정보 [main] org.apache.catalina.startup.VersionLoggerListener.log 운영체제 이름:     Windows 10
23-Sep-2025 16:43:50.448 정보 [main] org.apache.catalina.startup.VersionLoggerListener.log 운영체제 버전:     10.0
23-Sep-2025 16:43:50.448 정보 [main] org.apache.catalina.startup.VersionLoggerListener.log 아키텍처:          amd64
23-Sep-2025 16:43:50.449 정보 [main] org.apache.catalina.startup.VersionLoggerListener.log 자바 홈:           C:\Users\wd\.jdks\ms-17.0.16
23-Sep-2025 16:43:50.449 정보 [main] org.apache.catalina.startup.VersionLoggerListener.log JVM 버전:          17.0.16+8-LTS
23-Sep-2025 16:43:50.449 정보 [main] org.apache.catalina.startup.VersionLoggerListener.log JVM 벤더:          Microsoft
23-Sep-2025 16:43:50.449 정보 [main] org.apache.catalina.startup.VersionLoggerListener.log CATALINA_BASE:     C:\dev\workspace\jsp_webapp\src\main\webapp
23-Sep-2025 16:43:50.449 정보 [main] org.apache.catalina.startup.VersionLoggerListener.log CATALINA_HOME:     C:\dev\apache-tomcat-9.0.109
23-Sep-2025 16:43:50.461 정보 [main] org.apache.catalina.startup.VersionLoggerListener.log 명령 행 아규먼트:  --add-opens=java.base/java.lang=ALL-UNNAMED
23-Sep-2025 16:43:50.461 정보 [main] org.apache.catalina.startup.VersionLoggerListener.log 명령 행 아규먼트:  --add-opens=java.base/java.io=ALL-UNNAMED
23-Sep-2025 16:43:50.462 정보 [main] org.apache.catalina.startup.VersionLoggerListener.log 명령 행 아규먼트:  --add-opens=java.base/java.util=ALL-UNNAMED
23-Sep-2025 16:43:50.462 정보 [main] org.apache.catalina.startup.VersionLoggerListener.log 명령 행 아규먼트:  --add-opens=java.base/java.util.concurrent=ALL-UNNAMED
23-Sep-2025 16:43:50.462 정보 [main] org.apache.catalina.startup.VersionLoggerListener.log 명령 행 아규먼트:  --add-opens=java.rmi/sun.rmi.transport=ALL-UNNAMED
23-Sep-2025 16:43:50.462 정보 [main] org.apache.catalina.startup.VersionLoggerListener.log 명령 행 아규먼트:  -Dcatalina.home=C:\dev\apache-tomcat-9.0.109
23-Sep-2025 16:43:50.463 정보 [main] org.apache.catalina.startup.VersionLoggerListener.log 명령 행 아규먼트:  -Dcatalina.base=C:\dev\workspace\jsp_webapp\src\main\webapp
23-Sep-2025 16:43:50.463 정보 [main] org.apache.catalina.startup.VersionLoggerListener.log 명령 행 아규먼트:  -Djava.io.tmpdir=C:\dev\workspace\jsp_webapp\src\main\webapp\temp
23-Sep-2025 16:43:50.463 정보 [main] org.apache.catalina.startup.VersionLoggerListener.log 명령 행 아규먼트:  -Djava.util.logging.config.file=C:\dev\workspace\jsp_webapp\src\main\webapp\conf\logging.properties
23-Sep-2025 16:43:50.463 정보 [main] org.apache.catalina.startup.VersionLoggerListener.log 명령 행 아규먼트:  -Djava.util.logging.manager=org.apache.juli.ClassLoaderLogManager
23-Sep-2025 16:43:50.463 정보 [main] org.apache.catalina.startup.VersionLoggerListener.log 명령 행 아규먼트:  -javaagent:C:\Program Files\JetBrains\IntelliJ IDEA Community Edition 2024.3.3\lib\idea_rt.jar=64562:C:\Program Files\JetBrains\IntelliJ IDEA Community Edition 2024.3.3\bin
23-Sep-2025 16:43:50.464 정보 [main] org.apache.catalina.startup.VersionLoggerListener.log 명령 행 아규먼트:  -Dfile.encoding=UTF-8
23-Sep-2025 16:43:50.483 정보 [main] org.apache.catalina.core.AprLifecycleListener.lifecycleEvent 프로덕션 환경들에서 최적의 성능을 제공하는, APR 기반 Apache Tomcat Native 라이브러리가, 다음 java.library.path에서 발견되지 않습니다: [C:\Users\wd\.jdks\ms-17.0.16\bin;C:\WINDOWS\Sun\Java\bin;C:\WINDOWS\system32;C:\WINDOWS;C:\Program Files\Eclipse Adoptium\jdk-17.0.14.7-hotspot\bin;C:\Program Files\MySQL\MySQL Server 8.0\bin;C:\Terraform;C:\WINDOWS\system32;C:\WINDOWS;C:\WINDOWS\System32\Wbem;C:\WINDOWS\System32\WindowsPowerShell\v1.0\;C:\WINDOWS\System32\OpenSSH\;C:\Program Files\nodejs\;C:\Program Files\Amazon\AWSCLIV2\;C:\Program Files\dotnet\;C:\Program Files\Git\cmd;C:\Program Files\Docker\Docker\resources\bin;C:\Eclipse Adoptium\jdk-17.0.16.8-hotspot\bin;C:\Users\wd\AppData\Local\Microsoft\WindowsApps;C:\Program Files\JetBrains\IntelliJ IDEA Community Edition 2024.3.3\bin;;C:\Users\wd\AppData\Roaming\npm;C:\Program Files\JetBrains\IntelliJ IDEA 2025.1.1.1\bin;;C:\Users\wd\AppData\Local\Programs\Microsoft VS Code\bin;;.]
23-Sep-2025 16:43:50.924 정보 [main] org.apache.coyote.AbstractProtocol.init 프로토콜 핸들러 ["http-nio-8080"]을(를) 초기화합니다.
23-Sep-2025 16:43:50.946 정보 [main] org.apache.catalina.startup.Catalina.load [905] 밀리초 내에 서버가 초기화되었습니다.
23-Sep-2025 16:43:51.012 정보 [main] org.apache.catalina.core.StandardService.startInternal 서비스 [Catalina]을(를) 시작합니다.
23-Sep-2025 16:43:51.014 정보 [main] org.apache.catalina.core.StandardEngine.startInternal 서버 엔진을 시작합니다: [Apache Tomcat/9.0.109]
23-Sep-2025 16:43:51.028 정보 [main] org.apache.catalina.startup.HostConfig.deployDescriptor 배치 descriptor [C:\dev\workspace\jsp_webapp\src\main\webapp\conf\Catalina\localhost\ROOT.xml]을(를) 배치합니다.
23-Sep-2025 16:43:51.739 경고 [main] org.apache.catalina.util.SessionIdGeneratorBase.createSecureRandom [SHA1PRNG] 알고리즘을 사용하여, 세션 ID를 생성하기 위한 SecureRandom 객체를 생성하는데, [162] 밀리초가 소요됐습니다.
23-Sep-2025 16:43:51.764 정보 [main] org.apache.catalina.startup.HostConfig.deployDescriptor 배치 descriptor [C:\dev\workspace\jsp_webapp\src\main\webapp\conf\Catalina\localhost\ROOT.xml]의 배치가 [736] 밀리초 내에 완료되었습니다.
23-Sep-2025 16:43:51.770 정보 [main] org.apache.coyote.AbstractProtocol.start 프로토콜 핸들러 ["http-nio-8080"]을(를) 시작합니다.
23-Sep-2025 16:43:51.945 정보 [main] org.apache.catalina.startup.Catalina.start 서버가 [998] 밀리초 내에 시작되었습니다.
23-Sep-2025 16:46:26.322 정보 [Thread-1] org.apache.coyote.AbstractProtocol.pause 프로토콜 핸들러 ["http-nio-8080"]을(를) 일시 정지 중
23-Sep-2025 16:46:27.490 정보 [Thread-1] org.apache.catalina.core.StandardService.stopInternal 서비스 [Catalina]을(를) 중지시킵니다.
23-Sep-2025 16:46:27.502 정보 [Thread-1] org.apache.coyote.AbstractProtocol.stop 프로토콜 핸들러 ["http-nio-8080"]을(를) 중지시킵니다.
23-Sep-2025 16:46:27.524 정보 [Thread-1] org.apache.coyote.AbstractProtocol.destroy 프로토콜 핸들러 ["http-nio-8080"]을(를) 소멸시킵니다.
23-Sep-2025 16:46:29.972 정보 [main] org.apache.catalina.startup.VersionLoggerListener.log 서버 버전 이름:    Apache Tomcat/9.0.109
23-Sep-2025 16:46:29.978 정보 [main] org.apache.catalina.startup.VersionLoggerListener.log Server 빌드 시각:  Sep 1 2025 12:15:33 UTC
23-Sep-2025 16:46:29.978 정보 [main] org.apache.catalina.startup.VersionLoggerListener.log Server 버전 번호:  9.0.109.0
23-Sep-2025 16:46:29.979 정보 [main] org.apache.catalina.startup.VersionLoggerListener.log 운영체제 이름:     Windows 10
23-Sep-2025 16:46:29.979 정보 [main] org.apache.catalina.startup.VersionLoggerListener.log 운영체제 버전:     10.0
23-Sep-2025 16:46:29.979 정보 [main] org.apache.catalina.startup.VersionLoggerListener.log 아키텍처:          amd64
23-Sep-2025 16:46:29.979 정보 [main] org.apache.catalina.startup.VersionLoggerListener.log 자바 홈:           C:\Users\wd\.jdks\ms-17.0.16
23-Sep-2025 16:46:29.980 정보 [main] org.apache.catalina.startup.VersionLoggerListener.log JVM 버전:          17.0.16+8-LTS
23-Sep-2025 16:46:29.980 정보 [main] org.apache.catalina.startup.VersionLoggerListener.log JVM 벤더:          Microsoft
23-Sep-2025 16:46:29.980 정보 [main] org.apache.catalina.startup.VersionLoggerListener.log CATALINA_BASE:     C:\dev\workspace\jsp_webapp\src\main\webapp
23-Sep-2025 16:46:29.980 정보 [main] org.apache.catalina.startup.VersionLoggerListener.log CATALINA_HOME:     C:\dev\apache-tomcat-9.0.109
23-Sep-2025 16:46:29.995 정보 [main] org.apache.catalina.startup.VersionLoggerListener.log 명령 행 아규먼트:  --add-opens=java.base/java.lang=ALL-UNNAMED
23-Sep-2025 16:46:29.995 정보 [main] org.apache.catalina.startup.VersionLoggerListener.log 명령 행 아규먼트:  --add-opens=java.base/java.io=ALL-UNNAMED
23-Sep-2025 16:46:29.995 정보 [main] org.apache.catalina.startup.VersionLoggerListener.log 명령 행 아규먼트:  --add-opens=java.base/java.util=ALL-UNNAMED
23-Sep-2025 16:46:29.995 정보 [main] org.apache.catalina.startup.VersionLoggerListener.log 명령 행 아규먼트:  --add-opens=java.base/java.util.concurrent=ALL-UNNAMED
23-Sep-2025 16:46:29.996 정보 [main] org.apache.catalina.startup.VersionLoggerListener.log 명령 행 아규먼트:  --add-opens=java.rmi/sun.rmi.transport=ALL-UNNAMED
23-Sep-2025 16:46:29.996 정보 [main] org.apache.catalina.startup.VersionLoggerListener.log 명령 행 아규먼트:  -Dcatalina.home=C:\dev\apache-tomcat-9.0.109
23-Sep-2025 16:46:29.996 정보 [main] org.apache.catalina.startup.VersionLoggerListener.log 명령 행 아규먼트:  -Dcatalina.base=C:\dev\workspace\jsp_webapp\src\main\webapp
23-Sep-2025 16:46:29.996 정보 [main] org.apache.catalina.startup.VersionLoggerListener.log 명령 행 아규먼트:  -Djava.io.tmpdir=C:\dev\workspace\jsp_webapp\src\main\webapp\temp
23-Sep-2025 16:46:29.996 정보 [main] org.apache.catalina.startup.VersionLoggerListener.log 명령 행 아규먼트:  -Djava.util.logging.config.file=C:\dev\workspace\jsp_webapp\src\main\webapp\conf\logging.properties
23-Sep-2025 16:46:29.996 정보 [main] org.apache.catalina.startup.VersionLoggerListener.log 명령 행 아규먼트:  -Djava.util.logging.manager=org.apache.juli.ClassLoaderLogManager
23-Sep-2025 16:46:29.997 정보 [main] org.apache.catalina.startup.VersionLoggerListener.log 명령 행 아규먼트:  -javaagent:C:\Program Files\JetBrains\IntelliJ IDEA Community Edition 2024.3.3\lib\idea_rt.jar=64699:C:\Program Files\JetBrains\IntelliJ IDEA Community Edition 2024.3.3\bin
23-Sep-2025 16:46:29.997 정보 [main] org.apache.catalina.startup.VersionLoggerListener.log 명령 행 아규먼트:  -Dfile.encoding=UTF-8
23-Sep-2025 16:46:30.021 정보 [main] org.apache.catalina.core.AprLifecycleListener.lifecycleEvent 프로덕션 환경들에서 최적의 성능을 제공하는, APR 기반 Apache Tomcat Native 라이브러리가, 다음 java.library.path에서 발견되지 않습니다: [C:\Users\wd\.jdks\ms-17.0.16\bin;C:\WINDOWS\Sun\Java\bin;C:\WINDOWS\system32;C:\WINDOWS;C:\Program Files\Eclipse Adoptium\jdk-17.0.14.7-hotspot\bin;C:\Program Files\MySQL\MySQL Server 8.0\bin;C:\Terraform;C:\WINDOWS\system32;C:\WINDOWS;C:\WINDOWS\System32\Wbem;C:\WINDOWS\System32\WindowsPowerShell\v1.0\;C:\WINDOWS\System32\OpenSSH\;C:\Program Files\nodejs\;C:\Program Files\Amazon\AWSCLIV2\;C:\Program Files\dotnet\;C:\Program Files\Git\cmd;C:\Program Files\Docker\Docker\resources\bin;C:\Eclipse Adoptium\jdk-17.0.16.8-hotspot\bin;C:\Users\wd\AppData\Local\Microsoft\WindowsApps;C:\Program Files\JetBrains\IntelliJ IDEA Community Edition 2024.3.3\bin;;C:\Users\wd\AppData\Roaming\npm;C:\Program Files\JetBrains\IntelliJ IDEA 2025.1.1.1\bin;;C:\Users\wd\AppData\Local\Programs\Microsoft VS Code\bin;;.]
23-Sep-2025 16:46:30.507 정보 [main] org.apache.coyote.AbstractProtocol.init 프로토콜 핸들러 ["http-nio-8080"]을(를) 초기화합니다.
23-Sep-2025 16:46:30.542 정보 [main] org.apache.catalina.startup.Catalina.load [957] 밀리초 내에 서버가 초기화되었습니다.
23-Sep-2025 16:46:30.612 정보 [main] org.apache.catalina.core.StandardService.startInternal 서비스 [Catalina]을(를) 시작합니다.
23-Sep-2025 16:46:30.614 정보 [main] org.apache.catalina.core.StandardEngine.startInternal 서버 엔진을 시작합니다: [Apache Tomcat/9.0.109]
23-Sep-2025 16:46:30.639 정보 [main] org.apache.catalina.startup.HostConfig.deployDescriptor 배치 descriptor [C:\dev\workspace\jsp_webapp\src\main\webapp\conf\Catalina\localhost\ROOT.xml]을(를) 배치합니다.
23-Sep-2025 16:46:31.860 경고 [main] org.apache.catalina.util.SessionIdGeneratorBase.createSecureRandom [SHA1PRNG] 알고리즘을 사용하여, 세션 ID를 생성하기 위한 SecureRandom 객체를 생성하는데, [223] 밀리초가 소요됐습니다.
23-Sep-2025 16:46:31.892 정보 [main] org.apache.catalina.startup.HostConfig.deployDescriptor 배치 descriptor [C:\dev\workspace\jsp_webapp\src\main\webapp\conf\Catalina\localhost\ROOT.xml]의 배치가 [1,254] 밀리초 내에 완료되었습니다.
23-Sep-2025 16:46:31.902 정보 [main] org.apache.coyote.AbstractProtocol.start 프로토콜 핸들러 ["http-nio-8080"]을(를) 시작합니다.
23-Sep-2025 16:46:32.233 정보 [main] org.apache.catalina.startup.Catalina.start 서버가 [1690] 밀리초 내에 시작되었습니다.
23-Sep-2025 16:50:20.346 정보 [Thread-1] org.apache.coyote.AbstractProtocol.pause 프로토콜 핸들러 ["http-nio-8080"]을(를) 일시 정지 중
23-Sep-2025 16:50:21.515 정보 [Thread-1] org.apache.catalina.core.StandardService.stopInternal 서비스 [Catalina]을(를) 중지시킵니다.
23-Sep-2025 16:50:21.541 정보 [Thread-1] org.apache.coyote.AbstractProtocol.stop 프로토콜 핸들러 ["http-nio-8080"]을(를) 중지시킵니다.
23-Sep-2025 16:50:21.567 정보 [Thread-1] org.apache.coyote.AbstractProtocol.destroy 프로토콜 핸들러 ["http-nio-8080"]을(를) 소멸시킵니다.
23-Sep-2025 16:59:51.254 정보 [main] org.apache.catalina.startup.VersionLoggerListener.log 서버 버전 이름:    Apache Tomcat/9.0.109
23-Sep-2025 16:59:51.259 정보 [main] org.apache.catalina.startup.VersionLoggerListener.log Server 빌드 시각:  Sep 1 2025 12:15:33 UTC
23-Sep-2025 16:59:51.259 정보 [main] org.apache.catalina.startup.VersionLoggerListener.log Server 버전 번호:  9.0.109.0
23-Sep-2025 16:59:51.260 정보 [main] org.apache.catalina.startup.VersionLoggerListener.log 운영체제 이름:     Windows 10
23-Sep-2025 16:59:51.260 정보 [main] org.apache.catalina.startup.VersionLoggerListener.log 운영체제 버전:     10.0
23-Sep-2025 16:59:51.260 정보 [main] org.apache.catalina.startup.VersionLoggerListener.log 아키텍처:          amd64
23-Sep-2025 16:59:51.260 정보 [main] org.apache.catalina.startup.VersionLoggerListener.log 자바 홈:           C:\Users\wd\.jdks\ms-17.0.16
23-Sep-2025 16:59:51.261 정보 [main] org.apache.catalina.startup.VersionLoggerListener.log JVM 버전:          17.0.16+8-LTS
23-Sep-2025 16:59:51.261 정보 [main] org.apache.catalina.startup.VersionLoggerListener.log JVM 벤더:          Microsoft
23-Sep-2025 16:59:51.261 정보 [main] org.apache.catalina.startup.VersionLoggerListener.log CATALINA_BASE:     C:\dev\workspace\jsp_webapp\src\main\webapp
23-Sep-2025 16:59:51.261 정보 [main] org.apache.catalina.startup.VersionLoggerListener.log CATALINA_HOME:     C:\dev\apache-tomcat-9.0.109
23-Sep-2025 16:59:51.273 정보 [main] org.apache.catalina.startup.VersionLoggerListener.log 명령 행 아규먼트:  --add-opens=java.base/java.lang=ALL-UNNAMED
23-Sep-2025 16:59:51.273 정보 [main] org.apache.catalina.startup.VersionLoggerListener.log 명령 행 아규먼트:  --add-opens=java.base/java.io=ALL-UNNAMED
23-Sep-2025 16:59:51.273 정보 [main] org.apache.catalina.startup.VersionLoggerListener.log 명령 행 아규먼트:  --add-opens=java.base/java.util=ALL-UNNAMED
23-Sep-2025 16:59:51.273 정보 [main] org.apache.catalina.startup.VersionLoggerListener.log 명령 행 아규먼트:  --add-opens=java.base/java.util.concurrent=ALL-UNNAMED
23-Sep-2025 16:59:51.273 정보 [main] org.apache.catalina.startup.VersionLoggerListener.log 명령 행 아규먼트:  --add-opens=java.rmi/sun.rmi.transport=ALL-UNNAMED
23-Sep-2025 16:59:51.273 정보 [main] org.apache.catalina.startup.VersionLoggerListener.log 명령 행 아규먼트:  -Dcatalina.home=C:\dev\apache-tomcat-9.0.109
23-Sep-2025 16:59:51.274 정보 [main] org.apache.catalina.startup.VersionLoggerListener.log 명령 행 아규먼트:  -Dcatalina.base=C:\dev\workspace\jsp_webapp\src\main\webapp
23-Sep-2025 16:59:51.274 정보 [main] org.apache.catalina.startup.VersionLoggerListener.log 명령 행 아규먼트:  -Djava.io.tmpdir=C:\dev\workspace\jsp_webapp\src\main\webapp\temp
23-Sep-2025 16:59:51.274 정보 [main] org.apache.catalina.startup.VersionLoggerListener.log 명령 행 아규먼트:  -Djava.util.logging.config.file=C:\dev\workspace\jsp_webapp\src\main\webapp\conf\logging.properties
23-Sep-2025 16:59:51.274 정보 [main] org.apache.catalina.startup.VersionLoggerListener.log 명령 행 아규먼트:  -Djava.util.logging.manager=org.apache.juli.ClassLoaderLogManager
23-Sep-2025 16:59:51.274 정보 [main] org.apache.catalina.startup.VersionLoggerListener.log 명령 행 아규먼트:  -javaagent:C:\Program Files\JetBrains\IntelliJ IDEA Community Edition 2024.3.3\lib\idea_rt.jar=50128:C:\Program Files\JetBrains\IntelliJ IDEA Community Edition 2024.3.3\bin
23-Sep-2025 16:59:51.274 정보 [main] org.apache.catalina.startup.VersionLoggerListener.log 명령 행 아규먼트:  -Dfile.encoding=UTF-8
23-Sep-2025 16:59:51.297 정보 [main] org.apache.catalina.core.AprLifecycleListener.lifecycleEvent 프로덕션 환경들에서 최적의 성능을 제공하는, APR 기반 Apache Tomcat Native 라이브러리가, 다음 java.library.path에서 발견되지 않습니다: [C:\Users\wd\.jdks\ms-17.0.16\bin;C:\WINDOWS\Sun\Java\bin;C:\WINDOWS\system32;C:\WINDOWS;C:\Program Files\Eclipse Adoptium\jdk-17.0.14.7-hotspot\bin;C:\Program Files\MySQL\MySQL Server 8.0\bin;C:\Terraform;C:\WINDOWS\system32;C:\WINDOWS;C:\WINDOWS\System32\Wbem;C:\WINDOWS\System32\WindowsPowerShell\v1.0\;C:\WINDOWS\System32\OpenSSH\;C:\Program Files\nodejs\;C:\Program Files\Amazon\AWSCLIV2\;C:\Program Files\dotnet\;C:\Program Files\Git\cmd;C:\Program Files\Docker\Docker\resources\bin;C:\Eclipse Adoptium\jdk-17.0.16.8-hotspot\bin;C:\Users\wd\AppData\Local\Microsoft\WindowsApps;C:\Program Files\JetBrains\IntelliJ IDEA Community Edition 2024.3.3\bin;;C:\Users\wd\AppData\Roaming\npm;C:\Program Files\JetBrains\IntelliJ IDEA 2025.1.1.1\bin;;C:\Users\wd\AppData\Local\Programs\Microsoft VS Code\bin;;.]
23-Sep-2025 16:59:51.706 정보 [main] org.apache.coyote.AbstractProtocol.init 프로토콜 핸들러 ["http-nio-8080"]을(를) 초기화합니다.
23-Sep-2025 16:59:51.729 정보 [main] org.apache.catalina.startup.Catalina.load [843] 밀리초 내에 서버가 초기화되었습니다.
23-Sep-2025 16:59:51.841 정보 [main] org.apache.catalina.core.StandardService.startInternal 서비스 [Catalina]을(를) 시작합니다.
23-Sep-2025 16:59:51.841 정보 [main] org.apache.catalina.core.StandardEngine.startInternal 서버 엔진을 시작합니다: [Apache Tomcat/9.0.109]
23-Sep-2025 16:59:51.865 정보 [main] org.apache.catalina.startup.HostConfig.deployDescriptor 배치 descriptor [C:\dev\workspace\jsp_webapp\src\main\webapp\conf\Catalina\localhost\ROOT.xml]을(를) 배치합니다.
23-Sep-2025 16:59:52.683 경고 [main] org.apache.catalina.util.SessionIdGeneratorBase.createSecureRandom [SHA1PRNG] 알고리즘을 사용하여, 세션 ID를 생성하기 위한 SecureRandom 객체를 생성하는데, [203] 밀리초가 소요됐습니다.
23-Sep-2025 16:59:52.731 정보 [main] org.apache.catalina.startup.HostConfig.deployDescriptor 배치 descriptor [C:\dev\workspace\jsp_webapp\src\main\webapp\conf\Catalina\localhost\ROOT.xml]의 배치가 [866] 밀리초 내에 완료되었습니다.
23-Sep-2025 16:59:52.741 정보 [main] org.apache.coyote.AbstractProtocol.start 프로토콜 핸들러 ["http-nio-8080"]을(를) 시작합니다.
23-Sep-2025 16:59:52.946 정보 [main] org.apache.catalina.startup.Catalina.start 서버가 [1216] 밀리초 내에 시작되었습니다.
23-Sep-2025 17:02:20.538 정보 [Thread-1] org.apache.coyote.AbstractProtocol.pause 프로토콜 핸들러 ["http-nio-8080"]을(를) 일시 정지 중
23-Sep-2025 17:02:21.599 정보 [Thread-1] org.apache.catalina.core.StandardService.stopInternal 서비스 [Catalina]을(를) 중지시킵니다.
23-Sep-2025 17:02:21.612 정보 [Thread-1] org.apache.coyote.AbstractProtocol.stop 프로토콜 핸들러 ["http-nio-8080"]을(를) 중지시킵니다.
23-Sep-2025 17:02:21.637 정보 [Thread-1] org.apache.coyote.AbstractProtocol.destroy 프로토콜 핸들러 ["http-nio-8080"]을(를) 소멸시킵니다.
23-Sep-2025 17:02:24.883 정보 [main] org.apache.catalina.startup.VersionLoggerListener.log 서버 버전 이름:    Apache Tomcat/9.0.109
23-Sep-2025 17:02:24.890 정보 [main] org.apache.catalina.startup.VersionLoggerListener.log Server 빌드 시각:  Sep 1 2025 12:15:33 UTC
23-Sep-2025 17:02:24.890 정보 [main] org.apache.catalina.startup.VersionLoggerListener.log Server 버전 번호:  9.0.109.0
23-Sep-2025 17:02:24.890 정보 [main] org.apache.catalina.startup.VersionLoggerListener.log 운영체제 이름:     Windows 10
23-Sep-2025 17:02:24.890 정보 [main] org.apache.catalina.startup.VersionLoggerListener.log 운영체제 버전:     10.0
23-Sep-2025 17:02:24.890 정보 [main] org.apache.catalina.startup.VersionLoggerListener.log 아키텍처:          amd64
23-Sep-2025 17:02:24.890 정보 [main] org.apache.catalina.startup.VersionLoggerListener.log 자바 홈:           C:\Users\wd\.jdks\ms-17.0.16
23-Sep-2025 17:02:24.891 정보 [main] org.apache.catalina.startup.VersionLoggerListener.log JVM 버전:          17.0.16+8-LTS
23-Sep-2025 17:02:24.891 정보 [main] org.apache.catalina.startup.VersionLoggerListener.log JVM 벤더:          Microsoft
23-Sep-2025 17:02:24.891 정보 [main] org.apache.catalina.startup.VersionLoggerListener.log CATALINA_BASE:     C:\dev\workspace\jsp_webapp\src\main\webapp
23-Sep-2025 17:02:24.892 정보 [main] org.apache.catalina.startup.VersionLoggerListener.log CATALINA_HOME:     C:\dev\apache-tomcat-9.0.109
23-Sep-2025 17:02:24.904 정보 [main] org.apache.catalina.startup.VersionLoggerListener.log 명령 행 아규먼트:  --add-opens=java.base/java.lang=ALL-UNNAMED
23-Sep-2025 17:02:24.904 정보 [main] org.apache.catalina.startup.VersionLoggerListener.log 명령 행 아규먼트:  --add-opens=java.base/java.io=ALL-UNNAMED
23-Sep-2025 17:02:24.904 정보 [main] org.apache.catalina.startup.VersionLoggerListener.log 명령 행 아규먼트:  --add-opens=java.base/java.util=ALL-UNNAMED
23-Sep-2025 17:02:24.905 정보 [main] org.apache.catalina.startup.VersionLoggerListener.log 명령 행 아규먼트:  --add-opens=java.base/java.util.concurrent=ALL-UNNAMED
23-Sep-2025 17:02:24.905 정보 [main] org.apache.catalina.startup.VersionLoggerListener.log 명령 행 아규먼트:  --add-opens=java.rmi/sun.rmi.transport=ALL-UNNAMED
23-Sep-2025 17:02:24.905 정보 [main] org.apache.catalina.startup.VersionLoggerListener.log 명령 행 아규먼트:  -Dcatalina.home=C:\dev\apache-tomcat-9.0.109
23-Sep-2025 17:02:24.905 정보 [main] org.apache.catalina.startup.VersionLoggerListener.log 명령 행 아규먼트:  -Dcatalina.base=C:\dev\workspace\jsp_webapp\src\main\webapp
23-Sep-2025 17:02:24.906 정보 [main] org.apache.catalina.startup.VersionLoggerListener.log 명령 행 아규먼트:  -Djava.io.tmpdir=C:\dev\workspace\jsp_webapp\src\main\webapp\temp
23-Sep-2025 17:02:24.906 정보 [main] org.apache.catalina.startup.VersionLoggerListener.log 명령 행 아규먼트:  -Djava.util.logging.config.file=C:\dev\workspace\jsp_webapp\src\main\webapp\conf\logging.properties
23-Sep-2025 17:02:24.907 정보 [main] org.apache.catalina.startup.VersionLoggerListener.log 명령 행 아규먼트:  -Djava.util.logging.manager=org.apache.juli.ClassLoaderLogManager
23-Sep-2025 17:02:24.907 정보 [main] org.apache.catalina.startup.VersionLoggerListener.log 명령 행 아규먼트:  -javaagent:C:\Program Files\JetBrains\IntelliJ IDEA Community Edition 2024.3.3\lib\idea_rt.jar=50258:C:\Program Files\JetBrains\IntelliJ IDEA Community Edition 2024.3.3\bin
23-Sep-2025 17:02:24.907 정보 [main] org.apache.catalina.startup.VersionLoggerListener.log 명령 행 아규먼트:  -Dfile.encoding=UTF-8
23-Sep-2025 17:02:24.927 정보 [main] org.apache.catalina.core.AprLifecycleListener.lifecycleEvent 프로덕션 환경들에서 최적의 성능을 제공하는, APR 기반 Apache Tomcat Native 라이브러리가, 다음 java.library.path에서 발견되지 않습니다: [C:\Users\wd\.jdks\ms-17.0.16\bin;C:\WINDOWS\Sun\Java\bin;C:\WINDOWS\system32;C:\WINDOWS;C:\Program Files\Eclipse Adoptium\jdk-17.0.14.7-hotspot\bin;C:\Program Files\MySQL\MySQL Server 8.0\bin;C:\Terraform;C:\WINDOWS\system32;C:\WINDOWS;C:\WINDOWS\System32\Wbem;C:\WINDOWS\System32\WindowsPowerShell\v1.0\;C:\WINDOWS\System32\OpenSSH\;C:\Program Files\nodejs\;C:\Program Files\Amazon\AWSCLIV2\;C:\Program Files\dotnet\;C:\Program Files\Git\cmd;C:\Program Files\Docker\Docker\resources\bin;C:\Eclipse Adoptium\jdk-17.0.16.8-hotspot\bin;C:\Users\wd\AppData\Local\Microsoft\WindowsApps;C:\Program Files\JetBrains\IntelliJ IDEA Community Edition 2024.3.3\bin;;C:\Users\wd\AppData\Roaming\npm;C:\Program Files\JetBrains\IntelliJ IDEA 2025.1.1.1\bin;;C:\Users\wd\AppData\Local\Programs\Microsoft VS Code\bin;;.]
23-Sep-2025 17:02:25.324 정보 [main] org.apache.coyote.AbstractProtocol.init 프로토콜 핸들러 ["http-nio-8080"]을(를) 초기화합니다.
23-Sep-2025 17:02:25.345 정보 [main] org.apache.catalina.startup.Catalina.load [818] 밀리초 내에 서버가 초기화되었습니다.
23-Sep-2025 17:02:25.407 정보 [main] org.apache.catalina.core.StandardService.startInternal 서비스 [Catalina]을(를) 시작합니다.
23-Sep-2025 17:02:25.408 정보 [main] org.apache.catalina.core.StandardEngine.startInternal 서버 엔진을 시작합니다: [Apache Tomcat/9.0.109]
23-Sep-2025 17:02:25.422 정보 [main] org.apache.catalina.startup.HostConfig.deployDescriptor 배치 descriptor [C:\dev\workspace\jsp_webapp\src\main\webapp\conf\Catalina\localhost\ROOT.xml]을(를) 배치합니다.
23-Sep-2025 17:02:26.291 경고 [main] org.apache.catalina.util.SessionIdGeneratorBase.createSecureRandom [SHA1PRNG] 알고리즘을 사용하여, 세션 ID를 생성하기 위한 SecureRandom 객체를 생성하는데, [174] 밀리초가 소요됐습니다.
23-Sep-2025 17:02:26.328 정보 [main] org.apache.catalina.startup.HostConfig.deployDescriptor 배치 descriptor [C:\dev\workspace\jsp_webapp\src\main\webapp\conf\Catalina\localhost\ROOT.xml]의 배치가 [906] 밀리초 내에 완료되었습니다.
23-Sep-2025 17:02:26.335 정보 [main] org.apache.coyote.AbstractProtocol.start 프로토콜 핸들러 ["http-nio-8080"]을(를) 시작합니다.
23-Sep-2025 17:02:26.510 정보 [main] org.apache.catalina.startup.Catalina.start 서버가 [1164] 밀리초 내에 시작되었습니다.
23-Sep-2025 17:07:46.221 정보 [Thread-1] org.apache.coyote.AbstractProtocol.pause 프로토콜 핸들러 ["http-nio-8080"]을(를) 일시 정지 중
23-Sep-2025 17:07:47.428 정보 [Thread-1] org.apache.catalina.core.StandardService.stopInternal 서비스 [Catalina]을(를) 중지시킵니다.
23-Sep-2025 17:07:47.443 정보 [Thread-1] org.apache.coyote.AbstractProtocol.stop 프로토콜 핸들러 ["http-nio-8080"]을(를) 중지시킵니다.
23-Sep-2025 17:07:47.453 정보 [Thread-1] org.apache.coyote.AbstractProtocol.destroy 프로토콜 핸들러 ["http-nio-8080"]을(를) 소멸시킵니다.
23-Sep-2025 17:09:04.584 정보 [main] org.apache.catalina.startup.VersionLoggerListener.log 서버 버전 이름:    Apache Tomcat/9.0.109
23-Sep-2025 17:09:04.591 정보 [main] org.apache.catalina.startup.VersionLoggerListener.log Server 빌드 시각:  Sep 1 2025 12:15:33 UTC
23-Sep-2025 17:09:04.591 정보 [main] org.apache.catalina.startup.VersionLoggerListener.log Server 버전 번호:  9.0.109.0
23-Sep-2025 17:09:04.592 정보 [main] org.apache.catalina.startup.VersionLoggerListener.log 운영체제 이름:     Windows 10
23-Sep-2025 17:09:04.592 정보 [main] org.apache.catalina.startup.VersionLoggerListener.log 운영체제 버전:     10.0
23-Sep-2025 17:09:04.592 정보 [main] org.apache.catalina.startup.VersionLoggerListener.log 아키텍처:          amd64
23-Sep-2025 17:09:04.592 정보 [main] org.apache.catalina.startup.VersionLoggerListener.log 자바 홈:           C:\Users\wd\.jdks\ms-17.0.16
23-Sep-2025 17:09:04.593 정보 [main] org.apache.catalina.startup.VersionLoggerListener.log JVM 버전:          17.0.16+8-LTS
23-Sep-2025 17:09:04.593 정보 [main] org.apache.catalina.startup.VersionLoggerListener.log JVM 벤더:          Microsoft
23-Sep-2025 17:09:04.593 정보 [main] org.apache.catalina.startup.VersionLoggerListener.log CATALINA_BASE:     C:\dev\workspace\jsp_webapp\src\main\webapp
23-Sep-2025 17:09:04.593 정보 [main] org.apache.catalina.startup.VersionLoggerListener.log CATALINA_HOME:     C:\dev\apache-tomcat-9.0.109
23-Sep-2025 17:09:04.606 정보 [main] org.apache.catalina.startup.VersionLoggerListener.log 명령 행 아규먼트:  --add-opens=java.base/java.lang=ALL-UNNAMED
23-Sep-2025 17:09:04.607 정보 [main] org.apache.catalina.startup.VersionLoggerListener.log 명령 행 아규먼트:  --add-opens=java.base/java.io=ALL-UNNAMED
23-Sep-2025 17:09:04.607 정보 [main] org.apache.catalina.startup.VersionLoggerListener.log 명령 행 아규먼트:  --add-opens=java.base/java.util=ALL-UNNAMED
23-Sep-2025 17:09:04.607 정보 [main] org.apache.catalina.startup.VersionLoggerListener.log 명령 행 아규먼트:  --add-opens=java.base/java.util.concurrent=ALL-UNNAMED
23-Sep-2025 17:09:04.607 정보 [main] org.apache.catalina.startup.VersionLoggerListener.log 명령 행 아규먼트:  --add-opens=java.rmi/sun.rmi.transport=ALL-UNNAMED
23-Sep-2025 17:09:04.607 정보 [main] org.apache.catalina.startup.VersionLoggerListener.log 명령 행 아규먼트:  -Dcatalina.home=C:\dev\apache-tomcat-9.0.109
23-Sep-2025 17:09:04.609 정보 [main] org.apache.catalina.startup.VersionLoggerListener.log 명령 행 아규먼트:  -Dcatalina.base=C:\dev\workspace\jsp_webapp\src\main\webapp
23-Sep-2025 17:09:04.609 정보 [main] org.apache.catalina.startup.VersionLoggerListener.log 명령 행 아규먼트:  -Djava.io.tmpdir=C:\dev\workspace\jsp_webapp\src\main\webapp\temp
23-Sep-2025 17:09:04.609 정보 [main] org.apache.catalina.startup.VersionLoggerListener.log 명령 행 아규먼트:  -Djava.util.logging.config.file=C:\dev\workspace\jsp_webapp\src\main\webapp\conf\logging.properties
23-Sep-2025 17:09:04.609 정보 [main] org.apache.catalina.startup.VersionLoggerListener.log 명령 행 아규먼트:  -Djava.util.logging.manager=org.apache.juli.ClassLoaderLogManager
23-Sep-2025 17:09:04.609 정보 [main] org.apache.catalina.startup.VersionLoggerListener.log 명령 행 아규먼트:  -javaagent:C:\Program Files\JetBrains\IntelliJ IDEA Community Edition 2024.3.3\lib\idea_rt.jar=50578:C:\Program Files\JetBrains\IntelliJ IDEA Community Edition 2024.3.3\bin
23-Sep-2025 17:09:04.610 정보 [main] org.apache.catalina.startup.VersionLoggerListener.log 명령 행 아규먼트:  -Dfile.encoding=UTF-8
23-Sep-2025 17:09:04.630 정보 [main] org.apache.catalina.core.AprLifecycleListener.lifecycleEvent 프로덕션 환경들에서 최적의 성능을 제공하는, APR 기반 Apache Tomcat Native 라이브러리가, 다음 java.library.path에서 발견되지 않습니다: [C:\Users\wd\.jdks\ms-17.0.16\bin;C:\WINDOWS\Sun\Java\bin;C:\WINDOWS\system32;C:\WINDOWS;C:\Program Files\Eclipse Adoptium\jdk-17.0.14.7-hotspot\bin;C:\Program Files\MySQL\MySQL Server 8.0\bin;C:\Terraform;C:\WINDOWS\system32;C:\WINDOWS;C:\WINDOWS\System32\Wbem;C:\WINDOWS\System32\WindowsPowerShell\v1.0\;C:\WINDOWS\System32\OpenSSH\;C:\Program Files\nodejs\;C:\Program Files\Amazon\AWSCLIV2\;C:\Program Files\dotnet\;C:\Program Files\Git\cmd;C:\Program Files\Docker\Docker\resources\bin;C:\Eclipse Adoptium\jdk-17.0.16.8-hotspot\bin;C:\Users\wd\AppData\Local\Microsoft\WindowsApps;C:\Program Files\JetBrains\IntelliJ IDEA Community Edition 2024.3.3\bin;;C:\Users\wd\AppData\Roaming\npm;C:\Program Files\JetBrains\IntelliJ IDEA 2025.1.1.1\bin;;C:\Users\wd\AppData\Local\Programs\Microsoft VS Code\bin;;.]
23-Sep-2025 17:09:05.123 정보 [main] org.apache.coyote.AbstractProtocol.init 프로토콜 핸들러 ["http-nio-8080"]을(를) 초기화합니다.
23-Sep-2025 17:09:05.150 정보 [main] org.apache.catalina.startup.Catalina.load [1016] 밀리초 내에 서버가 초기화되었습니다.
23-Sep-2025 17:09:05.228 정보 [main] org.apache.catalina.core.StandardService.startInternal 서비스 [Catalina]을(를) 시작합니다.
23-Sep-2025 17:09:05.229 정보 [main] org.apache.catalina.core.StandardEngine.startInternal 서버 엔진을 시작합니다: [Apache Tomcat/9.0.109]
23-Sep-2025 17:09:05.245 정보 [main] org.apache.catalina.startup.HostConfig.deployDescriptor 배치 descriptor [C:\dev\workspace\jsp_webapp\src\main\webapp\conf\Catalina\localhost\ROOT.xml]을(를) 배치합니다.
23-Sep-2025 17:09:05.956 경고 [main] org.apache.catalina.util.SessionIdGeneratorBase.createSecureRandom [SHA1PRNG] 알고리즘을 사용하여, 세션 ID를 생성하기 위한 SecureRandom 객체를 생성하는데, [174] 밀리초가 소요됐습니다.
23-Sep-2025 17:09:05.995 정보 [main] org.apache.catalina.startup.HostConfig.deployDescriptor 배치 descriptor [C:\dev\workspace\jsp_webapp\src\main\webapp\conf\Catalina\localhost\ROOT.xml]의 배치가 [749] 밀리초 내에 완료되었습니다.
23-Sep-2025 17:09:06.001 정보 [main] org.apache.coyote.AbstractProtocol.start 프로토콜 핸들러 ["http-nio-8080"]을(를) 시작합니다.
23-Sep-2025 17:09:06.191 정보 [main] org.apache.catalina.startup.Catalina.start 서버가 [1041] 밀리초 내에 시작되었습니다.
23-Sep-2025 17:09:22.248 정보 [Thread-1] org.apache.coyote.AbstractProtocol.pause 프로토콜 핸들러 ["http-nio-8080"]을(를) 일시 정지 중
23-Sep-2025 17:09:23.454 정보 [Thread-1] org.apache.catalina.core.StandardService.stopInternal 서비스 [Catalina]을(를) 중지시킵니다.
23-Sep-2025 17:09:23.468 정보 [Thread-1] org.apache.coyote.AbstractProtocol.stop 프로토콜 핸들러 ["http-nio-8080"]을(를) 중지시킵니다.
23-Sep-2025 17:09:23.484 정보 [Thread-1] org.apache.coyote.AbstractProtocol.destroy 프로토콜 핸들러 ["http-nio-8080"]을(를) 소멸시킵니다.
23-Sep-2025 17:16:31.667 정보 [main] org.apache.catalina.startup.VersionLoggerListener.log 서버 버전 이름:    Apache Tomcat/9.0.109
23-Sep-2025 17:16:31.672 정보 [main] org.apache.catalina.startup.VersionLoggerListener.log Server 빌드 시각:  Sep 1 2025 12:15:33 UTC
23-Sep-2025 17:16:31.672 정보 [main] org.apache.catalina.startup.VersionLoggerListener.log Server 버전 번호:  9.0.109.0
23-Sep-2025 17:16:31.672 정보 [main] org.apache.catalina.startup.VersionLoggerListener.log 운영체제 이름:     Windows 10
23-Sep-2025 17:16:31.673 정보 [main] org.apache.catalina.startup.VersionLoggerListener.log 운영체제 버전:     10.0
23-Sep-2025 17:16:31.673 정보 [main] org.apache.catalina.startup.VersionLoggerListener.log 아키텍처:          amd64
23-Sep-2025 17:16:31.673 정보 [main] org.apache.catalina.startup.VersionLoggerListener.log 자바 홈:           C:\Users\wd\.jdks\ms-17.0.16
23-Sep-2025 17:16:31.673 정보 [main] org.apache.catalina.startup.VersionLoggerListener.log JVM 버전:          17.0.16+8-LTS
23-Sep-2025 17:16:31.673 정보 [main] org.apache.catalina.startup.VersionLoggerListener.log JVM 벤더:          Microsoft
23-Sep-2025 17:16:31.673 정보 [main] org.apache.catalina.startup.VersionLoggerListener.log CATALINA_BASE:     C:\dev\workspace\jsp_webapp\src\main\webapp
23-Sep-2025 17:16:31.674 정보 [main] org.apache.catalina.startup.VersionLoggerListener.log CATALINA_HOME:     C:\dev\apache-tomcat-9.0.109
23-Sep-2025 17:16:31.685 정보 [main] org.apache.catalina.startup.VersionLoggerListener.log 명령 행 아규먼트:  --add-opens=java.base/java.lang=ALL-UNNAMED
23-Sep-2025 17:16:31.685 정보 [main] org.apache.catalina.startup.VersionLoggerListener.log 명령 행 아규먼트:  --add-opens=java.base/java.io=ALL-UNNAMED
23-Sep-2025 17:16:31.685 정보 [main] org.apache.catalina.startup.VersionLoggerListener.log 명령 행 아규먼트:  --add-opens=java.base/java.util=ALL-UNNAMED
23-Sep-2025 17:16:31.685 정보 [main] org.apache.catalina.startup.VersionLoggerListener.log 명령 행 아규먼트:  --add-opens=java.base/java.util.concurrent=ALL-UNNAMED
23-Sep-2025 17:16:31.685 정보 [main] org.apache.catalina.startup.VersionLoggerListener.log 명령 행 아규먼트:  --add-opens=java.rmi/sun.rmi.transport=ALL-UNNAMED
23-Sep-2025 17:16:31.685 정보 [main] org.apache.catalina.startup.VersionLoggerListener.log 명령 행 아규먼트:  -Dconsole.encoding=UTF-8
23-Sep-2025 17:16:31.685 정보 [main] org.apache.catalina.startup.VersionLoggerListener.log 명령 행 아규먼트:  -Djava.util.logging.config.file=C:\dev\apache-tomcat-9.0.109\conf\logging.properties
23-Sep-2025 17:16:31.686 정보 [main] org.apache.catalina.startup.VersionLoggerListener.log 명령 행 아규먼트:  -Dsun.stdout.encoding=UTF-8
23-Sep-2025 17:16:31.686 정보 [main] org.apache.catalina.startup.VersionLoggerListener.log 명령 행 아규먼트:  -Dsun.stderr.encoding=UTF-8
23-Sep-2025 17:16:31.686 정보 [main] org.apache.catalina.startup.VersionLoggerListener.log 명령 행 아규먼트:  -Dcatalina.home=C:\dev\apache-tomcat-9.0.109
23-Sep-2025 17:16:31.686 정보 [main] org.apache.catalina.startup.VersionLoggerListener.log 명령 행 아규먼트:  -Dcatalina.base=C:\dev\workspace\jsp_webapp\src\main\webapp
23-Sep-2025 17:16:31.687 정보 [main] org.apache.catalina.startup.VersionLoggerListener.log 명령 행 아규먼트:  -Djava.io.tmpdir=C:\dev\workspace\jsp_webapp\src\main\webapp\temp
23-Sep-2025 17:16:31.687 정보 [main] org.apache.catalina.startup.VersionLoggerListener.log 명령 행 아규먼트:  -Djava.util.logging.manager=org.apache.juli.ClassLoaderLogManager
23-Sep-2025 17:16:31.687 정보 [main] org.apache.catalina.startup.VersionLoggerListener.log 명령 행 아규먼트:  -javaagent:C:\Program Files\JetBrains\IntelliJ IDEA Community Edition 2024.3.3\lib\idea_rt.jar=50966:C:\Program Files\JetBrains\IntelliJ IDEA Community Edition 2024.3.3\bin
23-Sep-2025 17:16:31.687 정보 [main] org.apache.catalina.startup.VersionLoggerListener.log 명령 행 아규먼트:  -Dfile.encoding=UTF-8
23-Sep-2025 17:16:31.710 정보 [main] org.apache.catalina.core.AprLifecycleListener.lifecycleEvent 프로덕션 환경들에서 최적의 성능을 제공하는, APR 기반 Apache Tomcat Native 라이브러리가, 다음 java.library.path에서 발견되지 않습니다: [C:\Users\wd\.jdks\ms-17.0.16\bin;C:\WINDOWS\Sun\Java\bin;C:\WINDOWS\system32;C:\WINDOWS;C:\Program Files\Eclipse Adoptium\jdk-17.0.14.7-hotspot\bin;C:\Program Files\MySQL\MySQL Server 8.0\bin;C:\Terraform;C:\WINDOWS\system32;C:\WINDOWS;C:\WINDOWS\System32\Wbem;C:\WINDOWS\System32\WindowsPowerShell\v1.0\;C:\WINDOWS\System32\OpenSSH\;C:\Program Files\nodejs\;C:\Program Files\Amazon\AWSCLIV2\;C:\Program Files\dotnet\;C:\Program Files\Git\cmd;C:\Program Files\Docker\Docker\resources\bin;C:\Eclipse Adoptium\jdk-17.0.16.8-hotspot\bin;C:\Users\wd\AppData\Local\Microsoft\WindowsApps;C:\Program Files\JetBrains\IntelliJ IDEA Community Edition 2024.3.3\bin;;C:\Users\wd\AppData\Roaming\npm;C:\Program Files\JetBrains\IntelliJ IDEA 2025.1.1.1\bin;;C:\Users\wd\AppData\Local\Programs\Microsoft VS Code\bin;;.]
23-Sep-2025 17:16:32.183 정보 [main] org.apache.coyote.AbstractProtocol.init 프로토콜 핸들러 ["http-nio-8080"]을(를) 초기화합니다.
23-Sep-2025 17:16:32.206 정보 [main] org.apache.catalina.startup.Catalina.load [901] 밀리초 내에 서버가 초기화되었습니다.
23-Sep-2025 17:16:32.293 정보 [main] org.apache.catalina.core.StandardService.startInternal 서비스 [Catalina]을(를) 시작합니다.
23-Sep-2025 17:16:32.293 정보 [main] org.apache.catalina.core.StandardEngine.startInternal 서버 엔진을 시작합니다: [Apache Tomcat/9.0.109]
23-Sep-2025 17:16:32.310 정보 [main] org.apache.catalina.startup.HostConfig.deployDescriptor 배치 descriptor [C:\dev\workspace\jsp_webapp\src\main\webapp\conf\Catalina\localhost\ROOT.xml]을(를) 배치합니다.
23-Sep-2025 17:16:33.239 경고 [main] org.apache.catalina.util.SessionIdGeneratorBase.createSecureRandom [SHA1PRNG] 알고리즘을 사용하여, 세션 ID를 생성하기 위한 SecureRandom 객체를 생성하는데, [182] 밀리초가 소요됐습니다.
23-Sep-2025 17:16:33.284 정보 [main] org.apache.catalina.startup.HostConfig.deployDescriptor 배치 descriptor [C:\dev\workspace\jsp_webapp\src\main\webapp\conf\Catalina\localhost\ROOT.xml]의 배치가 [973] 밀리초 내에 완료되었습니다.
23-Sep-2025 17:16:33.291 정보 [main] org.apache.coyote.AbstractProtocol.start 프로토콜 핸들러 ["http-nio-8080"]을(를) 시작합니다.
23-Sep-2025 17:16:33.495 정보 [main] org.apache.catalina.startup.Catalina.start 서버가 [1288] 밀리초 내에 시작되었습니다.
23-Sep-2025 17:18:30.275 정보 [Thread-1] org.apache.coyote.AbstractProtocol.pause 프로토콜 핸들러 ["http-nio-8080"]을(를) 일시 정지 중
23-Sep-2025 17:18:31.422 정보 [Thread-1] org.apache.catalina.core.StandardService.stopInternal 서비스 [Catalina]을(를) 중지시킵니다.
23-Sep-2025 17:18:31.434 정보 [Thread-1] org.apache.coyote.AbstractProtocol.stop 프로토콜 핸들러 ["http-nio-8080"]을(를) 중지시킵니다.
23-Sep-2025 17:18:31.449 정보 [Thread-1] org.apache.coyote.AbstractProtocol.destroy 프로토콜 핸들러 ["http-nio-8080"]을(를) 소멸시킵니다.
23-Sep-2025 17:23:59.016 정보 [main] org.apache.catalina.startup.VersionLoggerListener.log 서버 버전 이름:    Apache Tomcat/9.0.109
23-Sep-2025 17:23:59.021 정보 [main] org.apache.catalina.startup.VersionLoggerListener.log Server 빌드 시각:  Sep 1 2025 12:15:33 UTC
23-Sep-2025 17:23:59.021 정보 [main] org.apache.catalina.startup.VersionLoggerListener.log Server 버전 번호:  9.0.109.0
23-Sep-2025 17:23:59.021 정보 [main] org.apache.catalina.startup.VersionLoggerListener.log 운영체제 이름:     Windows 10
23-Sep-2025 17:23:59.022 정보 [main] org.apache.catalina.startup.VersionLoggerListener.log 운영체제 버전:     10.0
23-Sep-2025 17:23:59.022 정보 [main] org.apache.catalina.startup.VersionLoggerListener.log 아키텍처:          amd64
23-Sep-2025 17:23:59.022 정보 [main] org.apache.catalina.startup.VersionLoggerListener.log 자바 홈:           C:\Users\wd\.jdks\ms-17.0.16
23-Sep-2025 17:23:59.023 정보 [main] org.apache.catalina.startup.VersionLoggerListener.log JVM 버전:          17.0.16+8-LTS
23-Sep-2025 17:23:59.023 정보 [main] org.apache.catalina.startup.VersionLoggerListener.log JVM 벤더:          Microsoft
23-Sep-2025 17:23:59.024 정보 [main] org.apache.catalina.startup.VersionLoggerListener.log CATALINA_BASE:     C:\dev\workspace\jsp_webapp\src\main\webapp
23-Sep-2025 17:23:59.024 정보 [main] org.apache.catalina.startup.VersionLoggerListener.log CATALINA_HOME:     C:\dev\apache-tomcat-9.0.109
23-Sep-2025 17:23:59.036 정보 [main] org.apache.catalina.startup.VersionLoggerListener.log 명령 행 아규먼트:  --add-opens=java.base/java.lang=ALL-UNNAMED
23-Sep-2025 17:23:59.036 정보 [main] org.apache.catalina.startup.VersionLoggerListener.log 명령 행 아규먼트:  --add-opens=java.base/java.io=ALL-UNNAMED
23-Sep-2025 17:23:59.036 정보 [main] org.apache.catalina.startup.VersionLoggerListener.log 명령 행 아규먼트:  --add-opens=java.base/java.util=ALL-UNNAMED
23-Sep-2025 17:23:59.037 정보 [main] org.apache.catalina.startup.VersionLoggerListener.log 명령 행 아규먼트:  --add-opens=java.base/java.util.concurrent=ALL-UNNAMED
23-Sep-2025 17:23:59.037 정보 [main] org.apache.catalina.startup.VersionLoggerListener.log 명령 행 아규먼트:  --add-opens=java.rmi/sun.rmi.transport=ALL-UNNAMED
23-Sep-2025 17:23:59.037 정보 [main] org.apache.catalina.startup.VersionLoggerListener.log 명령 행 아규먼트:  -Dconsole.encoding=UTF-8
23-Sep-2025 17:23:59.037 정보 [main] org.apache.catalina.startup.VersionLoggerListener.log 명령 행 아규먼트:  -Djava.util.logging.config.file=C:\dev\apache-tomcat-9.0.109\conf\logging.properties
23-Sep-2025 17:23:59.037 정보 [main] org.apache.catalina.startup.VersionLoggerListener.log 명령 행 아규먼트:  -Dsun.stdout.encoding=UTF-8
23-Sep-2025 17:23:59.038 정보 [main] org.apache.catalina.startup.VersionLoggerListener.log 명령 행 아규먼트:  -Dsun.stderr.encoding=UTF-8
23-Sep-2025 17:23:59.038 정보 [main] org.apache.catalina.startup.VersionLoggerListener.log 명령 행 아규먼트:  -Dcatalina.home=C:\dev\apache-tomcat-9.0.109
23-Sep-2025 17:23:59.038 정보 [main] org.apache.catalina.startup.VersionLoggerListener.log 명령 행 아규먼트:  -Dcatalina.base=C:\dev\workspace\jsp_webapp\src\main\webapp
23-Sep-2025 17:23:59.038 정보 [main] org.apache.catalina.startup.VersionLoggerListener.log 명령 행 아규먼트:  -Djava.io.tmpdir=C:\dev\workspace\jsp_webapp\src\main\webapp\temp
23-Sep-2025 17:23:59.038 정보 [main] org.apache.catalina.startup.VersionLoggerListener.log 명령 행 아규먼트:  -Djava.util.logging.manager=org.apache.juli.ClassLoaderLogManager
23-Sep-2025 17:23:59.038 정보 [main] org.apache.catalina.startup.VersionLoggerListener.log 명령 행 아규먼트:  -javaagent:C:\Program Files\JetBrains\IntelliJ IDEA Community Edition 2024.3.3\lib\idea_rt.jar=51473:C:\Program Files\JetBrains\IntelliJ IDEA Community Edition 2024.3.3\bin
23-Sep-2025 17:23:59.038 정보 [main] org.apache.catalina.startup.VersionLoggerListener.log 명령 행 아규먼트:  -Dfile.encoding=UTF-8
23-Sep-2025 17:23:59.060 정보 [main] org.apache.catalina.core.AprLifecycleListener.lifecycleEvent 프로덕션 환경들에서 최적의 성능을 제공하는, APR 기반 Apache Tomcat Native 라이브러리가, 다음 java.library.path에서 발견되지 않습니다: [C:\Users\wd\.jdks\ms-17.0.16\bin;C:\WINDOWS\Sun\Java\bin;C:\WINDOWS\system32;C:\WINDOWS;C:\Program Files\Eclipse Adoptium\jdk-17.0.14.7-hotspot\bin;C:\Program Files\MySQL\MySQL Server 8.0\bin;C:\Terraform;C:\WINDOWS\system32;C:\WINDOWS;C:\WINDOWS\System32\Wbem;C:\WINDOWS\System32\WindowsPowerShell\v1.0\;C:\WINDOWS\System32\OpenSSH\;C:\Program Files\nodejs\;C:\Program Files\Amazon\AWSCLIV2\;C:\Program Files\dotnet\;C:\Program Files\Git\cmd;C:\Program Files\Docker\Docker\resources\bin;C:\Eclipse Adoptium\jdk-17.0.16.8-hotspot\bin;C:\Users\wd\AppData\Local\Microsoft\WindowsApps;C:\Program Files\JetBrains\IntelliJ IDEA Community Edition 2024.3.3\bin;;C:\Users\wd\AppData\Roaming\npm;C:\Program Files\JetBrains\IntelliJ IDEA 2025.1.1.1\bin;;C:\Users\wd\AppData\Local\Programs\Microsoft VS Code\bin;;.]
23-Sep-2025 17:23:59.448 정보 [main] org.apache.coyote.AbstractProtocol.init 프로토콜 핸들러 ["http-nio-8080"]을(를) 초기화합니다.
23-Sep-2025 17:23:59.470 정보 [main] org.apache.catalina.startup.Catalina.load [770] 밀리초 내에 서버가 초기화되었습니다.
23-Sep-2025 17:23:59.529 정보 [main] org.apache.catalina.core.StandardService.startInternal 서비스 [Catalina]을(를) 시작합니다.
23-Sep-2025 17:23:59.529 정보 [main] org.apache.catalina.core.StandardEngine.startInternal 서버 엔진을 시작합니다: [Apache Tomcat/9.0.109]
23-Sep-2025 17:23:59.544 정보 [main] org.apache.catalina.startup.HostConfig.deployDescriptor 배치 descriptor [C:\dev\workspace\jsp_webapp\src\main\webapp\conf\Catalina\localhost\ROOT.xml]을(를) 배치합니다.
23-Sep-2025 17:24:00.229 경고 [main] org.apache.catalina.util.SessionIdGeneratorBase.createSecureRandom [SHA1PRNG] 알고리즘을 사용하여, 세션 ID를 생성하기 위한 SecureRandom 객체를 생성하는데, [176] 밀리초가 소요됐습니다.
23-Sep-2025 17:24:00.262 정보 [main] org.apache.catalina.startup.HostConfig.deployDescriptor 배치 descriptor [C:\dev\workspace\jsp_webapp\src\main\webapp\conf\Catalina\localhost\ROOT.xml]의 배치가 [718] 밀리초 내에 완료되었습니다.
23-Sep-2025 17:24:00.277 정보 [main] org.apache.coyote.AbstractProtocol.start 프로토콜 핸들러 ["http-nio-8080"]을(를) 시작합니다.
23-Sep-2025 17:24:00.467 정보 [main] org.apache.catalina.startup.Catalina.start 서버가 [996] 밀리초 내에 시작되었습니다.
23-Sep-2025 17:26:01.347 정보 [Thread-1] org.apache.coyote.AbstractProtocol.pause 프로토콜 핸들러 ["http-nio-8080"]을(를) 일시 정지 중
23-Sep-2025 17:26:02.372 정보 [Thread-1] org.apache.catalina.core.StandardService.stopInternal 서비스 [Catalina]을(를) 중지시킵니다.
23-Sep-2025 17:26:02.382 정보 [Thread-1] org.apache.coyote.AbstractProtocol.stop 프로토콜 핸들러 ["http-nio-8080"]을(를) 중지시킵니다.
23-Sep-2025 17:26:02.385 정보 [Thread-1] org.apache.coyote.AbstractProtocol.destroy 프로토콜 핸들러 ["http-nio-8080"]을(를) 소멸시킵니다.
23-Sep-2025 17:26:04.142 蹂 [main] org.apache.catalina.startup.VersionLoggerListener.log 踰 踰 대:    Apache Tomcat/9.0.109
23-Sep-2025 17:26:04.150 蹂 [main] org.apache.catalina.startup.VersionLoggerListener.log Server 鍮 媛:  Sep 1 2025 12:15:33 UTC
23-Sep-2025 17:26:04.151 蹂 [main] org.apache.catalina.startup.VersionLoggerListener.log Server 踰 踰:  9.0.109.0
23-Sep-2025 17:26:04.151 蹂 [main] org.apache.catalina.startup.VersionLoggerListener.log 댁泥댁 대:     Windows 10
23-Sep-2025 17:26:04.151 蹂 [main] org.apache.catalina.startup.VersionLoggerListener.log 댁泥댁 踰:     10.0
23-Sep-2025 17:26:04.151 蹂 [main] org.apache.catalina.startup.VersionLoggerListener.log ㅽ泥:          amd64
23-Sep-2025 17:26:04.152 蹂 [main] org.apache.catalina.startup.VersionLoggerListener.log 諛 :           C:\Users\wd\.jdks\ms-17.0.16
23-Sep-2025 17:26:04.152 蹂 [main] org.apache.catalina.startup.VersionLoggerListener.log JVM 踰:          17.0.16+8-LTS
23-Sep-2025 17:26:04.153 蹂 [main] org.apache.catalina.startup.VersionLoggerListener.log JVM 踰ㅻ:          Microsoft
23-Sep-2025 17:26:04.153 蹂 [main] org.apache.catalina.startup.VersionLoggerListener.log CATALINA_BASE:     C:\dev\workspace\jsp_webapp\src\main\webapp
23-Sep-2025 17:26:04.153 蹂 [main] org.apache.catalina.startup.VersionLoggerListener.log CATALINA_HOME:     C:\dev\apache-tomcat-9.0.109
23-Sep-2025 17:26:04.172 蹂 [main] org.apache.catalina.startup.VersionLoggerListener.log 紐  洹癒쇳:  --add-opens=java.base/java.lang=ALL-UNNAMED
23-Sep-2025 17:26:04.172 蹂 [main] org.apache.catalina.startup.VersionLoggerListener.log 紐  洹癒쇳:  --add-opens=java.base/java.io=ALL-UNNAMED
23-Sep-2025 17:26:04.173 蹂 [main] org.apache.catalina.startup.VersionLoggerListener.log 紐  洹癒쇳:  --add-opens=java.base/java.util=ALL-UNNAMED
23-Sep-2025 17:26:04.173 蹂 [main] org.apache.catalina.startup.VersionLoggerListener.log 紐  洹癒쇳:  --add-opens=java.base/java.util.concurrent=ALL-UNNAMED
23-Sep-2025 17:26:04.174 蹂 [main] org.apache.catalina.startup.VersionLoggerListener.log 紐  洹癒쇳:  --add-opens=java.rmi/sun.rmi.transport=ALL-UNNAMED
23-Sep-2025 17:26:04.174 蹂 [main] org.apache.catalina.startup.VersionLoggerListener.log 紐  洹癒쇳:  -Dconsole.encoding=UTF-8
23-Sep-2025 17:26:04.175 蹂 [main] org.apache.catalina.startup.VersionLoggerListener.log 紐  洹癒쇳:  -Djava.util.logging.config.file=C:\dev\apache-tomcat-9.0.109\conf\logging.properties
23-Sep-2025 17:26:04.175 蹂 [main] org.apache.catalina.startup.VersionLoggerListener.log 紐  洹癒쇳:  -Dsun.stdout.encoding=UTF-8
23-Sep-2025 17:26:04.175 蹂 [main] org.apache.catalina.startup.VersionLoggerListener.log 紐  洹癒쇳:  -Dsun.stderr.encoding=UTF-8
23-Sep-2025 17:26:04.176 蹂 [main] org.apache.catalina.startup.VersionLoggerListener.log 紐  洹癒쇳:  -Dcatalina.home=C:\dev\apache-tomcat-9.0.109
23-Sep-2025 17:26:04.176 蹂 [main] org.apache.catalina.startup.VersionLoggerListener.log 紐  洹癒쇳:  -Dcatalina.base=C:\dev\workspace\jsp_webapp\src\main\webapp
23-Sep-2025 17:26:04.176 蹂 [main] org.apache.catalina.startup.VersionLoggerListener.log 紐  洹癒쇳:  -Djava.io.tmpdir=C:\dev\workspace\jsp_webapp\src\main\webapp\temp
23-Sep-2025 17:26:04.176 蹂 [main] org.apache.catalina.startup.VersionLoggerListener.log 紐  洹癒쇳:  -Djava.util.logging.manager=org.apache.juli.ClassLoaderLogManager
23-Sep-2025 17:26:04.176 蹂 [main] org.apache.catalina.startup.VersionLoggerListener.log 紐  洹癒쇳:  -javaagent:C:\Program Files\JetBrains\IntelliJ IDEA Community Edition 2024.3.3\lib\idea_rt.jar=51560:C:\Program Files\JetBrains\IntelliJ IDEA Community Edition 2024.3.3\bin
23-Sep-2025 17:26:04.177 蹂 [main] org.apache.catalina.startup.VersionLoggerListener.log 紐  洹癒쇳:  -Dfile.encoding=UTF-8
23-Sep-2025 17:26:04.199 蹂 [main] org.apache.catalina.core.AprLifecycleListener.lifecycleEvent 濡 寃쎈ㅼ 理 깅μ 怨듯, APR 湲곕 Apache Tomcat Native 쇱대щ━媛, ㅼ java.library.path 諛寃щ吏 듬: [C:\Users\wd\.jdks\ms-17.0.16\bin;C:\WINDOWS\Sun\Java\bin;C:\WINDOWS\system32;C:\WINDOWS;C:\Program Files\Eclipse Adoptium\jdk-17.0.14.7-hotspot\bin;C:\Program Files\MySQL\MySQL Server 8.0\bin;C:\Terraform;C:\WINDOWS\system32;C:\WINDOWS;C:\WINDOWS\System32\Wbem;C:\WINDOWS\System32\WindowsPowerShell\v1.0\;C:\WINDOWS\System32\OpenSSH\;C:\Program Files\nodejs\;C:\Program Files\Amazon\AWSCLIV2\;C:\Program Files\dotnet\;C:\Program Files\Git\cmd;C:\Program Files\Docker\Docker\resources\bin;C:\Eclipse Adoptium\jdk-17.0.16.8-hotspot\bin;C:\Users\wd\AppData\Local\Microsoft\WindowsApps;C:\Program Files\JetBrains\IntelliJ IDEA Community Edition 2024.3.3\bin;;C:\Users\wd\AppData\Roaming\npm;C:\Program Files\JetBrains\IntelliJ IDEA 2025.1.1.1\bin;;C:\Users\wd\AppData\Local\Programs\Microsoft VS Code\bin;;.]
23-Sep-2025 17:26:04.687 蹂 [main] org.apache.coyote.AbstractProtocol.init 濡肄 몃ㅻ ["http-nio-8080"](瑜) 珥湲고⑸.
23-Sep-2025 17:26:04.720 蹂 [main] org.apache.catalina.startup.Catalina.load [968] 諛由ъ 댁 踰媛 珥湲고듬.
23-Sep-2025 17:26:04.818 蹂 [main] org.apache.catalina.core.StandardService.startInternal 鍮 [Catalina](瑜) ⑸.
23-Sep-2025 17:26:04.818 蹂 [main] org.apache.catalina.core.StandardEngine.startInternal 踰 吏 ⑸: [Apache Tomcat/9.0.109]
23-Sep-2025 17:26:04.832 蹂 [main] org.apache.catalina.startup.HostConfig.deployDescriptor 諛곗 descriptor [C:\dev\workspace\jsp_webapp\src\main\webapp\conf\Catalina\localhost\ROOT.xml](瑜) 諛곗⑸.
23-Sep-2025 17:26:05.546 寃쎄 [main] org.apache.catalina.util.SessionIdGeneratorBase.createSecureRandom [SHA1PRNG] 怨由ъ ъ⑺, 몄 ID瑜 깊湲  SecureRandom 媛泥대 깊, [153] 諛由ъ媛 듬.
23-Sep-2025 17:26:05.573 蹂 [main] org.apache.catalina.startup.HostConfig.deployDescriptor 諛곗 descriptor [C:\dev\workspace\jsp_webapp\src\main\webapp\conf\Catalina\localhost\ROOT.xml] 諛곗媛 [741] 諛由ъ 댁 猷듬.
23-Sep-2025 17:26:05.580 蹂 [main] org.apache.coyote.AbstractProtocol.start 濡肄 몃ㅻ ["http-nio-8080"](瑜) ⑸.
23-Sep-2025 17:26:05.741 蹂 [main] org.apache.catalina.startup.Catalina.start 踰媛 [1021] 諛由ъ 댁 듬.
23-Sep-2025 17:46:12.158 蹂 [Thread-1] org.apache.coyote.AbstractProtocol.pause 濡肄 몃ㅻ ["http-nio-8080"](瑜) 쇱 吏 以
23-Sep-2025 17:46:13.182 蹂 [Thread-1] org.apache.catalina.core.StandardService.stopInternal 鍮 [Catalina](瑜) 以吏듬.
23-Sep-2025 17:46:13.198 蹂 [Thread-1] org.apache.coyote.AbstractProtocol.stop 濡肄 몃ㅻ ["http-nio-8080"](瑜) 以吏듬.
23-Sep-2025 17:46:13.211 蹂 [Thread-1] org.apache.coyote.AbstractProtocol.destroy 濡肄 몃ㅻ ["http-nio-8080"](瑜) 硫몄듬.
