30-Sep-2025 09:31:02.166 정보 [main] org.apache.catalina.startup.VersionLoggerListener.log 서버 버전 이름:    Apache Tomcat/9.0.109
30-Sep-2025 09:31:02.174 정보 [main] org.apache.catalina.startup.VersionLoggerListener.log Server 빌드 시각:  Sep 1 2025 12:15:33 UTC
30-Sep-2025 09:31:02.175 정보 [main] org.apache.catalina.startup.VersionLoggerListener.log Server 버전 번호:  9.0.109.0
30-Sep-2025 09:31:02.175 정보 [main] org.apache.catalina.startup.VersionLoggerListener.log 운영체제 이름:     Windows 10
30-Sep-2025 09:31:02.176 정보 [main] org.apache.catalina.startup.VersionLoggerListener.log 운영체제 버전:     10.0
30-Sep-2025 09:31:02.176 정보 [main] org.apache.catalina.startup.VersionLoggerListener.log 아키텍처:          amd64
30-Sep-2025 09:31:02.176 정보 [main] org.apache.catalina.startup.VersionLoggerListener.log 자바 홈:           C:\Eclipse Adoptium\jdk-17.0.16.8-hotspot
30-Sep-2025 09:31:02.176 정보 [main] org.apache.catalina.startup.VersionLoggerListener.log JVM 버전:          17.0.16+8
30-Sep-2025 09:31:02.176 정보 [main] org.apache.catalina.startup.VersionLoggerListener.log JVM 벤더:          Eclipse Adoptium
30-Sep-2025 09:31:02.177 정보 [main] org.apache.catalina.startup.VersionLoggerListener.log CATALINA_BASE:     C:\dev\workspace\jsp_webapp\src\main\webapp
30-Sep-2025 09:31:02.177 정보 [main] org.apache.catalina.startup.VersionLoggerListener.log CATALINA_HOME:     C:\dev\apache-tomcat-9.0.109
30-Sep-2025 09:31:02.189 정보 [main] org.apache.catalina.startup.VersionLoggerListener.log 명령 행 아규먼트:  --add-opens=java.base/java.lang=ALL-UNNAMED
30-Sep-2025 09:31:02.190 정보 [main] org.apache.catalina.startup.VersionLoggerListener.log 명령 행 아규먼트:  --add-opens=java.base/java.io=ALL-UNNAMED
30-Sep-2025 09:31:02.190 정보 [main] org.apache.catalina.startup.VersionLoggerListener.log 명령 행 아규먼트:  --add-opens=java.base/java.util=ALL-UNNAMED
30-Sep-2025 09:31:02.190 정보 [main] org.apache.catalina.startup.VersionLoggerListener.log 명령 행 아규먼트:  --add-opens=java.base/java.util.concurrent=ALL-UNNAMED
30-Sep-2025 09:31:02.190 정보 [main] org.apache.catalina.startup.VersionLoggerListener.log 명령 행 아규먼트:  --add-opens=java.rmi/sun.rmi.transport=ALL-UNNAMED
30-Sep-2025 09:31:02.190 정보 [main] org.apache.catalina.startup.VersionLoggerListener.log 명령 행 아규먼트:  -Dconsole.encoding=UTF-8
30-Sep-2025 09:31:02.190 정보 [main] org.apache.catalina.startup.VersionLoggerListener.log 명령 행 아규먼트:  -Djava.util.logging.config.file=C:\dev\apache-tomcat-9.0.109\conf\logging.properties
30-Sep-2025 09:31:02.190 정보 [main] org.apache.catalina.startup.VersionLoggerListener.log 명령 행 아규먼트:  -Dsun.stdout.encoding=UTF-8
30-Sep-2025 09:31:02.190 정보 [main] org.apache.catalina.startup.VersionLoggerListener.log 명령 행 아규먼트:  -Dsun.stderr.encoding=UTF-8
30-Sep-2025 09:31:02.191 정보 [main] org.apache.catalina.startup.VersionLoggerListener.log 명령 행 아규먼트:  -Dcatalina.home=C:\dev\apache-tomcat-9.0.109
30-Sep-2025 09:31:02.191 정보 [main] org.apache.catalina.startup.VersionLoggerListener.log 명령 행 아규먼트:  -Dcatalina.base=C:\dev\workspace\jsp_webapp\src\main\webapp
30-Sep-2025 09:31:02.191 정보 [main] org.apache.catalina.startup.VersionLoggerListener.log 명령 행 아규먼트:  -Djava.io.tmpdir=C:\dev\workspace\jsp_webapp\src\main\webapp\temp
30-Sep-2025 09:31:02.191 정보 [main] org.apache.catalina.startup.VersionLoggerListener.log 명령 행 아규먼트:  -Djava.util.logging.manager=org.apache.juli.ClassLoaderLogManager
30-Sep-2025 09:31:02.191 정보 [main] org.apache.catalina.startup.VersionLoggerListener.log 명령 행 아규먼트:  -javaagent:C:\Program Files\JetBrains\IntelliJ IDEA 2025.1.1.1\lib\idea_rt.jar=51925
30-Sep-2025 09:31:02.191 정보 [main] org.apache.catalina.startup.VersionLoggerListener.log 명령 행 아규먼트:  -Dfile.encoding=UTF-8
30-Sep-2025 09:31:02.216 정보 [main] org.apache.catalina.core.AprLifecycleListener.lifecycleEvent 프로덕션 환경들에서 최적의 성능을 제공하는, APR 기반 Apache Tomcat Native 라이브러리가, 다음 java.library.path에서 발견되지 않습니다: [C:\Eclipse Adoptium\jdk-17.0.16.8-hotspot\bin;C:\WINDOWS\Sun\Java\bin;C:\WINDOWS\system32;C:\WINDOWS;C:\Eclipse Adoptium\jdk-17.0.16.8-hotspot\bin;C:\Program Files\MySQL\MySQL Server 8.0\bin;C:\Terraform;C:\WINDOWS\system32;C:\WINDOWS;C:\WINDOWS\System32\Wbem;C:\WINDOWS\System32\WindowsPowerShell\v1.0\;C:\WINDOWS\System32\OpenSSH\;C:\Program Files\nodejs\;C:\Program Files\Amazon\AWSCLIV2\;C:\Program Files\dotnet\;C:\Program Files\Git\cmd;C:\Program Files\Docker\Docker\resources\bin;C:\Eclipse Adoptium\jdk-17.0.16.8-hotspot\bin;C:\Users\wd\AppData\Local\Microsoft\WindowsApps;C:\Program Files\JetBrains\IntelliJ IDEA Community Edition 2024.3.3\bin;;C:\Users\wd\AppData\Roaming\npm;C:\Program Files\JetBrains\IntelliJ IDEA 2025.1.1.1\bin;;C:\Users\wd\AppData\Local\Programs\Microsoft VS Code\bin;;.]
30-Sep-2025 09:31:02.749 정보 [main] org.apache.coyote.AbstractProtocol.init 프로토콜 핸들러 ["http-nio-8080"]을(를) 초기화합니다.
30-Sep-2025 09:31:02.810 정보 [main] org.apache.catalina.startup.Catalina.load [1026] 밀리초 내에 서버가 초기화되었습니다.
30-Sep-2025 09:31:02.960 정보 [main] org.apache.catalina.core.StandardService.startInternal 서비스 [Catalina]을(를) 시작합니다.
30-Sep-2025 09:31:02.961 정보 [main] org.apache.catalina.core.StandardEngine.startInternal 서버 엔진을 시작합니다: [Apache Tomcat/9.0.109]
30-Sep-2025 09:31:02.981 정보 [main] org.apache.catalina.startup.HostConfig.deployDescriptor 배치 descriptor [C:\dev\workspace\jsp_webapp\src\main\webapp\conf\Catalina\localhost\ROOT.xml]을(를) 배치합니다.
30-Sep-2025 09:31:08.639 정보 [main] org.apache.jasper.servlet.TldScanner.scanJars 적어도 하나의 JAR가 TLD들을 찾기 위해 스캔되었으나 아무 것도 찾지 못했습니다. 스캔했으나 TLD가 없는 JAR들의 전체 목록을 보시려면, 로그 레벨을 디버그 레벨로 설정하십시오. 스캔 과정에서 불필요한 JAR들을 건너뛰면, 시스템 시작 시간과 JSP 컴파일 시간을 단축시킬 수 있습니다.
30-Sep-2025 09:31:09.018 경고 [main] org.apache.catalina.util.SessionIdGeneratorBase.createSecureRandom [SHA1PRNG] 알고리즘을 사용하여, 세션 ID를 생성하기 위한 SecureRandom 객체를 생성하는데, [254] 밀리초가 소요됐습니다.
30-Sep-2025 09:31:09.063 정보 [main] org.apache.catalina.startup.HostConfig.deployDescriptor 배치 descriptor [C:\dev\workspace\jsp_webapp\src\main\webapp\conf\Catalina\localhost\ROOT.xml]의 배치가 [6,081] 밀리초 내에 완료되었습니다.
30-Sep-2025 09:31:09.084 정보 [main] org.apache.coyote.AbstractProtocol.start 프로토콜 핸들러 ["http-nio-8080"]을(를) 시작합니다.
30-Sep-2025 09:31:09.368 정보 [main] org.apache.catalina.startup.Catalina.start 서버가 [6558] 밀리초 내에 시작되었습니다.
30-Sep-2025 09:33:20.335 정보 [Thread-1] org.apache.coyote.AbstractProtocol.pause 프로토콜 핸들러 ["http-nio-8080"]을(를) 일시 정지 중
30-Sep-2025 09:33:24.992 정보 [main] org.apache.catalina.startup.VersionLoggerListener.log 서버 버전 이름:    Apache Tomcat/9.0.109
30-Sep-2025 09:33:24.997 정보 [main] org.apache.catalina.startup.VersionLoggerListener.log Server 빌드 시각:  Sep 1 2025 12:15:33 UTC
30-Sep-2025 09:33:24.998 정보 [main] org.apache.catalina.startup.VersionLoggerListener.log Server 버전 번호:  9.0.109.0
30-Sep-2025 09:33:24.998 정보 [main] org.apache.catalina.startup.VersionLoggerListener.log 운영체제 이름:     Windows 10
30-Sep-2025 09:33:24.998 정보 [main] org.apache.catalina.startup.VersionLoggerListener.log 운영체제 버전:     10.0
30-Sep-2025 09:33:24.998 정보 [main] org.apache.catalina.startup.VersionLoggerListener.log 아키텍처:          amd64
30-Sep-2025 09:33:24.998 정보 [main] org.apache.catalina.startup.VersionLoggerListener.log 자바 홈:           C:\Eclipse Adoptium\jdk-17.0.16.8-hotspot
30-Sep-2025 09:33:24.998 정보 [main] org.apache.catalina.startup.VersionLoggerListener.log JVM 버전:          17.0.16+8
30-Sep-2025 09:33:24.999 정보 [main] org.apache.catalina.startup.VersionLoggerListener.log JVM 벤더:          Eclipse Adoptium
30-Sep-2025 09:33:24.999 정보 [main] org.apache.catalina.startup.VersionLoggerListener.log CATALINA_BASE:     C:\dev\workspace\jsp_webapp\src\main\webapp
30-Sep-2025 09:33:24.999 정보 [main] org.apache.catalina.startup.VersionLoggerListener.log CATALINA_HOME:     C:\dev\apache-tomcat-9.0.109
30-Sep-2025 09:33:25.012 정보 [main] org.apache.catalina.startup.VersionLoggerListener.log 명령 행 아규먼트:  --add-opens=java.base/java.lang=ALL-UNNAMED
30-Sep-2025 09:33:25.013 정보 [main] org.apache.catalina.startup.VersionLoggerListener.log 명령 행 아규먼트:  --add-opens=java.base/java.io=ALL-UNNAMED
30-Sep-2025 09:33:25.013 정보 [main] org.apache.catalina.startup.VersionLoggerListener.log 명령 행 아규먼트:  --add-opens=java.base/java.util=ALL-UNNAMED
30-Sep-2025 09:33:25.013 정보 [main] org.apache.catalina.startup.VersionLoggerListener.log 명령 행 아규먼트:  --add-opens=java.base/java.util.concurrent=ALL-UNNAMED
30-Sep-2025 09:33:25.013 정보 [main] org.apache.catalina.startup.VersionLoggerListener.log 명령 행 아규먼트:  --add-opens=java.rmi/sun.rmi.transport=ALL-UNNAMED
30-Sep-2025 09:33:25.013 정보 [main] org.apache.catalina.startup.VersionLoggerListener.log 명령 행 아규먼트:  -Dconsole.encoding=UTF-8
30-Sep-2025 09:33:25.013 정보 [main] org.apache.catalina.startup.VersionLoggerListener.log 명령 행 아규먼트:  -Djava.util.logging.config.file=C:\dev\apache-tomcat-9.0.109\conf\logging.properties
30-Sep-2025 09:33:25.013 정보 [main] org.apache.catalina.startup.VersionLoggerListener.log 명령 행 아규먼트:  -Dsun.stdout.encoding=UTF-8
30-Sep-2025 09:33:25.014 정보 [main] org.apache.catalina.startup.VersionLoggerListener.log 명령 행 아규먼트:  -Dsun.stderr.encoding=UTF-8
30-Sep-2025 09:33:25.014 정보 [main] org.apache.catalina.startup.VersionLoggerListener.log 명령 행 아규먼트:  -Dcatalina.home=C:\dev\apache-tomcat-9.0.109
30-Sep-2025 09:33:25.015 정보 [main] org.apache.catalina.startup.VersionLoggerListener.log 명령 행 아규먼트:  -Dcatalina.base=C:\dev\workspace\jsp_webapp\src\main\webapp
30-Sep-2025 09:33:25.016 정보 [main] org.apache.catalina.startup.VersionLoggerListener.log 명령 행 아규먼트:  -Djava.io.tmpdir=C:\dev\workspace\jsp_webapp\src\main\webapp\temp
30-Sep-2025 09:33:25.016 정보 [main] org.apache.catalina.startup.VersionLoggerListener.log 명령 행 아규먼트:  -Djava.util.logging.manager=org.apache.juli.ClassLoaderLogManager
30-Sep-2025 09:33:25.017 정보 [main] org.apache.catalina.startup.VersionLoggerListener.log 명령 행 아규먼트:  -javaagent:C:\Program Files\JetBrains\IntelliJ IDEA 2025.1.1.1\lib\idea_rt.jar=51970
30-Sep-2025 09:33:25.019 정보 [main] org.apache.catalina.startup.VersionLoggerListener.log 명령 행 아규먼트:  -Dfile.encoding=UTF-8
30-Sep-2025 09:33:25.040 정보 [main] org.apache.catalina.core.AprLifecycleListener.lifecycleEvent 프로덕션 환경들에서 최적의 성능을 제공하는, APR 기반 Apache Tomcat Native 라이브러리가, 다음 java.library.path에서 발견되지 않습니다: [C:\Eclipse Adoptium\jdk-17.0.16.8-hotspot\bin;C:\WINDOWS\Sun\Java\bin;C:\WINDOWS\system32;C:\WINDOWS;C:\Eclipse Adoptium\jdk-17.0.16.8-hotspot\bin;C:\Program Files\MySQL\MySQL Server 8.0\bin;C:\Terraform;C:\WINDOWS\system32;C:\WINDOWS;C:\WINDOWS\System32\Wbem;C:\WINDOWS\System32\WindowsPowerShell\v1.0\;C:\WINDOWS\System32\OpenSSH\;C:\Program Files\nodejs\;C:\Program Files\Amazon\AWSCLIV2\;C:\Program Files\dotnet\;C:\Program Files\Git\cmd;C:\Program Files\Docker\Docker\resources\bin;C:\Eclipse Adoptium\jdk-17.0.16.8-hotspot\bin;C:\Users\wd\AppData\Local\Microsoft\WindowsApps;C:\Program Files\JetBrains\IntelliJ IDEA Community Edition 2024.3.3\bin;;C:\Users\wd\AppData\Roaming\npm;C:\Program Files\JetBrains\IntelliJ IDEA 2025.1.1.1\bin;;C:\Users\wd\AppData\Local\Programs\Microsoft VS Code\bin;;.]
30-Sep-2025 09:33:25.566 정보 [main] org.apache.coyote.AbstractProtocol.init 프로토콜 핸들러 ["http-nio-8080"]을(를) 초기화합니다.
30-Sep-2025 09:33:25.587 정보 [main] org.apache.catalina.startup.Catalina.load [1062] 밀리초 내에 서버가 초기화되었습니다.
30-Sep-2025 09:33:25.659 정보 [main] org.apache.catalina.core.StandardService.startInternal 서비스 [Catalina]을(를) 시작합니다.
30-Sep-2025 09:33:25.659 정보 [main] org.apache.catalina.core.StandardEngine.startInternal 서버 엔진을 시작합니다: [Apache Tomcat/9.0.109]
30-Sep-2025 09:33:25.673 정보 [main] org.apache.catalina.startup.HostConfig.deployDescriptor 배치 descriptor [C:\dev\workspace\jsp_webapp\src\main\webapp\conf\Catalina\localhost\ROOT.xml]을(를) 배치합니다.
30-Sep-2025 09:33:29.010 정보 [main] org.apache.jasper.servlet.TldScanner.scanJars 적어도 하나의 JAR가 TLD들을 찾기 위해 스캔되었으나 아무 것도 찾지 못했습니다. 스캔했으나 TLD가 없는 JAR들의 전체 목록을 보시려면, 로그 레벨을 디버그 레벨로 설정하십시오. 스캔 과정에서 불필요한 JAR들을 건너뛰면, 시스템 시작 시간과 JSP 컴파일 시간을 단축시킬 수 있습니다.
30-Sep-2025 09:33:29.249 경고 [main] org.apache.catalina.util.SessionIdGeneratorBase.createSecureRandom [SHA1PRNG] 알고리즘을 사용하여, 세션 ID를 생성하기 위한 SecureRandom 객체를 생성하는데, [162] 밀리초가 소요됐습니다.
30-Sep-2025 09:33:29.271 정보 [main] org.apache.catalina.startup.HostConfig.deployDescriptor 배치 descriptor [C:\dev\workspace\jsp_webapp\src\main\webapp\conf\Catalina\localhost\ROOT.xml]의 배치가 [3,598] 밀리초 내에 완료되었습니다.
30-Sep-2025 09:33:29.276 정보 [main] org.apache.coyote.AbstractProtocol.start 프로토콜 핸들러 ["http-nio-8080"]을(를) 시작합니다.
30-Sep-2025 09:33:29.456 정보 [main] org.apache.catalina.startup.Catalina.start 서버가 [3867] 밀리초 내에 시작되었습니다.
30-Sep-2025 09:35:26.263 정보 [Thread-1] org.apache.coyote.AbstractProtocol.pause 프로토콜 핸들러 ["http-nio-8080"]을(를) 일시 정지 중
30-Sep-2025 09:35:27.364 정보 [Thread-1] org.apache.catalina.core.StandardService.stopInternal 서비스 [Catalina]을(를) 중지시킵니다.
30-Sep-2025 09:35:27.378 정보 [Thread-1] org.apache.coyote.AbstractProtocol.stop 프로토콜 핸들러 ["http-nio-8080"]을(를) 중지시킵니다.
30-Sep-2025 09:35:27.396 정보 [Thread-1] org.apache.coyote.AbstractProtocol.destroy 프로토콜 핸들러 ["http-nio-8080"]을(를) 소멸시킵니다.
30-Sep-2025 09:35:33.424 정보 [main] org.apache.catalina.startup.VersionLoggerListener.log 서버 버전 이름:    Apache Tomcat/9.0.109
30-Sep-2025 09:35:33.429 정보 [main] org.apache.catalina.startup.VersionLoggerListener.log Server 빌드 시각:  Sep 1 2025 12:15:33 UTC
30-Sep-2025 09:35:33.429 정보 [main] org.apache.catalina.startup.VersionLoggerListener.log Server 버전 번호:  9.0.109.0
30-Sep-2025 09:35:33.430 정보 [main] org.apache.catalina.startup.VersionLoggerListener.log 운영체제 이름:     Windows 10
30-Sep-2025 09:35:33.430 정보 [main] org.apache.catalina.startup.VersionLoggerListener.log 운영체제 버전:     10.0
30-Sep-2025 09:35:33.430 정보 [main] org.apache.catalina.startup.VersionLoggerListener.log 아키텍처:          amd64
30-Sep-2025 09:35:33.430 정보 [main] org.apache.catalina.startup.VersionLoggerListener.log 자바 홈:           C:\Eclipse Adoptium\jdk-17.0.16.8-hotspot
30-Sep-2025 09:35:33.430 정보 [main] org.apache.catalina.startup.VersionLoggerListener.log JVM 버전:          17.0.16+8
30-Sep-2025 09:35:33.431 정보 [main] org.apache.catalina.startup.VersionLoggerListener.log JVM 벤더:          Eclipse Adoptium
30-Sep-2025 09:35:33.431 정보 [main] org.apache.catalina.startup.VersionLoggerListener.log CATALINA_BASE:     C:\dev\workspace\jsp_webapp\src\main\webapp
30-Sep-2025 09:35:33.431 정보 [main] org.apache.catalina.startup.VersionLoggerListener.log CATALINA_HOME:     C:\dev\apache-tomcat-9.0.109
30-Sep-2025 09:35:33.444 정보 [main] org.apache.catalina.startup.VersionLoggerListener.log 명령 행 아규먼트:  --add-opens=java.base/java.lang=ALL-UNNAMED
30-Sep-2025 09:35:33.444 정보 [main] org.apache.catalina.startup.VersionLoggerListener.log 명령 행 아규먼트:  --add-opens=java.base/java.io=ALL-UNNAMED
30-Sep-2025 09:35:33.444 정보 [main] org.apache.catalina.startup.VersionLoggerListener.log 명령 행 아규먼트:  --add-opens=java.base/java.util=ALL-UNNAMED
30-Sep-2025 09:35:33.444 정보 [main] org.apache.catalina.startup.VersionLoggerListener.log 명령 행 아규먼트:  --add-opens=java.base/java.util.concurrent=ALL-UNNAMED
30-Sep-2025 09:35:33.445 정보 [main] org.apache.catalina.startup.VersionLoggerListener.log 명령 행 아규먼트:  --add-opens=java.rmi/sun.rmi.transport=ALL-UNNAMED
30-Sep-2025 09:35:33.446 정보 [main] org.apache.catalina.startup.VersionLoggerListener.log 명령 행 아규먼트:  -Dconsole.encoding=UTF-8
30-Sep-2025 09:35:33.446 정보 [main] org.apache.catalina.startup.VersionLoggerListener.log 명령 행 아규먼트:  -Djava.util.logging.config.file=C:\dev\apache-tomcat-9.0.109\conf\logging.properties
30-Sep-2025 09:35:33.446 정보 [main] org.apache.catalina.startup.VersionLoggerListener.log 명령 행 아규먼트:  -Dsun.stdout.encoding=UTF-8
30-Sep-2025 09:35:33.446 정보 [main] org.apache.catalina.startup.VersionLoggerListener.log 명령 행 아규먼트:  -Dsun.stderr.encoding=UTF-8
30-Sep-2025 09:35:33.446 정보 [main] org.apache.catalina.startup.VersionLoggerListener.log 명령 행 아규먼트:  -Dcatalina.home=C:\dev\apache-tomcat-9.0.109
30-Sep-2025 09:35:33.447 정보 [main] org.apache.catalina.startup.VersionLoggerListener.log 명령 행 아규먼트:  -Dcatalina.base=C:\dev\workspace\jsp_webapp\src\main\webapp
30-Sep-2025 09:35:33.447 정보 [main] org.apache.catalina.startup.VersionLoggerListener.log 명령 행 아규먼트:  -Djava.io.tmpdir=C:\dev\workspace\jsp_webapp\src\main\webapp\temp
30-Sep-2025 09:35:33.447 정보 [main] org.apache.catalina.startup.VersionLoggerListener.log 명령 행 아규먼트:  -Djava.util.logging.manager=org.apache.juli.ClassLoaderLogManager
30-Sep-2025 09:35:33.447 정보 [main] org.apache.catalina.startup.VersionLoggerListener.log 명령 행 아규먼트:  -javaagent:C:\Program Files\JetBrains\IntelliJ IDEA 2025.1.1.1\lib\idea_rt.jar=52011
30-Sep-2025 09:35:33.448 정보 [main] org.apache.catalina.startup.VersionLoggerListener.log 명령 행 아규먼트:  -Dfile.encoding=UTF-8
30-Sep-2025 09:35:33.466 정보 [main] org.apache.catalina.core.AprLifecycleListener.lifecycleEvent 프로덕션 환경들에서 최적의 성능을 제공하는, APR 기반 Apache Tomcat Native 라이브러리가, 다음 java.library.path에서 발견되지 않습니다: [C:\Eclipse Adoptium\jdk-17.0.16.8-hotspot\bin;C:\WINDOWS\Sun\Java\bin;C:\WINDOWS\system32;C:\WINDOWS;C:\Eclipse Adoptium\jdk-17.0.16.8-hotspot\bin;C:\Program Files\MySQL\MySQL Server 8.0\bin;C:\Terraform;C:\WINDOWS\system32;C:\WINDOWS;C:\WINDOWS\System32\Wbem;C:\WINDOWS\System32\WindowsPowerShell\v1.0\;C:\WINDOWS\System32\OpenSSH\;C:\Program Files\nodejs\;C:\Program Files\Amazon\AWSCLIV2\;C:\Program Files\dotnet\;C:\Program Files\Git\cmd;C:\Program Files\Docker\Docker\resources\bin;C:\Eclipse Adoptium\jdk-17.0.16.8-hotspot\bin;C:\Users\wd\AppData\Local\Microsoft\WindowsApps;C:\Program Files\JetBrains\IntelliJ IDEA Community Edition 2024.3.3\bin;;C:\Users\wd\AppData\Roaming\npm;C:\Program Files\JetBrains\IntelliJ IDEA 2025.1.1.1\bin;;C:\Users\wd\AppData\Local\Programs\Microsoft VS Code\bin;;.]
30-Sep-2025 09:35:33.928 정보 [main] org.apache.coyote.AbstractProtocol.init 프로토콜 핸들러 ["http-nio-8080"]을(를) 초기화합니다.
30-Sep-2025 09:35:33.962 정보 [main] org.apache.catalina.startup.Catalina.load [968] 밀리초 내에 서버가 초기화되었습니다.
30-Sep-2025 09:35:34.043 정보 [main] org.apache.catalina.core.StandardService.startInternal 서비스 [Catalina]을(를) 시작합니다.
30-Sep-2025 09:35:34.044 정보 [main] org.apache.catalina.core.StandardEngine.startInternal 서버 엔진을 시작합니다: [Apache Tomcat/9.0.109]
30-Sep-2025 09:35:34.066 정보 [main] org.apache.catalina.startup.HostConfig.deployDescriptor 배치 descriptor [C:\dev\workspace\jsp_webapp\src\main\webapp\conf\Catalina\localhost\ROOT.xml]을(를) 배치합니다.
30-Sep-2025 09:35:38.881 정보 [main] org.apache.jasper.servlet.TldScanner.scanJars 적어도 하나의 JAR가 TLD들을 찾기 위해 스캔되었으나 아무 것도 찾지 못했습니다. 스캔했으나 TLD가 없는 JAR들의 전체 목록을 보시려면, 로그 레벨을 디버그 레벨로 설정하십시오. 스캔 과정에서 불필요한 JAR들을 건너뛰면, 시스템 시작 시간과 JSP 컴파일 시간을 단축시킬 수 있습니다.
30-Sep-2025 09:35:39.176 경고 [main] org.apache.catalina.util.SessionIdGeneratorBase.createSecureRandom [SHA1PRNG] 알고리즘을 사용하여, 세션 ID를 생성하기 위한 SecureRandom 객체를 생성하는데, [177] 밀리초가 소요됐습니다.
30-Sep-2025 09:35:39.245 정보 [main] org.apache.catalina.startup.HostConfig.deployDescriptor 배치 descriptor [C:\dev\workspace\jsp_webapp\src\main\webapp\conf\Catalina\localhost\ROOT.xml]의 배치가 [5,179] 밀리초 내에 완료되었습니다.
30-Sep-2025 09:35:39.257 정보 [main] org.apache.coyote.AbstractProtocol.start 프로토콜 핸들러 ["http-nio-8080"]을(를) 시작합니다.
30-Sep-2025 09:35:39.445 정보 [main] org.apache.catalina.startup.Catalina.start 서버가 [5483] 밀리초 내에 시작되었습니다.
30-Sep-2025 09:40:48.610 정보 [Thread-1] org.apache.coyote.AbstractProtocol.pause 프로토콜 핸들러 ["http-nio-8080"]을(를) 일시 정지 중
30-Sep-2025 09:40:49.791 정보 [Thread-1] org.apache.catalina.core.StandardService.stopInternal 서비스 [Catalina]을(를) 중지시킵니다.
30-Sep-2025 09:40:49.807 경고 [Thread-1] org.apache.catalina.loader.WebappClassLoaderBase.clearReferencesJdbc 웹 애플리케이션 [ROOT]이(가) JDBC 드라이버 [com.mysql.cj.jdbc.Driver]을(를) 등록했지만, 웹 애플리케이션이 중지될 때, 해당 JDBC 드라이버의 등록을 제거하지 못했습니다. 메모리 누수를 방지하기 위하여, 등록을 강제로 제거했습니다.
30-Sep-2025 09:40:49.807 경고 [Thread-1] org.apache.catalina.loader.WebappClassLoaderBase.clearReferencesThreads 웹 애플리케이션 [ROOT]이(가) [mysql-cj-abandoned-connection-cleanup](이)라는 이름의 쓰레드를 시작시킨 것으로 보이지만, 해당 쓰레드를 중지시키지 못했습니다. 이는 메모리 누수를 유발할 가능성이 큽니다. 해당 쓰레드의 스택 트레이스:
 java.base@17.0.16/java.lang.Object.wait(Native Method)
 java.base@17.0.16/java.lang.ref.ReferenceQueue.remove(ReferenceQueue.java:155)
 com.mysql.cj.jdbc.AbandonedConnectionCleanupThread.run(AbandonedConnectionCleanupThread.java:84)
 java.base@17.0.16/java.util.concurrent.ThreadPoolExecutor.runWorker(ThreadPoolExecutor.java:1136)
 java.base@17.0.16/java.util.concurrent.ThreadPoolExecutor$Worker.run(ThreadPoolExecutor.java:635)
 java.base@17.0.16/java.lang.Thread.run(Thread.java:840)
30-Sep-2025 09:40:49.811 정보 [Thread-1] org.apache.coyote.AbstractProtocol.stop 프로토콜 핸들러 ["http-nio-8080"]을(를) 중지시킵니다.
30-Sep-2025 09:40:49.817 정보 [Thread-1] org.apache.coyote.AbstractProtocol.destroy 프로토콜 핸들러 ["http-nio-8080"]을(를) 소멸시킵니다.
30-Sep-2025 09:40:55.449 정보 [main] org.apache.catalina.startup.VersionLoggerListener.log 서버 버전 이름:    Apache Tomcat/9.0.109
30-Sep-2025 09:40:55.457 정보 [main] org.apache.catalina.startup.VersionLoggerListener.log Server 빌드 시각:  Sep 1 2025 12:15:33 UTC
30-Sep-2025 09:40:55.457 정보 [main] org.apache.catalina.startup.VersionLoggerListener.log Server 버전 번호:  9.0.109.0
30-Sep-2025 09:40:55.457 정보 [main] org.apache.catalina.startup.VersionLoggerListener.log 운영체제 이름:     Windows 10
30-Sep-2025 09:40:55.457 정보 [main] org.apache.catalina.startup.VersionLoggerListener.log 운영체제 버전:     10.0
30-Sep-2025 09:40:55.457 정보 [main] org.apache.catalina.startup.VersionLoggerListener.log 아키텍처:          amd64
30-Sep-2025 09:40:55.457 정보 [main] org.apache.catalina.startup.VersionLoggerListener.log 자바 홈:           C:\Eclipse Adoptium\jdk-17.0.16.8-hotspot
30-Sep-2025 09:40:55.458 정보 [main] org.apache.catalina.startup.VersionLoggerListener.log JVM 버전:          17.0.16+8
30-Sep-2025 09:40:55.458 정보 [main] org.apache.catalina.startup.VersionLoggerListener.log JVM 벤더:          Eclipse Adoptium
30-Sep-2025 09:40:55.458 정보 [main] org.apache.catalina.startup.VersionLoggerListener.log CATALINA_BASE:     C:\dev\workspace\jsp_webapp\src\main\webapp
30-Sep-2025 09:40:55.458 정보 [main] org.apache.catalina.startup.VersionLoggerListener.log CATALINA_HOME:     C:\dev\apache-tomcat-9.0.109
30-Sep-2025 09:40:55.470 정보 [main] org.apache.catalina.startup.VersionLoggerListener.log 명령 행 아규먼트:  --add-opens=java.base/java.lang=ALL-UNNAMED
30-Sep-2025 09:40:55.472 정보 [main] org.apache.catalina.startup.VersionLoggerListener.log 명령 행 아규먼트:  --add-opens=java.base/java.io=ALL-UNNAMED
30-Sep-2025 09:40:55.472 정보 [main] org.apache.catalina.startup.VersionLoggerListener.log 명령 행 아규먼트:  --add-opens=java.base/java.util=ALL-UNNAMED
30-Sep-2025 09:40:55.472 정보 [main] org.apache.catalina.startup.VersionLoggerListener.log 명령 행 아규먼트:  --add-opens=java.base/java.util.concurrent=ALL-UNNAMED
30-Sep-2025 09:40:55.472 정보 [main] org.apache.catalina.startup.VersionLoggerListener.log 명령 행 아규먼트:  --add-opens=java.rmi/sun.rmi.transport=ALL-UNNAMED
30-Sep-2025 09:40:55.472 정보 [main] org.apache.catalina.startup.VersionLoggerListener.log 명령 행 아규먼트:  -Dconsole.encoding=UTF-8
30-Sep-2025 09:40:55.473 정보 [main] org.apache.catalina.startup.VersionLoggerListener.log 명령 행 아규먼트:  -Djava.util.logging.config.file=C:\dev\apache-tomcat-9.0.109\conf\logging.properties
30-Sep-2025 09:40:55.473 정보 [main] org.apache.catalina.startup.VersionLoggerListener.log 명령 행 아규먼트:  -Dsun.stdout.encoding=UTF-8
30-Sep-2025 09:40:55.473 정보 [main] org.apache.catalina.startup.VersionLoggerListener.log 명령 행 아규먼트:  -Dsun.stderr.encoding=UTF-8
30-Sep-2025 09:40:55.473 정보 [main] org.apache.catalina.startup.VersionLoggerListener.log 명령 행 아규먼트:  -Dcatalina.home=C:\dev\apache-tomcat-9.0.109
30-Sep-2025 09:40:55.473 정보 [main] org.apache.catalina.startup.VersionLoggerListener.log 명령 행 아규먼트:  -Dcatalina.base=C:\dev\workspace\jsp_webapp\src\main\webapp
30-Sep-2025 09:40:55.474 정보 [main] org.apache.catalina.startup.VersionLoggerListener.log 명령 행 아규먼트:  -Djava.io.tmpdir=C:\dev\workspace\jsp_webapp\src\main\webapp\temp
30-Sep-2025 09:40:55.474 정보 [main] org.apache.catalina.startup.VersionLoggerListener.log 명령 행 아규먼트:  -Djava.util.logging.manager=org.apache.juli.ClassLoaderLogManager
30-Sep-2025 09:40:55.474 정보 [main] org.apache.catalina.startup.VersionLoggerListener.log 명령 행 아규먼트:  -javaagent:C:\Program Files\JetBrains\IntelliJ IDEA 2025.1.1.1\lib\idea_rt.jar=52057
30-Sep-2025 09:40:55.474 정보 [main] org.apache.catalina.startup.VersionLoggerListener.log 명령 행 아규먼트:  -Dfile.encoding=UTF-8
30-Sep-2025 09:40:55.498 정보 [main] org.apache.catalina.core.AprLifecycleListener.lifecycleEvent 프로덕션 환경들에서 최적의 성능을 제공하는, APR 기반 Apache Tomcat Native 라이브러리가, 다음 java.library.path에서 발견되지 않습니다: [C:\Eclipse Adoptium\jdk-17.0.16.8-hotspot\bin;C:\WINDOWS\Sun\Java\bin;C:\WINDOWS\system32;C:\WINDOWS;C:\Eclipse Adoptium\jdk-17.0.16.8-hotspot\bin;C:\Program Files\MySQL\MySQL Server 8.0\bin;C:\Terraform;C:\WINDOWS\system32;C:\WINDOWS;C:\WINDOWS\System32\Wbem;C:\WINDOWS\System32\WindowsPowerShell\v1.0\;C:\WINDOWS\System32\OpenSSH\;C:\Program Files\nodejs\;C:\Program Files\Amazon\AWSCLIV2\;C:\Program Files\dotnet\;C:\Program Files\Git\cmd;C:\Program Files\Docker\Docker\resources\bin;C:\Eclipse Adoptium\jdk-17.0.16.8-hotspot\bin;C:\Users\wd\AppData\Local\Microsoft\WindowsApps;C:\Program Files\JetBrains\IntelliJ IDEA Community Edition 2024.3.3\bin;;C:\Users\wd\AppData\Roaming\npm;C:\Program Files\JetBrains\IntelliJ IDEA 2025.1.1.1\bin;;C:\Users\wd\AppData\Local\Programs\Microsoft VS Code\bin;;.]
30-Sep-2025 09:40:55.992 정보 [main] org.apache.coyote.AbstractProtocol.init 프로토콜 핸들러 ["http-nio-8080"]을(를) 초기화합니다.
30-Sep-2025 09:40:56.026 정보 [main] org.apache.catalina.startup.Catalina.load [1008] 밀리초 내에 서버가 초기화되었습니다.
30-Sep-2025 09:40:56.116 정보 [main] org.apache.catalina.core.StandardService.startInternal 서비스 [Catalina]을(를) 시작합니다.
30-Sep-2025 09:40:56.117 정보 [main] org.apache.catalina.core.StandardEngine.startInternal 서버 엔진을 시작합니다: [Apache Tomcat/9.0.109]
30-Sep-2025 09:40:56.136 정보 [main] org.apache.catalina.startup.HostConfig.deployDescriptor 배치 descriptor [C:\dev\workspace\jsp_webapp\src\main\webapp\conf\Catalina\localhost\ROOT.xml]을(를) 배치합니다.
30-Sep-2025 09:41:00.467 정보 [main] org.apache.jasper.servlet.TldScanner.scanJars 적어도 하나의 JAR가 TLD들을 찾기 위해 스캔되었으나 아무 것도 찾지 못했습니다. 스캔했으나 TLD가 없는 JAR들의 전체 목록을 보시려면, 로그 레벨을 디버그 레벨로 설정하십시오. 스캔 과정에서 불필요한 JAR들을 건너뛰면, 시스템 시작 시간과 JSP 컴파일 시간을 단축시킬 수 있습니다.
30-Sep-2025 09:41:00.705 경고 [main] org.apache.catalina.util.SessionIdGeneratorBase.createSecureRandom [SHA1PRNG] 알고리즘을 사용하여, 세션 ID를 생성하기 위한 SecureRandom 객체를 생성하는데, [159] 밀리초가 소요됐습니다.
30-Sep-2025 09:41:00.738 정보 [main] org.apache.catalina.startup.HostConfig.deployDescriptor 배치 descriptor [C:\dev\workspace\jsp_webapp\src\main\webapp\conf\Catalina\localhost\ROOT.xml]의 배치가 [4,602] 밀리초 내에 완료되었습니다.
30-Sep-2025 09:41:00.745 정보 [main] org.apache.coyote.AbstractProtocol.start 프로토콜 핸들러 ["http-nio-8080"]을(를) 시작합니다.
30-Sep-2025 09:41:00.907 정보 [main] org.apache.catalina.startup.Catalina.start 서버가 [4879] 밀리초 내에 시작되었습니다.
30-Sep-2025 09:41:01.189 정보 [Thread-1] org.apache.coyote.AbstractProtocol.pause 프로토콜 핸들러 ["http-nio-8080"]을(를) 일시 정지 중
30-Sep-2025 09:41:03.980 정보 [main] org.apache.catalina.startup.VersionLoggerListener.log 서버 버전 이름:    Apache Tomcat/9.0.109
30-Sep-2025 09:41:03.986 정보 [main] org.apache.catalina.startup.VersionLoggerListener.log Server 빌드 시각:  Sep 1 2025 12:15:33 UTC
30-Sep-2025 09:41:03.986 정보 [main] org.apache.catalina.startup.VersionLoggerListener.log Server 버전 번호:  9.0.109.0
30-Sep-2025 09:41:03.986 정보 [main] org.apache.catalina.startup.VersionLoggerListener.log 운영체제 이름:     Windows 10
30-Sep-2025 09:41:03.986 정보 [main] org.apache.catalina.startup.VersionLoggerListener.log 운영체제 버전:     10.0
30-Sep-2025 09:41:03.987 정보 [main] org.apache.catalina.startup.VersionLoggerListener.log 아키텍처:          amd64
30-Sep-2025 09:41:03.987 정보 [main] org.apache.catalina.startup.VersionLoggerListener.log 자바 홈:           C:\Eclipse Adoptium\jdk-17.0.16.8-hotspot
30-Sep-2025 09:41:03.987 정보 [main] org.apache.catalina.startup.VersionLoggerListener.log JVM 버전:          17.0.16+8
30-Sep-2025 09:41:03.987 정보 [main] org.apache.catalina.startup.VersionLoggerListener.log JVM 벤더:          Eclipse Adoptium
30-Sep-2025 09:41:03.987 정보 [main] org.apache.catalina.startup.VersionLoggerListener.log CATALINA_BASE:     C:\dev\workspace\jsp_webapp\src\main\webapp
30-Sep-2025 09:41:03.987 정보 [main] org.apache.catalina.startup.VersionLoggerListener.log CATALINA_HOME:     C:\dev\apache-tomcat-9.0.109
30-Sep-2025 09:41:03.999 정보 [main] org.apache.catalina.startup.VersionLoggerListener.log 명령 행 아규먼트:  --add-opens=java.base/java.lang=ALL-UNNAMED
30-Sep-2025 09:41:03.999 정보 [main] org.apache.catalina.startup.VersionLoggerListener.log 명령 행 아규먼트:  --add-opens=java.base/java.io=ALL-UNNAMED
30-Sep-2025 09:41:03.999 정보 [main] org.apache.catalina.startup.VersionLoggerListener.log 명령 행 아규먼트:  --add-opens=java.base/java.util=ALL-UNNAMED
30-Sep-2025 09:41:03.999 정보 [main] org.apache.catalina.startup.VersionLoggerListener.log 명령 행 아규먼트:  --add-opens=java.base/java.util.concurrent=ALL-UNNAMED
30-Sep-2025 09:41:03.999 정보 [main] org.apache.catalina.startup.VersionLoggerListener.log 명령 행 아규먼트:  --add-opens=java.rmi/sun.rmi.transport=ALL-UNNAMED
30-Sep-2025 09:41:04.000 정보 [main] org.apache.catalina.startup.VersionLoggerListener.log 명령 행 아규먼트:  -Dconsole.encoding=UTF-8
30-Sep-2025 09:41:04.000 정보 [main] org.apache.catalina.startup.VersionLoggerListener.log 명령 행 아규먼트:  -Djava.util.logging.config.file=C:\dev\apache-tomcat-9.0.109\conf\logging.properties
30-Sep-2025 09:41:04.001 정보 [main] org.apache.catalina.startup.VersionLoggerListener.log 명령 행 아규먼트:  -Dsun.stdout.encoding=UTF-8
30-Sep-2025 09:41:04.001 정보 [main] org.apache.catalina.startup.VersionLoggerListener.log 명령 행 아규먼트:  -Dsun.stderr.encoding=UTF-8
30-Sep-2025 09:41:04.001 정보 [main] org.apache.catalina.startup.VersionLoggerListener.log 명령 행 아규먼트:  -Dcatalina.home=C:\dev\apache-tomcat-9.0.109
30-Sep-2025 09:41:04.001 정보 [main] org.apache.catalina.startup.VersionLoggerListener.log 명령 행 아규먼트:  -Dcatalina.base=C:\dev\workspace\jsp_webapp\src\main\webapp
30-Sep-2025 09:41:04.002 정보 [main] org.apache.catalina.startup.VersionLoggerListener.log 명령 행 아규먼트:  -Djava.io.tmpdir=C:\dev\workspace\jsp_webapp\src\main\webapp\temp
30-Sep-2025 09:41:04.002 정보 [main] org.apache.catalina.startup.VersionLoggerListener.log 명령 행 아규먼트:  -Djava.util.logging.manager=org.apache.juli.ClassLoaderLogManager
30-Sep-2025 09:41:04.002 정보 [main] org.apache.catalina.startup.VersionLoggerListener.log 명령 행 아규먼트:  -javaagent:C:\Program Files\JetBrains\IntelliJ IDEA 2025.1.1.1\lib\idea_rt.jar=52060
30-Sep-2025 09:41:04.002 정보 [main] org.apache.catalina.startup.VersionLoggerListener.log 명령 행 아규먼트:  -Dfile.encoding=UTF-8
30-Sep-2025 09:41:04.021 정보 [main] org.apache.catalina.core.AprLifecycleListener.lifecycleEvent 프로덕션 환경들에서 최적의 성능을 제공하는, APR 기반 Apache Tomcat Native 라이브러리가, 다음 java.library.path에서 발견되지 않습니다: [C:\Eclipse Adoptium\jdk-17.0.16.8-hotspot\bin;C:\WINDOWS\Sun\Java\bin;C:\WINDOWS\system32;C:\WINDOWS;C:\Eclipse Adoptium\jdk-17.0.16.8-hotspot\bin;C:\Program Files\MySQL\MySQL Server 8.0\bin;C:\Terraform;C:\WINDOWS\system32;C:\WINDOWS;C:\WINDOWS\System32\Wbem;C:\WINDOWS\System32\WindowsPowerShell\v1.0\;C:\WINDOWS\System32\OpenSSH\;C:\Program Files\nodejs\;C:\Program Files\Amazon\AWSCLIV2\;C:\Program Files\dotnet\;C:\Program Files\Git\cmd;C:\Program Files\Docker\Docker\resources\bin;C:\Eclipse Adoptium\jdk-17.0.16.8-hotspot\bin;C:\Users\wd\AppData\Local\Microsoft\WindowsApps;C:\Program Files\JetBrains\IntelliJ IDEA Community Edition 2024.3.3\bin;;C:\Users\wd\AppData\Roaming\npm;C:\Program Files\JetBrains\IntelliJ IDEA 2025.1.1.1\bin;;C:\Users\wd\AppData\Local\Programs\Microsoft VS Code\bin;;.]
30-Sep-2025 09:41:04.406 정보 [main] org.apache.coyote.AbstractProtocol.init 프로토콜 핸들러 ["http-nio-8080"]을(를) 초기화합니다.
30-Sep-2025 09:41:04.443 정보 [main] org.apache.catalina.startup.Catalina.load [791] 밀리초 내에 서버가 초기화되었습니다.
30-Sep-2025 09:41:04.508 정보 [main] org.apache.catalina.core.StandardService.startInternal 서비스 [Catalina]을(를) 시작합니다.
30-Sep-2025 09:41:04.508 정보 [main] org.apache.catalina.core.StandardEngine.startInternal 서버 엔진을 시작합니다: [Apache Tomcat/9.0.109]
30-Sep-2025 09:41:04.522 정보 [main] org.apache.catalina.startup.HostConfig.deployDescriptor 배치 descriptor [C:\dev\workspace\jsp_webapp\src\main\webapp\conf\Catalina\localhost\ROOT.xml]을(를) 배치합니다.
30-Sep-2025 09:41:07.949 정보 [main] org.apache.jasper.servlet.TldScanner.scanJars 적어도 하나의 JAR가 TLD들을 찾기 위해 스캔되었으나 아무 것도 찾지 못했습니다. 스캔했으나 TLD가 없는 JAR들의 전체 목록을 보시려면, 로그 레벨을 디버그 레벨로 설정하십시오. 스캔 과정에서 불필요한 JAR들을 건너뛰면, 시스템 시작 시간과 JSP 컴파일 시간을 단축시킬 수 있습니다.
30-Sep-2025 09:41:08.291 경고 [main] org.apache.catalina.util.SessionIdGeneratorBase.createSecureRandom [SHA1PRNG] 알고리즘을 사용하여, 세션 ID를 생성하기 위한 SecureRandom 객체를 생성하는데, [235] 밀리초가 소요됐습니다.
30-Sep-2025 09:41:08.319 정보 [main] org.apache.catalina.startup.HostConfig.deployDescriptor 배치 descriptor [C:\dev\workspace\jsp_webapp\src\main\webapp\conf\Catalina\localhost\ROOT.xml]의 배치가 [3,798] 밀리초 내에 완료되었습니다.
30-Sep-2025 09:41:08.326 정보 [main] org.apache.coyote.AbstractProtocol.start 프로토콜 핸들러 ["http-nio-8080"]을(를) 시작합니다.
30-Sep-2025 09:41:08.515 정보 [main] org.apache.catalina.startup.Catalina.start 서버가 [4072] 밀리초 내에 시작되었습니다.
30-Sep-2025 09:42:19.782 정보 [Thread-1] org.apache.coyote.AbstractProtocol.pause 프로토콜 핸들러 ["http-nio-8080"]을(를) 일시 정지 중
30-Sep-2025 09:42:20.917 정보 [Thread-1] org.apache.catalina.core.StandardService.stopInternal 서비스 [Catalina]을(를) 중지시킵니다.
30-Sep-2025 09:42:20.929 정보 [Thread-1] org.apache.coyote.AbstractProtocol.stop 프로토콜 핸들러 ["http-nio-8080"]을(를) 중지시킵니다.
30-Sep-2025 09:42:20.947 정보 [Thread-1] org.apache.coyote.AbstractProtocol.destroy 프로토콜 핸들러 ["http-nio-8080"]을(를) 소멸시킵니다.
30-Sep-2025 09:42:26.672 정보 [main] org.apache.catalina.startup.VersionLoggerListener.log 서버 버전 이름:    Apache Tomcat/9.0.109
30-Sep-2025 09:42:26.684 정보 [main] org.apache.catalina.startup.VersionLoggerListener.log Server 빌드 시각:  Sep 1 2025 12:15:33 UTC
30-Sep-2025 09:42:26.684 정보 [main] org.apache.catalina.startup.VersionLoggerListener.log Server 버전 번호:  9.0.109.0
30-Sep-2025 09:42:26.684 정보 [main] org.apache.catalina.startup.VersionLoggerListener.log 운영체제 이름:     Windows 10
30-Sep-2025 09:42:26.685 정보 [main] org.apache.catalina.startup.VersionLoggerListener.log 운영체제 버전:     10.0
30-Sep-2025 09:42:26.685 정보 [main] org.apache.catalina.startup.VersionLoggerListener.log 아키텍처:          amd64
30-Sep-2025 09:42:26.685 정보 [main] org.apache.catalina.startup.VersionLoggerListener.log 자바 홈:           C:\Eclipse Adoptium\jdk-17.0.16.8-hotspot
30-Sep-2025 09:42:26.685 정보 [main] org.apache.catalina.startup.VersionLoggerListener.log JVM 버전:          17.0.16+8
30-Sep-2025 09:42:26.686 정보 [main] org.apache.catalina.startup.VersionLoggerListener.log JVM 벤더:          Eclipse Adoptium
30-Sep-2025 09:42:26.687 정보 [main] org.apache.catalina.startup.VersionLoggerListener.log CATALINA_BASE:     C:\dev\workspace\jsp_webapp\src\main\webapp
30-Sep-2025 09:42:26.687 정보 [main] org.apache.catalina.startup.VersionLoggerListener.log CATALINA_HOME:     C:\dev\apache-tomcat-9.0.109
30-Sep-2025 09:42:26.696 정보 [main] org.apache.catalina.startup.VersionLoggerListener.log 명령 행 아규먼트:  --add-opens=java.base/java.lang=ALL-UNNAMED
30-Sep-2025 09:42:26.697 정보 [main] org.apache.catalina.startup.VersionLoggerListener.log 명령 행 아규먼트:  --add-opens=java.base/java.io=ALL-UNNAMED
30-Sep-2025 09:42:26.697 정보 [main] org.apache.catalina.startup.VersionLoggerListener.log 명령 행 아규먼트:  --add-opens=java.base/java.util=ALL-UNNAMED
30-Sep-2025 09:42:26.697 정보 [main] org.apache.catalina.startup.VersionLoggerListener.log 명령 행 아규먼트:  --add-opens=java.base/java.util.concurrent=ALL-UNNAMED
30-Sep-2025 09:42:26.697 정보 [main] org.apache.catalina.startup.VersionLoggerListener.log 명령 행 아규먼트:  --add-opens=java.rmi/sun.rmi.transport=ALL-UNNAMED
30-Sep-2025 09:42:26.698 정보 [main] org.apache.catalina.startup.VersionLoggerListener.log 명령 행 아규먼트:  -Dconsole.encoding=UTF-8
30-Sep-2025 09:42:26.698 정보 [main] org.apache.catalina.startup.VersionLoggerListener.log 명령 행 아규먼트:  -Djava.util.logging.config.file=C:\dev\apache-tomcat-9.0.109\conf\logging.properties
30-Sep-2025 09:42:26.698 정보 [main] org.apache.catalina.startup.VersionLoggerListener.log 명령 행 아규먼트:  -Dsun.stdout.encoding=UTF-8
30-Sep-2025 09:42:26.698 정보 [main] org.apache.catalina.startup.VersionLoggerListener.log 명령 행 아규먼트:  -Dsun.stderr.encoding=UTF-8
30-Sep-2025 09:42:26.698 정보 [main] org.apache.catalina.startup.VersionLoggerListener.log 명령 행 아규먼트:  -Dcatalina.home=C:\dev\apache-tomcat-9.0.109
30-Sep-2025 09:42:26.698 정보 [main] org.apache.catalina.startup.VersionLoggerListener.log 명령 행 아규먼트:  -Dcatalina.base=C:\dev\workspace\jsp_webapp\src\main\webapp
30-Sep-2025 09:42:26.699 정보 [main] org.apache.catalina.startup.VersionLoggerListener.log 명령 행 아규먼트:  -Djava.io.tmpdir=C:\dev\workspace\jsp_webapp\src\main\webapp\temp
30-Sep-2025 09:42:26.699 정보 [main] org.apache.catalina.startup.VersionLoggerListener.log 명령 행 아규먼트:  -Djava.util.logging.manager=org.apache.juli.ClassLoaderLogManager
30-Sep-2025 09:42:26.699 정보 [main] org.apache.catalina.startup.VersionLoggerListener.log 명령 행 아규먼트:  -javaagent:C:\Program Files\JetBrains\IntelliJ IDEA 2025.1.1.1\lib\idea_rt.jar=52082
30-Sep-2025 09:42:26.699 정보 [main] org.apache.catalina.startup.VersionLoggerListener.log 명령 행 아규먼트:  -Dfile.encoding=UTF-8
30-Sep-2025 09:42:26.719 정보 [main] org.apache.catalina.core.AprLifecycleListener.lifecycleEvent 프로덕션 환경들에서 최적의 성능을 제공하는, APR 기반 Apache Tomcat Native 라이브러리가, 다음 java.library.path에서 발견되지 않습니다: [C:\Eclipse Adoptium\jdk-17.0.16.8-hotspot\bin;C:\WINDOWS\Sun\Java\bin;C:\WINDOWS\system32;C:\WINDOWS;C:\Eclipse Adoptium\jdk-17.0.16.8-hotspot\bin;C:\Program Files\MySQL\MySQL Server 8.0\bin;C:\Terraform;C:\WINDOWS\system32;C:\WINDOWS;C:\WINDOWS\System32\Wbem;C:\WINDOWS\System32\WindowsPowerShell\v1.0\;C:\WINDOWS\System32\OpenSSH\;C:\Program Files\nodejs\;C:\Program Files\Amazon\AWSCLIV2\;C:\Program Files\dotnet\;C:\Program Files\Git\cmd;C:\Program Files\Docker\Docker\resources\bin;C:\Eclipse Adoptium\jdk-17.0.16.8-hotspot\bin;C:\Users\wd\AppData\Local\Microsoft\WindowsApps;C:\Program Files\JetBrains\IntelliJ IDEA Community Edition 2024.3.3\bin;;C:\Users\wd\AppData\Roaming\npm;C:\Program Files\JetBrains\IntelliJ IDEA 2025.1.1.1\bin;;C:\Users\wd\AppData\Local\Programs\Microsoft VS Code\bin;;.]
30-Sep-2025 09:42:27.159 정보 [main] org.apache.coyote.AbstractProtocol.init 프로토콜 핸들러 ["http-nio-8080"]을(를) 초기화합니다.
30-Sep-2025 09:42:27.181 정보 [main] org.apache.catalina.startup.Catalina.load [872] 밀리초 내에 서버가 초기화되었습니다.
30-Sep-2025 09:42:27.258 정보 [main] org.apache.catalina.core.StandardService.startInternal 서비스 [Catalina]을(를) 시작합니다.
30-Sep-2025 09:42:27.258 정보 [main] org.apache.catalina.core.StandardEngine.startInternal 서버 엔진을 시작합니다: [Apache Tomcat/9.0.109]
30-Sep-2025 09:42:27.275 정보 [main] org.apache.catalina.startup.HostConfig.deployDescriptor 배치 descriptor [C:\dev\workspace\jsp_webapp\src\main\webapp\conf\Catalina\localhost\ROOT.xml]을(를) 배치합니다.
30-Sep-2025 09:42:31.156 정보 [main] org.apache.jasper.servlet.TldScanner.scanJars 적어도 하나의 JAR가 TLD들을 찾기 위해 스캔되었으나 아무 것도 찾지 못했습니다. 스캔했으나 TLD가 없는 JAR들의 전체 목록을 보시려면, 로그 레벨을 디버그 레벨로 설정하십시오. 스캔 과정에서 불필요한 JAR들을 건너뛰면, 시스템 시작 시간과 JSP 컴파일 시간을 단축시킬 수 있습니다.
30-Sep-2025 09:42:31.542 경고 [main] org.apache.catalina.util.SessionIdGeneratorBase.createSecureRandom [SHA1PRNG] 알고리즘을 사용하여, 세션 ID를 생성하기 위한 SecureRandom 객체를 생성하는데, [160] 밀리초가 소요됐습니다.
30-Sep-2025 09:42:32.588 경고 [main] org.glassfish.jersey.message.internal.MessagingBinders$EnabledProvidersBinder.bindToBinder A class javax.activation.DataSource for a default provider MessageBodyWriter<javax.activation.DataSource> was not found. The provider is not available.
30-Sep-2025 09:42:32.727 경고 [main] org.glassfish.jersey.server.wadl.WadlFeature.configure JAXBContext implementation could not be found. WADL feature is disabled.
30-Sep-2025 09:42:33.776 정보 [main] org.apache.catalina.startup.HostConfig.deployDescriptor 배치 descriptor [C:\dev\workspace\jsp_webapp\src\main\webapp\conf\Catalina\localhost\ROOT.xml]의 배치가 [6,500] 밀리초 내에 완료되었습니다.
30-Sep-2025 09:42:33.782 정보 [main] org.apache.coyote.AbstractProtocol.start 프로토콜 핸들러 ["http-nio-8080"]을(를) 시작합니다.
30-Sep-2025 09:42:33.966 정보 [main] org.apache.catalina.startup.Catalina.start 서버가 [6784] 밀리초 내에 시작되었습니다.
30-Sep-2025 09:45:54.217 정보 [Thread-1] org.apache.coyote.AbstractProtocol.pause 프로토콜 핸들러 ["http-nio-8080"]을(를) 일시 정지 중
30-Sep-2025 09:45:55.409 정보 [Thread-1] org.apache.catalina.core.StandardService.stopInternal 서비스 [Catalina]을(를) 중지시킵니다.
30-Sep-2025 09:45:55.443 정보 [Thread-1] org.apache.coyote.AbstractProtocol.stop 프로토콜 핸들러 ["http-nio-8080"]을(를) 중지시킵니다.
30-Sep-2025 09:45:55.457 정보 [Thread-1] org.apache.coyote.AbstractProtocol.destroy 프로토콜 핸들러 ["http-nio-8080"]을(를) 소멸시킵니다.
30-Sep-2025 09:46:00.060 정보 [main] org.apache.catalina.startup.VersionLoggerListener.log 서버 버전 이름:    Apache Tomcat/9.0.109
30-Sep-2025 09:46:00.065 정보 [main] org.apache.catalina.startup.VersionLoggerListener.log Server 빌드 시각:  Sep 1 2025 12:15:33 UTC
30-Sep-2025 09:46:00.066 정보 [main] org.apache.catalina.startup.VersionLoggerListener.log Server 버전 번호:  9.0.109.0
30-Sep-2025 09:46:00.066 정보 [main] org.apache.catalina.startup.VersionLoggerListener.log 운영체제 이름:     Windows 10
30-Sep-2025 09:46:00.066 정보 [main] org.apache.catalina.startup.VersionLoggerListener.log 운영체제 버전:     10.0
30-Sep-2025 09:46:00.066 정보 [main] org.apache.catalina.startup.VersionLoggerListener.log 아키텍처:          amd64
30-Sep-2025 09:46:00.066 정보 [main] org.apache.catalina.startup.VersionLoggerListener.log 자바 홈:           C:\Eclipse Adoptium\jdk-17.0.16.8-hotspot
30-Sep-2025 09:46:00.066 정보 [main] org.apache.catalina.startup.VersionLoggerListener.log JVM 버전:          17.0.16+8
30-Sep-2025 09:46:00.067 정보 [main] org.apache.catalina.startup.VersionLoggerListener.log JVM 벤더:          Eclipse Adoptium
30-Sep-2025 09:46:00.068 정보 [main] org.apache.catalina.startup.VersionLoggerListener.log CATALINA_BASE:     C:\dev\workspace\jsp_webapp\src\main\webapp
30-Sep-2025 09:46:00.068 정보 [main] org.apache.catalina.startup.VersionLoggerListener.log CATALINA_HOME:     C:\dev\apache-tomcat-9.0.109
30-Sep-2025 09:46:00.080 정보 [main] org.apache.catalina.startup.VersionLoggerListener.log 명령 행 아규먼트:  --add-opens=java.base/java.lang=ALL-UNNAMED
30-Sep-2025 09:46:00.080 정보 [main] org.apache.catalina.startup.VersionLoggerListener.log 명령 행 아규먼트:  --add-opens=java.base/java.io=ALL-UNNAMED
30-Sep-2025 09:46:00.080 정보 [main] org.apache.catalina.startup.VersionLoggerListener.log 명령 행 아규먼트:  --add-opens=java.base/java.util=ALL-UNNAMED
30-Sep-2025 09:46:00.080 정보 [main] org.apache.catalina.startup.VersionLoggerListener.log 명령 행 아규먼트:  --add-opens=java.base/java.util.concurrent=ALL-UNNAMED
30-Sep-2025 09:46:00.080 정보 [main] org.apache.catalina.startup.VersionLoggerListener.log 명령 행 아규먼트:  --add-opens=java.rmi/sun.rmi.transport=ALL-UNNAMED
30-Sep-2025 09:46:00.080 정보 [main] org.apache.catalina.startup.VersionLoggerListener.log 명령 행 아규먼트:  -Dconsole.encoding=UTF-8
30-Sep-2025 09:46:00.080 정보 [main] org.apache.catalina.startup.VersionLoggerListener.log 명령 행 아규먼트:  -Djava.util.logging.config.file=C:\dev\apache-tomcat-9.0.109\conf\logging.properties
30-Sep-2025 09:46:00.081 정보 [main] org.apache.catalina.startup.VersionLoggerListener.log 명령 행 아규먼트:  -Dsun.stdout.encoding=UTF-8
30-Sep-2025 09:46:00.081 정보 [main] org.apache.catalina.startup.VersionLoggerListener.log 명령 행 아규먼트:  -Dsun.stderr.encoding=UTF-8
30-Sep-2025 09:46:00.082 정보 [main] org.apache.catalina.startup.VersionLoggerListener.log 명령 행 아규먼트:  -Dcatalina.home=C:\dev\apache-tomcat-9.0.109
30-Sep-2025 09:46:00.082 정보 [main] org.apache.catalina.startup.VersionLoggerListener.log 명령 행 아규먼트:  -Dcatalina.base=C:\dev\workspace\jsp_webapp\src\main\webapp
30-Sep-2025 09:46:00.083 정보 [main] org.apache.catalina.startup.VersionLoggerListener.log 명령 행 아규먼트:  -Djava.io.tmpdir=C:\dev\workspace\jsp_webapp\src\main\webapp\temp
30-Sep-2025 09:46:00.083 정보 [main] org.apache.catalina.startup.VersionLoggerListener.log 명령 행 아규먼트:  -Djava.util.logging.manager=org.apache.juli.ClassLoaderLogManager
30-Sep-2025 09:46:00.083 정보 [main] org.apache.catalina.startup.VersionLoggerListener.log 명령 행 아규먼트:  -javaagent:C:\Program Files\JetBrains\IntelliJ IDEA 2025.1.1.1\lib\idea_rt.jar=52132
30-Sep-2025 09:46:00.087 정보 [main] org.apache.catalina.startup.VersionLoggerListener.log 명령 행 아규먼트:  -Dfile.encoding=UTF-8
30-Sep-2025 09:46:00.108 정보 [main] org.apache.catalina.core.AprLifecycleListener.lifecycleEvent 프로덕션 환경들에서 최적의 성능을 제공하는, APR 기반 Apache Tomcat Native 라이브러리가, 다음 java.library.path에서 발견되지 않습니다: [C:\Eclipse Adoptium\jdk-17.0.16.8-hotspot\bin;C:\WINDOWS\Sun\Java\bin;C:\WINDOWS\system32;C:\WINDOWS;C:\Eclipse Adoptium\jdk-17.0.16.8-hotspot\bin;C:\Program Files\MySQL\MySQL Server 8.0\bin;C:\Terraform;C:\WINDOWS\system32;C:\WINDOWS;C:\WINDOWS\System32\Wbem;C:\WINDOWS\System32\WindowsPowerShell\v1.0\;C:\WINDOWS\System32\OpenSSH\;C:\Program Files\nodejs\;C:\Program Files\Amazon\AWSCLIV2\;C:\Program Files\dotnet\;C:\Program Files\Git\cmd;C:\Program Files\Docker\Docker\resources\bin;C:\Eclipse Adoptium\jdk-17.0.16.8-hotspot\bin;C:\Users\wd\AppData\Local\Microsoft\WindowsApps;C:\Program Files\JetBrains\IntelliJ IDEA Community Edition 2024.3.3\bin;;C:\Users\wd\AppData\Roaming\npm;C:\Program Files\JetBrains\IntelliJ IDEA 2025.1.1.1\bin;;C:\Users\wd\AppData\Local\Programs\Microsoft VS Code\bin;;.]
30-Sep-2025 09:46:00.554 정보 [main] org.apache.coyote.AbstractProtocol.init 프로토콜 핸들러 ["http-nio-8080"]을(를) 초기화합니다.
30-Sep-2025 09:46:00.576 정보 [main] org.apache.catalina.startup.Catalina.load [911] 밀리초 내에 서버가 초기화되었습니다.
30-Sep-2025 09:46:00.665 정보 [main] org.apache.catalina.core.StandardService.startInternal 서비스 [Catalina]을(를) 시작합니다.
30-Sep-2025 09:46:00.666 정보 [main] org.apache.catalina.core.StandardEngine.startInternal 서버 엔진을 시작합니다: [Apache Tomcat/9.0.109]
30-Sep-2025 09:46:00.678 정보 [main] org.apache.catalina.startup.HostConfig.deployDescriptor 배치 descriptor [C:\dev\workspace\jsp_webapp\src\main\webapp\conf\Catalina\localhost\ROOT.xml]을(를) 배치합니다.
30-Sep-2025 09:46:06.190 정보 [main] org.apache.jasper.servlet.TldScanner.scanJars 적어도 하나의 JAR가 TLD들을 찾기 위해 스캔되었으나 아무 것도 찾지 못했습니다. 스캔했으나 TLD가 없는 JAR들의 전체 목록을 보시려면, 로그 레벨을 디버그 레벨로 설정하십시오. 스캔 과정에서 불필요한 JAR들을 건너뛰면, 시스템 시작 시간과 JSP 컴파일 시간을 단축시킬 수 있습니다.
30-Sep-2025 09:46:06.949 경고 [main] org.apache.catalina.util.SessionIdGeneratorBase.createSecureRandom [SHA1PRNG] 알고리즘을 사용하여, 세션 ID를 생성하기 위한 SecureRandom 객체를 생성하는데, [234] 밀리초가 소요됐습니다.
30-Sep-2025 09:46:08.197 경고 [main] org.glassfish.jersey.message.internal.MessagingBinders$EnabledProvidersBinder.bindToBinder A class javax.activation.DataSource for a default provider MessageBodyWriter<javax.activation.DataSource> was not found. The provider is not available.
30-Sep-2025 09:46:08.576 경고 [main] org.glassfish.jersey.server.wadl.WadlFeature.configure JAXBContext implementation could not be found. WADL feature is disabled.
30-Sep-2025 09:46:09.904 정보 [main] org.apache.catalina.startup.HostConfig.deployDescriptor 배치 descriptor [C:\dev\workspace\jsp_webapp\src\main\webapp\conf\Catalina\localhost\ROOT.xml]의 배치가 [9,225] 밀리초 내에 완료되었습니다.
30-Sep-2025 09:46:09.915 정보 [main] org.apache.coyote.AbstractProtocol.start 프로토콜 핸들러 ["http-nio-8080"]을(를) 시작합니다.
30-Sep-2025 09:46:10.875 정보 [main] org.apache.catalina.startup.Catalina.start 서버가 [10298] 밀리초 내에 시작되었습니다.
30-Sep-2025 09:54:03.459 정보 [Thread-1] org.apache.coyote.AbstractProtocol.pause 프로토콜 핸들러 ["http-nio-8080"]을(를) 일시 정지 중
30-Sep-2025 09:54:04.543 정보 [Thread-1] org.apache.catalina.core.StandardService.stopInternal 서비스 [Catalina]을(를) 중지시킵니다.
30-Sep-2025 09:54:04.578 정보 [Thread-1] org.apache.coyote.AbstractProtocol.stop 프로토콜 핸들러 ["http-nio-8080"]을(를) 중지시킵니다.
30-Sep-2025 09:54:04.595 정보 [Thread-1] org.apache.coyote.AbstractProtocol.destroy 프로토콜 핸들러 ["http-nio-8080"]을(를) 소멸시킵니다.
30-Sep-2025 09:54:07.640 정보 [main] org.apache.catalina.startup.VersionLoggerListener.log 서버 버전 이름:    Apache Tomcat/9.0.109
30-Sep-2025 09:54:07.650 정보 [main] org.apache.catalina.startup.VersionLoggerListener.log Server 빌드 시각:  Sep 1 2025 12:15:33 UTC
30-Sep-2025 09:54:07.650 정보 [main] org.apache.catalina.startup.VersionLoggerListener.log Server 버전 번호:  9.0.109.0
30-Sep-2025 09:54:07.650 정보 [main] org.apache.catalina.startup.VersionLoggerListener.log 운영체제 이름:     Windows 10
30-Sep-2025 09:54:07.650 정보 [main] org.apache.catalina.startup.VersionLoggerListener.log 운영체제 버전:     10.0
30-Sep-2025 09:54:07.650 정보 [main] org.apache.catalina.startup.VersionLoggerListener.log 아키텍처:          amd64
30-Sep-2025 09:54:07.651 정보 [main] org.apache.catalina.startup.VersionLoggerListener.log 자바 홈:           C:\Eclipse Adoptium\jdk-17.0.16.8-hotspot
30-Sep-2025 09:54:07.651 정보 [main] org.apache.catalina.startup.VersionLoggerListener.log JVM 버전:          17.0.16+8
30-Sep-2025 09:54:07.651 정보 [main] org.apache.catalina.startup.VersionLoggerListener.log JVM 벤더:          Eclipse Adoptium
30-Sep-2025 09:54:07.651 정보 [main] org.apache.catalina.startup.VersionLoggerListener.log CATALINA_BASE:     C:\dev\workspace\jsp_webapp\src\main\webapp
30-Sep-2025 09:54:07.651 정보 [main] org.apache.catalina.startup.VersionLoggerListener.log CATALINA_HOME:     C:\dev\apache-tomcat-9.0.109
30-Sep-2025 09:54:07.670 정보 [main] org.apache.catalina.startup.VersionLoggerListener.log 명령 행 아규먼트:  --add-opens=java.base/java.lang=ALL-UNNAMED
30-Sep-2025 09:54:07.670 정보 [main] org.apache.catalina.startup.VersionLoggerListener.log 명령 행 아규먼트:  --add-opens=java.base/java.io=ALL-UNNAMED
30-Sep-2025 09:54:07.670 정보 [main] org.apache.catalina.startup.VersionLoggerListener.log 명령 행 아규먼트:  --add-opens=java.base/java.util=ALL-UNNAMED
30-Sep-2025 09:54:07.671 정보 [main] org.apache.catalina.startup.VersionLoggerListener.log 명령 행 아규먼트:  --add-opens=java.base/java.util.concurrent=ALL-UNNAMED
30-Sep-2025 09:54:07.671 정보 [main] org.apache.catalina.startup.VersionLoggerListener.log 명령 행 아규먼트:  --add-opens=java.rmi/sun.rmi.transport=ALL-UNNAMED
30-Sep-2025 09:54:07.671 정보 [main] org.apache.catalina.startup.VersionLoggerListener.log 명령 행 아규먼트:  -Dconsole.encoding=UTF-8
30-Sep-2025 09:54:07.672 정보 [main] org.apache.catalina.startup.VersionLoggerListener.log 명령 행 아규먼트:  -Djava.util.logging.config.file=C:\dev\apache-tomcat-9.0.109\conf\logging.properties
30-Sep-2025 09:54:07.673 정보 [main] org.apache.catalina.startup.VersionLoggerListener.log 명령 행 아규먼트:  -Dsun.stdout.encoding=UTF-8
30-Sep-2025 09:54:07.673 정보 [main] org.apache.catalina.startup.VersionLoggerListener.log 명령 행 아규먼트:  -Dsun.stderr.encoding=UTF-8
30-Sep-2025 09:54:07.673 정보 [main] org.apache.catalina.startup.VersionLoggerListener.log 명령 행 아규먼트:  -Dcatalina.home=C:\dev\apache-tomcat-9.0.109
30-Sep-2025 09:54:07.674 정보 [main] org.apache.catalina.startup.VersionLoggerListener.log 명령 행 아규먼트:  -Dcatalina.base=C:\dev\workspace\jsp_webapp\src\main\webapp
30-Sep-2025 09:54:07.674 정보 [main] org.apache.catalina.startup.VersionLoggerListener.log 명령 행 아규먼트:  -Djava.io.tmpdir=C:\dev\workspace\jsp_webapp\src\main\webapp\temp
30-Sep-2025 09:54:07.674 정보 [main] org.apache.catalina.startup.VersionLoggerListener.log 명령 행 아규먼트:  -Djava.util.logging.manager=org.apache.juli.ClassLoaderLogManager
30-Sep-2025 09:54:07.674 정보 [main] org.apache.catalina.startup.VersionLoggerListener.log 명령 행 아규먼트:  -javaagent:C:\Program Files\JetBrains\IntelliJ IDEA 2025.1.1.1\lib\idea_rt.jar=52326
30-Sep-2025 09:54:07.675 정보 [main] org.apache.catalina.startup.VersionLoggerListener.log 명령 행 아규먼트:  -Dfile.encoding=UTF-8
30-Sep-2025 09:54:07.707 정보 [main] org.apache.catalina.core.AprLifecycleListener.lifecycleEvent 프로덕션 환경들에서 최적의 성능을 제공하는, APR 기반 Apache Tomcat Native 라이브러리가, 다음 java.library.path에서 발견되지 않습니다: [C:\Eclipse Adoptium\jdk-17.0.16.8-hotspot\bin;C:\WINDOWS\Sun\Java\bin;C:\WINDOWS\system32;C:\WINDOWS;C:\Eclipse Adoptium\jdk-17.0.16.8-hotspot\bin;C:\Program Files\MySQL\MySQL Server 8.0\bin;C:\Terraform;C:\WINDOWS\system32;C:\WINDOWS;C:\WINDOWS\System32\Wbem;C:\WINDOWS\System32\WindowsPowerShell\v1.0\;C:\WINDOWS\System32\OpenSSH\;C:\Program Files\nodejs\;C:\Program Files\Amazon\AWSCLIV2\;C:\Program Files\dotnet\;C:\Program Files\Git\cmd;C:\Program Files\Docker\Docker\resources\bin;C:\Eclipse Adoptium\jdk-17.0.16.8-hotspot\bin;C:\Users\wd\AppData\Local\Microsoft\WindowsApps;C:\Program Files\JetBrains\IntelliJ IDEA Community Edition 2024.3.3\bin;;C:\Users\wd\AppData\Roaming\npm;C:\Program Files\JetBrains\IntelliJ IDEA 2025.1.1.1\bin;;C:\Users\wd\AppData\Local\Programs\Microsoft VS Code\bin;;.]
30-Sep-2025 09:54:08.367 정보 [main] org.apache.coyote.AbstractProtocol.init 프로토콜 핸들러 ["http-nio-8080"]을(를) 초기화합니다.
30-Sep-2025 09:54:08.389 정보 [main] org.apache.catalina.startup.Catalina.load [1348] 밀리초 내에 서버가 초기화되었습니다.
30-Sep-2025 09:54:08.474 정보 [main] org.apache.catalina.core.StandardService.startInternal 서비스 [Catalina]을(를) 시작합니다.
30-Sep-2025 09:54:08.475 정보 [main] org.apache.catalina.core.StandardEngine.startInternal 서버 엔진을 시작합니다: [Apache Tomcat/9.0.109]
30-Sep-2025 09:54:08.491 정보 [main] org.apache.catalina.startup.HostConfig.deployDescriptor 배치 descriptor [C:\dev\workspace\jsp_webapp\src\main\webapp\conf\Catalina\localhost\ROOT.xml]을(를) 배치합니다.
30-Sep-2025 09:54:12.643 정보 [main] org.apache.jasper.servlet.TldScanner.scanJars 적어도 하나의 JAR가 TLD들을 찾기 위해 스캔되었으나 아무 것도 찾지 못했습니다. 스캔했으나 TLD가 없는 JAR들의 전체 목록을 보시려면, 로그 레벨을 디버그 레벨로 설정하십시오. 스캔 과정에서 불필요한 JAR들을 건너뛰면, 시스템 시작 시간과 JSP 컴파일 시간을 단축시킬 수 있습니다.
30-Sep-2025 09:54:13.140 경고 [main] org.apache.catalina.util.SessionIdGeneratorBase.createSecureRandom [SHA1PRNG] 알고리즘을 사용하여, 세션 ID를 생성하기 위한 SecureRandom 객체를 생성하는데, [168] 밀리초가 소요됐습니다.
30-Sep-2025 09:54:14.380 경고 [main] org.glassfish.jersey.message.internal.MessagingBinders$EnabledProvidersBinder.bindToBinder A class javax.activation.DataSource for a default provider MessageBodyWriter<javax.activation.DataSource> was not found. The provider is not available.
30-Sep-2025 09:54:14.539 경고 [main] org.glassfish.jersey.server.wadl.WadlFeature.configure JAXBContext implementation could not be found. WADL feature is disabled.
30-Sep-2025 09:54:15.575 정보 [main] org.apache.catalina.startup.HostConfig.deployDescriptor 배치 descriptor [C:\dev\workspace\jsp_webapp\src\main\webapp\conf\Catalina\localhost\ROOT.xml]의 배치가 [7,084] 밀리초 내에 완료되었습니다.
30-Sep-2025 09:54:15.581 정보 [main] org.apache.coyote.AbstractProtocol.start 프로토콜 핸들러 ["http-nio-8080"]을(를) 시작합니다.
30-Sep-2025 09:54:15.751 정보 [main] org.apache.catalina.startup.Catalina.start 서버가 [7362] 밀리초 내에 시작되었습니다.
30-Sep-2025 10:00:35.512 정보 [Thread-1] org.apache.coyote.AbstractProtocol.pause 프로토콜 핸들러 ["http-nio-8080"]을(를) 일시 정지 중
30-Sep-2025 10:00:36.634 정보 [Thread-1] org.apache.catalina.core.StandardService.stopInternal 서비스 [Catalina]을(를) 중지시킵니다.
30-Sep-2025 10:00:36.668 정보 [Thread-1] org.apache.coyote.AbstractProtocol.stop 프로토콜 핸들러 ["http-nio-8080"]을(를) 중지시킵니다.
30-Sep-2025 10:00:36.679 정보 [Thread-1] org.apache.coyote.AbstractProtocol.destroy 프로토콜 핸들러 ["http-nio-8080"]을(를) 소멸시킵니다.
