26-Sep-2025 10:42:41.577 정보 [main] org.apache.catalina.core.ApplicationContext.log servlet context 가 시작됨 !!!!!!!!!!!!!!!!!!!!!!!!
26-Sep-2025 10:43:27.392 정보 [Thread-1] org.apache.catalina.core.ApplicationContext.log servlet context 가 종료됨 !!!!!!!!!!!!!!!!!!!!!!!!
26-Sep-2025 10:50:25.130 정보 [main] org.apache.catalina.core.ApplicationContext.log servlet context 가 시작됨 !!!!!!!!!!!!!!!!!!!!!!!!
26-Sep-2025 10:50:48.433 정보 [http-nio-8080-exec-1] org.apache.catalina.core.ApplicationContext.log Servlet Context 속성 추가홍길동
26-Sep-2025 10:51:36.990 정보 [Thread-1] org.apache.catalina.core.ApplicationContext.log servlet context 가 종료됨 !!!!!!!!!!!!!!!!!!!!!!!!
26-Sep-2025 10:58:20.792 정보 [main] org.apache.catalina.core.ApplicationContext.log servlet context 가 시작됨 !!!!!!!!!!!!!!!!!!!!!!!!
26-Sep-2025 10:58:45.986 정보 [http-nio-8080-exec-1] org.apache.catalina.core.ApplicationContext.log Servlet Context 속성 추가홍길동
26-Sep-2025 10:58:45.994 정보 [http-nio-8080-exec-1] org.apache.catalina.core.ApplicationContext.log 세션이 생성됨 : 21CB151C6EE1F952AEA5027122FCBB6F
26-Sep-2025 10:58:45.998 정보 [http-nio-8080-exec-1] org.apache.catalina.core.ApplicationContext.log 세션 의 속성이 추가됨 : 김사랑
26-Sep-2025 10:59:24.297 정보 [http-nio-8080-exec-4] org.apache.catalina.core.ApplicationContext.log Servlet Context 속성 추가org.apache.jasper.runtime.JspApplicationContextImpl@3b7a326b
26-Sep-2025 10:59:24.405 정보 [http-nio-8080-exec-4] org.apache.catalina.core.ApplicationContext.log Servlet Context 속성 추가org.apache.jasper.compiler.ELInterpreterFactory$DefaultELInterpreter@7e3a4687
26-Sep-2025 10:59:24.407 정보 [http-nio-8080-exec-4] org.apache.catalina.core.ApplicationContext.log Servlet Context 속성 추가org.apache.jasper.compiler.StringInterpreterFactory$DefaultStringInterpreter@6fb954e3
26-Sep-2025 11:00:03.110 정보 [http-nio-8080-exec-8] org.apache.catalina.core.ApplicationContext.log 세션이 생성됨 : 96B2340D254033472033C6A27E4AD21A
26-Sep-2025 11:00:03.110 정보 [http-nio-8080-exec-8] org.apache.catalina.core.ApplicationContext.log 세션 의 속성이 추가됨 : 김사랑
26-Sep-2025 11:18:48.851 정보 [Thread-1] org.apache.catalina.core.ApplicationContext.log servlet context 가 종료됨 !!!!!!!!!!!!!!!!!!!!!!!!
26-Sep-2025 11:18:55.433 정보 [main] org.apache.catalina.core.ApplicationContext.log servlet context 가 시작됨 !!!!!!!!!!!!!!!!!!!!!!!!
26-Sep-2025 11:19:06.341 정보 [http-nio-8080-exec-1] org.apache.catalina.core.ApplicationContext.log Servlet Context 속성 추가org.apache.jasper.runtime.JspApplicationContextImpl@333f71ab
26-Sep-2025 11:19:06.603 정보 [http-nio-8080-exec-1] org.apache.catalina.core.ApplicationContext.log Servlet Context 속성 추가org.apache.jasper.compiler.ELInterpreterFactory$DefaultELInterpreter@37f24482
26-Sep-2025 11:19:06.605 정보 [http-nio-8080-exec-1] org.apache.catalina.core.ApplicationContext.log Servlet Context 속성 추가org.apache.jasper.compiler.StringInterpreterFactory$DefaultStringInterpreter@74da3f52
26-Sep-2025 11:20:04.055 정보 [Thread-1] org.apache.catalina.core.ApplicationContext.log servlet context 가 종료됨 !!!!!!!!!!!!!!!!!!!!!!!!
26-Sep-2025 11:20:15.315 정보 [main] org.apache.catalina.core.ApplicationContext.log servlet context 가 시작됨 !!!!!!!!!!!!!!!!!!!!!!!!
26-Sep-2025 11:20:20.356 정보 [http-nio-8080-exec-1] org.apache.catalina.core.ApplicationContext.log Servlet Context 속성 추가org.apache.jasper.runtime.JspApplicationContextImpl@72412c84
26-Sep-2025 11:20:20.426 정보 [http-nio-8080-exec-1] org.apache.catalina.core.ApplicationContext.log Servlet Context 속성 추가org.apache.jasper.compiler.ELInterpreterFactory$DefaultELInterpreter@5731fee0
26-Sep-2025 11:20:20.427 정보 [http-nio-8080-exec-1] org.apache.catalina.core.ApplicationContext.log Servlet Context 속성 추가org.apache.jasper.compiler.StringInterpreterFactory$DefaultStringInterpreter@4c693f37
26-Sep-2025 11:20:52.686 심각 [http-nio-8080-exec-4] org.apache.catalina.core.StandardWrapperValve.invoke 경로가 []인 컨텍스트의 서블릿 [ch06.StudentController]을(를) 위한 Servlet.service() 호출이 예외를 발생시켰습니다.
	java.lang.RuntimeException: org.apache.commons.beanutils.ConversionException: String must be in JDBC format [yyyy-MM-dd] to create a java.sql.Date
		at ch06.StudentController.insert(StudentController.java:42)
		at ch06.StudentController.service(StudentController.java:32)
		at javax.servlet.http.HttpServlet.service(HttpServlet.java:623)
		at org.apache.catalina.core.ApplicationFilterChain.internalDoFilter(ApplicationFilterChain.java:199)
		at org.apache.catalina.core.ApplicationFilterChain.doFilter(ApplicationFilterChain.java:144)
		at org.apache.tomcat.websocket.server.WsFilter.doFilter(WsFilter.java:51)
		at org.apache.catalina.core.ApplicationFilterChain.internalDoFilter(ApplicationFilterChain.java:168)
		at org.apache.catalina.core.ApplicationFilterChain.doFilter(ApplicationFilterChain.java:144)
		at org.apache.catalina.core.StandardWrapperValve.invoke(StandardWrapperValve.java:168)
		at org.apache.catalina.core.StandardContextValve.invoke(StandardContextValve.java:90)
		at org.apache.catalina.authenticator.AuthenticatorBase.invoke(AuthenticatorBase.java:482)
		at org.apache.catalina.core.StandardHostValve.invoke(StandardHostValve.java:130)
		at org.apache.catalina.valves.ErrorReportValve.invoke(ErrorReportValve.java:93)
		at org.apache.catalina.valves.AbstractAccessLogValve.invoke(AbstractAccessLogValve.java:656)
		at org.apache.catalina.core.StandardEngineValve.invoke(StandardEngineValve.java:74)
		at org.apache.catalina.connector.CoyoteAdapter.service(CoyoteAdapter.java:346)
		at org.apache.coyote.http11.Http11Processor.service(Http11Processor.java:397)
		at org.apache.coyote.AbstractProcessorLight.process(AbstractProcessorLight.java:63)
		at org.apache.coyote.AbstractProtocol$ConnectionHandler.process(AbstractProtocol.java:935)
		at org.apache.tomcat.util.net.NioEndpoint$SocketProcessor.doRun(NioEndpoint.java:1833)
		at org.apache.tomcat.util.net.SocketProcessorBase.run(SocketProcessorBase.java:52)
		at org.apache.tomcat.util.threads.ThreadPoolExecutor.runWorker(ThreadPoolExecutor.java:975)
		at org.apache.tomcat.util.threads.ThreadPoolExecutor$Worker.run(ThreadPoolExecutor.java:493)
		at org.apache.tomcat.util.threads.TaskThread$WrappingRunnable.run(TaskThread.java:63)
		at java.base/java.lang.Thread.run(Thread.java:840)
	Caused by: org.apache.commons.beanutils.ConversionException: String must be in JDBC format [yyyy-MM-dd] to create a java.sql.Date
		at org.apache.commons.beanutils.converters.DateTimeConverter.toDate(DateTimeConverter.java:551)
		at org.apache.commons.beanutils.converters.DateTimeConverter.convertToType(DateTimeConverter.java:245)
		at org.apache.commons.beanutils.converters.AbstractConverter.convert(AbstractConverter.java:167)
		at org.apache.commons.beanutils.converters.ConverterFacade.convert(ConverterFacade.java:62)
		at org.apache.commons.beanutils.ConvertUtilsBean.convert(ConvertUtilsBean.java:329)
		at org.apache.commons.beanutils.BeanUtilsBean.setProperty(BeanUtilsBean.java:999)
		at org.apache.commons.beanutils.BeanUtilsBean.populate(BeanUtilsBean.java:828)
		at org.apache.commons.beanutils.BeanUtils.populate(BeanUtils.java:406)
		at ch06.StudentController.insert(StudentController.java:40)
		... 24 more
26-Sep-2025 11:27:10.062 정보 [Thread-1] org.apache.catalina.core.ApplicationContext.log servlet context 가 종료됨 !!!!!!!!!!!!!!!!!!!!!!!!
26-Sep-2025 11:27:14.484 정보 [main] org.apache.catalina.core.ApplicationContext.log servlet context 가 시작됨 !!!!!!!!!!!!!!!!!!!!!!!!
26-Sep-2025 11:28:13.680 정보 [http-nio-8080-exec-1] org.apache.catalina.core.ApplicationContext.log Servlet Context 속성 추가org.apache.jasper.runtime.JspApplicationContextImpl@11f94dc6
26-Sep-2025 11:28:13.762 정보 [http-nio-8080-exec-1] org.apache.catalina.core.ApplicationContext.log Servlet Context 속성 추가org.apache.jasper.compiler.ELInterpreterFactory$DefaultELInterpreter@498b9232
26-Sep-2025 11:28:13.765 정보 [http-nio-8080-exec-1] org.apache.catalina.core.ApplicationContext.log Servlet Context 속성 추가org.apache.jasper.compiler.StringInterpreterFactory$DefaultStringInterpreter@239ea2d3
26-Sep-2025 11:30:45.848 정보 [Thread-1] org.apache.catalina.core.ApplicationContext.log servlet context 가 종료됨 !!!!!!!!!!!!!!!!!!!!!!!!
26-Sep-2025 11:30:54.561 정보 [main] org.apache.catalina.core.ApplicationContext.log servlet context 가 시작됨 !!!!!!!!!!!!!!!!!!!!!!!!
26-Sep-2025 11:31:11.970 정보 [http-nio-8080-exec-1] org.apache.catalina.core.ApplicationContext.log Servlet Context 속성 추가org.apache.jasper.runtime.JspApplicationContextImpl@46ddba69
26-Sep-2025 11:31:12.039 정보 [http-nio-8080-exec-1] org.apache.catalina.core.ApplicationContext.log Servlet Context 속성 추가org.apache.jasper.compiler.ELInterpreterFactory$DefaultELInterpreter@4ed7969f
26-Sep-2025 11:31:12.040 정보 [http-nio-8080-exec-1] org.apache.catalina.core.ApplicationContext.log Servlet Context 속성 추가org.apache.jasper.compiler.StringInterpreterFactory$DefaultStringInterpreter@22625159
26-Sep-2025 11:35:28.429 정보 [Thread-1] org.apache.catalina.core.ApplicationContext.log servlet context 가 종료됨 !!!!!!!!!!!!!!!!!!!!!!!!
26-Sep-2025 11:35:35.935 정보 [main] org.apache.catalina.core.ApplicationContext.log servlet context 가 시작됨 !!!!!!!!!!!!!!!!!!!!!!!!
26-Sep-2025 11:35:56.914 정보 [http-nio-8080-exec-1] org.apache.catalina.core.ApplicationContext.log Servlet Context 속성 추가org.apache.jasper.runtime.JspApplicationContextImpl@29075272
26-Sep-2025 11:35:57.012 정보 [http-nio-8080-exec-1] org.apache.catalina.core.ApplicationContext.log Servlet Context 속성 추가org.apache.jasper.compiler.ELInterpreterFactory$DefaultELInterpreter@4d51dd7c
26-Sep-2025 11:35:57.014 정보 [http-nio-8080-exec-1] org.apache.catalina.core.ApplicationContext.log Servlet Context 속성 추가org.apache.jasper.compiler.StringInterpreterFactory$DefaultStringInterpreter@39e29ef0
26-Sep-2025 11:36:31.666 정보 [Thread-1] org.apache.catalina.core.ApplicationContext.log servlet context 가 종료됨 !!!!!!!!!!!!!!!!!!!!!!!!
26-Sep-2025 11:36:39.726 정보 [main] org.apache.catalina.core.ApplicationContext.log servlet context 가 시작됨 !!!!!!!!!!!!!!!!!!!!!!!!
26-Sep-2025 11:36:44.321 정보 [http-nio-8080-exec-1] org.apache.catalina.core.ApplicationContext.log Servlet Context 속성 추가org.apache.jasper.runtime.JspApplicationContextImpl@1226a9b0
26-Sep-2025 11:36:44.397 정보 [http-nio-8080-exec-1] org.apache.catalina.core.ApplicationContext.log Servlet Context 속성 추가org.apache.jasper.compiler.ELInterpreterFactory$DefaultELInterpreter@796a2c81
26-Sep-2025 11:36:44.400 정보 [http-nio-8080-exec-1] org.apache.catalina.core.ApplicationContext.log Servlet Context 속성 추가org.apache.jasper.compiler.StringInterpreterFactory$DefaultStringInterpreter@48df6eac
26-Sep-2025 15:11:37.587 정보 [Thread-1] org.apache.catalina.core.ApplicationContext.log servlet context 가 종료됨 !!!!!!!!!!!!!!!!!!!!!!!!
26-Sep-2025 15:11:43.144 정보 [main] org.apache.catalina.core.ApplicationContext.log servlet context 가 시작됨 !!!!!!!!!!!!!!!!!!!!!!!!
26-Sep-2025 15:11:57.448 정보 [http-nio-8080-exec-1] org.apache.catalina.core.ApplicationContext.log Servlet Context 속성 추가org.apache.jasper.runtime.JspApplicationContextImpl@16c07ea5
26-Sep-2025 15:11:57.572 정보 [http-nio-8080-exec-1] org.apache.catalina.core.ApplicationContext.log Servlet Context 속성 추가org.apache.jasper.compiler.ELInterpreterFactory$DefaultELInterpreter@56847f6a
26-Sep-2025 15:11:57.573 정보 [http-nio-8080-exec-1] org.apache.catalina.core.ApplicationContext.log Servlet Context 속성 추가org.apache.jasper.compiler.StringInterpreterFactory$DefaultStringInterpreter@52033f9
26-Sep-2025 15:11:59.058 정보 [http-nio-8080-exec-1] org.apache.catalina.core.ApplicationContext.log 세션이 생성됨 : 2840782B361DD281C417B2B03124CB60
26-Sep-2025 15:14:12.307 정보 [Thread-1] org.apache.catalina.core.ApplicationContext.log servlet context 가 종료됨 !!!!!!!!!!!!!!!!!!!!!!!!
26-Sep-2025 15:14:19.103 정보 [main] org.apache.catalina.core.ApplicationContext.log servlet context 가 시작됨 !!!!!!!!!!!!!!!!!!!!!!!!
26-Sep-2025 15:14:27.095 정보 [http-nio-8080-exec-1] org.apache.catalina.core.ApplicationContext.log Servlet Context 속성 추가org.apache.jasper.runtime.JspApplicationContextImpl@71350438
26-Sep-2025 15:14:27.178 정보 [http-nio-8080-exec-1] org.apache.catalina.core.ApplicationContext.log Servlet Context 속성 추가org.apache.jasper.compiler.ELInterpreterFactory$DefaultELInterpreter@75ebab6b
26-Sep-2025 15:14:27.179 정보 [http-nio-8080-exec-1] org.apache.catalina.core.ApplicationContext.log Servlet Context 속성 추가org.apache.jasper.compiler.StringInterpreterFactory$DefaultStringInterpreter@3cf5c34e
26-Sep-2025 15:15:16.130 정보 [Thread-1] org.apache.catalina.core.ApplicationContext.log servlet context 가 종료됨 !!!!!!!!!!!!!!!!!!!!!!!!
26-Sep-2025 15:15:23.805 정보 [main] org.apache.catalina.core.ApplicationContext.log servlet context 가 시작됨 !!!!!!!!!!!!!!!!!!!!!!!!
26-Sep-2025 15:15:26.312 정보 [Thread-1] org.apache.catalina.core.ApplicationContext.log servlet context 가 종료됨 !!!!!!!!!!!!!!!!!!!!!!!!
26-Sep-2025 15:15:32.681 정보 [main] org.apache.catalina.core.ApplicationContext.log servlet context 가 시작됨 !!!!!!!!!!!!!!!!!!!!!!!!
26-Sep-2025 15:16:31.032 정보 [Thread-1] org.apache.catalina.core.ApplicationContext.log servlet context 가 종료됨 !!!!!!!!!!!!!!!!!!!!!!!!
26-Sep-2025 15:16:36.551 정보 [main] org.apache.catalina.core.ApplicationContext.log servlet context 가 시작됨 !!!!!!!!!!!!!!!!!!!!!!!!
26-Sep-2025 15:16:41.030 정보 [http-nio-8080-exec-1] org.apache.catalina.core.ApplicationContext.log Servlet Context 속성 추가org.apache.jasper.runtime.JspApplicationContextImpl@75da4a21
26-Sep-2025 15:16:41.053 정보 [http-nio-8080-exec-1] org.apache.catalina.core.ApplicationContext.log Servlet Context 속성 추가org.apache.jasper.compiler.ELInterpreterFactory$DefaultELInterpreter@5c0a800
26-Sep-2025 15:16:41.054 정보 [http-nio-8080-exec-1] org.apache.catalina.core.ApplicationContext.log Servlet Context 속성 추가org.apache.jasper.compiler.StringInterpreterFactory$DefaultStringInterpreter@2fc10136
26-Sep-2025 15:31:44.070 정보 [Thread-1] org.apache.catalina.core.ApplicationContext.log servlet context 가 종료됨 !!!!!!!!!!!!!!!!!!!!!!!!
26-Sep-2025 15:31:49.716 정보 [main] org.apache.catalina.core.ApplicationContext.log servlet context 가 시작됨 !!!!!!!!!!!!!!!!!!!!!!!!
26-Sep-2025 15:32:00.716 정보 [http-nio-8080-exec-1] org.apache.catalina.core.ApplicationContext.log Servlet Context 속성 추가org.apache.jasper.runtime.JspApplicationContextImpl@5ed1edcf
26-Sep-2025 15:32:00.742 정보 [http-nio-8080-exec-1] org.apache.catalina.core.ApplicationContext.log Servlet Context 속성 추가org.apache.jasper.compiler.ELInterpreterFactory$DefaultELInterpreter@51b9d53
26-Sep-2025 15:32:00.744 정보 [http-nio-8080-exec-1] org.apache.catalina.core.ApplicationContext.log Servlet Context 속성 추가org.apache.jasper.compiler.StringInterpreterFactory$DefaultStringInterpreter@2d397b24
26-Sep-2025 15:32:38.366 심각 [http-nio-8080-exec-5] org.apache.catalina.core.StandardWrapperValve.invoke 경로가 []인 컨텍스트의 서블릿 [ch07.WelcomeController]을(를) 위한 Servlet.service() 호출이 예외를 발생시켰습니다.
	java.lang.IllegalStateException: 응답이 이미 커밋된 후에는 forward할 수 없습니다.
		at org.apache.catalina.core.ApplicationDispatcher.doForward(ApplicationDispatcher.java:293)
		at org.apache.catalina.core.ApplicationDispatcher.forward(ApplicationDispatcher.java:285)
		at ch07.WelcomeController.service(WelcomeController.java:23)
		at javax.servlet.http.HttpServlet.service(HttpServlet.java:623)
		at org.apache.catalina.core.ApplicationFilterChain.internalDoFilter(ApplicationFilterChain.java:199)
		at org.apache.catalina.core.ApplicationFilterChain.doFilter(ApplicationFilterChain.java:144)
		at org.apache.tomcat.websocket.server.WsFilter.doFilter(WsFilter.java:51)
		at org.apache.catalina.core.ApplicationFilterChain.internalDoFilter(ApplicationFilterChain.java:168)
		at org.apache.catalina.core.ApplicationFilterChain.doFilter(ApplicationFilterChain.java:144)
		at org.apache.catalina.core.StandardWrapperValve.invoke(StandardWrapperValve.java:168)
		at org.apache.catalina.core.StandardContextValve.invoke(StandardContextValve.java:90)
		at org.apache.catalina.authenticator.AuthenticatorBase.invoke(AuthenticatorBase.java:482)
		at org.apache.catalina.core.StandardHostValve.invoke(StandardHostValve.java:130)
		at org.apache.catalina.valves.ErrorReportValve.invoke(ErrorReportValve.java:93)
		at org.apache.catalina.valves.AbstractAccessLogValve.invoke(AbstractAccessLogValve.java:656)
		at org.apache.catalina.core.StandardEngineValve.invoke(StandardEngineValve.java:74)
		at org.apache.catalina.connector.CoyoteAdapter.service(CoyoteAdapter.java:346)
		at org.apache.coyote.http11.Http11Processor.service(Http11Processor.java:397)
		at org.apache.coyote.AbstractProcessorLight.process(AbstractProcessorLight.java:63)
		at org.apache.coyote.AbstractProtocol$ConnectionHandler.process(AbstractProtocol.java:935)
		at org.apache.tomcat.util.net.NioEndpoint$SocketProcessor.doRun(NioEndpoint.java:1833)
		at org.apache.tomcat.util.net.SocketProcessorBase.run(SocketProcessorBase.java:52)
		at org.apache.tomcat.util.threads.ThreadPoolExecutor.runWorker(ThreadPoolExecutor.java:975)
		at org.apache.tomcat.util.threads.ThreadPoolExecutor$Worker.run(ThreadPoolExecutor.java:493)
		at org.apache.tomcat.util.threads.TaskThread$WrappingRunnable.run(TaskThread.java:63)
		at java.base/java.lang.Thread.run(Thread.java:840)
26-Sep-2025 15:33:09.525 심각 [http-nio-8080-exec-8] org.apache.catalina.core.StandardWrapperValve.invoke 경로가 []인 컨텍스트의 서블릿 [ch07.WelcomeController]을(를) 위한 Servlet.service() 호출이 예외를 발생시켰습니다.
	java.lang.IllegalStateException: 응답이 이미 커밋된 후에는 forward할 수 없습니다.
		at org.apache.catalina.core.ApplicationDispatcher.doForward(ApplicationDispatcher.java:293)
		at org.apache.catalina.core.ApplicationDispatcher.forward(ApplicationDispatcher.java:285)
		at ch07.WelcomeController.service(WelcomeController.java:23)
		at javax.servlet.http.HttpServlet.service(HttpServlet.java:623)
		at org.apache.catalina.core.ApplicationFilterChain.internalDoFilter(ApplicationFilterChain.java:199)
		at org.apache.catalina.core.ApplicationFilterChain.doFilter(ApplicationFilterChain.java:144)
		at org.apache.tomcat.websocket.server.WsFilter.doFilter(WsFilter.java:51)
		at org.apache.catalina.core.ApplicationFilterChain.internalDoFilter(ApplicationFilterChain.java:168)
		at org.apache.catalina.core.ApplicationFilterChain.doFilter(ApplicationFilterChain.java:144)
		at org.apache.catalina.core.StandardWrapperValve.invoke(StandardWrapperValve.java:168)
		at org.apache.catalina.core.StandardContextValve.invoke(StandardContextValve.java:90)
		at org.apache.catalina.authenticator.AuthenticatorBase.invoke(AuthenticatorBase.java:482)
		at org.apache.catalina.core.StandardHostValve.invoke(StandardHostValve.java:130)
		at org.apache.catalina.valves.ErrorReportValve.invoke(ErrorReportValve.java:93)
		at org.apache.catalina.valves.AbstractAccessLogValve.invoke(AbstractAccessLogValve.java:656)
		at org.apache.catalina.core.StandardEngineValve.invoke(StandardEngineValve.java:74)
		at org.apache.catalina.connector.CoyoteAdapter.service(CoyoteAdapter.java:346)
		at org.apache.coyote.http11.Http11Processor.service(Http11Processor.java:397)
		at org.apache.coyote.AbstractProcessorLight.process(AbstractProcessorLight.java:63)
		at org.apache.coyote.AbstractProtocol$ConnectionHandler.process(AbstractProtocol.java:935)
		at org.apache.tomcat.util.net.NioEndpoint$SocketProcessor.doRun(NioEndpoint.java:1833)
		at org.apache.tomcat.util.net.SocketProcessorBase.run(SocketProcessorBase.java:52)
		at org.apache.tomcat.util.threads.ThreadPoolExecutor.runWorker(ThreadPoolExecutor.java:975)
		at org.apache.tomcat.util.threads.ThreadPoolExecutor$Worker.run(ThreadPoolExecutor.java:493)
		at org.apache.tomcat.util.threads.TaskThread$WrappingRunnable.run(TaskThread.java:63)
		at java.base/java.lang.Thread.run(Thread.java:840)
26-Sep-2025 15:34:17.876 심각 [http-nio-8080-exec-1] org.apache.catalina.core.StandardWrapperValve.invoke 경로가 []인 컨텍스트의 서블릿 [ch07.WelcomeController]을(를) 위한 Servlet.service() 호출이 예외를 발생시켰습니다.
	java.lang.IllegalStateException: 응답이 이미 커밋된 후에는 forward할 수 없습니다.
		at org.apache.catalina.core.ApplicationDispatcher.doForward(ApplicationDispatcher.java:293)
		at org.apache.catalina.core.ApplicationDispatcher.forward(ApplicationDispatcher.java:285)
		at ch07.WelcomeController.service(WelcomeController.java:23)
		at javax.servlet.http.HttpServlet.service(HttpServlet.java:623)
		at org.apache.catalina.core.ApplicationFilterChain.internalDoFilter(ApplicationFilterChain.java:199)
		at org.apache.catalina.core.ApplicationFilterChain.doFilter(ApplicationFilterChain.java:144)
		at org.apache.tomcat.websocket.server.WsFilter.doFilter(WsFilter.java:51)
		at org.apache.catalina.core.ApplicationFilterChain.internalDoFilter(ApplicationFilterChain.java:168)
		at org.apache.catalina.core.ApplicationFilterChain.doFilter(ApplicationFilterChain.java:144)
		at org.apache.catalina.core.StandardWrapperValve.invoke(StandardWrapperValve.java:168)
		at org.apache.catalina.core.StandardContextValve.invoke(StandardContextValve.java:90)
		at org.apache.catalina.authenticator.AuthenticatorBase.invoke(AuthenticatorBase.java:482)
		at org.apache.catalina.core.StandardHostValve.invoke(StandardHostValve.java:130)
		at org.apache.catalina.valves.ErrorReportValve.invoke(ErrorReportValve.java:93)
		at org.apache.catalina.valves.AbstractAccessLogValve.invoke(AbstractAccessLogValve.java:656)
		at org.apache.catalina.core.StandardEngineValve.invoke(StandardEngineValve.java:74)
		at org.apache.catalina.connector.CoyoteAdapter.service(CoyoteAdapter.java:346)
		at org.apache.coyote.http11.Http11Processor.service(Http11Processor.java:397)
		at org.apache.coyote.AbstractProcessorLight.process(AbstractProcessorLight.java:63)
		at org.apache.coyote.AbstractProtocol$ConnectionHandler.process(AbstractProtocol.java:935)
		at org.apache.tomcat.util.net.NioEndpoint$SocketProcessor.doRun(NioEndpoint.java:1833)
		at org.apache.tomcat.util.net.SocketProcessorBase.run(SocketProcessorBase.java:52)
		at org.apache.tomcat.util.threads.ThreadPoolExecutor.runWorker(ThreadPoolExecutor.java:975)
		at org.apache.tomcat.util.threads.ThreadPoolExecutor$Worker.run(ThreadPoolExecutor.java:493)
		at org.apache.tomcat.util.threads.TaskThread$WrappingRunnable.run(TaskThread.java:63)
		at java.base/java.lang.Thread.run(Thread.java:840)
26-Sep-2025 16:22:05.023 정보 [http-nio-8080-exec-4] org.apache.catalina.core.ApplicationContext.log 세션이 생성됨 : 266E8806B5CAE0484FE05D8DC94D1CC6
26-Sep-2025 16:22:13.921 정보 [Thread-1] org.apache.catalina.core.ApplicationContext.log servlet context 가 종료됨 !!!!!!!!!!!!!!!!!!!!!!!!
26-Sep-2025 16:22:22.353 정보 [main] org.apache.catalina.core.ApplicationContext.log servlet context 가 시작됨 !!!!!!!!!!!!!!!!!!!!!!!!
26-Sep-2025 16:22:30.061 정보 [http-nio-8080-exec-1] org.apache.catalina.core.ApplicationContext.log Servlet Context 속성 추가org.apache.jasper.runtime.JspApplicationContextImpl@479b6b1f
26-Sep-2025 16:22:30.211 정보 [http-nio-8080-exec-1] org.apache.catalina.core.ApplicationContext.log Servlet Context 속성 추가org.apache.jasper.compiler.ELInterpreterFactory$DefaultELInterpreter@1cc2fe62
26-Sep-2025 16:22:30.212 정보 [http-nio-8080-exec-1] org.apache.catalina.core.ApplicationContext.log Servlet Context 속성 추가org.apache.jasper.compiler.StringInterpreterFactory$DefaultStringInterpreter@3c34a292
26-Sep-2025 16:22:45.138 정보 [http-nio-8080-exec-3] org.apache.catalina.core.ApplicationContext.log 세션 의 속성이 추가됨 : 266E8806B5CAE0484FE05D8DC94D1CC6
26-Sep-2025 16:22:45.138 정보 [http-nio-8080-exec-3] org.apache.catalina.core.ApplicationContext.log 세션 의 속성이 추가됨 : aaa
26-Sep-2025 16:22:45.374 심각 [http-nio-8080-exec-4] org.apache.catalina.core.StandardWrapperValve.invoke 경로가 []인 컨텍스트의 서블릿 [ch07.WelcomeController]을(를) 위한 Servlet.service() 호출이 예외를 발생시켰습니다.
	java.lang.IllegalStateException: 응답이 이미 커밋된 후에는 forward할 수 없습니다.
		at org.apache.catalina.core.ApplicationDispatcher.doForward(ApplicationDispatcher.java:293)
		at org.apache.catalina.core.ApplicationDispatcher.forward(ApplicationDispatcher.java:285)
		at ch07.WelcomeController.service(WelcomeController.java:27)
		at javax.servlet.http.HttpServlet.service(HttpServlet.java:623)
		at org.apache.catalina.core.ApplicationFilterChain.internalDoFilter(ApplicationFilterChain.java:199)
		at org.apache.catalina.core.ApplicationFilterChain.doFilter(ApplicationFilterChain.java:144)
		at org.apache.tomcat.websocket.server.WsFilter.doFilter(WsFilter.java:51)
		at org.apache.catalina.core.ApplicationFilterChain.internalDoFilter(ApplicationFilterChain.java:168)
		at org.apache.catalina.core.ApplicationFilterChain.doFilter(ApplicationFilterChain.java:144)
		at org.apache.catalina.core.StandardWrapperValve.invoke(StandardWrapperValve.java:168)
		at org.apache.catalina.core.StandardContextValve.invoke(StandardContextValve.java:90)
		at org.apache.catalina.authenticator.AuthenticatorBase.invoke(AuthenticatorBase.java:482)
		at org.apache.catalina.core.StandardHostValve.invoke(StandardHostValve.java:130)
		at org.apache.catalina.valves.ErrorReportValve.invoke(ErrorReportValve.java:93)
		at org.apache.catalina.valves.AbstractAccessLogValve.invoke(AbstractAccessLogValve.java:656)
		at org.apache.catalina.core.StandardEngineValve.invoke(StandardEngineValve.java:74)
		at org.apache.catalina.connector.CoyoteAdapter.service(CoyoteAdapter.java:346)
		at org.apache.coyote.http11.Http11Processor.service(Http11Processor.java:397)
		at org.apache.coyote.AbstractProcessorLight.process(AbstractProcessorLight.java:63)
		at org.apache.coyote.AbstractProtocol$ConnectionHandler.process(AbstractProtocol.java:935)
		at org.apache.tomcat.util.net.NioEndpoint$SocketProcessor.doRun(NioEndpoint.java:1833)
		at org.apache.tomcat.util.net.SocketProcessorBase.run(SocketProcessorBase.java:52)
		at org.apache.tomcat.util.threads.ThreadPoolExecutor.runWorker(ThreadPoolExecutor.java:975)
		at org.apache.tomcat.util.threads.ThreadPoolExecutor$Worker.run(ThreadPoolExecutor.java:493)
		at org.apache.tomcat.util.threads.TaskThread$WrappingRunnable.run(TaskThread.java:63)
		at java.base/java.lang.Thread.run(Thread.java:840)
26-Sep-2025 16:28:28.302 정보 [Thread-1] org.apache.catalina.core.ApplicationContext.log servlet context 가 종료됨 !!!!!!!!!!!!!!!!!!!!!!!!
26-Sep-2025 16:28:38.411 정보 [main] org.apache.catalina.core.ApplicationContext.log servlet context 가 시작됨 !!!!!!!!!!!!!!!!!!!!!!!!
26-Sep-2025 16:28:39.287 정보 [http-nio-8080-exec-2] org.apache.catalina.core.ApplicationContext.log Servlet Context 속성 추가org.apache.jasper.runtime.JspApplicationContextImpl@4dc6fe2a
26-Sep-2025 16:28:39.312 정보 [http-nio-8080-exec-2] org.apache.catalina.core.ApplicationContext.log Servlet Context 속성 추가org.apache.jasper.compiler.ELInterpreterFactory$DefaultELInterpreter@2566d76e
26-Sep-2025 16:28:39.313 정보 [http-nio-8080-exec-2] org.apache.catalina.core.ApplicationContext.log Servlet Context 속성 추가org.apache.jasper.compiler.StringInterpreterFactory$DefaultStringInterpreter@6c620b78
26-Sep-2025 16:28:48.917 정보 [http-nio-8080-exec-5] org.apache.catalina.core.ApplicationContext.log 세션 의 속성이 추가됨 : 홍길동
26-Sep-2025 16:28:49.350 심각 [http-nio-8080-exec-6] org.apache.catalina.core.StandardWrapperValve.invoke 경로가 []인 컨텍스트의 서블릿 [ch07.WelcomeController]을(를) 위한 Servlet.service() 호출이 예외를 발생시켰습니다.
	java.lang.IllegalStateException: 응답이 이미 커밋된 후에는 forward할 수 없습니다.
		at org.apache.catalina.core.ApplicationDispatcher.doForward(ApplicationDispatcher.java:293)
		at org.apache.catalina.core.ApplicationDispatcher.forward(ApplicationDispatcher.java:285)
		at ch07.WelcomeController.service(WelcomeController.java:28)
		at javax.servlet.http.HttpServlet.service(HttpServlet.java:623)
		at org.apache.catalina.core.ApplicationFilterChain.internalDoFilter(ApplicationFilterChain.java:199)
		at org.apache.catalina.core.ApplicationFilterChain.doFilter(ApplicationFilterChain.java:144)
		at org.apache.tomcat.websocket.server.WsFilter.doFilter(WsFilter.java:51)
		at org.apache.catalina.core.ApplicationFilterChain.internalDoFilter(ApplicationFilterChain.java:168)
		at org.apache.catalina.core.ApplicationFilterChain.doFilter(ApplicationFilterChain.java:144)
		at org.apache.catalina.core.StandardWrapperValve.invoke(StandardWrapperValve.java:168)
		at org.apache.catalina.core.StandardContextValve.invoke(StandardContextValve.java:90)
		at org.apache.catalina.authenticator.AuthenticatorBase.invoke(AuthenticatorBase.java:482)
		at org.apache.catalina.core.StandardHostValve.invoke(StandardHostValve.java:130)
		at org.apache.catalina.valves.ErrorReportValve.invoke(ErrorReportValve.java:93)
		at org.apache.catalina.valves.AbstractAccessLogValve.invoke(AbstractAccessLogValve.java:656)
		at org.apache.catalina.core.StandardEngineValve.invoke(StandardEngineValve.java:74)
		at org.apache.catalina.connector.CoyoteAdapter.service(CoyoteAdapter.java:346)
		at org.apache.coyote.http11.Http11Processor.service(Http11Processor.java:397)
		at org.apache.coyote.AbstractProcessorLight.process(AbstractProcessorLight.java:63)
		at org.apache.coyote.AbstractProtocol$ConnectionHandler.process(AbstractProtocol.java:935)
		at org.apache.tomcat.util.net.NioEndpoint$SocketProcessor.doRun(NioEndpoint.java:1833)
		at org.apache.tomcat.util.net.SocketProcessorBase.run(SocketProcessorBase.java:52)
		at org.apache.tomcat.util.threads.ThreadPoolExecutor.runWorker(ThreadPoolExecutor.java:975)
		at org.apache.tomcat.util.threads.ThreadPoolExecutor$Worker.run(ThreadPoolExecutor.java:493)
		at org.apache.tomcat.util.threads.TaskThread$WrappingRunnable.run(TaskThread.java:63)
		at java.base/java.lang.Thread.run(Thread.java:840)
26-Sep-2025 16:29:02.492 정보 [Thread-1] org.apache.catalina.core.ApplicationContext.log servlet context 가 종료됨 !!!!!!!!!!!!!!!!!!!!!!!!
26-Sep-2025 16:29:08.847 정보 [main] org.apache.catalina.core.ApplicationContext.log servlet context 가 시작됨 !!!!!!!!!!!!!!!!!!!!!!!!
26-Sep-2025 16:29:16.592 정보 [http-nio-8080-exec-4] org.apache.catalina.core.ApplicationContext.log Servlet Context 속성 추가org.apache.jasper.runtime.JspApplicationContextImpl@4be04ec
26-Sep-2025 16:29:16.689 정보 [http-nio-8080-exec-4] org.apache.catalina.core.ApplicationContext.log Servlet Context 속성 추가org.apache.jasper.compiler.ELInterpreterFactory$DefaultELInterpreter@11c147c2
26-Sep-2025 16:29:16.692 정보 [http-nio-8080-exec-4] org.apache.catalina.core.ApplicationContext.log Servlet Context 속성 추가org.apache.jasper.compiler.StringInterpreterFactory$DefaultStringInterpreter@6fe6ec32
26-Sep-2025 16:29:18.189 심각 [http-nio-8080-exec-4] org.apache.catalina.core.StandardWrapperValve.invoke 경로가 []인 컨텍스트의 서블릿 [ch07.WelcomeController]을(를) 위한 Servlet.service() 호출이 예외를 발생시켰습니다.
	java.lang.IllegalStateException: 응답이 이미 커밋된 후에는 forward할 수 없습니다.
		at org.apache.catalina.core.ApplicationDispatcher.doForward(ApplicationDispatcher.java:293)
		at org.apache.catalina.core.ApplicationDispatcher.forward(ApplicationDispatcher.java:285)
		at ch07.WelcomeController.service(WelcomeController.java:28)
		at javax.servlet.http.HttpServlet.service(HttpServlet.java:623)
		at org.apache.catalina.core.ApplicationFilterChain.internalDoFilter(ApplicationFilterChain.java:199)
		at org.apache.catalina.core.ApplicationFilterChain.doFilter(ApplicationFilterChain.java:144)
		at org.apache.tomcat.websocket.server.WsFilter.doFilter(WsFilter.java:51)
		at org.apache.catalina.core.ApplicationFilterChain.internalDoFilter(ApplicationFilterChain.java:168)
		at org.apache.catalina.core.ApplicationFilterChain.doFilter(ApplicationFilterChain.java:144)
		at org.apache.catalina.core.StandardWrapperValve.invoke(StandardWrapperValve.java:168)
		at org.apache.catalina.core.StandardContextValve.invoke(StandardContextValve.java:90)
		at org.apache.catalina.authenticator.AuthenticatorBase.invoke(AuthenticatorBase.java:482)
		at org.apache.catalina.core.StandardHostValve.invoke(StandardHostValve.java:130)
		at org.apache.catalina.valves.ErrorReportValve.invoke(ErrorReportValve.java:93)
		at org.apache.catalina.valves.AbstractAccessLogValve.invoke(AbstractAccessLogValve.java:656)
		at org.apache.catalina.core.StandardEngineValve.invoke(StandardEngineValve.java:74)
		at org.apache.catalina.connector.CoyoteAdapter.service(CoyoteAdapter.java:346)
		at org.apache.coyote.http11.Http11Processor.service(Http11Processor.java:397)
		at org.apache.coyote.AbstractProcessorLight.process(AbstractProcessorLight.java:63)
		at org.apache.coyote.AbstractProtocol$ConnectionHandler.process(AbstractProtocol.java:935)
		at org.apache.tomcat.util.net.NioEndpoint$SocketProcessor.doRun(NioEndpoint.java:1833)
		at org.apache.tomcat.util.net.SocketProcessorBase.run(SocketProcessorBase.java:52)
		at org.apache.tomcat.util.threads.ThreadPoolExecutor.runWorker(ThreadPoolExecutor.java:975)
		at org.apache.tomcat.util.threads.ThreadPoolExecutor$Worker.run(ThreadPoolExecutor.java:493)
		at org.apache.tomcat.util.threads.TaskThread$WrappingRunnable.run(TaskThread.java:63)
		at java.base/java.lang.Thread.run(Thread.java:840)
26-Sep-2025 16:40:15.145 정보 [Thread-1] org.apache.catalina.core.ApplicationContext.log servlet context 가 종료됨 !!!!!!!!!!!!!!!!!!!!!!!!
26-Sep-2025 16:40:21.530 정보 [main] org.apache.catalina.core.ApplicationContext.log servlet context 가 시작됨 !!!!!!!!!!!!!!!!!!!!!!!!
26-Sep-2025 16:40:28.938 정보 [http-nio-8080-exec-1] org.apache.catalina.core.ApplicationContext.log 세션이 생성됨 : 78D425D5A817B27055C1683A4926CEAE
26-Sep-2025 16:40:29.601 정보 [http-nio-8080-exec-1] org.apache.catalina.core.ApplicationContext.log Servlet Context 속성 추가org.apache.jasper.runtime.JspApplicationContextImpl@63fed385
26-Sep-2025 16:40:29.635 정보 [http-nio-8080-exec-1] org.apache.catalina.core.ApplicationContext.log Servlet Context 속성 추가org.apache.jasper.compiler.ELInterpreterFactory$DefaultELInterpreter@2264073b
26-Sep-2025 16:40:29.638 정보 [http-nio-8080-exec-1] org.apache.catalina.core.ApplicationContext.log Servlet Context 속성 추가org.apache.jasper.compiler.StringInterpreterFactory$DefaultStringInterpreter@4c440960
26-Sep-2025 16:40:30.221 정보 [http-nio-8080-exec-2] org.apache.catalina.core.ApplicationContext.log 세션이 생성됨 : 74191F4FB8BBA6036CCD0AAACE7FCC9F
26-Sep-2025 16:40:31.103 정보 [http-nio-8080-exec-3] org.apache.catalina.core.ApplicationContext.log 세션이 생성됨 : F48E950A9CC31C2B4AEFB09E96801739
26-Sep-2025 16:40:44.219 정보 [http-nio-8080-exec-5] org.apache.catalina.core.ApplicationContext.log 세션 의 속성이 추가됨 : F48E950A9CC31C2B4AEFB09E96801739
26-Sep-2025 16:40:44.219 정보 [http-nio-8080-exec-5] org.apache.catalina.core.ApplicationContext.log 세션 의 속성이 추가됨 : aaa
26-Sep-2025 16:40:44.219 정보 [http-nio-8080-exec-5] org.apache.catalina.core.ApplicationContext.log 세션 의 속성이 추가됨 : 홍길동
26-Sep-2025 16:40:44.579 심각 [http-nio-8080-exec-6] org.apache.catalina.core.StandardWrapperValve.invoke 경로가 []인 컨텍스트의 서블릿 [ch07.WelcomeController]을(를) 위한 Servlet.service() 호출이 예외를 발생시켰습니다.
	java.lang.IllegalStateException: 응답이 이미 커밋된 후에는 forward할 수 없습니다.
		at org.apache.catalina.core.ApplicationDispatcher.doForward(ApplicationDispatcher.java:293)
		at org.apache.catalina.core.ApplicationDispatcher.forward(ApplicationDispatcher.java:285)
		at ch07.WelcomeController.service(WelcomeController.java:28)
		at javax.servlet.http.HttpServlet.service(HttpServlet.java:623)
		at org.apache.catalina.core.ApplicationFilterChain.internalDoFilter(ApplicationFilterChain.java:199)
		at org.apache.catalina.core.ApplicationFilterChain.doFilter(ApplicationFilterChain.java:144)
		at org.apache.tomcat.websocket.server.WsFilter.doFilter(WsFilter.java:51)
		at org.apache.catalina.core.ApplicationFilterChain.internalDoFilter(ApplicationFilterChain.java:168)
		at org.apache.catalina.core.ApplicationFilterChain.doFilter(ApplicationFilterChain.java:144)
		at org.apache.catalina.core.StandardWrapperValve.invoke(StandardWrapperValve.java:168)
		at org.apache.catalina.core.StandardContextValve.invoke(StandardContextValve.java:90)
		at org.apache.catalina.authenticator.AuthenticatorBase.invoke(AuthenticatorBase.java:482)
		at org.apache.catalina.core.StandardHostValve.invoke(StandardHostValve.java:130)
		at org.apache.catalina.valves.ErrorReportValve.invoke(ErrorReportValve.java:93)
		at org.apache.catalina.valves.AbstractAccessLogValve.invoke(AbstractAccessLogValve.java:656)
		at org.apache.catalina.core.StandardEngineValve.invoke(StandardEngineValve.java:74)
		at org.apache.catalina.connector.CoyoteAdapter.service(CoyoteAdapter.java:346)
		at org.apache.coyote.http11.Http11Processor.service(Http11Processor.java:397)
		at org.apache.coyote.AbstractProcessorLight.process(AbstractProcessorLight.java:63)
		at org.apache.coyote.AbstractProtocol$ConnectionHandler.process(AbstractProtocol.java:935)
		at org.apache.tomcat.util.net.NioEndpoint$SocketProcessor.doRun(NioEndpoint.java:1833)
		at org.apache.tomcat.util.net.SocketProcessorBase.run(SocketProcessorBase.java:52)
		at org.apache.tomcat.util.threads.ThreadPoolExecutor.runWorker(ThreadPoolExecutor.java:975)
		at org.apache.tomcat.util.threads.ThreadPoolExecutor$Worker.run(ThreadPoolExecutor.java:493)
		at org.apache.tomcat.util.threads.TaskThread$WrappingRunnable.run(TaskThread.java:63)
		at java.base/java.lang.Thread.run(Thread.java:840)
26-Sep-2025 17:04:43.572 정보 [Thread-1] org.apache.catalina.core.ApplicationContext.log servlet context 가 종료됨 !!!!!!!!!!!!!!!!!!!!!!!!
26-Sep-2025 17:04:50.320 정보 [main] org.apache.catalina.core.ApplicationContext.log servlet context 가 시작됨 !!!!!!!!!!!!!!!!!!!!!!!!
26-Sep-2025 17:05:05.292 정보 [http-nio-8080-exec-1] org.apache.catalina.core.ApplicationContext.log 세션이 생성됨 : F05ECDEF1B8CE11737E8F005C4B91EA4
26-Sep-2025 17:05:05.295 정보 [http-nio-8080-exec-1] org.apache.catalina.core.ApplicationContext.log 세션 의 속성이 추가됨 : F05ECDEF1B8CE11737E8F005C4B91EA4
26-Sep-2025 17:05:05.295 정보 [http-nio-8080-exec-1] org.apache.catalina.core.ApplicationContext.log 세션 의 속성이 추가됨 : aaa
26-Sep-2025 17:05:05.295 정보 [http-nio-8080-exec-1] org.apache.catalina.core.ApplicationContext.log 세션 의 속성이 추가됨 : 홍길동
26-Sep-2025 17:05:05.455 정보 [http-nio-8080-exec-2] org.apache.catalina.core.ApplicationContext.log Servlet Context 속성 추가org.apache.jasper.runtime.JspApplicationContextImpl@407ca461
26-Sep-2025 17:05:05.517 정보 [http-nio-8080-exec-2] org.apache.catalina.core.ApplicationContext.log Servlet Context 속성 추가org.apache.jasper.compiler.ELInterpreterFactory$DefaultELInterpreter@74eabd73
26-Sep-2025 17:05:05.519 정보 [http-nio-8080-exec-2] org.apache.catalina.core.ApplicationContext.log Servlet Context 속성 추가org.apache.jasper.compiler.StringInterpreterFactory$DefaultStringInterpreter@1bf7512c
26-Sep-2025 17:05:06.426 심각 [http-nio-8080-exec-2] org.apache.catalina.core.StandardWrapperValve.invoke 경로가 []인 컨텍스트의 서블릿 [ch07.WelcomeController]을(를) 위한 Servlet.service() 호출이 예외를 발생시켰습니다.
	java.lang.IllegalStateException: 응답이 이미 커밋된 후에는 forward할 수 없습니다.
		at org.apache.catalina.core.ApplicationDispatcher.doForward(ApplicationDispatcher.java:293)
		at org.apache.catalina.core.ApplicationDispatcher.forward(ApplicationDispatcher.java:285)
		at ch07.WelcomeController.service(WelcomeController.java:28)
		at javax.servlet.http.HttpServlet.service(HttpServlet.java:623)
		at org.apache.catalina.core.ApplicationFilterChain.internalDoFilter(ApplicationFilterChain.java:199)
		at org.apache.catalina.core.ApplicationFilterChain.doFilter(ApplicationFilterChain.java:144)
		at org.apache.tomcat.websocket.server.WsFilter.doFilter(WsFilter.java:51)
		at org.apache.catalina.core.ApplicationFilterChain.internalDoFilter(ApplicationFilterChain.java:168)
		at org.apache.catalina.core.ApplicationFilterChain.doFilter(ApplicationFilterChain.java:144)
		at org.apache.catalina.core.StandardWrapperValve.invoke(StandardWrapperValve.java:168)
		at org.apache.catalina.core.StandardContextValve.invoke(StandardContextValve.java:90)
		at org.apache.catalina.authenticator.AuthenticatorBase.invoke(AuthenticatorBase.java:482)
		at org.apache.catalina.core.StandardHostValve.invoke(StandardHostValve.java:130)
		at org.apache.catalina.valves.ErrorReportValve.invoke(ErrorReportValve.java:93)
		at org.apache.catalina.valves.AbstractAccessLogValve.invoke(AbstractAccessLogValve.java:656)
		at org.apache.catalina.core.StandardEngineValve.invoke(StandardEngineValve.java:74)
		at org.apache.catalina.connector.CoyoteAdapter.service(CoyoteAdapter.java:346)
		at org.apache.coyote.http11.Http11Processor.service(Http11Processor.java:397)
		at org.apache.coyote.AbstractProcessorLight.process(AbstractProcessorLight.java:63)
		at org.apache.coyote.AbstractProtocol$ConnectionHandler.process(AbstractProtocol.java:935)
		at org.apache.tomcat.util.net.NioEndpoint$SocketProcessor.doRun(NioEndpoint.java:1833)
		at org.apache.tomcat.util.net.SocketProcessorBase.run(SocketProcessorBase.java:52)
		at org.apache.tomcat.util.threads.ThreadPoolExecutor.runWorker(ThreadPoolExecutor.java:975)
		at org.apache.tomcat.util.threads.ThreadPoolExecutor$Worker.run(ThreadPoolExecutor.java:493)
		at org.apache.tomcat.util.threads.TaskThread$WrappingRunnable.run(TaskThread.java:63)
		at java.base/java.lang.Thread.run(Thread.java:840)
26-Sep-2025 17:12:04.553 정보 [Thread-1] org.apache.catalina.core.ApplicationContext.log servlet context 가 종료됨 !!!!!!!!!!!!!!!!!!!!!!!!
26-Sep-2025 18:03:52.569 정보 [main] org.apache.catalina.core.ApplicationContext.log servlet context 가 시작됨 !!!!!!!!!!!!!!!!!!!!!!!!
26-Sep-2025 18:45:08.901 정보 [Thread-1] org.apache.catalina.core.ApplicationContext.log servlet context 가 종료됨 !!!!!!!!!!!!!!!!!!!!!!!!
