30-Sep-2025 09:31:08.756 정보 [main] org.apache.catalina.core.ApplicationContext.log servlet context 가 시작됨 !!!!!!!!!!!!!!!!!!!!!!!!
30-Sep-2025 09:33:29.084 정보 [main] org.apache.catalina.core.ApplicationContext.log servlet context 가 시작됨 !!!!!!!!!!!!!!!!!!!!!!!!
30-Sep-2025 09:35:27.368 정보 [Thread-1] org.apache.catalina.core.ApplicationContext.log servlet context 가 종료됨 !!!!!!!!!!!!!!!!!!!!!!!!
30-Sep-2025 09:35:38.991 정보 [main] org.apache.catalina.core.ApplicationContext.log servlet context 가 시작됨 !!!!!!!!!!!!!!!!!!!!!!!!
30-Sep-2025 09:35:54.570 정보 [http-nio-8080-exec-1] org.apache.catalina.core.ApplicationContext.log Servlet Context 속성 추가org.apache.jasper.runtime.JspApplicationContextImpl@e7854a2
30-Sep-2025 09:35:54.646 정보 [http-nio-8080-exec-1] org.apache.catalina.core.ApplicationContext.log Servlet Context 속성 추가org.apache.jasper.compiler.ELInterpreterFactory$DefaultELInterpreter@4454c1dd
30-Sep-2025 09:35:54.647 정보 [http-nio-8080-exec-1] org.apache.catalina.core.ApplicationContext.log Servlet Context 속성 추가org.apache.jasper.compiler.StringInterpreterFactory$DefaultStringInterpreter@64e2670e
30-Sep-2025 09:35:56.369 정보 [http-nio-8080-exec-1] org.apache.catalina.core.ApplicationContext.log 세션이 생성됨 : 9A66274495724ADFE4ACEB2C6391C13F
30-Sep-2025 09:40:49.802 정보 [Thread-1] org.apache.catalina.core.ApplicationContext.log servlet context 가 종료됨 !!!!!!!!!!!!!!!!!!!!!!!!
30-Sep-2025 09:41:00.542 정보 [main] org.apache.catalina.core.ApplicationContext.log servlet context 가 시작됨 !!!!!!!!!!!!!!!!!!!!!!!!
30-Sep-2025 09:41:08.053 정보 [main] org.apache.catalina.core.ApplicationContext.log servlet context 가 시작됨 !!!!!!!!!!!!!!!!!!!!!!!!
30-Sep-2025 09:42:20.919 정보 [Thread-1] org.apache.catalina.core.ApplicationContext.log servlet context 가 종료됨 !!!!!!!!!!!!!!!!!!!!!!!!
30-Sep-2025 09:42:31.378 정보 [main] org.apache.catalina.core.ApplicationContext.log servlet context 가 시작됨 !!!!!!!!!!!!!!!!!!!!!!!!
30-Sep-2025 09:45:55.434 정보 [Thread-1] org.apache.catalina.core.ApplicationContext.log servlet context 가 종료됨 !!!!!!!!!!!!!!!!!!!!!!!!
30-Sep-2025 09:46:06.711 정보 [main] org.apache.catalina.core.ApplicationContext.log servlet context 가 시작됨 !!!!!!!!!!!!!!!!!!!!!!!!
30-Sep-2025 09:54:04.569 정보 [Thread-1] org.apache.catalina.core.ApplicationContext.log servlet context 가 종료됨 !!!!!!!!!!!!!!!!!!!!!!!!
30-Sep-2025 09:54:12.969 정보 [main] org.apache.catalina.core.ApplicationContext.log servlet context 가 시작됨 !!!!!!!!!!!!!!!!!!!!!!!!
30-Sep-2025 10:00:36.659 정보 [Thread-1] org.apache.catalina.core.ApplicationContext.log servlet context 가 종료됨 !!!!!!!!!!!!!!!!!!!!!!!!
30-Sep-2025 10:00:47.627 정보 [main] org.apache.catalina.core.ApplicationContext.log servlet context 가 시작됨 !!!!!!!!!!!!!!!!!!!!!!!!
30-Sep-2025 10:02:49.590 정보 [Thread-1] org.apache.catalina.core.ApplicationContext.log servlet context 가 종료됨 !!!!!!!!!!!!!!!!!!!!!!!!
30-Sep-2025 10:03:00.163 정보 [main] org.apache.catalina.core.ApplicationContext.log servlet context 가 시작됨 !!!!!!!!!!!!!!!!!!!!!!!!
30-Sep-2025 10:08:00.835 정보 [Thread-1] org.apache.catalina.core.ApplicationContext.log servlet context 가 종료됨 !!!!!!!!!!!!!!!!!!!!!!!!
30-Sep-2025 10:08:08.508 정보 [main] org.apache.catalina.core.ApplicationContext.log servlet context 가 시작됨 !!!!!!!!!!!!!!!!!!!!!!!!
30-Sep-2025 10:12:29.121 정보 [Thread-1] org.apache.catalina.core.ApplicationContext.log servlet context 가 종료됨 !!!!!!!!!!!!!!!!!!!!!!!!
30-Sep-2025 10:12:35.910 정보 [main] org.apache.catalina.core.ApplicationContext.log servlet context 가 시작됨 !!!!!!!!!!!!!!!!!!!!!!!!
30-Sep-2025 10:18:35.078 정보 [Thread-1] org.apache.catalina.core.ApplicationContext.log servlet context 가 종료됨 !!!!!!!!!!!!!!!!!!!!!!!!
30-Sep-2025 10:18:42.577 정보 [main] org.apache.catalina.core.ApplicationContext.log servlet context 가 시작됨 !!!!!!!!!!!!!!!!!!!!!!!!
30-Sep-2025 10:26:27.579 정보 [Thread-1] org.apache.catalina.core.ApplicationContext.log servlet context 가 종료됨 !!!!!!!!!!!!!!!!!!!!!!!!
30-Sep-2025 10:26:34.429 정보 [main] org.apache.catalina.core.ApplicationContext.log servlet context 가 시작됨 !!!!!!!!!!!!!!!!!!!!!!!!
30-Sep-2025 10:30:39.246 정보 [Thread-1] org.apache.catalina.core.ApplicationContext.log servlet context 가 종료됨 !!!!!!!!!!!!!!!!!!!!!!!!
30-Sep-2025 10:30:47.769 정보 [main] org.apache.catalina.core.ApplicationContext.log servlet context 가 시작됨 !!!!!!!!!!!!!!!!!!!!!!!!
30-Sep-2025 10:47:11.349 정보 [Thread-1] org.apache.catalina.core.ApplicationContext.log servlet context 가 종료됨 !!!!!!!!!!!!!!!!!!!!!!!!
30-Sep-2025 10:47:18.148 정보 [main] org.apache.catalina.core.ApplicationContext.log servlet context 가 시작됨 !!!!!!!!!!!!!!!!!!!!!!!!
30-Sep-2025 10:48:34.518 정보 [http-nio-8080-exec-7] org.apache.catalina.core.ApplicationContext.log Servlet Context 속성 추가org.apache.jasper.runtime.JspApplicationContextImpl@4624bd57
30-Sep-2025 10:48:34.639 정보 [http-nio-8080-exec-7] org.apache.catalina.core.ApplicationContext.log Servlet Context 속성 추가org.apache.jasper.compiler.ELInterpreterFactory$DefaultELInterpreter@16c2883f
30-Sep-2025 10:48:34.641 정보 [http-nio-8080-exec-7] org.apache.catalina.core.ApplicationContext.log Servlet Context 속성 추가org.apache.jasper.compiler.StringInterpreterFactory$DefaultStringInterpreter@17db6a84
30-Sep-2025 10:48:36.426 정보 [http-nio-8080-exec-7] org.apache.catalina.core.ApplicationContext.log 세션이 생성됨 : 149E7BC3313DF9991CC603EB5A9C3137
