29-Sep-2025 11:23:26.645 정보 [main] org.apache.catalina.core.ApplicationContext.log servlet context 가 시작됨 !!!!!!!!!!!!!!!!!!!!!!!!
29-Sep-2025 11:23:40.689 정보 [http-nio-8080-exec-1] org.apache.catalina.core.ApplicationContext.log Servlet Context 속성 추가org.apache.jasper.runtime.JspApplicationContextImpl@3b3e6eb7
29-Sep-2025 11:23:40.825 정보 [http-nio-8080-exec-1] org.apache.catalina.core.ApplicationContext.log Servlet Context 속성 추가org.apache.jasper.compiler.ELInterpreterFactory$DefaultELInterpreter@3caf649a
29-Sep-2025 11:23:40.828 정보 [http-nio-8080-exec-1] org.apache.catalina.core.ApplicationContext.log Servlet Context 속성 추가org.apache.jasper.compiler.StringInterpreterFactory$DefaultStringInterpreter@5520d6e3
29-Sep-2025 11:23:42.805 정보 [http-nio-8080-exec-1] org.apache.catalina.core.ApplicationContext.log 세션이 생성됨 : 5E03F0B43701A0A30E5190CF3211E8BE
29-Sep-2025 11:23:42.867 정보 [http-nio-8080-exec-2] org.apache.catalina.core.ApplicationContext.log 세션이 생성됨 : 7735943BF8BD6B82CA264F92301CE64E
29-Sep-2025 13:42:45.106 정보 [main] org.apache.catalina.core.ApplicationContext.log servlet context 가 시작됨 !!!!!!!!!!!!!!!!!!!!!!!!
29-Sep-2025 13:43:02.256 정보 [http-nio-8080-exec-1] org.apache.catalina.core.ApplicationContext.log Servlet Context 속성 추가org.apache.jasper.runtime.JspApplicationContextImpl@6b39a201
29-Sep-2025 13:43:02.336 정보 [http-nio-8080-exec-1] org.apache.catalina.core.ApplicationContext.log Servlet Context 속성 추가org.apache.jasper.compiler.ELInterpreterFactory$DefaultELInterpreter@3b497469
29-Sep-2025 13:43:02.338 정보 [http-nio-8080-exec-1] org.apache.catalina.core.ApplicationContext.log Servlet Context 속성 추가org.apache.jasper.compiler.StringInterpreterFactory$DefaultStringInterpreter@5e7c463b
29-Sep-2025 13:43:03.489 정보 [http-nio-8080-exec-1] org.apache.catalina.core.ApplicationContext.log 세션이 생성됨 : B0DDEC7E8942A2A3128A070B2D3D7E3E
29-Sep-2025 13:43:39.482 정보 [Thread-1] org.apache.catalina.core.ApplicationContext.log servlet context 가 종료됨 !!!!!!!!!!!!!!!!!!!!!!!!
29-Sep-2025 13:43:48.175 정보 [main] org.apache.catalina.core.ApplicationContext.log servlet context 가 시작됨 !!!!!!!!!!!!!!!!!!!!!!!!
29-Sep-2025 13:43:50.037 정보 [http-nio-8080-exec-1] org.apache.catalina.core.ApplicationContext.log Servlet Context 속성 추가org.apache.jasper.runtime.JspApplicationContextImpl@a540a29
29-Sep-2025 13:43:50.177 정보 [http-nio-8080-exec-1] org.apache.catalina.core.ApplicationContext.log Servlet Context 속성 추가org.apache.jasper.compiler.ELInterpreterFactory$DefaultELInterpreter@110ab6e7
29-Sep-2025 13:43:50.178 정보 [http-nio-8080-exec-1] org.apache.catalina.core.ApplicationContext.log Servlet Context 속성 추가org.apache.jasper.compiler.StringInterpreterFactory$DefaultStringInterpreter@26229d3
29-Sep-2025 13:45:12.600 정보 [Thread-1] org.apache.catalina.core.ApplicationContext.log servlet context 가 종료됨 !!!!!!!!!!!!!!!!!!!!!!!!
29-Sep-2025 13:45:19.042 정보 [main] org.apache.catalina.core.ApplicationContext.log servlet context 가 시작됨 !!!!!!!!!!!!!!!!!!!!!!!!
29-Sep-2025 13:45:24.438 정보 [http-nio-8080-exec-1] org.apache.catalina.core.ApplicationContext.log Servlet Context 속성 추가org.apache.jasper.runtime.JspApplicationContextImpl@53efd0cd
29-Sep-2025 13:45:24.511 정보 [http-nio-8080-exec-1] org.apache.catalina.core.ApplicationContext.log Servlet Context 속성 추가org.apache.jasper.compiler.ELInterpreterFactory$DefaultELInterpreter@40faa29f
29-Sep-2025 13:45:24.513 정보 [http-nio-8080-exec-1] org.apache.catalina.core.ApplicationContext.log Servlet Context 속성 추가org.apache.jasper.compiler.StringInterpreterFactory$DefaultStringInterpreter@352dcb68
29-Sep-2025 13:47:37.719 정보 [Thread-1] org.apache.catalina.core.ApplicationContext.log servlet context 가 종료됨 !!!!!!!!!!!!!!!!!!!!!!!!
29-Sep-2025 13:47:43.983 정보 [main] org.apache.catalina.core.ApplicationContext.log servlet context 가 시작됨 !!!!!!!!!!!!!!!!!!!!!!!!
29-Sep-2025 13:48:07.501 정보 [Thread-1] org.apache.catalina.core.ApplicationContext.log servlet context 가 종료됨 !!!!!!!!!!!!!!!!!!!!!!!!
29-Sep-2025 13:48:14.758 정보 [main] org.apache.catalina.core.ApplicationContext.log servlet context 가 시작됨 !!!!!!!!!!!!!!!!!!!!!!!!
29-Sep-2025 13:48:17.803 정보 [http-nio-8080-exec-1] org.apache.catalina.core.ApplicationContext.log Servlet Context 속성 추가org.apache.jasper.runtime.JspApplicationContextImpl@1454bf50
29-Sep-2025 13:48:17.880 정보 [http-nio-8080-exec-1] org.apache.catalina.core.ApplicationContext.log Servlet Context 속성 추가org.apache.jasper.compiler.ELInterpreterFactory$DefaultELInterpreter@82e3833
29-Sep-2025 13:48:17.881 정보 [http-nio-8080-exec-1] org.apache.catalina.core.ApplicationContext.log Servlet Context 속성 추가org.apache.jasper.compiler.StringInterpreterFactory$DefaultStringInterpreter@4f04fd8f
29-Sep-2025 13:49:10.521 정보 [Thread-1] org.apache.catalina.core.ApplicationContext.log servlet context 가 종료됨 !!!!!!!!!!!!!!!!!!!!!!!!
29-Sep-2025 13:49:15.864 정보 [main] org.apache.catalina.core.ApplicationContext.log servlet context 가 시작됨 !!!!!!!!!!!!!!!!!!!!!!!!
29-Sep-2025 13:49:28.314 정보 [http-nio-8080-exec-2] org.apache.catalina.core.ApplicationContext.log Servlet Context 속성 추가org.apache.jasper.runtime.JspApplicationContextImpl@717bbb10
29-Sep-2025 13:49:28.466 정보 [http-nio-8080-exec-2] org.apache.catalina.core.ApplicationContext.log Servlet Context 속성 추가org.apache.jasper.compiler.ELInterpreterFactory$DefaultELInterpreter@6263722e
29-Sep-2025 13:49:28.468 정보 [http-nio-8080-exec-2] org.apache.catalina.core.ApplicationContext.log Servlet Context 속성 추가org.apache.jasper.compiler.StringInterpreterFactory$DefaultStringInterpreter@2c2662e8
29-Sep-2025 13:50:52.735 정보 [Thread-1] org.apache.catalina.core.ApplicationContext.log servlet context 가 종료됨 !!!!!!!!!!!!!!!!!!!!!!!!
29-Sep-2025 13:50:58.889 정보 [main] org.apache.catalina.core.ApplicationContext.log servlet context 가 시작됨 !!!!!!!!!!!!!!!!!!!!!!!!
29-Sep-2025 13:51:01.708 정보 [http-nio-8080-exec-1] org.apache.catalina.core.ApplicationContext.log Servlet Context 속성 추가org.apache.jasper.runtime.JspApplicationContextImpl@a540a29
29-Sep-2025 13:51:01.832 정보 [http-nio-8080-exec-1] org.apache.catalina.core.ApplicationContext.log Servlet Context 속성 추가org.apache.jasper.compiler.ELInterpreterFactory$DefaultELInterpreter@110ab6e7
29-Sep-2025 13:51:01.834 정보 [http-nio-8080-exec-1] org.apache.catalina.core.ApplicationContext.log Servlet Context 속성 추가org.apache.jasper.compiler.StringInterpreterFactory$DefaultStringInterpreter@26229d3
29-Sep-2025 14:01:06.988 정보 [Thread-1] org.apache.catalina.core.ApplicationContext.log servlet context 가 종료됨 !!!!!!!!!!!!!!!!!!!!!!!!
29-Sep-2025 14:01:13.793 정보 [main] org.apache.catalina.core.ApplicationContext.log servlet context 가 시작됨 !!!!!!!!!!!!!!!!!!!!!!!!
29-Sep-2025 14:01:25.230 정보 [http-nio-8080-exec-1] org.apache.catalina.core.ApplicationContext.log Servlet Context 속성 추가org.apache.jasper.runtime.JspApplicationContextImpl@70911517
29-Sep-2025 14:01:25.395 정보 [http-nio-8080-exec-1] org.apache.catalina.core.ApplicationContext.log Servlet Context 속성 추가org.apache.jasper.compiler.ELInterpreterFactory$DefaultELInterpreter@5026f19
29-Sep-2025 14:01:25.396 정보 [http-nio-8080-exec-1] org.apache.catalina.core.ApplicationContext.log Servlet Context 속성 추가org.apache.jasper.compiler.StringInterpreterFactory$DefaultStringInterpreter@47498862
29-Sep-2025 14:02:12.387 정보 [http-nio-8080-exec-4] org.apache.catalina.core.ApplicationContext.log 뉴스 등록 과정에서 exception 발생함
29-Sep-2025 14:04:50.640 정보 [Thread-1] org.apache.catalina.core.ApplicationContext.log servlet context 가 종료됨 !!!!!!!!!!!!!!!!!!!!!!!!
29-Sep-2025 14:04:58.085 정보 [main] org.apache.catalina.core.ApplicationContext.log servlet context 가 시작됨 !!!!!!!!!!!!!!!!!!!!!!!!
29-Sep-2025 14:05:07.630 정보 [http-nio-8080-exec-1] org.apache.catalina.core.ApplicationContext.log Servlet Context 속성 추가org.apache.jasper.runtime.JspApplicationContextImpl@a843fe5
29-Sep-2025 14:05:07.712 정보 [http-nio-8080-exec-1] org.apache.catalina.core.ApplicationContext.log Servlet Context 속성 추가org.apache.jasper.compiler.ELInterpreterFactory$DefaultELInterpreter@79cdbead
29-Sep-2025 14:05:07.713 정보 [http-nio-8080-exec-1] org.apache.catalina.core.ApplicationContext.log Servlet Context 속성 추가org.apache.jasper.compiler.StringInterpreterFactory$DefaultStringInterpreter@4be68233
29-Sep-2025 14:07:54.959 정보 [Thread-1] org.apache.catalina.core.ApplicationContext.log servlet context 가 종료됨 !!!!!!!!!!!!!!!!!!!!!!!!
29-Sep-2025 14:08:04.583 정보 [main] org.apache.catalina.core.ApplicationContext.log servlet context 가 시작됨 !!!!!!!!!!!!!!!!!!!!!!!!
29-Sep-2025 14:08:11.436 정보 [http-nio-8080-exec-1] org.apache.catalina.core.ApplicationContext.log Servlet Context 속성 추가org.apache.jasper.runtime.JspApplicationContextImpl@a843fe5
29-Sep-2025 14:08:11.520 정보 [http-nio-8080-exec-1] org.apache.catalina.core.ApplicationContext.log Servlet Context 속성 추가org.apache.jasper.compiler.ELInterpreterFactory$DefaultELInterpreter@79cdbead
29-Sep-2025 14:08:11.522 정보 [http-nio-8080-exec-1] org.apache.catalina.core.ApplicationContext.log Servlet Context 속성 추가org.apache.jasper.compiler.StringInterpreterFactory$DefaultStringInterpreter@4be68233
29-Sep-2025 14:08:29.074 정보 [http-nio-8080-exec-2] org.apache.catalina.core.ApplicationContext.log 뉴스 등록 과정에서 exception 발생함
29-Sep-2025 14:09:29.759 정보 [Thread-1] org.apache.catalina.core.ApplicationContext.log servlet context 가 종료됨 !!!!!!!!!!!!!!!!!!!!!!!!
29-Sep-2025 14:09:39.128 정보 [main] org.apache.catalina.core.ApplicationContext.log servlet context 가 시작됨 !!!!!!!!!!!!!!!!!!!!!!!!
29-Sep-2025 14:09:50.899 정보 [http-nio-8080-exec-1] org.apache.catalina.core.ApplicationContext.log 뉴스 등록 과정에서 exception 발생함
29-Sep-2025 14:09:51.201 정보 [http-nio-8080-exec-1] org.apache.catalina.core.ApplicationContext.log Servlet Context 속성 추가org.apache.jasper.runtime.JspApplicationContextImpl@3c24e83f
29-Sep-2025 14:09:51.282 정보 [http-nio-8080-exec-1] org.apache.catalina.core.ApplicationContext.log Servlet Context 속성 추가org.apache.jasper.compiler.ELInterpreterFactory$DefaultELInterpreter@262baa4
29-Sep-2025 14:09:51.284 정보 [http-nio-8080-exec-1] org.apache.catalina.core.ApplicationContext.log Servlet Context 속성 추가org.apache.jasper.compiler.StringInterpreterFactory$DefaultStringInterpreter@4355e5dd
29-Sep-2025 14:11:45.110 정보 [Thread-1] org.apache.catalina.core.ApplicationContext.log servlet context 가 종료됨 !!!!!!!!!!!!!!!!!!!!!!!!
29-Sep-2025 14:11:51.294 정보 [main] org.apache.catalina.core.ApplicationContext.log servlet context 가 시작됨 !!!!!!!!!!!!!!!!!!!!!!!!
29-Sep-2025 14:12:15.354 정보 [Thread-1] org.apache.catalina.core.ApplicationContext.log servlet context 가 종료됨 !!!!!!!!!!!!!!!!!!!!!!!!
29-Sep-2025 14:12:21.301 정보 [main] org.apache.catalina.core.ApplicationContext.log servlet context 가 시작됨 !!!!!!!!!!!!!!!!!!!!!!!!
29-Sep-2025 14:12:30.365 정보 [http-nio-8080-exec-1] org.apache.catalina.core.ApplicationContext.log Servlet Context 속성 추가org.apache.jasper.runtime.JspApplicationContextImpl@a843fe5
29-Sep-2025 14:12:30.448 정보 [http-nio-8080-exec-1] org.apache.catalina.core.ApplicationContext.log Servlet Context 속성 추가org.apache.jasper.compiler.ELInterpreterFactory$DefaultELInterpreter@79cdbead
29-Sep-2025 14:12:30.451 정보 [http-nio-8080-exec-1] org.apache.catalina.core.ApplicationContext.log Servlet Context 속성 추가org.apache.jasper.compiler.StringInterpreterFactory$DefaultStringInterpreter@4be68233
29-Sep-2025 14:13:02.979 정보 [Thread-1] org.apache.catalina.core.ApplicationContext.log servlet context 가 종료됨 !!!!!!!!!!!!!!!!!!!!!!!!
29-Sep-2025 14:13:09.800 정보 [main] org.apache.catalina.core.ApplicationContext.log servlet context 가 시작됨 !!!!!!!!!!!!!!!!!!!!!!!!
29-Sep-2025 14:13:23.594 정보 [http-nio-8080-exec-1] org.apache.catalina.core.ApplicationContext.log Servlet Context 속성 추가org.apache.jasper.runtime.JspApplicationContextImpl@b41425a
29-Sep-2025 14:13:23.672 정보 [http-nio-8080-exec-1] org.apache.catalina.core.ApplicationContext.log Servlet Context 속성 추가org.apache.jasper.compiler.ELInterpreterFactory$DefaultELInterpreter@7a59b3b7
29-Sep-2025 14:13:23.673 정보 [http-nio-8080-exec-1] org.apache.catalina.core.ApplicationContext.log Servlet Context 속성 추가org.apache.jasper.compiler.StringInterpreterFactory$DefaultStringInterpreter@524f8a11
29-Sep-2025 14:40:39.558 정보 [Thread-1] org.apache.catalina.core.ApplicationContext.log servlet context 가 종료됨 !!!!!!!!!!!!!!!!!!!!!!!!
29-Sep-2025 14:40:49.328 정보 [main] org.apache.catalina.core.ApplicationContext.log servlet context 가 시작됨 !!!!!!!!!!!!!!!!!!!!!!!!
29-Sep-2025 14:41:04.011 정보 [http-nio-8080-exec-1] org.apache.catalina.core.ApplicationContext.log Servlet Context 속성 추가org.apache.jasper.runtime.JspApplicationContextImpl@21109624
29-Sep-2025 14:41:04.121 정보 [http-nio-8080-exec-1] org.apache.catalina.core.ApplicationContext.log Servlet Context 속성 추가org.apache.jasper.compiler.ELInterpreterFactory$DefaultELInterpreter@48760ce3
29-Sep-2025 14:41:04.123 정보 [http-nio-8080-exec-1] org.apache.catalina.core.ApplicationContext.log Servlet Context 속성 추가org.apache.jasper.compiler.StringInterpreterFactory$DefaultStringInterpreter@ef2d7b3
29-Sep-2025 14:41:24.046 정보 [http-nio-8080-exec-3] org.apache.catalina.core.ApplicationContext.log 뉴스 등록 과정에서 exception 발생함
29-Sep-2025 14:51:12.991 정보 [Thread-1] org.apache.catalina.core.ApplicationContext.log servlet context 가 종료됨 !!!!!!!!!!!!!!!!!!!!!!!!
29-Sep-2025 14:51:21.169 정보 [main] org.apache.catalina.core.ApplicationContext.log servlet context 가 시작됨 !!!!!!!!!!!!!!!!!!!!!!!!
29-Sep-2025 14:51:30.142 정보 [http-nio-8080-exec-1] org.apache.catalina.core.ApplicationContext.log Servlet Context 속성 추가org.apache.jasper.runtime.JspApplicationContextImpl@b41425a
29-Sep-2025 14:51:30.226 정보 [http-nio-8080-exec-1] org.apache.catalina.core.ApplicationContext.log Servlet Context 속성 추가org.apache.jasper.compiler.ELInterpreterFactory$DefaultELInterpreter@2fb93cde
29-Sep-2025 14:51:30.227 정보 [http-nio-8080-exec-1] org.apache.catalina.core.ApplicationContext.log Servlet Context 속성 추가org.apache.jasper.compiler.StringInterpreterFactory$DefaultStringInterpreter@3bd24569
29-Sep-2025 14:53:07.463 정보 [Thread-1] org.apache.catalina.core.ApplicationContext.log servlet context 가 종료됨 !!!!!!!!!!!!!!!!!!!!!!!!
29-Sep-2025 14:53:13.519 정보 [main] org.apache.catalina.core.ApplicationContext.log servlet context 가 시작됨 !!!!!!!!!!!!!!!!!!!!!!!!
29-Sep-2025 14:53:21.437 정보 [http-nio-8080-exec-2] org.apache.catalina.core.ApplicationContext.log Servlet Context 속성 추가org.apache.jasper.runtime.JspApplicationContextImpl@265b264a
29-Sep-2025 14:53:21.585 정보 [http-nio-8080-exec-2] org.apache.catalina.core.ApplicationContext.log Servlet Context 속성 추가org.apache.jasper.compiler.ELInterpreterFactory$DefaultELInterpreter@78225a9
29-Sep-2025 14:53:21.588 정보 [http-nio-8080-exec-2] org.apache.catalina.core.ApplicationContext.log Servlet Context 속성 추가org.apache.jasper.compiler.StringInterpreterFactory$DefaultStringInterpreter@4b816359
29-Sep-2025 14:56:55.435 정보 [Thread-1] org.apache.catalina.core.ApplicationContext.log servlet context 가 종료됨 !!!!!!!!!!!!!!!!!!!!!!!!
29-Sep-2025 14:57:02.150 정보 [main] org.apache.catalina.core.ApplicationContext.log servlet context 가 시작됨 !!!!!!!!!!!!!!!!!!!!!!!!
29-Sep-2025 14:57:06.175 정보 [http-nio-8080-exec-1] org.apache.catalina.core.ApplicationContext.log Servlet Context 속성 추가org.apache.jasper.runtime.JspApplicationContextImpl@40ef32f
29-Sep-2025 14:57:06.294 정보 [http-nio-8080-exec-1] org.apache.catalina.core.ApplicationContext.log Servlet Context 속성 추가org.apache.jasper.compiler.ELInterpreterFactory$DefaultELInterpreter@26e0fc98
29-Sep-2025 14:57:06.296 정보 [http-nio-8080-exec-1] org.apache.catalina.core.ApplicationContext.log Servlet Context 속성 추가org.apache.jasper.compiler.StringInterpreterFactory$DefaultStringInterpreter@2f5e19d0
29-Sep-2025 15:05:05.230 정보 [Thread-1] org.apache.catalina.core.ApplicationContext.log servlet context 가 종료됨 !!!!!!!!!!!!!!!!!!!!!!!!
29-Sep-2025 15:05:10.988 정보 [main] org.apache.catalina.core.ApplicationContext.log servlet context 가 시작됨 !!!!!!!!!!!!!!!!!!!!!!!!
29-Sep-2025 15:05:22.413 정보 [http-nio-8080-exec-1] org.apache.catalina.core.ApplicationContext.log Servlet Context 속성 추가org.apache.jasper.runtime.JspApplicationContextImpl@3f0e9a4d
29-Sep-2025 15:05:22.518 정보 [http-nio-8080-exec-1] org.apache.catalina.core.ApplicationContext.log Servlet Context 속성 추가org.apache.jasper.compiler.ELInterpreterFactory$DefaultELInterpreter@7f752ea6
29-Sep-2025 15:05:22.521 정보 [http-nio-8080-exec-1] org.apache.catalina.core.ApplicationContext.log Servlet Context 속성 추가org.apache.jasper.compiler.StringInterpreterFactory$DefaultStringInterpreter@45ddfa9e
29-Sep-2025 15:32:39.751 정보 [http-nio-8080-exec-6] org.apache.catalina.core.ApplicationContext.log Servlet Context 속성 추가홍길동
29-Sep-2025 15:32:39.766 정보 [http-nio-8080-exec-6] org.apache.catalina.core.ApplicationContext.log 세션 의 속성이 추가됨 : 김사랑
29-Sep-2025 15:36:59.408 정보 [Thread-1] org.apache.catalina.core.ApplicationContext.log servlet context 가 종료됨 !!!!!!!!!!!!!!!!!!!!!!!!
29-Sep-2025 15:37:04.284 정보 [main] org.apache.catalina.core.ApplicationContext.log servlet context 가 시작됨 !!!!!!!!!!!!!!!!!!!!!!!!
29-Sep-2025 15:37:18.495 정보 [http-nio-8080-exec-1] org.apache.catalina.core.ApplicationContext.log Servlet Context 속성 추가org.apache.jasper.runtime.JspApplicationContextImpl@67b410bd
29-Sep-2025 15:37:18.601 정보 [http-nio-8080-exec-1] org.apache.catalina.core.ApplicationContext.log Servlet Context 속성 추가org.apache.jasper.compiler.ELInterpreterFactory$DefaultELInterpreter@6adc1478
29-Sep-2025 15:37:18.603 정보 [http-nio-8080-exec-1] org.apache.catalina.core.ApplicationContext.log Servlet Context 속성 추가org.apache.jasper.compiler.StringInterpreterFactory$DefaultStringInterpreter@15c7f9f6
29-Sep-2025 15:38:14.055 정보 [Thread-1] org.apache.catalina.core.ApplicationContext.log servlet context 가 종료됨 !!!!!!!!!!!!!!!!!!!!!!!!
29-Sep-2025 15:38:21.064 정보 [main] org.apache.catalina.core.ApplicationContext.log servlet context 가 시작됨 !!!!!!!!!!!!!!!!!!!!!!!!
29-Sep-2025 15:38:23.002 정보 [http-nio-8080-exec-1] org.apache.catalina.core.ApplicationContext.log Servlet Context 속성 추가org.apache.jasper.runtime.JspApplicationContextImpl@366012ce
29-Sep-2025 15:38:23.101 정보 [http-nio-8080-exec-1] org.apache.catalina.core.ApplicationContext.log Servlet Context 속성 추가org.apache.jasper.compiler.ELInterpreterFactory$DefaultELInterpreter@70e1089
29-Sep-2025 15:38:23.102 정보 [http-nio-8080-exec-1] org.apache.catalina.core.ApplicationContext.log Servlet Context 속성 추가org.apache.jasper.compiler.StringInterpreterFactory$DefaultStringInterpreter@43155280
29-Sep-2025 15:45:35.367 정보 [Thread-1] org.apache.catalina.core.ApplicationContext.log servlet context 가 종료됨 !!!!!!!!!!!!!!!!!!!!!!!!
29-Sep-2025 15:45:41.019 정보 [main] org.apache.catalina.core.ApplicationContext.log servlet context 가 시작됨 !!!!!!!!!!!!!!!!!!!!!!!!
29-Sep-2025 15:45:54.549 정보 [http-nio-8080-exec-1] org.apache.catalina.core.ApplicationContext.log Servlet Context 속성 추가org.apache.jasper.runtime.JspApplicationContextImpl@494bf9a3
29-Sep-2025 15:45:54.640 정보 [http-nio-8080-exec-1] org.apache.catalina.core.ApplicationContext.log Servlet Context 속성 추가org.apache.jasper.compiler.ELInterpreterFactory$DefaultELInterpreter@12642eb7
29-Sep-2025 15:45:54.644 정보 [http-nio-8080-exec-1] org.apache.catalina.core.ApplicationContext.log Servlet Context 속성 추가org.apache.jasper.compiler.StringInterpreterFactory$DefaultStringInterpreter@70810dff
29-Sep-2025 15:46:30.406 정보 [Thread-1] org.apache.catalina.core.ApplicationContext.log servlet context 가 종료됨 !!!!!!!!!!!!!!!!!!!!!!!!
29-Sep-2025 15:46:38.802 정보 [main] org.apache.catalina.core.ApplicationContext.log servlet context 가 시작됨 !!!!!!!!!!!!!!!!!!!!!!!!
29-Sep-2025 15:46:45.247 정보 [http-nio-8080-exec-1] org.apache.catalina.core.ApplicationContext.log Servlet Context 속성 추가org.apache.jasper.runtime.JspApplicationContextImpl@752923ba
29-Sep-2025 15:46:45.457 정보 [http-nio-8080-exec-1] org.apache.catalina.core.ApplicationContext.log Servlet Context 속성 추가org.apache.jasper.compiler.ELInterpreterFactory$DefaultELInterpreter@52dc45ca
29-Sep-2025 15:46:45.466 정보 [http-nio-8080-exec-1] org.apache.catalina.core.ApplicationContext.log Servlet Context 속성 추가org.apache.jasper.compiler.StringInterpreterFactory$DefaultStringInterpreter@7072ddf6
29-Sep-2025 15:47:02.899 정보 [http-nio-8080-exec-2] org.apache.catalina.core.ApplicationContext.log 뉴스 등록 과정에서 exception 발생함
29-Sep-2025 15:49:32.233 정보 [Thread-1] org.apache.catalina.core.ApplicationContext.log servlet context 가 종료됨 !!!!!!!!!!!!!!!!!!!!!!!!
29-Sep-2025 15:49:37.523 정보 [main] org.apache.catalina.core.ApplicationContext.log servlet context 가 시작됨 !!!!!!!!!!!!!!!!!!!!!!!!
29-Sep-2025 15:49:50.390 정보 [http-nio-8080-exec-1] org.apache.catalina.core.ApplicationContext.log Servlet Context 속성 추가org.apache.jasper.runtime.JspApplicationContextImpl@77dbbcc6
29-Sep-2025 15:49:50.487 정보 [http-nio-8080-exec-1] org.apache.catalina.core.ApplicationContext.log Servlet Context 속성 추가org.apache.jasper.compiler.ELInterpreterFactory$DefaultELInterpreter@41ec95b
29-Sep-2025 15:49:50.489 정보 [http-nio-8080-exec-1] org.apache.catalina.core.ApplicationContext.log Servlet Context 속성 추가org.apache.jasper.compiler.StringInterpreterFactory$DefaultStringInterpreter@4f1d1bec
29-Sep-2025 15:50:04.404 정보 [http-nio-8080-exec-2] org.apache.catalina.core.ApplicationContext.log 뉴스 등록 과정에서 exception 발생함
29-Sep-2025 15:51:57.991 정보 [Thread-1] org.apache.catalina.core.ApplicationContext.log servlet context 가 종료됨 !!!!!!!!!!!!!!!!!!!!!!!!
29-Sep-2025 15:52:02.962 정보 [main] org.apache.catalina.core.ApplicationContext.log servlet context 가 시작됨 !!!!!!!!!!!!!!!!!!!!!!!!
29-Sep-2025 15:52:28.575 정보 [http-nio-8080-exec-1] org.apache.catalina.core.ApplicationContext.log Servlet Context 속성 추가org.apache.jasper.runtime.JspApplicationContextImpl@56566a5f
29-Sep-2025 15:52:28.655 정보 [http-nio-8080-exec-1] org.apache.catalina.core.ApplicationContext.log Servlet Context 속성 추가org.apache.jasper.compiler.ELInterpreterFactory$DefaultELInterpreter@75057bb2
29-Sep-2025 15:52:28.656 정보 [http-nio-8080-exec-1] org.apache.catalina.core.ApplicationContext.log Servlet Context 속성 추가org.apache.jasper.compiler.StringInterpreterFactory$DefaultStringInterpreter@214270c
29-Sep-2025 15:52:39.888 정보 [http-nio-8080-exec-2] org.apache.catalina.core.ApplicationContext.log 뉴스 등록 과정에서 exception 발생함
29-Sep-2025 15:56:14.488 정보 [Thread-1] org.apache.catalina.core.ApplicationContext.log servlet context 가 종료됨 !!!!!!!!!!!!!!!!!!!!!!!!
29-Sep-2025 15:56:22.242 정보 [main] org.apache.catalina.core.ApplicationContext.log servlet context 가 시작됨 !!!!!!!!!!!!!!!!!!!!!!!!
29-Sep-2025 15:56:27.725 정보 [http-nio-8080-exec-1] org.apache.catalina.core.ApplicationContext.log Servlet Context 속성 추가org.apache.jasper.runtime.JspApplicationContextImpl@6fa07c54
29-Sep-2025 15:56:27.838 정보 [http-nio-8080-exec-1] org.apache.catalina.core.ApplicationContext.log Servlet Context 속성 추가org.apache.jasper.compiler.ELInterpreterFactory$DefaultELInterpreter@4eea887f
29-Sep-2025 15:56:27.843 정보 [http-nio-8080-exec-1] org.apache.catalina.core.ApplicationContext.log Servlet Context 속성 추가org.apache.jasper.compiler.StringInterpreterFactory$DefaultStringInterpreter@8d3e9eb
29-Sep-2025 15:57:15.984 정보 [Thread-1] org.apache.catalina.core.ApplicationContext.log servlet context 가 종료됨 !!!!!!!!!!!!!!!!!!!!!!!!
29-Sep-2025 15:57:24.468 정보 [main] org.apache.catalina.core.ApplicationContext.log servlet context 가 시작됨 !!!!!!!!!!!!!!!!!!!!!!!!
29-Sep-2025 15:57:36.334 정보 [http-nio-8080-exec-2] org.apache.catalina.core.ApplicationContext.log Servlet Context 속성 추가org.apache.jasper.runtime.JspApplicationContextImpl@784915a5
29-Sep-2025 15:57:36.430 정보 [http-nio-8080-exec-2] org.apache.catalina.core.ApplicationContext.log Servlet Context 속성 추가org.apache.jasper.compiler.ELInterpreterFactory$DefaultELInterpreter@fc6b086
29-Sep-2025 15:57:36.431 정보 [http-nio-8080-exec-2] org.apache.catalina.core.ApplicationContext.log Servlet Context 속성 추가org.apache.jasper.compiler.StringInterpreterFactory$DefaultStringInterpreter@68279c46
29-Sep-2025 16:00:20.994 정보 [Thread-1] org.apache.catalina.core.ApplicationContext.log servlet context 가 종료됨 !!!!!!!!!!!!!!!!!!!!!!!!
29-Sep-2025 16:00:29.116 정보 [main] org.apache.catalina.core.ApplicationContext.log servlet context 가 시작됨 !!!!!!!!!!!!!!!!!!!!!!!!
29-Sep-2025 16:00:36.159 정보 [http-nio-8080-exec-1] org.apache.catalina.core.ApplicationContext.log Servlet Context 속성 추가org.apache.jasper.runtime.JspApplicationContextImpl@1c0c978e
29-Sep-2025 16:00:36.234 정보 [http-nio-8080-exec-1] org.apache.catalina.core.ApplicationContext.log Servlet Context 속성 추가org.apache.jasper.compiler.ELInterpreterFactory$DefaultELInterpreter@503846e4
29-Sep-2025 16:00:36.236 정보 [http-nio-8080-exec-1] org.apache.catalina.core.ApplicationContext.log Servlet Context 속성 추가org.apache.jasper.compiler.StringInterpreterFactory$DefaultStringInterpreter@75981c40
29-Sep-2025 16:17:23.660 정보 [Thread-1] org.apache.catalina.core.ApplicationContext.log servlet context 가 종료됨 !!!!!!!!!!!!!!!!!!!!!!!!
29-Sep-2025 16:17:31.276 정보 [main] org.apache.catalina.core.ApplicationContext.log servlet context 가 시작됨 !!!!!!!!!!!!!!!!!!!!!!!!
29-Sep-2025 16:17:35.962 정보 [http-nio-8080-exec-2] org.apache.catalina.core.ApplicationContext.log Servlet Context 속성 추가org.apache.jasper.runtime.JspApplicationContextImpl@784915a5
29-Sep-2025 16:17:36.062 정보 [http-nio-8080-exec-2] org.apache.catalina.core.ApplicationContext.log Servlet Context 속성 추가org.apache.jasper.compiler.ELInterpreterFactory$DefaultELInterpreter@fc6b086
29-Sep-2025 16:17:36.063 정보 [http-nio-8080-exec-2] org.apache.catalina.core.ApplicationContext.log Servlet Context 속성 추가org.apache.jasper.compiler.StringInterpreterFactory$DefaultStringInterpreter@68279c46
29-Sep-2025 16:19:36.150 정보 [Thread-1] org.apache.catalina.core.ApplicationContext.log servlet context 가 종료됨 !!!!!!!!!!!!!!!!!!!!!!!!
29-Sep-2025 16:19:44.218 정보 [main] org.apache.catalina.core.ApplicationContext.log servlet context 가 시작됨 !!!!!!!!!!!!!!!!!!!!!!!!
29-Sep-2025 16:19:49.970 정보 [http-nio-8080-exec-1] org.apache.catalina.core.ApplicationContext.log Servlet Context 속성 추가org.apache.jasper.runtime.JspApplicationContextImpl@498978ca
29-Sep-2025 16:19:50.068 정보 [http-nio-8080-exec-1] org.apache.catalina.core.ApplicationContext.log Servlet Context 속성 추가org.apache.jasper.compiler.ELInterpreterFactory$DefaultELInterpreter@23c35e46
29-Sep-2025 16:19:50.071 정보 [http-nio-8080-exec-1] org.apache.catalina.core.ApplicationContext.log Servlet Context 속성 추가org.apache.jasper.compiler.StringInterpreterFactory$DefaultStringInterpreter@831ca73
29-Sep-2025 16:21:00.027 정보 [Thread-1] org.apache.catalina.core.ApplicationContext.log servlet context 가 종료됨 !!!!!!!!!!!!!!!!!!!!!!!!
29-Sep-2025 16:21:09.459 정보 [main] org.apache.catalina.core.ApplicationContext.log servlet context 가 시작됨 !!!!!!!!!!!!!!!!!!!!!!!!
29-Sep-2025 16:21:12.104 정보 [http-nio-8080-exec-2] org.apache.catalina.core.ApplicationContext.log Servlet Context 속성 추가org.apache.jasper.runtime.JspApplicationContextImpl@7bb3f57a
29-Sep-2025 16:21:12.206 정보 [http-nio-8080-exec-2] org.apache.catalina.core.ApplicationContext.log Servlet Context 속성 추가org.apache.jasper.compiler.ELInterpreterFactory$DefaultELInterpreter@22faec0d
29-Sep-2025 16:21:12.209 정보 [http-nio-8080-exec-2] org.apache.catalina.core.ApplicationContext.log Servlet Context 속성 추가org.apache.jasper.compiler.StringInterpreterFactory$DefaultStringInterpreter@49209b31
29-Sep-2025 16:29:16.903 정보 [Thread-1] org.apache.catalina.core.ApplicationContext.log servlet context 가 종료됨 !!!!!!!!!!!!!!!!!!!!!!!!
29-Sep-2025 16:29:24.434 정보 [main] org.apache.catalina.core.ApplicationContext.log servlet context 가 시작됨 !!!!!!!!!!!!!!!!!!!!!!!!
29-Sep-2025 16:29:27.126 정보 [http-nio-8080-exec-1] org.apache.catalina.core.ApplicationContext.log Servlet Context 속성 추가org.apache.jasper.runtime.JspApplicationContextImpl@6d0d7583
29-Sep-2025 16:29:27.216 정보 [http-nio-8080-exec-1] org.apache.catalina.core.ApplicationContext.log Servlet Context 속성 추가org.apache.jasper.compiler.ELInterpreterFactory$DefaultELInterpreter@5252c50d
29-Sep-2025 16:29:27.218 정보 [http-nio-8080-exec-1] org.apache.catalina.core.ApplicationContext.log Servlet Context 속성 추가org.apache.jasper.compiler.StringInterpreterFactory$DefaultStringInterpreter@27cc4c4e
29-Sep-2025 16:31:29.776 정보 [Thread-1] org.apache.catalina.core.ApplicationContext.log servlet context 가 종료됨 !!!!!!!!!!!!!!!!!!!!!!!!
29-Sep-2025 16:31:39.175 정보 [main] org.apache.catalina.core.ApplicationContext.log servlet context 가 시작됨 !!!!!!!!!!!!!!!!!!!!!!!!
29-Sep-2025 16:32:32.450 정보 [Thread-1] org.apache.catalina.core.ApplicationContext.log servlet context 가 종료됨 !!!!!!!!!!!!!!!!!!!!!!!!
29-Sep-2025 16:32:41.649 정보 [main] org.apache.catalina.core.ApplicationContext.log servlet context 가 시작됨 !!!!!!!!!!!!!!!!!!!!!!!!
29-Sep-2025 16:32:50.289 정보 [http-nio-8080-exec-1] org.apache.catalina.core.ApplicationContext.log Servlet Context 속성 추가org.apache.jasper.runtime.JspApplicationContextImpl@66e361e0
29-Sep-2025 16:32:50.366 정보 [http-nio-8080-exec-1] org.apache.catalina.core.ApplicationContext.log Servlet Context 속성 추가org.apache.jasper.compiler.ELInterpreterFactory$DefaultELInterpreter@751ea7ed
29-Sep-2025 16:32:50.367 정보 [http-nio-8080-exec-1] org.apache.catalina.core.ApplicationContext.log Servlet Context 속성 추가org.apache.jasper.compiler.StringInterpreterFactory$DefaultStringInterpreter@23dad823
29-Sep-2025 16:34:10.340 정보 [Thread-1] org.apache.catalina.core.ApplicationContext.log servlet context 가 종료됨 !!!!!!!!!!!!!!!!!!!!!!!!
29-Sep-2025 16:34:15.841 정보 [main] org.apache.catalina.core.ApplicationContext.log servlet context 가 시작됨 !!!!!!!!!!!!!!!!!!!!!!!!
29-Sep-2025 16:34:45.914 정보 [http-nio-8080-exec-1] org.apache.catalina.core.ApplicationContext.log Servlet Context 속성 추가org.apache.jasper.runtime.JspApplicationContextImpl@43705bb1
29-Sep-2025 16:34:45.998 정보 [http-nio-8080-exec-1] org.apache.catalina.core.ApplicationContext.log Servlet Context 속성 추가org.apache.jasper.compiler.ELInterpreterFactory$DefaultELInterpreter@7e648b10
29-Sep-2025 16:34:45.999 정보 [http-nio-8080-exec-1] org.apache.catalina.core.ApplicationContext.log Servlet Context 속성 추가org.apache.jasper.compiler.StringInterpreterFactory$DefaultStringInterpreter@1e570178
29-Sep-2025 16:35:40.332 정보 [Thread-1] org.apache.catalina.core.ApplicationContext.log servlet context 가 종료됨 !!!!!!!!!!!!!!!!!!!!!!!!
29-Sep-2025 16:35:47.823 정보 [main] org.apache.catalina.core.ApplicationContext.log servlet context 가 시작됨 !!!!!!!!!!!!!!!!!!!!!!!!
29-Sep-2025 16:36:09.230 정보 [http-nio-8080-exec-3] org.apache.catalina.core.ApplicationContext.log Servlet Context 속성 추가org.apache.jasper.runtime.JspApplicationContextImpl@3a91dd63
29-Sep-2025 16:36:09.367 정보 [http-nio-8080-exec-3] org.apache.catalina.core.ApplicationContext.log Servlet Context 속성 추가org.apache.jasper.compiler.ELInterpreterFactory$DefaultELInterpreter@5e4b4c31
29-Sep-2025 16:36:09.369 정보 [http-nio-8080-exec-3] org.apache.catalina.core.ApplicationContext.log Servlet Context 속성 추가org.apache.jasper.compiler.StringInterpreterFactory$DefaultStringInterpreter@1cec37e5
29-Sep-2025 16:36:09.943 정보 [http-nio-8080-exec-4] org.apache.catalina.core.ApplicationContext.log 뉴스 삭제 중 exception 발생
29-Sep-2025 16:36:10.620 정보 [http-nio-8080-exec-5] org.apache.catalina.core.ApplicationContext.log 뉴스 삭제 중 exception 발생
29-Sep-2025 16:37:53.543 정보 [Thread-1] org.apache.catalina.core.ApplicationContext.log servlet context 가 종료됨 !!!!!!!!!!!!!!!!!!!!!!!!
29-Sep-2025 16:37:59.071 정보 [main] org.apache.catalina.core.ApplicationContext.log servlet context 가 시작됨 !!!!!!!!!!!!!!!!!!!!!!!!
29-Sep-2025 16:39:06.987 정보 [http-nio-8080-exec-3] org.apache.catalina.core.ApplicationContext.log 뉴스 삭제 중 exception 발생
29-Sep-2025 16:39:07.295 정보 [http-nio-8080-exec-3] org.apache.catalina.core.ApplicationContext.log Servlet Context 속성 추가org.apache.jasper.runtime.JspApplicationContextImpl@5419bbe0
29-Sep-2025 16:39:07.409 정보 [http-nio-8080-exec-3] org.apache.catalina.core.ApplicationContext.log Servlet Context 속성 추가org.apache.jasper.compiler.ELInterpreterFactory$DefaultELInterpreter@6da62d97
29-Sep-2025 16:39:07.411 정보 [http-nio-8080-exec-3] org.apache.catalina.core.ApplicationContext.log Servlet Context 속성 추가org.apache.jasper.compiler.StringInterpreterFactory$DefaultStringInterpreter@7b42171e
29-Sep-2025 17:09:03.630 정보 [Thread-1] org.apache.catalina.core.ApplicationContext.log servlet context 가 종료됨 !!!!!!!!!!!!!!!!!!!!!!!!
29-Sep-2025 17:09:15.251 정보 [main] org.apache.catalina.core.ApplicationContext.log servlet context 가 시작됨 !!!!!!!!!!!!!!!!!!!!!!!!
29-Sep-2025 17:09:23.585 정보 [http-nio-8080-exec-1] org.apache.catalina.core.ApplicationContext.log 뉴스 삭제 중 exception 발생
29-Sep-2025 17:09:24.159 정보 [http-nio-8080-exec-1] org.apache.catalina.core.ApplicationContext.log Servlet Context 속성 추가org.apache.jasper.runtime.JspApplicationContextImpl@7a75664e
29-Sep-2025 17:09:24.229 정보 [http-nio-8080-exec-1] org.apache.catalina.core.ApplicationContext.log Servlet Context 속성 추가org.apache.jasper.compiler.ELInterpreterFactory$DefaultELInterpreter@7ac15d5c
29-Sep-2025 17:09:24.232 정보 [http-nio-8080-exec-1] org.apache.catalina.core.ApplicationContext.log Servlet Context 속성 추가org.apache.jasper.compiler.StringInterpreterFactory$DefaultStringInterpreter@43fc4421
29-Sep-2025 17:09:25.445 정보 [http-nio-8080-exec-1] org.apache.catalina.core.ApplicationContext.log 세션이 생성됨 : 9E8FCCA2443572E05F2D77A0C7418664
29-Sep-2025 17:16:58.601 정보 [Thread-1] org.apache.catalina.core.ApplicationContext.log servlet context 가 종료됨 !!!!!!!!!!!!!!!!!!!!!!!!
29-Sep-2025 17:17:06.170 정보 [main] org.apache.catalina.core.ApplicationContext.log servlet context 가 시작됨 !!!!!!!!!!!!!!!!!!!!!!!!
29-Sep-2025 17:19:23.832 정보 [Thread-1] org.apache.catalina.core.ApplicationContext.log servlet context 가 종료됨 !!!!!!!!!!!!!!!!!!!!!!!!
29-Sep-2025 17:19:31.373 정보 [main] org.apache.catalina.core.ApplicationContext.log servlet context 가 시작됨 !!!!!!!!!!!!!!!!!!!!!!!!
29-Sep-2025 17:19:38.303 정보 [http-nio-8080-exec-2] org.apache.catalina.core.ApplicationContext.log Servlet Context 속성 추가org.apache.jasper.runtime.JspApplicationContextImpl@101f5015
29-Sep-2025 17:19:38.377 정보 [http-nio-8080-exec-2] org.apache.catalina.core.ApplicationContext.log Servlet Context 속성 추가org.apache.jasper.compiler.ELInterpreterFactory$DefaultELInterpreter@3098b40a
29-Sep-2025 17:19:38.379 정보 [http-nio-8080-exec-2] org.apache.catalina.core.ApplicationContext.log Servlet Context 속성 추가org.apache.jasper.compiler.StringInterpreterFactory$DefaultStringInterpreter@386a5b61
29-Sep-2025 17:20:12.672 정보 [Thread-1] org.apache.catalina.core.ApplicationContext.log servlet context 가 종료됨 !!!!!!!!!!!!!!!!!!!!!!!!
29-Sep-2025 17:28:31.347 정보 [main] org.apache.catalina.core.ApplicationContext.log servlet context 가 시작됨 !!!!!!!!!!!!!!!!!!!!!!!!
29-Sep-2025 17:28:45.026 정보 [http-nio-8080-exec-1] org.apache.catalina.core.ApplicationContext.log Servlet Context 속성 추가org.apache.jasper.runtime.JspApplicationContextImpl@719b7d2e
29-Sep-2025 17:28:45.130 정보 [http-nio-8080-exec-1] org.apache.catalina.core.ApplicationContext.log Servlet Context 속성 추가org.apache.jasper.compiler.ELInterpreterFactory$DefaultELInterpreter@4cf60253
29-Sep-2025 17:28:45.132 정보 [http-nio-8080-exec-1] org.apache.catalina.core.ApplicationContext.log Servlet Context 속성 추가org.apache.jasper.compiler.StringInterpreterFactory$DefaultStringInterpreter@5dd9c935
29-Sep-2025 17:28:46.616 정보 [http-nio-8080-exec-1] org.apache.catalina.core.ApplicationContext.log 세션이 생성됨 : 22EE5D5C4B6605AC8A957AFEFE4E449C
29-Sep-2025 17:34:32.845 정보 [Thread-1] org.apache.catalina.core.ApplicationContext.log servlet context 가 종료됨 !!!!!!!!!!!!!!!!!!!!!!!!
29-Sep-2025 17:34:56.984 정보 [main] org.apache.catalina.core.ApplicationContext.log servlet context 가 시작됨 !!!!!!!!!!!!!!!!!!!!!!!!
29-Sep-2025 17:35:57.432 정보 [http-nio-8080-exec-2] org.apache.catalina.core.ApplicationContext.log Servlet Context 속성 추가org.apache.jasper.runtime.JspApplicationContextImpl@199ed9fe
29-Sep-2025 17:35:57.553 정보 [http-nio-8080-exec-2] org.apache.catalina.core.ApplicationContext.log Servlet Context 속성 추가org.apache.jasper.compiler.ELInterpreterFactory$DefaultELInterpreter@2809dba9
29-Sep-2025 17:35:57.554 정보 [http-nio-8080-exec-2] org.apache.catalina.core.ApplicationContext.log Servlet Context 속성 추가org.apache.jasper.compiler.StringInterpreterFactory$DefaultStringInterpreter@78429e1d
29-Sep-2025 17:43:22.090 정보 [Thread-1] org.apache.catalina.core.ApplicationContext.log servlet context 가 종료됨 !!!!!!!!!!!!!!!!!!!!!!!!
29-Sep-2025 17:43:29.400 정보 [main] org.apache.catalina.core.ApplicationContext.log servlet context 가 시작됨 !!!!!!!!!!!!!!!!!!!!!!!!
29-Sep-2025 17:43:54.353 정보 [http-nio-8080-exec-2] org.apache.catalina.core.ApplicationContext.log Servlet Context 속성 추가org.apache.jasper.runtime.JspApplicationContextImpl@21acdaff
29-Sep-2025 17:43:54.453 정보 [http-nio-8080-exec-2] org.apache.catalina.core.ApplicationContext.log Servlet Context 속성 추가org.apache.jasper.compiler.ELInterpreterFactory$DefaultELInterpreter@49ba1af6
29-Sep-2025 17:43:54.455 정보 [http-nio-8080-exec-2] org.apache.catalina.core.ApplicationContext.log Servlet Context 속성 추가org.apache.jasper.compiler.StringInterpreterFactory$DefaultStringInterpreter@2cb4c6c1
29-Sep-2025 17:46:09.349 정보 [Thread-1] org.apache.catalina.core.ApplicationContext.log servlet context 가 종료됨 !!!!!!!!!!!!!!!!!!!!!!!!
29-Sep-2025 17:46:18.155 정보 [main] org.apache.catalina.core.ApplicationContext.log servlet context 가 시작됨 !!!!!!!!!!!!!!!!!!!!!!!!
29-Sep-2025 17:51:20.216 정보 [http-nio-8080-exec-6] org.apache.catalina.core.ApplicationContext.log Servlet Context 속성 추가org.apache.jasper.runtime.JspApplicationContextImpl@590e064d
29-Sep-2025 17:51:20.279 정보 [http-nio-8080-exec-6] org.apache.catalina.core.ApplicationContext.log Servlet Context 속성 추가org.apache.jasper.compiler.ELInterpreterFactory$DefaultELInterpreter@26d979c9
29-Sep-2025 17:51:20.280 정보 [http-nio-8080-exec-6] org.apache.catalina.core.ApplicationContext.log Servlet Context 속성 추가org.apache.jasper.compiler.StringInterpreterFactory$DefaultStringInterpreter@77c27ad1
29-Sep-2025 18:12:07.021 정보 [Thread-1] org.apache.catalina.core.ApplicationContext.log servlet context 가 종료됨 !!!!!!!!!!!!!!!!!!!!!!!!
29-Sep-2025 18:12:15.829 정보 [main] org.apache.catalina.core.ApplicationContext.log servlet context 가 시작됨 !!!!!!!!!!!!!!!!!!!!!!!!
29-Sep-2025 18:12:37.383 정보 [http-nio-8080-exec-2] org.apache.catalina.core.ApplicationContext.log Servlet Context 속성 추가org.apache.jasper.runtime.JspApplicationContextImpl@760b2853
29-Sep-2025 18:12:37.493 정보 [http-nio-8080-exec-2] org.apache.catalina.core.ApplicationContext.log Servlet Context 속성 추가org.apache.jasper.compiler.ELInterpreterFactory$DefaultELInterpreter@540eff4c
29-Sep-2025 18:12:37.496 정보 [http-nio-8080-exec-2] org.apache.catalina.core.ApplicationContext.log Servlet Context 속성 추가org.apache.jasper.compiler.StringInterpreterFactory$DefaultStringInterpreter@5b47d344
29-Sep-2025 18:13:59.360 정보 [Thread-1] org.apache.catalina.core.ApplicationContext.log servlet context 가 종료됨 !!!!!!!!!!!!!!!!!!!!!!!!
29-Sep-2025 18:14:06.707 정보 [main] org.apache.catalina.core.ApplicationContext.log servlet context 가 시작됨 !!!!!!!!!!!!!!!!!!!!!!!!
29-Sep-2025 18:14:15.840 정보 [http-nio-8080-exec-1] org.apache.catalina.core.ApplicationContext.log Servlet Context 속성 추가org.apache.jasper.runtime.JspApplicationContextImpl@56b2d24c
29-Sep-2025 18:14:15.905 정보 [http-nio-8080-exec-1] org.apache.catalina.core.ApplicationContext.log Servlet Context 속성 추가org.apache.jasper.compiler.ELInterpreterFactory$DefaultELInterpreter@2e41c0c4
29-Sep-2025 18:14:15.906 정보 [http-nio-8080-exec-1] org.apache.catalina.core.ApplicationContext.log Servlet Context 속성 추가org.apache.jasper.compiler.StringInterpreterFactory$DefaultStringInterpreter@780055ee
29-Sep-2025 18:16:00.605 정보 [Thread-1] org.apache.catalina.core.ApplicationContext.log servlet context 가 종료됨 !!!!!!!!!!!!!!!!!!!!!!!!
29-Sep-2025 18:17:42.622 정보 [main] org.apache.catalina.core.ApplicationContext.log servlet context 가 시작됨 !!!!!!!!!!!!!!!!!!!!!!!!
29-Sep-2025 18:17:55.168 정보 [http-nio-8080-exec-1] org.apache.catalina.core.ApplicationContext.log Servlet Context 속성 추가org.apache.jasper.runtime.JspApplicationContextImpl@22412822
29-Sep-2025 18:17:55.315 정보 [http-nio-8080-exec-1] org.apache.catalina.core.ApplicationContext.log Servlet Context 속성 추가org.apache.jasper.compiler.ELInterpreterFactory$DefaultELInterpreter@2b535e23
29-Sep-2025 18:17:55.317 정보 [http-nio-8080-exec-1] org.apache.catalina.core.ApplicationContext.log Servlet Context 속성 추가org.apache.jasper.compiler.StringInterpreterFactory$DefaultStringInterpreter@168c9097
29-Sep-2025 18:17:57.036 정보 [http-nio-8080-exec-1] org.apache.catalina.core.ApplicationContext.log 세션이 생성됨 : AF8B7DBFA20CD738472D73A60D592C20
29-Sep-2025 19:02:23.792 정보 [Thread-1] org.apache.catalina.core.ApplicationContext.log servlet context 가 종료됨 !!!!!!!!!!!!!!!!!!!!!!!!
