24-Sep-2025 10:47:13.411 심각 [http-nio-8080-exec-1] org.apache.catalina.core.StandardWrapperValve.invoke 경로 []의 컨텍스트 내의 서블릿 [jsp]을(를) 위한 Servlet.service() 호출이, 근본 원인(root cause)과 함께, 예외 [JSP를 위한 클래스를 컴파일할 수 없습니다.: 

JSP 파일 [/ch04/jspTotal.jsp]의 [19] 행에서 오류가 발생했습니다.
Syntax error on token "(", ; expected
16:         String[] members = {"홍길동", "김길동", "김연아"};
17:         int num1 = 10;
18: 
19:         int calc(int num2) {
20:             return num1 + num2;
21:         }
22:     %>


JSP 파일 [/ch04/jspTotal.jsp]의 [19] 행에서 오류가 발생했습니다.
Syntax error on token ")", ; expected
16:         String[] members = {"홍길동", "김길동", "김연아"};
17:         int num1 = 10;
18: 
19:         int calc(int num2) {
20:             return num1 + num2;
21:         }
22:     %>


JSP 파일 [/ch04/jspTotal.jsp]의 [20] 행에서 오류가 발생했습니다.
Void methods cannot return a value
17:         int num1 = 10;
18: 
19:         int calc(int num2) {
20:             return num1 + num2;
21:         }
22:     %>
23: 


JSP 파일 [/ch04/jspTotal.jsp]의 [25] 행에서 오류가 발생했습니다.
The method calc(int) is undefined for the type jspTotal_jsp
22:     %>
23: 
24:     <h3>3. calc(10) 메서드 실행 결과
25:         <%= calc(10) %>
26:     </h3>
27: </body>
28: </html>


Stacktrace:]을(를) 발생시켰습니다.
	org.apache.jasper.JasperException: JSP를 위한 클래스를 컴파일할 수 없습니다.: 

JSP 파일 [/ch04/jspTotal.jsp]의 [19] 행에서 오류가 발생했습니다.
Syntax error on token "(", ; expected
16:         String[] members = {"홍길동", "김길동", "김연아"};
17:         int num1 = 10;
18: 
19:         int calc(int num2) {
20:             return num1 + num2;
21:         }
22:     %>


JSP 파일 [/ch04/jspTotal.jsp]의 [19] 행에서 오류가 발생했습니다.
Syntax error on token ")", ; expected
16:         String[] members = {"홍길동", "김길동", "김연아"};
17:         int num1 = 10;
18: 
19:         int calc(int num2) {
20:             return num1 + num2;
21:         }
22:     %>


JSP 파일 [/ch04/jspTotal.jsp]의 [20] 행에서 오류가 발생했습니다.
Void methods cannot return a value
17:         int num1 = 10;
18: 
19:         int calc(int num2) {
20:             return num1 + num2;
21:         }
22:     %>
23: 


JSP 파일 [/ch04/jspTotal.jsp]의 [25] 행에서 오류가 발생했습니다.
The method calc(int) is undefined for the type jspTotal_jsp
22:     %>
23: 
24:     <h3>3. calc(10) 메서드 실행 결과
25:         <%= calc(10) %>
26:     </h3>
27: </body>
28: </html>


Stacktrace:
		at org.apache.jasper.compiler.DefaultErrorHandler.javacError(DefaultErrorHandler.java:72)
		at org.apache.jasper.compiler.ErrorDispatcher.javacError(ErrorDispatcher.java:192)
		at org.apache.jasper.compiler.JDTCompiler.generateClass(JDTCompiler.java:573)
		at org.apache.jasper.compiler.Compiler.compile(Compiler.java:372)
		at org.apache.jasper.compiler.Compiler.compile(Compiler.java:344)
		at org.apache.jasper.compiler.Compiler.compile(Compiler.java:330)
		at org.apache.jasper.JspCompilationContext.compile(JspCompilationContext.java:591)
		at org.apache.jasper.servlet.JspServletWrapper.service(JspServletWrapper.java:378)
		at org.apache.jasper.servlet.JspServlet.serviceJspFile(JspServlet.java:355)
		at org.apache.jasper.servlet.JspServlet.service(JspServlet.java:306)
		at javax.servlet.http.HttpServlet.service(HttpServlet.java:623)
		at org.apache.catalina.core.ApplicationFilterChain.internalDoFilter(ApplicationFilterChain.java:199)
		at org.apache.catalina.core.ApplicationFilterChain.doFilter(ApplicationFilterChain.java:144)
		at org.apache.tomcat.websocket.server.WsFilter.doFilter(WsFilter.java:51)
		at org.apache.catalina.core.ApplicationFilterChain.internalDoFilter(ApplicationFilterChain.java:168)
		at org.apache.catalina.core.ApplicationFilterChain.doFilter(ApplicationFilterChain.java:144)
		at org.apache.catalina.core.StandardWrapperValve.invoke(StandardWrapperValve.java:168)
		at org.apache.catalina.core.StandardContextValve.invoke(StandardContextValve.java:90)
		at org.apache.catalina.authenticator.AuthenticatorBase.invoke(AuthenticatorBase.java:482)
		at org.apache.catalina.core.StandardHostValve.invoke(StandardHostValve.java:130)
		at org.apache.catalina.valves.ErrorReportValve.invoke(ErrorReportValve.java:93)
		at org.apache.catalina.valves.AbstractAccessLogValve.invoke(AbstractAccessLogValve.java:656)
		at org.apache.catalina.core.StandardEngineValve.invoke(StandardEngineValve.java:74)
		at org.apache.catalina.connector.CoyoteAdapter.service(CoyoteAdapter.java:346)
		at org.apache.coyote.http11.Http11Processor.service(Http11Processor.java:397)
		at org.apache.coyote.AbstractProcessorLight.process(AbstractProcessorLight.java:63)
		at org.apache.coyote.AbstractProtocol$ConnectionHandler.process(AbstractProtocol.java:935)
		at org.apache.tomcat.util.net.NioEndpoint$SocketProcessor.doRun(NioEndpoint.java:1833)
		at org.apache.tomcat.util.net.SocketProcessorBase.run(SocketProcessorBase.java:52)
		at org.apache.tomcat.util.threads.ThreadPoolExecutor.runWorker(ThreadPoolExecutor.java:975)
		at org.apache.tomcat.util.threads.ThreadPoolExecutor$Worker.run(ThreadPoolExecutor.java:493)
		at org.apache.tomcat.util.threads.TaskThread$WrappingRunnable.run(TaskThread.java:63)
		at java.base/java.lang.Thread.run(Thread.java:840)
24-Sep-2025 16:46:52.516 심각 [http-nio-8080-exec-1] org.apache.catalina.core.ApplicationDispatcher.invoke 서블릿 [jsp]을(를) 위한 Servlet.service() 호출이 예외를 발생시켰습니다.
	org.apache.jasper.JasperException: /ch05/product-info.jsp (행: [2], 열: [23]) 인용부호가 요구됩니다.
		at org.apache.jasper.compiler.DefaultErrorHandler.jspError(DefaultErrorHandler.java:31)
		at org.apache.jasper.compiler.ErrorDispatcher.dispatch(ErrorDispatcher.java:268)
		at org.apache.jasper.compiler.ErrorDispatcher.jspError(ErrorDispatcher.java:91)
		at org.apache.jasper.compiler.Parser.parseAttribute(Parser.java:228)
		at org.apache.jasper.compiler.Parser.parseAttributes(Parser.java:161)
		at org.apache.jasper.compiler.Parser.parseAttributes(Parser.java:187)
		at org.apache.jasper.compiler.ParserController.getPageEncodingForJspSyntax(ParserController.java:434)
		at org.apache.jasper.compiler.ParserController.determineSyntaxAndEncoding(ParserController.java:380)
		at org.apache.jasper.compiler.ParserController.doParse(ParserController.java:208)
		at org.apache.jasper.compiler.ParserController.parseDirectives(ParserController.java:126)
		at org.apache.jasper.compiler.Compiler.generateJava(Compiler.java:189)
		at org.apache.jasper.compiler.Compiler.compile(Compiler.java:366)
		at org.apache.jasper.compiler.Compiler.compile(Compiler.java:344)
		at org.apache.jasper.compiler.Compiler.compile(Compiler.java:330)
		at org.apache.jasper.JspCompilationContext.compile(JspCompilationContext.java:591)
		at org.apache.jasper.servlet.JspServletWrapper.service(JspServletWrapper.java:378)
		at org.apache.jasper.servlet.JspServlet.serviceJspFile(JspServlet.java:355)
		at org.apache.jasper.servlet.JspServlet.service(JspServlet.java:306)
		at javax.servlet.http.HttpServlet.service(HttpServlet.java:623)
		at org.apache.catalina.core.ApplicationFilterChain.internalDoFilter(ApplicationFilterChain.java:199)
		at org.apache.catalina.core.ApplicationFilterChain.doFilter(ApplicationFilterChain.java:144)
		at org.apache.tomcat.websocket.server.WsFilter.doFilter(WsFilter.java:51)
		at org.apache.catalina.core.ApplicationFilterChain.internalDoFilter(ApplicationFilterChain.java:168)
		at org.apache.catalina.core.ApplicationFilterChain.doFilter(ApplicationFilterChain.java:144)
		at org.apache.catalina.core.ApplicationDispatcher.invoke(ApplicationDispatcher.java:621)
		at org.apache.catalina.core.ApplicationDispatcher.processRequest(ApplicationDispatcher.java:401)
		at org.apache.catalina.core.ApplicationDispatcher.doForward(ApplicationDispatcher.java:340)
		at org.apache.catalina.core.ApplicationDispatcher.forward(ApplicationDispatcher.java:285)
		at ch05.ProductController.doGet(ProductController.java:51)
		at ch05.ProductController.service(ProductController.java:23)
		at javax.servlet.http.HttpServlet.service(HttpServlet.java:623)
		at org.apache.catalina.core.ApplicationFilterChain.internalDoFilter(ApplicationFilterChain.java:199)
		at org.apache.catalina.core.ApplicationFilterChain.doFilter(ApplicationFilterChain.java:144)
		at org.apache.tomcat.websocket.server.WsFilter.doFilter(WsFilter.java:51)
		at org.apache.catalina.core.ApplicationFilterChain.internalDoFilter(ApplicationFilterChain.java:168)
		at org.apache.catalina.core.ApplicationFilterChain.doFilter(ApplicationFilterChain.java:144)
		at org.apache.catalina.core.StandardWrapperValve.invoke(StandardWrapperValve.java:168)
		at org.apache.catalina.core.StandardContextValve.invoke(StandardContextValve.java:90)
		at org.apache.catalina.authenticator.AuthenticatorBase.invoke(AuthenticatorBase.java:482)
		at org.apache.catalina.core.StandardHostValve.invoke(StandardHostValve.java:130)
		at org.apache.catalina.valves.ErrorReportValve.invoke(ErrorReportValve.java:93)
		at org.apache.catalina.valves.AbstractAccessLogValve.invoke(AbstractAccessLogValve.java:656)
		at org.apache.catalina.core.StandardEngineValve.invoke(StandardEngineValve.java:74)
		at org.apache.catalina.connector.CoyoteAdapter.service(CoyoteAdapter.java:346)
		at org.apache.coyote.http11.Http11Processor.service(Http11Processor.java:397)
		at org.apache.coyote.AbstractProcessorLight.process(AbstractProcessorLight.java:63)
		at org.apache.coyote.AbstractProtocol$ConnectionHandler.process(AbstractProtocol.java:935)
		at org.apache.tomcat.util.net.NioEndpoint$SocketProcessor.doRun(NioEndpoint.java:1833)
		at org.apache.tomcat.util.net.SocketProcessorBase.run(SocketProcessorBase.java:52)
		at org.apache.tomcat.util.threads.ThreadPoolExecutor.runWorker(ThreadPoolExecutor.java:975)
		at org.apache.tomcat.util.threads.ThreadPoolExecutor$Worker.run(ThreadPoolExecutor.java:493)
		at org.apache.tomcat.util.threads.TaskThread$WrappingRunnable.run(TaskThread.java:63)
		at java.base/java.lang.Thread.run(Thread.java:840)
24-Sep-2025 16:46:52.519 심각 [http-nio-8080-exec-1] org.apache.catalina.core.StandardWrapperValve.invoke 경로 []의 컨텍스트 내의 서블릿 [ch05.ProductController]을(를) 위한 Servlet.service() 호출이, 근본 원인(root cause)과 함께, 예외 [/ch05/product-info.jsp (행: [2], 열: [23]) 인용부호가 요구됩니다.]을(를) 발생시켰습니다.
	org.apache.jasper.JasperException: /ch05/product-info.jsp (행: [2], 열: [23]) 인용부호가 요구됩니다.
		at org.apache.jasper.compiler.DefaultErrorHandler.jspError(DefaultErrorHandler.java:31)
		at org.apache.jasper.compiler.ErrorDispatcher.dispatch(ErrorDispatcher.java:268)
		at org.apache.jasper.compiler.ErrorDispatcher.jspError(ErrorDispatcher.java:91)
		at org.apache.jasper.compiler.Parser.parseAttribute(Parser.java:228)
		at org.apache.jasper.compiler.Parser.parseAttributes(Parser.java:161)
		at org.apache.jasper.compiler.Parser.parseAttributes(Parser.java:187)
		at org.apache.jasper.compiler.ParserController.getPageEncodingForJspSyntax(ParserController.java:434)
		at org.apache.jasper.compiler.ParserController.determineSyntaxAndEncoding(ParserController.java:380)
		at org.apache.jasper.compiler.ParserController.doParse(ParserController.java:208)
		at org.apache.jasper.compiler.ParserController.parseDirectives(ParserController.java:126)
		at org.apache.jasper.compiler.Compiler.generateJava(Compiler.java:189)
		at org.apache.jasper.compiler.Compiler.compile(Compiler.java:366)
		at org.apache.jasper.compiler.Compiler.compile(Compiler.java:344)
		at org.apache.jasper.compiler.Compiler.compile(Compiler.java:330)
		at org.apache.jasper.JspCompilationContext.compile(JspCompilationContext.java:591)
		at org.apache.jasper.servlet.JspServletWrapper.service(JspServletWrapper.java:378)
		at org.apache.jasper.servlet.JspServlet.serviceJspFile(JspServlet.java:355)
		at org.apache.jasper.servlet.JspServlet.service(JspServlet.java:306)
		at javax.servlet.http.HttpServlet.service(HttpServlet.java:623)
		at org.apache.catalina.core.ApplicationFilterChain.internalDoFilter(ApplicationFilterChain.java:199)
		at org.apache.catalina.core.ApplicationFilterChain.doFilter(ApplicationFilterChain.java:144)
		at org.apache.tomcat.websocket.server.WsFilter.doFilter(WsFilter.java:51)
		at org.apache.catalina.core.ApplicationFilterChain.internalDoFilter(ApplicationFilterChain.java:168)
		at org.apache.catalina.core.ApplicationFilterChain.doFilter(ApplicationFilterChain.java:144)
		at org.apache.catalina.core.ApplicationDispatcher.invoke(ApplicationDispatcher.java:621)
		at org.apache.catalina.core.ApplicationDispatcher.processRequest(ApplicationDispatcher.java:401)
		at org.apache.catalina.core.ApplicationDispatcher.doForward(ApplicationDispatcher.java:340)
		at org.apache.catalina.core.ApplicationDispatcher.forward(ApplicationDispatcher.java:285)
		at ch05.ProductController.doGet(ProductController.java:51)
		at ch05.ProductController.service(ProductController.java:23)
		at javax.servlet.http.HttpServlet.service(HttpServlet.java:623)
		at org.apache.catalina.core.ApplicationFilterChain.internalDoFilter(ApplicationFilterChain.java:199)
		at org.apache.catalina.core.ApplicationFilterChain.doFilter(ApplicationFilterChain.java:144)
		at org.apache.tomcat.websocket.server.WsFilter.doFilter(WsFilter.java:51)
		at org.apache.catalina.core.ApplicationFilterChain.internalDoFilter(ApplicationFilterChain.java:168)
		at org.apache.catalina.core.ApplicationFilterChain.doFilter(ApplicationFilterChain.java:144)
		at org.apache.catalina.core.StandardWrapperValve.invoke(StandardWrapperValve.java:168)
		at org.apache.catalina.core.StandardContextValve.invoke(StandardContextValve.java:90)
		at org.apache.catalina.authenticator.AuthenticatorBase.invoke(AuthenticatorBase.java:482)
		at org.apache.catalina.core.StandardHostValve.invoke(StandardHostValve.java:130)
		at org.apache.catalina.valves.ErrorReportValve.invoke(ErrorReportValve.java:93)
		at org.apache.catalina.valves.AbstractAccessLogValve.invoke(AbstractAccessLogValve.java:656)
		at org.apache.catalina.core.StandardEngineValve.invoke(StandardEngineValve.java:74)
		at org.apache.catalina.connector.CoyoteAdapter.service(CoyoteAdapter.java:346)
		at org.apache.coyote.http11.Http11Processor.service(Http11Processor.java:397)
		at org.apache.coyote.AbstractProcessorLight.process(AbstractProcessorLight.java:63)
		at org.apache.coyote.AbstractProtocol$ConnectionHandler.process(AbstractProtocol.java:935)
		at org.apache.tomcat.util.net.NioEndpoint$SocketProcessor.doRun(NioEndpoint.java:1833)
		at org.apache.tomcat.util.net.SocketProcessorBase.run(SocketProcessorBase.java:52)
		at org.apache.tomcat.util.threads.ThreadPoolExecutor.runWorker(ThreadPoolExecutor.java:975)
		at org.apache.tomcat.util.threads.ThreadPoolExecutor$Worker.run(ThreadPoolExecutor.java:493)
		at org.apache.tomcat.util.threads.TaskThread$WrappingRunnable.run(TaskThread.java:63)
		at java.base/java.lang.Thread.run(Thread.java:840)
24-Sep-2025 16:47:30.191 심각 [http-nio-8080-exec-1] org.apache.catalina.core.ApplicationDispatcher.invoke 서블릿 [jsp]을(를) 위한 Servlet.service() 호출이 예외를 발생시켰습니다.
	org.apache.jasper.JasperException: JSP를 위한 클래스를 컴파일할 수 없습니다.: 

JSP 파일 [/ch05/product-info.jsp]의 [13] 행에서 오류가 발생했습니다.
The method getId() is undefined for the type Object
10:     <h1>상품정보 조회</h1>
11:     <hr>
12:     <ul>
13:         <li>상품코드 : <% request.getAttribute("product").getId() %></li>
14:         <li>상품명 : <% request.getAttribute("product").getName() %></li>
15:         <li>제조사: ${product.maker} </li>
16:         <li>가격: 1200000</li>


JSP 파일 [/ch05/product-info.jsp]의 [13] 행에서 오류가 발생했습니다.
Syntax error, insert ";" to complete Statement
10:     <h1>상품정보 조회</h1>
11:     <hr>
12:     <ul>
13:         <li>상품코드 : <% request.getAttribute("product").getId() %></li>
14:         <li>상품명 : <% request.getAttribute("product").getName() %></li>
15:         <li>제조사: ${product.maker} </li>
16:         <li>가격: 1200000</li>


JSP 파일 [/ch05/product-info.jsp]의 [14] 행에서 오류가 발생했습니다.
The method getName() is undefined for the type Object
11:     <hr>
12:     <ul>
13:         <li>상품코드 : <% request.getAttribute("product").getId() %></li>
14:         <li>상품명 : <% request.getAttribute("product").getName() %></li>
15:         <li>제조사: ${product.maker} </li>
16:         <li>가격: 1200000</li>
17:         <li>등록일: 2023.10.01</li>


JSP 파일 [/ch05/product-info.jsp]의 [14] 행에서 오류가 발생했습니다.
Syntax error, insert ";" to complete Statement
11:     <hr>
12:     <ul>
13:         <li>상품코드 : <% request.getAttribute("product").getId() %></li>
14:         <li>상품명 : <% request.getAttribute("product").getName() %></li>
15:         <li>제조사: ${product.maker} </li>
16:         <li>가격: 1200000</li>
17:         <li>등록일: 2023.10.01</li>


Stacktrace:
		at org.apache.jasper.compiler.DefaultErrorHandler.javacError(DefaultErrorHandler.java:72)
		at org.apache.jasper.compiler.ErrorDispatcher.javacError(ErrorDispatcher.java:192)
		at org.apache.jasper.compiler.JDTCompiler.generateClass(JDTCompiler.java:573)
		at org.apache.jasper.compiler.Compiler.compile(Compiler.java:372)
		at org.apache.jasper.compiler.Compiler.compile(Compiler.java:344)
		at org.apache.jasper.compiler.Compiler.compile(Compiler.java:330)
		at org.apache.jasper.JspCompilationContext.compile(JspCompilationContext.java:591)
		at org.apache.jasper.servlet.JspServletWrapper.service(JspServletWrapper.java:378)
		at org.apache.jasper.servlet.JspServlet.serviceJspFile(JspServlet.java:355)
		at org.apache.jasper.servlet.JspServlet.service(JspServlet.java:306)
		at javax.servlet.http.HttpServlet.service(HttpServlet.java:623)
		at org.apache.catalina.core.ApplicationFilterChain.internalDoFilter(ApplicationFilterChain.java:199)
		at org.apache.catalina.core.ApplicationFilterChain.doFilter(ApplicationFilterChain.java:144)
		at org.apache.tomcat.websocket.server.WsFilter.doFilter(WsFilter.java:51)
		at org.apache.catalina.core.ApplicationFilterChain.internalDoFilter(ApplicationFilterChain.java:168)
		at org.apache.catalina.core.ApplicationFilterChain.doFilter(ApplicationFilterChain.java:144)
		at org.apache.catalina.core.ApplicationDispatcher.invoke(ApplicationDispatcher.java:621)
		at org.apache.catalina.core.ApplicationDispatcher.processRequest(ApplicationDispatcher.java:401)
		at org.apache.catalina.core.ApplicationDispatcher.doForward(ApplicationDispatcher.java:340)
		at org.apache.catalina.core.ApplicationDispatcher.forward(ApplicationDispatcher.java:285)
		at ch05.ProductController.doGet(ProductController.java:51)
		at ch05.ProductController.service(ProductController.java:23)
		at javax.servlet.http.HttpServlet.service(HttpServlet.java:623)
		at org.apache.catalina.core.ApplicationFilterChain.internalDoFilter(ApplicationFilterChain.java:199)
		at org.apache.catalina.core.ApplicationFilterChain.doFilter(ApplicationFilterChain.java:144)
		at org.apache.tomcat.websocket.server.WsFilter.doFilter(WsFilter.java:51)
		at org.apache.catalina.core.ApplicationFilterChain.internalDoFilter(ApplicationFilterChain.java:168)
		at org.apache.catalina.core.ApplicationFilterChain.doFilter(ApplicationFilterChain.java:144)
		at org.apache.catalina.core.StandardWrapperValve.invoke(StandardWrapperValve.java:168)
		at org.apache.catalina.core.StandardContextValve.invoke(StandardContextValve.java:90)
		at org.apache.catalina.authenticator.AuthenticatorBase.invoke(AuthenticatorBase.java:482)
		at org.apache.catalina.core.StandardHostValve.invoke(StandardHostValve.java:130)
		at org.apache.catalina.valves.ErrorReportValve.invoke(ErrorReportValve.java:93)
		at org.apache.catalina.valves.AbstractAccessLogValve.invoke(AbstractAccessLogValve.java:656)
		at org.apache.catalina.core.StandardEngineValve.invoke(StandardEngineValve.java:74)
		at org.apache.catalina.connector.CoyoteAdapter.service(CoyoteAdapter.java:346)
		at org.apache.coyote.http11.Http11Processor.service(Http11Processor.java:397)
		at org.apache.coyote.AbstractProcessorLight.process(AbstractProcessorLight.java:63)
		at org.apache.coyote.AbstractProtocol$ConnectionHandler.process(AbstractProtocol.java:935)
		at org.apache.tomcat.util.net.NioEndpoint$SocketProcessor.doRun(NioEndpoint.java:1833)
		at org.apache.tomcat.util.net.SocketProcessorBase.run(SocketProcessorBase.java:52)
		at org.apache.tomcat.util.threads.ThreadPoolExecutor.runWorker(ThreadPoolExecutor.java:975)
		at org.apache.tomcat.util.threads.ThreadPoolExecutor$Worker.run(ThreadPoolExecutor.java:493)
		at org.apache.tomcat.util.threads.TaskThread$WrappingRunnable.run(TaskThread.java:63)
		at java.base/java.lang.Thread.run(Thread.java:840)
24-Sep-2025 16:47:30.191 심각 [http-nio-8080-exec-1] org.apache.catalina.core.StandardWrapperValve.invoke 경로 []의 컨텍스트 내의 서블릿 [ch05.ProductController]을(를) 위한 Servlet.service() 호출이, 근본 원인(root cause)과 함께, 예외 [JSP를 위한 클래스를 컴파일할 수 없습니다.: 

JSP 파일 [/ch05/product-info.jsp]의 [13] 행에서 오류가 발생했습니다.
The method getId() is undefined for the type Object
10:     <h1>상품정보 조회</h1>
11:     <hr>
12:     <ul>
13:         <li>상품코드 : <% request.getAttribute("product").getId() %></li>
14:         <li>상품명 : <% request.getAttribute("product").getName() %></li>
15:         <li>제조사: ${product.maker} </li>
16:         <li>가격: 1200000</li>


JSP 파일 [/ch05/product-info.jsp]의 [13] 행에서 오류가 발생했습니다.
Syntax error, insert ";" to complete Statement
10:     <h1>상품정보 조회</h1>
11:     <hr>
12:     <ul>
13:         <li>상품코드 : <% request.getAttribute("product").getId() %></li>
14:         <li>상품명 : <% request.getAttribute("product").getName() %></li>
15:         <li>제조사: ${product.maker} </li>
16:         <li>가격: 1200000</li>


JSP 파일 [/ch05/product-info.jsp]의 [14] 행에서 오류가 발생했습니다.
The method getName() is undefined for the type Object
11:     <hr>
12:     <ul>
13:         <li>상품코드 : <% request.getAttribute("product").getId() %></li>
14:         <li>상품명 : <% request.getAttribute("product").getName() %></li>
15:         <li>제조사: ${product.maker} </li>
16:         <li>가격: 1200000</li>
17:         <li>등록일: 2023.10.01</li>


JSP 파일 [/ch05/product-info.jsp]의 [14] 행에서 오류가 발생했습니다.
Syntax error, insert ";" to complete Statement
11:     <hr>
12:     <ul>
13:         <li>상품코드 : <% request.getAttribute("product").getId() %></li>
14:         <li>상품명 : <% request.getAttribute("product").getName() %></li>
15:         <li>제조사: ${product.maker} </li>
16:         <li>가격: 1200000</li>
17:         <li>등록일: 2023.10.01</li>


Stacktrace:]을(를) 발생시켰습니다.
	org.apache.jasper.JasperException: JSP를 위한 클래스를 컴파일할 수 없습니다.: 

JSP 파일 [/ch05/product-info.jsp]의 [13] 행에서 오류가 발생했습니다.
The method getId() is undefined for the type Object
10:     <h1>상품정보 조회</h1>
11:     <hr>
12:     <ul>
13:         <li>상품코드 : <% request.getAttribute("product").getId() %></li>
14:         <li>상품명 : <% request.getAttribute("product").getName() %></li>
15:         <li>제조사: ${product.maker} </li>
16:         <li>가격: 1200000</li>


JSP 파일 [/ch05/product-info.jsp]의 [13] 행에서 오류가 발생했습니다.
Syntax error, insert ";" to complete Statement
10:     <h1>상품정보 조회</h1>
11:     <hr>
12:     <ul>
13:         <li>상품코드 : <% request.getAttribute("product").getId() %></li>
14:         <li>상품명 : <% request.getAttribute("product").getName() %></li>
15:         <li>제조사: ${product.maker} </li>
16:         <li>가격: 1200000</li>


JSP 파일 [/ch05/product-info.jsp]의 [14] 행에서 오류가 발생했습니다.
The method getName() is undefined for the type Object
11:     <hr>
12:     <ul>
13:         <li>상품코드 : <% request.getAttribute("product").getId() %></li>
14:         <li>상품명 : <% request.getAttribute("product").getName() %></li>
15:         <li>제조사: ${product.maker} </li>
16:         <li>가격: 1200000</li>
17:         <li>등록일: 2023.10.01</li>


JSP 파일 [/ch05/product-info.jsp]의 [14] 행에서 오류가 발생했습니다.
Syntax error, insert ";" to complete Statement
11:     <hr>
12:     <ul>
13:         <li>상품코드 : <% request.getAttribute("product").getId() %></li>
14:         <li>상품명 : <% request.getAttribute("product").getName() %></li>
15:         <li>제조사: ${product.maker} </li>
16:         <li>가격: 1200000</li>
17:         <li>등록일: 2023.10.01</li>


Stacktrace:
		at org.apache.jasper.compiler.DefaultErrorHandler.javacError(DefaultErrorHandler.java:72)
		at org.apache.jasper.compiler.ErrorDispatcher.javacError(ErrorDispatcher.java:192)
		at org.apache.jasper.compiler.JDTCompiler.generateClass(JDTCompiler.java:573)
		at org.apache.jasper.compiler.Compiler.compile(Compiler.java:372)
		at org.apache.jasper.compiler.Compiler.compile(Compiler.java:344)
		at org.apache.jasper.compiler.Compiler.compile(Compiler.java:330)
		at org.apache.jasper.JspCompilationContext.compile(JspCompilationContext.java:591)
		at org.apache.jasper.servlet.JspServletWrapper.service(JspServletWrapper.java:378)
		at org.apache.jasper.servlet.JspServlet.serviceJspFile(JspServlet.java:355)
		at org.apache.jasper.servlet.JspServlet.service(JspServlet.java:306)
		at javax.servlet.http.HttpServlet.service(HttpServlet.java:623)
		at org.apache.catalina.core.ApplicationFilterChain.internalDoFilter(ApplicationFilterChain.java:199)
		at org.apache.catalina.core.ApplicationFilterChain.doFilter(ApplicationFilterChain.java:144)
		at org.apache.tomcat.websocket.server.WsFilter.doFilter(WsFilter.java:51)
		at org.apache.catalina.core.ApplicationFilterChain.internalDoFilter(ApplicationFilterChain.java:168)
		at org.apache.catalina.core.ApplicationFilterChain.doFilter(ApplicationFilterChain.java:144)
		at org.apache.catalina.core.ApplicationDispatcher.invoke(ApplicationDispatcher.java:621)
		at org.apache.catalina.core.ApplicationDispatcher.processRequest(ApplicationDispatcher.java:401)
		at org.apache.catalina.core.ApplicationDispatcher.doForward(ApplicationDispatcher.java:340)
		at org.apache.catalina.core.ApplicationDispatcher.forward(ApplicationDispatcher.java:285)
		at ch05.ProductController.doGet(ProductController.java:51)
		at ch05.ProductController.service(ProductController.java:23)
		at javax.servlet.http.HttpServlet.service(HttpServlet.java:623)
		at org.apache.catalina.core.ApplicationFilterChain.internalDoFilter(ApplicationFilterChain.java:199)
		at org.apache.catalina.core.ApplicationFilterChain.doFilter(ApplicationFilterChain.java:144)
		at org.apache.tomcat.websocket.server.WsFilter.doFilter(WsFilter.java:51)
		at org.apache.catalina.core.ApplicationFilterChain.internalDoFilter(ApplicationFilterChain.java:168)
		at org.apache.catalina.core.ApplicationFilterChain.doFilter(ApplicationFilterChain.java:144)
		at org.apache.catalina.core.StandardWrapperValve.invoke(StandardWrapperValve.java:168)
		at org.apache.catalina.core.StandardContextValve.invoke(StandardContextValve.java:90)
		at org.apache.catalina.authenticator.AuthenticatorBase.invoke(AuthenticatorBase.java:482)
		at org.apache.catalina.core.StandardHostValve.invoke(StandardHostValve.java:130)
		at org.apache.catalina.valves.ErrorReportValve.invoke(ErrorReportValve.java:93)
		at org.apache.catalina.valves.AbstractAccessLogValve.invoke(AbstractAccessLogValve.java:656)
		at org.apache.catalina.core.StandardEngineValve.invoke(StandardEngineValve.java:74)
		at org.apache.catalina.connector.CoyoteAdapter.service(CoyoteAdapter.java:346)
		at org.apache.coyote.http11.Http11Processor.service(Http11Processor.java:397)
		at org.apache.coyote.AbstractProcessorLight.process(AbstractProcessorLight.java:63)
		at org.apache.coyote.AbstractProtocol$ConnectionHandler.process(AbstractProtocol.java:935)
		at org.apache.tomcat.util.net.NioEndpoint$SocketProcessor.doRun(NioEndpoint.java:1833)
		at org.apache.tomcat.util.net.SocketProcessorBase.run(SocketProcessorBase.java:52)
		at org.apache.tomcat.util.threads.ThreadPoolExecutor.runWorker(ThreadPoolExecutor.java:975)
		at org.apache.tomcat.util.threads.ThreadPoolExecutor$Worker.run(ThreadPoolExecutor.java:493)
		at org.apache.tomcat.util.threads.TaskThread$WrappingRunnable.run(TaskThread.java:63)
		at java.base/java.lang.Thread.run(Thread.java:840)
24-Sep-2025 16:48:08.105 심각 [http-nio-8080-exec-1] org.apache.catalina.core.ApplicationDispatcher.invoke 서블릿 [jsp]을(를) 위한 Servlet.service() 호출이 예외를 발생시켰습니다.
	org.apache.jasper.JasperException: JSP를 위한 클래스를 컴파일할 수 없습니다.: 

JSP 파일 [/ch05/product-info.jsp]의 [13] 행에서 오류가 발생했습니다.
Syntax error, insert "AssignmentOperator Expression" to complete Assignment
10:     <h1>상품정보 조회</h1>
11:     <hr>
12:     <ul>
13:         <li>상품코드 : <% request.getAttribute("product").id %></li>
14:         <li>상품명 : <% request.getAttribute("product").name %></li>
15:         <li>제조사: ${product.maker} </li>
16:         <li>가격: 1200000</li>


JSP 파일 [/ch05/product-info.jsp]의 [13] 행에서 오류가 발생했습니다.
Syntax error, insert ";" to complete Statement
10:     <h1>상품정보 조회</h1>
11:     <hr>
12:     <ul>
13:         <li>상품코드 : <% request.getAttribute("product").id %></li>
14:         <li>상품명 : <% request.getAttribute("product").name %></li>
15:         <li>제조사: ${product.maker} </li>
16:         <li>가격: 1200000</li>


JSP 파일 [/ch05/product-info.jsp]의 [13] 행에서 오류가 발생했습니다.
id cannot be resolved or is not a field
10:     <h1>상품정보 조회</h1>
11:     <hr>
12:     <ul>
13:         <li>상품코드 : <% request.getAttribute("product").id %></li>
14:         <li>상품명 : <% request.getAttribute("product").name %></li>
15:         <li>제조사: ${product.maker} </li>
16:         <li>가격: 1200000</li>


JSP 파일 [/ch05/product-info.jsp]의 [14] 행에서 오류가 발생했습니다.
Syntax error, insert "AssignmentOperator Expression" to complete Assignment
11:     <hr>
12:     <ul>
13:         <li>상품코드 : <% request.getAttribute("product").id %></li>
14:         <li>상품명 : <% request.getAttribute("product").name %></li>
15:         <li>제조사: ${product.maker} </li>
16:         <li>가격: 1200000</li>
17:         <li>등록일: 2023.10.01</li>


JSP 파일 [/ch05/product-info.jsp]의 [14] 행에서 오류가 발생했습니다.
Syntax error, insert ";" to complete Statement
11:     <hr>
12:     <ul>
13:         <li>상품코드 : <% request.getAttribute("product").id %></li>
14:         <li>상품명 : <% request.getAttribute("product").name %></li>
15:         <li>제조사: ${product.maker} </li>
16:         <li>가격: 1200000</li>
17:         <li>등록일: 2023.10.01</li>


JSP 파일 [/ch05/product-info.jsp]의 [14] 행에서 오류가 발생했습니다.
name cannot be resolved or is not a field
11:     <hr>
12:     <ul>
13:         <li>상품코드 : <% request.getAttribute("product").id %></li>
14:         <li>상품명 : <% request.getAttribute("product").name %></li>
15:         <li>제조사: ${product.maker} </li>
16:         <li>가격: 1200000</li>
17:         <li>등록일: 2023.10.01</li>


Stacktrace:
		at org.apache.jasper.compiler.DefaultErrorHandler.javacError(DefaultErrorHandler.java:72)
		at org.apache.jasper.compiler.ErrorDispatcher.javacError(ErrorDispatcher.java:192)
		at org.apache.jasper.compiler.JDTCompiler.generateClass(JDTCompiler.java:573)
		at org.apache.jasper.compiler.Compiler.compile(Compiler.java:372)
		at org.apache.jasper.compiler.Compiler.compile(Compiler.java:344)
		at org.apache.jasper.compiler.Compiler.compile(Compiler.java:330)
		at org.apache.jasper.JspCompilationContext.compile(JspCompilationContext.java:591)
		at org.apache.jasper.servlet.JspServletWrapper.service(JspServletWrapper.java:378)
		at org.apache.jasper.servlet.JspServlet.serviceJspFile(JspServlet.java:355)
		at org.apache.jasper.servlet.JspServlet.service(JspServlet.java:306)
		at javax.servlet.http.HttpServlet.service(HttpServlet.java:623)
		at org.apache.catalina.core.ApplicationFilterChain.internalDoFilter(ApplicationFilterChain.java:199)
		at org.apache.catalina.core.ApplicationFilterChain.doFilter(ApplicationFilterChain.java:144)
		at org.apache.tomcat.websocket.server.WsFilter.doFilter(WsFilter.java:51)
		at org.apache.catalina.core.ApplicationFilterChain.internalDoFilter(ApplicationFilterChain.java:168)
		at org.apache.catalina.core.ApplicationFilterChain.doFilter(ApplicationFilterChain.java:144)
		at org.apache.catalina.core.ApplicationDispatcher.invoke(ApplicationDispatcher.java:621)
		at org.apache.catalina.core.ApplicationDispatcher.processRequest(ApplicationDispatcher.java:401)
		at org.apache.catalina.core.ApplicationDispatcher.doForward(ApplicationDispatcher.java:340)
		at org.apache.catalina.core.ApplicationDispatcher.forward(ApplicationDispatcher.java:285)
		at ch05.ProductController.doGet(ProductController.java:51)
		at ch05.ProductController.service(ProductController.java:23)
		at javax.servlet.http.HttpServlet.service(HttpServlet.java:623)
		at org.apache.catalina.core.ApplicationFilterChain.internalDoFilter(ApplicationFilterChain.java:199)
		at org.apache.catalina.core.ApplicationFilterChain.doFilter(ApplicationFilterChain.java:144)
		at org.apache.tomcat.websocket.server.WsFilter.doFilter(WsFilter.java:51)
		at org.apache.catalina.core.ApplicationFilterChain.internalDoFilter(ApplicationFilterChain.java:168)
		at org.apache.catalina.core.ApplicationFilterChain.doFilter(ApplicationFilterChain.java:144)
		at org.apache.catalina.core.StandardWrapperValve.invoke(StandardWrapperValve.java:168)
		at org.apache.catalina.core.StandardContextValve.invoke(StandardContextValve.java:90)
		at org.apache.catalina.authenticator.AuthenticatorBase.invoke(AuthenticatorBase.java:482)
		at org.apache.catalina.core.StandardHostValve.invoke(StandardHostValve.java:130)
		at org.apache.catalina.valves.ErrorReportValve.invoke(ErrorReportValve.java:93)
		at org.apache.catalina.valves.AbstractAccessLogValve.invoke(AbstractAccessLogValve.java:656)
		at org.apache.catalina.core.StandardEngineValve.invoke(StandardEngineValve.java:74)
		at org.apache.catalina.connector.CoyoteAdapter.service(CoyoteAdapter.java:346)
		at org.apache.coyote.http11.Http11Processor.service(Http11Processor.java:397)
		at org.apache.coyote.AbstractProcessorLight.process(AbstractProcessorLight.java:63)
		at org.apache.coyote.AbstractProtocol$ConnectionHandler.process(AbstractProtocol.java:935)
		at org.apache.tomcat.util.net.NioEndpoint$SocketProcessor.doRun(NioEndpoint.java:1833)
		at org.apache.tomcat.util.net.SocketProcessorBase.run(SocketProcessorBase.java:52)
		at org.apache.tomcat.util.threads.ThreadPoolExecutor.runWorker(ThreadPoolExecutor.java:975)
		at org.apache.tomcat.util.threads.ThreadPoolExecutor$Worker.run(ThreadPoolExecutor.java:493)
		at org.apache.tomcat.util.threads.TaskThread$WrappingRunnable.run(TaskThread.java:63)
		at java.base/java.lang.Thread.run(Thread.java:840)
24-Sep-2025 16:48:08.105 심각 [http-nio-8080-exec-1] org.apache.catalina.core.StandardWrapperValve.invoke 경로 []의 컨텍스트 내의 서블릿 [ch05.ProductController]을(를) 위한 Servlet.service() 호출이, 근본 원인(root cause)과 함께, 예외 [JSP를 위한 클래스를 컴파일할 수 없습니다.: 

JSP 파일 [/ch05/product-info.jsp]의 [13] 행에서 오류가 발생했습니다.
Syntax error, insert "AssignmentOperator Expression" to complete Assignment
10:     <h1>상품정보 조회</h1>
11:     <hr>
12:     <ul>
13:         <li>상품코드 : <% request.getAttribute("product").id %></li>
14:         <li>상품명 : <% request.getAttribute("product").name %></li>
15:         <li>제조사: ${product.maker} </li>
16:         <li>가격: 1200000</li>


JSP 파일 [/ch05/product-info.jsp]의 [13] 행에서 오류가 발생했습니다.
Syntax error, insert ";" to complete Statement
10:     <h1>상품정보 조회</h1>
11:     <hr>
12:     <ul>
13:         <li>상품코드 : <% request.getAttribute("product").id %></li>
14:         <li>상품명 : <% request.getAttribute("product").name %></li>
15:         <li>제조사: ${product.maker} </li>
16:         <li>가격: 1200000</li>


JSP 파일 [/ch05/product-info.jsp]의 [13] 행에서 오류가 발생했습니다.
id cannot be resolved or is not a field
10:     <h1>상품정보 조회</h1>
11:     <hr>
12:     <ul>
13:         <li>상품코드 : <% request.getAttribute("product").id %></li>
14:         <li>상품명 : <% request.getAttribute("product").name %></li>
15:         <li>제조사: ${product.maker} </li>
16:         <li>가격: 1200000</li>


JSP 파일 [/ch05/product-info.jsp]의 [14] 행에서 오류가 발생했습니다.
Syntax error, insert "AssignmentOperator Expression" to complete Assignment
11:     <hr>
12:     <ul>
13:         <li>상품코드 : <% request.getAttribute("product").id %></li>
14:         <li>상품명 : <% request.getAttribute("product").name %></li>
15:         <li>제조사: ${product.maker} </li>
16:         <li>가격: 1200000</li>
17:         <li>등록일: 2023.10.01</li>


JSP 파일 [/ch05/product-info.jsp]의 [14] 행에서 오류가 발생했습니다.
Syntax error, insert ";" to complete Statement
11:     <hr>
12:     <ul>
13:         <li>상품코드 : <% request.getAttribute("product").id %></li>
14:         <li>상품명 : <% request.getAttribute("product").name %></li>
15:         <li>제조사: ${product.maker} </li>
16:         <li>가격: 1200000</li>
17:         <li>등록일: 2023.10.01</li>


JSP 파일 [/ch05/product-info.jsp]의 [14] 행에서 오류가 발생했습니다.
name cannot be resolved or is not a field
11:     <hr>
12:     <ul>
13:         <li>상품코드 : <% request.getAttribute("product").id %></li>
14:         <li>상품명 : <% request.getAttribute("product").name %></li>
15:         <li>제조사: ${product.maker} </li>
16:         <li>가격: 1200000</li>
17:         <li>등록일: 2023.10.01</li>


Stacktrace:]을(를) 발생시켰습니다.
	org.apache.jasper.JasperException: JSP를 위한 클래스를 컴파일할 수 없습니다.: 

JSP 파일 [/ch05/product-info.jsp]의 [13] 행에서 오류가 발생했습니다.
Syntax error, insert "AssignmentOperator Expression" to complete Assignment
10:     <h1>상품정보 조회</h1>
11:     <hr>
12:     <ul>
13:         <li>상품코드 : <% request.getAttribute("product").id %></li>
14:         <li>상품명 : <% request.getAttribute("product").name %></li>
15:         <li>제조사: ${product.maker} </li>
16:         <li>가격: 1200000</li>


JSP 파일 [/ch05/product-info.jsp]의 [13] 행에서 오류가 발생했습니다.
Syntax error, insert ";" to complete Statement
10:     <h1>상품정보 조회</h1>
11:     <hr>
12:     <ul>
13:         <li>상품코드 : <% request.getAttribute("product").id %></li>
14:         <li>상품명 : <% request.getAttribute("product").name %></li>
15:         <li>제조사: ${product.maker} </li>
16:         <li>가격: 1200000</li>


JSP 파일 [/ch05/product-info.jsp]의 [13] 행에서 오류가 발생했습니다.
id cannot be resolved or is not a field
10:     <h1>상품정보 조회</h1>
11:     <hr>
12:     <ul>
13:         <li>상품코드 : <% request.getAttribute("product").id %></li>
14:         <li>상품명 : <% request.getAttribute("product").name %></li>
15:         <li>제조사: ${product.maker} </li>
16:         <li>가격: 1200000</li>


JSP 파일 [/ch05/product-info.jsp]의 [14] 행에서 오류가 발생했습니다.
Syntax error, insert "AssignmentOperator Expression" to complete Assignment
11:     <hr>
12:     <ul>
13:         <li>상품코드 : <% request.getAttribute("product").id %></li>
14:         <li>상품명 : <% request.getAttribute("product").name %></li>
15:         <li>제조사: ${product.maker} </li>
16:         <li>가격: 1200000</li>
17:         <li>등록일: 2023.10.01</li>


JSP 파일 [/ch05/product-info.jsp]의 [14] 행에서 오류가 발생했습니다.
Syntax error, insert ";" to complete Statement
11:     <hr>
12:     <ul>
13:         <li>상품코드 : <% request.getAttribute("product").id %></li>
14:         <li>상품명 : <% request.getAttribute("product").name %></li>
15:         <li>제조사: ${product.maker} </li>
16:         <li>가격: 1200000</li>
17:         <li>등록일: 2023.10.01</li>


JSP 파일 [/ch05/product-info.jsp]의 [14] 행에서 오류가 발생했습니다.
name cannot be resolved or is not a field
11:     <hr>
12:     <ul>
13:         <li>상품코드 : <% request.getAttribute("product").id %></li>
14:         <li>상품명 : <% request.getAttribute("product").name %></li>
15:         <li>제조사: ${product.maker} </li>
16:         <li>가격: 1200000</li>
17:         <li>등록일: 2023.10.01</li>


Stacktrace:
		at org.apache.jasper.compiler.DefaultErrorHandler.javacError(DefaultErrorHandler.java:72)
		at org.apache.jasper.compiler.ErrorDispatcher.javacError(ErrorDispatcher.java:192)
		at org.apache.jasper.compiler.JDTCompiler.generateClass(JDTCompiler.java:573)
		at org.apache.jasper.compiler.Compiler.compile(Compiler.java:372)
		at org.apache.jasper.compiler.Compiler.compile(Compiler.java:344)
		at org.apache.jasper.compiler.Compiler.compile(Compiler.java:330)
		at org.apache.jasper.JspCompilationContext.compile(JspCompilationContext.java:591)
		at org.apache.jasper.servlet.JspServletWrapper.service(JspServletWrapper.java:378)
		at org.apache.jasper.servlet.JspServlet.serviceJspFile(JspServlet.java:355)
		at org.apache.jasper.servlet.JspServlet.service(JspServlet.java:306)
		at javax.servlet.http.HttpServlet.service(HttpServlet.java:623)
		at org.apache.catalina.core.ApplicationFilterChain.internalDoFilter(ApplicationFilterChain.java:199)
		at org.apache.catalina.core.ApplicationFilterChain.doFilter(ApplicationFilterChain.java:144)
		at org.apache.tomcat.websocket.server.WsFilter.doFilter(WsFilter.java:51)
		at org.apache.catalina.core.ApplicationFilterChain.internalDoFilter(ApplicationFilterChain.java:168)
		at org.apache.catalina.core.ApplicationFilterChain.doFilter(ApplicationFilterChain.java:144)
		at org.apache.catalina.core.ApplicationDispatcher.invoke(ApplicationDispatcher.java:621)
		at org.apache.catalina.core.ApplicationDispatcher.processRequest(ApplicationDispatcher.java:401)
		at org.apache.catalina.core.ApplicationDispatcher.doForward(ApplicationDispatcher.java:340)
		at org.apache.catalina.core.ApplicationDispatcher.forward(ApplicationDispatcher.java:285)
		at ch05.ProductController.doGet(ProductController.java:51)
		at ch05.ProductController.service(ProductController.java:23)
		at javax.servlet.http.HttpServlet.service(HttpServlet.java:623)
		at org.apache.catalina.core.ApplicationFilterChain.internalDoFilter(ApplicationFilterChain.java:199)
		at org.apache.catalina.core.ApplicationFilterChain.doFilter(ApplicationFilterChain.java:144)
		at org.apache.tomcat.websocket.server.WsFilter.doFilter(WsFilter.java:51)
		at org.apache.catalina.core.ApplicationFilterChain.internalDoFilter(ApplicationFilterChain.java:168)
		at org.apache.catalina.core.ApplicationFilterChain.doFilter(ApplicationFilterChain.java:144)
		at org.apache.catalina.core.StandardWrapperValve.invoke(StandardWrapperValve.java:168)
		at org.apache.catalina.core.StandardContextValve.invoke(StandardContextValve.java:90)
		at org.apache.catalina.authenticator.AuthenticatorBase.invoke(AuthenticatorBase.java:482)
		at org.apache.catalina.core.StandardHostValve.invoke(StandardHostValve.java:130)
		at org.apache.catalina.valves.ErrorReportValve.invoke(ErrorReportValve.java:93)
		at org.apache.catalina.valves.AbstractAccessLogValve.invoke(AbstractAccessLogValve.java:656)
		at org.apache.catalina.core.StandardEngineValve.invoke(StandardEngineValve.java:74)
		at org.apache.catalina.connector.CoyoteAdapter.service(CoyoteAdapter.java:346)
		at org.apache.coyote.http11.Http11Processor.service(Http11Processor.java:397)
		at org.apache.coyote.AbstractProcessorLight.process(AbstractProcessorLight.java:63)
		at org.apache.coyote.AbstractProtocol$ConnectionHandler.process(AbstractProtocol.java:935)
		at org.apache.tomcat.util.net.NioEndpoint$SocketProcessor.doRun(NioEndpoint.java:1833)
		at org.apache.tomcat.util.net.SocketProcessorBase.run(SocketProcessorBase.java:52)
		at org.apache.tomcat.util.threads.ThreadPoolExecutor.runWorker(ThreadPoolExecutor.java:975)
		at org.apache.tomcat.util.threads.ThreadPoolExecutor$Worker.run(ThreadPoolExecutor.java:493)
		at org.apache.tomcat.util.threads.TaskThread$WrappingRunnable.run(TaskThread.java:63)
		at java.base/java.lang.Thread.run(Thread.java:840)
